2022-05-10 00:32:54,372 - Utils.utils - INFO - Ambiente de produção ativado
2022-05-10 00:32:54,651 - Utils.utils - INFO - Requisição <<GET>> realizada com sucesso, status code: 200
2022-05-10 00:32:54,698 - __main__ - INFO - Checando thotsbay forum...
2022-05-10 00:32:54,698 - Utils.thotshub - INFO - Autorizando...
2022-05-10 00:32:54,836 - Utils.utils - INFO - Requisição <<GET>> realizada com sucesso, status code: 200
2022-05-10 00:32:55,616 - Utils.utils - INFO - Requisição <<POST>> realizada com sucesso, status code: 200
2022-05-10 00:32:55,618 - Utils.thotshub - INFO - Autorizado
2022-05-10 00:32:55,619 - Utils.thotshub - INFO - Logado no thotsbay com sucesso.
2022-05-10 00:32:55,619 - __main__ - INFO - Checando colab...
2022-05-10 00:32:55,619 - Utils.utils - INFO - COLAB enviorement not detected
2022-05-10 00:32:55,619 - __main__ - INFO - Checando config...
2022-05-10 00:32:56,196 - Utils.utils - INFO - Requisição <<GET>> realizada com sucesso, status code: 200
2022-05-10 00:32:57,198 - __main__ - INFO - Checando ids...
2022-05-10 00:32:57,487 - Utils.utils - INFO - Requisição <<GET>> realizada com sucesso, status code: 200
2022-05-10 00:32:57,489 - thots.thots - WARNING - ---------------| Iniciando tarefa afroditehotwife, 1 de 17
2022-05-10 00:32:57,489 - thots.thot_parse - INFO - Definindo o padrão de regex...
2022-05-10 00:32:57,814 - Utils.utils - INFO - Requisição <<GET>> realizada com sucesso, status code: 200
2022-05-10 00:32:57,816 - thots.thot_parse - INFO - Segundo padrão de regex definido com sucesso!
2022-05-10 00:32:58,132 - Utils.utils - INFO - Requisição <<GET>> realizada com sucesso, status code: 200
2022-05-10 00:32:58,136 - thots.thot_parse - INFO - Usando método alternativo para encontrar a quantidade de videos.
2022-05-10 00:32:58,480 - Utils.utils - INFO - Requisição <<GET>> realizada com sucesso, status code: 200
2022-05-10 00:32:58,716 - Utils.utils - INFO - Requisição <<GET>> realizada com sucesso, status code: 200
2022-05-10 00:32:58,962 - Utils.utils - INFO - Requisição <<GET>> realizada com sucesso, status code: 200
2022-05-10 00:32:59,430 - Utils.utils - INFO - Requisição <<GET>> realizada com sucesso, status code: 200
2022-05-10 00:32:59,812 - Utils.utils - INFO - Requisição <<GET>> realizada com sucesso, status code: 200
2022-05-10 00:33:00,143 - Utils.utils - INFO - Requisição <<GET>> realizada com sucesso, status code: 200
2022-05-10 00:33:00,323 - Utils.utils - INFO - Requisição <<GET>> realizada com sucesso, status code: 200
2022-05-10 00:33:00,520 - Utils.utils - INFO - Requisição <<GET>> realizada com sucesso, status code: 200
2022-05-10 00:33:00,690 - Utils.utils - INFO - Requisição <<GET>> realizada com sucesso, status code: 200
2022-05-10 00:33:00,845 - Utils.utils - INFO - Requisição <<GET>> realizada com sucesso, status code: 200
2022-05-10 00:33:01,001 - Utils.utils - INFO - Requisição <<GET>> realizada com sucesso, status code: 200
2022-05-10 00:33:01,195 - Utils.utils - INFO - Requisição <<GET>> realizada com sucesso, status code: 200
2022-05-10 00:33:01,384 - Utils.utils - INFO - Requisição <<GET>> realizada com sucesso, status code: 200
2022-05-10 00:33:01,606 - Utils.utils - INFO - Requisição <<GET>> realizada com sucesso, status code: 200
2022-05-10 00:33:01,621 - thots.thot_parse - INFO - Foi encontrado um total de : 0 videos restantes.
2022-05-10 00:33:01,621 - thots.thots - WARNING - ---------------| afroditehotwife - Fim da lista de videos.
2022-05-10 00:33:01,621 - thots.thots - WARNING - ---------------| Iniciando tarefa agathalira, 2 de 17
2022-05-10 00:33:01,621 - thots.thot_parse - INFO - Definindo o padrão de regex...
2022-05-10 00:33:02,146 - Utils.utils - INFO - Requisição <<GET>> realizada com sucesso, status code: 200
2022-05-10 00:33:02,147 - thots.thot_parse - INFO - Primeiro padrão de regex definido com sucesso!
2022-05-10 00:33:02,449 - Utils.utils - INFO - Requisição <<GET>> realizada com sucesso, status code: 200
2022-05-10 00:33:02,451 - thots.thot_parse - INFO - Usando método alternativo para encontrar a quantidade de videos.
2022-05-10 00:33:02,703 - Utils.utils - INFO - Requisição <<GET>> realizada com sucesso, status code: 200
2022-05-10 00:33:03,124 - Utils.utils - INFO - Requisição <<GET>> realizada com sucesso, status code: 200
2022-05-10 00:33:03,602 - Utils.utils - INFO - Requisição <<GET>> realizada com sucesso, status code: 200
2022-05-10 00:33:04,056 - Utils.utils - INFO - Requisição <<GET>> realizada com sucesso, status code: 200
2022-05-10 00:33:04,407 - Utils.utils - INFO - Requisição <<GET>> realizada com sucesso, status code: 200
2022-05-10 00:33:04,706 - Utils.utils - INFO - Requisição <<GET>> realizada com sucesso, status code: 200
2022-05-10 00:33:05,005 - Utils.utils - INFO - Requisição <<GET>> realizada com sucesso, status code: 200
2022-05-10 00:33:05,242 - Utils.utils - INFO - Requisição <<GET>> realizada com sucesso, status code: 200
2022-05-10 00:33:05,481 - Utils.utils - INFO - Requisição <<GET>> realizada com sucesso, status code: 200
2022-05-10 00:33:05,731 - Utils.utils - INFO - Requisição <<GET>> realizada com sucesso, status code: 200
2022-05-10 00:33:06,127 - Utils.utils - INFO - Requisição <<GET>> realizada com sucesso, status code: 200
2022-05-10 00:33:06,403 - Utils.utils - INFO - Requisição <<GET>> realizada com sucesso, status code: 200
2022-05-10 00:33:06,578 - Utils.utils - INFO - Requisição <<GET>> realizada com sucesso, status code: 200
2022-05-10 00:33:06,593 - thots.thot_parse - INFO - Foi encontrado um total de : 0 videos restantes.
2022-05-10 00:33:06,593 - thots.thots - WARNING - ---------------| agathalira - Fim da lista de videos.
2022-05-10 00:33:06,593 - thots.thots - WARNING - ---------------| Iniciando tarefa barbaracastroo, 3 de 17
2022-05-10 00:33:06,593 - thots.thot_parse - INFO - Definindo o padrão de regex...
2022-05-10 00:33:06,789 - Utils.utils - INFO - Requisição <<GET>> realizada com sucesso, status code: 200
2022-05-10 00:33:06,789 - thots.thot_parse - INFO - Segundo padrão de regex definido com sucesso!
2022-05-10 00:33:06,917 - Utils.utils - INFO - Requisição <<GET>> realizada com sucesso, status code: 200
2022-05-10 00:33:06,919 - thots.thot_parse - INFO - Usando método alternativo para encontrar a quantidade de videos.
2022-05-10 00:33:07,047 - Utils.utils - INFO - Requisição <<GET>> realizada com sucesso, status code: 200
2022-05-10 00:33:07,047 - thots.thot_parse - INFO - Foi encontrado um total de : 0 videos restantes.
2022-05-10 00:33:07,048 - thots.thots - WARNING - ---------------| barbaracastroo - Fim da lista de videos.
2022-05-10 00:33:07,048 - thots.thots - WARNING - ---------------| Iniciando tarefa bellacasada, 4 de 17
2022-05-10 00:33:07,048 - thots.thot_parse - INFO - Definindo o padrão de regex...
2022-05-10 00:33:07,336 - Utils.utils - INFO - Requisição <<GET>> realizada com sucesso, status code: 200
2022-05-10 00:33:07,337 - thots.thot_parse - INFO - Segundo padrão de regex definido com sucesso!
2022-05-10 00:33:07,481 - Utils.utils - INFO - Requisição <<GET>> realizada com sucesso, status code: 200
2022-05-10 00:33:07,484 - thots.thot_parse - INFO - Usando método alternativo para encontrar a quantidade de videos.
2022-05-10 00:33:07,629 - Utils.utils - INFO - Requisição <<GET>> realizada com sucesso, status code: 200
2022-05-10 00:33:07,786 - Utils.utils - INFO - Requisição <<GET>> realizada com sucesso, status code: 200
2022-05-10 00:33:07,992 - Utils.utils - INFO - Requisição <<GET>> realizada com sucesso, status code: 200
2022-05-10 00:33:08,198 - Utils.utils - INFO - Requisição <<GET>> realizada com sucesso, status code: 200
2022-05-10 00:33:08,394 - Utils.utils - INFO - Requisição <<GET>> realizada com sucesso, status code: 200
2022-05-10 00:33:08,556 - Utils.utils - INFO - Requisição <<GET>> realizada com sucesso, status code: 200
2022-05-10 00:33:08,561 - thots.thot_parse - INFO - Foi encontrado um total de : 0 videos restantes.
2022-05-10 00:33:08,561 - thots.thots - WARNING - ---------------| bellacasada - Fim da lista de videos.
2022-05-10 00:33:08,562 - thots.thots - WARNING - ---------------| Iniciando tarefa casalruivaecornooficial, 5 de 17
2022-05-10 00:33:08,562 - thots.thot_parse - INFO - Definindo o padrão de regex...
2022-05-10 00:33:08,684 - Utils.utils - INFO - Requisição <<GET>> realizada com sucesso, status code: 200
2022-05-10 00:33:08,684 - thots.thot_parse - INFO - Segundo padrão de regex definido com sucesso!
2022-05-10 00:33:08,850 - Utils.utils - INFO - Requisição <<GET>> realizada com sucesso, status code: 200
2022-05-10 00:33:08,852 - thots.thot_parse - INFO - Usando método alternativo para encontrar a quantidade de videos.
2022-05-10 00:33:08,972 - Utils.utils - INFO - Requisição <<GET>> realizada com sucesso, status code: 200
2022-05-10 00:33:09,134 - Utils.utils - INFO - Requisição <<GET>> realizada com sucesso, status code: 200
2022-05-10 00:33:09,352 - Utils.utils - INFO - Requisição <<GET>> realizada com sucesso, status code: 200
2022-05-10 00:33:09,561 - Utils.utils - INFO - Requisição <<GET>> realizada com sucesso, status code: 200
2022-05-10 00:33:09,750 - Utils.utils - INFO - Requisição <<GET>> realizada com sucesso, status code: 200
2022-05-10 00:33:09,905 - Utils.utils - INFO - Requisição <<GET>> realizada com sucesso, status code: 200
2022-05-10 00:33:09,909 - thots.thot_parse - INFO - Foi encontrado um total de : 0 videos restantes.
2022-05-10 00:33:09,909 - thots.thots - WARNING - ---------------| casalruivaecornooficial - Fim da lista de videos.
2022-05-10 00:33:09,909 - thots.thots - WARNING - ---------------| Iniciando tarefa casaltopbessa, 6 de 17
2022-05-10 00:33:09,909 - thots.thot_parse - INFO - Definindo o padrão de regex...
2022-05-10 00:33:10,096 - Utils.utils - INFO - Requisição <<GET>> realizada com sucesso, status code: 200
2022-05-10 00:33:10,097 - thots.thot_parse - INFO - Segundo padrão de regex definido com sucesso!
2022-05-10 00:33:10,276 - Utils.utils - INFO - Requisição <<GET>> realizada com sucesso, status code: 200
2022-05-10 00:33:10,279 - thots.thot_parse - INFO - Usando método alternativo para encontrar a quantidade de videos.
2022-05-10 00:33:10,436 - Utils.utils - INFO - Requisição <<GET>> realizada com sucesso, status code: 200
2022-05-10 00:33:10,598 - Utils.utils - INFO - Requisição <<GET>> realizada com sucesso, status code: 200
2022-05-10 00:33:10,599 - thots.thot_parse - INFO - Foi encontrado um total de : 0 videos restantes.
2022-05-10 00:33:10,600 - thots.thots - WARNING - ---------------| casaltopbessa - Fim da lista de videos.
2022-05-10 00:33:10,600 - thots.thots - WARNING - ---------------| Iniciando tarefa elaquer, 7 de 17
2022-05-10 00:33:10,600 - thots.thot_parse - INFO - Definindo o padrão de regex...
2022-05-10 00:33:10,751 - Utils.utils - INFO - Requisição <<GET>> realizada com sucesso, status code: 200
2022-05-10 00:33:10,752 - thots.thot_parse - INFO - Segundo padrão de regex definido com sucesso!
2022-05-10 00:33:10,881 - Utils.utils - INFO - Requisição <<GET>> realizada com sucesso, status code: 200
2022-05-10 00:33:10,884 - thots.thot_parse - INFO - Usando método alternativo para encontrar a quantidade de videos.
2022-05-10 00:33:11,066 - Utils.utils - INFO - Requisição <<GET>> realizada com sucesso, status code: 200
2022-05-10 00:33:11,192 - Utils.utils - INFO - Requisição <<GET>> realizada com sucesso, status code: 200
2022-05-10 00:33:11,316 - Utils.utils - INFO - Requisição <<GET>> realizada com sucesso, status code: 200
2022-05-10 00:33:11,444 - Utils.utils - INFO - Requisição <<GET>> realizada com sucesso, status code: 200
2022-05-10 00:33:11,446 - thots.thot_parse - INFO - Foi encontrado um total de : 0 videos restantes.
2022-05-10 00:33:11,446 - thots.thots - WARNING - ---------------| elaquer - Fim da lista de videos.
2022-05-10 00:33:11,447 - thots.thots - WARNING - ---------------| Iniciando tarefa emilysales, 8 de 17
2022-05-10 00:33:11,447 - thots.thot_parse - INFO - Definindo o padrão de regex...
2022-05-10 00:33:11,588 - Utils.utils - INFO - Requisição <<GET>> realizada com sucesso, status code: 200
2022-05-10 00:33:11,589 - thots.thot_parse - INFO - Segundo padrão de regex definido com sucesso!
2022-05-10 00:33:11,713 - Utils.utils - INFO - Requisição <<GET>> realizada com sucesso, status code: 200
2022-05-10 00:33:11,716 - thots.thot_parse - INFO - Usando método alternativo para encontrar a quantidade de videos.
2022-05-10 00:33:11,841 - Utils.utils - INFO - Requisição <<GET>> realizada com sucesso, status code: 200
2022-05-10 00:33:12,023 - Utils.utils - INFO - Requisição <<GET>> realizada com sucesso, status code: 200
2022-05-10 00:33:12,180 - Utils.utils - INFO - Requisição <<GET>> realizada com sucesso, status code: 200
2022-05-10 00:33:12,322 - Utils.utils - INFO - Requisição <<GET>> realizada com sucesso, status code: 200
2022-05-10 00:33:12,452 - Utils.utils - INFO - Requisição <<GET>> realizada com sucesso, status code: 200
2022-05-10 00:33:12,455 - thots.thot_parse - INFO - Foi encontrado um total de : 0 videos restantes.
2022-05-10 00:33:12,455 - thots.thots - WARNING - ---------------| emilysales - Fim da lista de videos.
2022-05-10 00:33:12,456 - thots.thots - WARNING - ---------------| Iniciando tarefa esposagulosinha, 9 de 17
2022-05-10 00:33:12,457 - thots.thot_parse - INFO - Definindo o padrão de regex...
2022-05-10 00:33:12,673 - Utils.utils - INFO - Requisição <<GET>> realizada com sucesso, status code: 200
2022-05-10 00:33:12,674 - thots.thot_parse - INFO - Segundo padrão de regex definido com sucesso!
2022-05-10 00:33:12,828 - Utils.utils - INFO - Requisição <<GET>> realizada com sucesso, status code: 200
2022-05-10 00:33:12,831 - thots.thot_parse - INFO - Usando método alternativo para encontrar a quantidade de videos.
2022-05-10 00:33:12,986 - Utils.utils - INFO - Requisição <<GET>> realizada com sucesso, status code: 200
2022-05-10 00:33:13,129 - Utils.utils - INFO - Requisição <<GET>> realizada com sucesso, status code: 200
2022-05-10 00:33:13,264 - Utils.utils - INFO - Requisição <<GET>> realizada com sucesso, status code: 200
2022-05-10 00:33:13,451 - Utils.utils - INFO - Requisição <<GET>> realizada com sucesso, status code: 200
2022-05-10 00:33:13,691 - Utils.utils - INFO - Requisição <<GET>> realizada com sucesso, status code: 200
2022-05-10 00:33:13,868 - Utils.utils - INFO - Requisição <<GET>> realizada com sucesso, status code: 200
2022-05-10 00:33:14,039 - Utils.utils - INFO - Requisição <<GET>> realizada com sucesso, status code: 200
2022-05-10 00:33:14,191 - Utils.utils - INFO - Requisição <<GET>> realizada com sucesso, status code: 200
2022-05-10 00:33:14,196 - thots.thot_parse - INFO - Foi encontrado um total de : 0 videos restantes.
2022-05-10 00:33:14,196 - thots.thots - WARNING - ---------------| esposagulosinha - Fim da lista de videos.
2022-05-10 00:33:14,196 - thots.thots - WARNING - ---------------| Iniciando tarefa fabioeanaes, 10 de 17
2022-05-10 00:33:14,196 - thots.thot_parse - INFO - Definindo o padrão de regex...
2022-05-10 00:33:14,474 - Utils.utils - INFO - Requisição <<GET>> realizada com sucesso, status code: 200
2022-05-10 00:33:14,475 - thots.thot_parse - INFO - Segundo padrão de regex definido com sucesso!
2022-05-10 00:33:14,602 - Utils.utils - INFO - Requisição <<GET>> realizada com sucesso, status code: 200
2022-05-10 00:33:14,604 - thots.thot_parse - INFO - Usando método alternativo para encontrar a quantidade de videos.
2022-05-10 00:33:14,750 - Utils.utils - INFO - Requisição <<GET>> realizada com sucesso, status code: 200
2022-05-10 00:33:14,874 - Utils.utils - INFO - Requisição <<GET>> realizada com sucesso, status code: 200
2022-05-10 00:33:15,007 - Utils.utils - INFO - Requisição <<GET>> realizada com sucesso, status code: 200
2022-05-10 00:33:15,130 - Utils.utils - INFO - Requisição <<GET>> realizada com sucesso, status code: 200
2022-05-10 00:33:15,274 - Utils.utils - INFO - Requisição <<GET>> realizada com sucesso, status code: 200
2022-05-10 00:33:15,277 - thots.thot_parse - INFO - Foi encontrado um total de : 0 videos restantes.
2022-05-10 00:33:15,277 - thots.thots - WARNING - ---------------| fabioeanaes - Fim da lista de videos.
2022-05-10 00:33:15,278 - thots.thots - WARNING - ---------------| Iniciando tarefa helenafilmes, 11 de 17
2022-05-10 00:33:15,278 - thots.thot_parse - INFO - Definindo o padrão de regex...
2022-05-10 00:33:15,574 - Utils.utils - INFO - Requisição <<GET>> realizada com sucesso, status code: 200
2022-05-10 00:33:15,575 - thots.thot_parse - INFO - Segundo padrão de regex definido com sucesso!
2022-05-10 00:33:15,703 - Utils.utils - INFO - Requisição <<GET>> realizada com sucesso, status code: 200
2022-05-10 00:33:15,706 - thots.thot_parse - INFO - Usando método alternativo para encontrar a quantidade de videos.
2022-05-10 00:33:15,847 - Utils.utils - INFO - Requisição <<GET>> realizada com sucesso, status code: 200
2022-05-10 00:33:15,997 - Utils.utils - INFO - Requisição <<GET>> realizada com sucesso, status code: 200
2022-05-10 00:33:15,998 - thots.thot_parse - INFO - Foi encontrado um total de : 0 videos restantes.
2022-05-10 00:33:15,999 - thots.thots - WARNING - ---------------| helenafilmes - Fim da lista de videos.
2022-05-10 00:33:16,000 - thots.thots - WARNING - ---------------| Iniciando tarefa lualencar11, 12 de 17
2022-05-10 00:33:16,000 - thots.thot_parse - INFO - Definindo o padrão de regex...
2022-05-10 00:33:16,136 - Utils.utils - INFO - Requisição <<GET>> realizada com sucesso, status code: 200
2022-05-10 00:33:16,138 - thots.thot_parse - INFO - Segundo padrão de regex definido com sucesso!
2022-05-10 00:33:16,268 - Utils.utils - INFO - Requisição <<GET>> realizada com sucesso, status code: 200
2022-05-10 00:33:16,270 - thots.thot_parse - INFO - Usando método alternativo para encontrar a quantidade de videos.
2022-05-10 00:33:16,408 - Utils.utils - INFO - Requisição <<GET>> realizada com sucesso, status code: 200
2022-05-10 00:33:16,409 - thots.thot_parse - INFO - Foi encontrado um total de : 0 videos restantes.
2022-05-10 00:33:16,410 - thots.thots - WARNING - ---------------| lualencar11 - Fim da lista de videos.
2022-05-10 00:33:16,410 - thots.thots - WARNING - ---------------| Iniciando tarefa melissadias, 13 de 17
2022-05-10 00:33:16,410 - thots.thot_parse - INFO - Definindo o padrão de regex...
2022-05-10 00:33:16,549 - Utils.utils - INFO - Requisição <<GET>> realizada com sucesso, status code: 200
2022-05-10 00:33:16,549 - thots.thot_parse - INFO - Segundo padrão de regex definido com sucesso!
2022-05-10 00:33:16,704 - Utils.utils - INFO - Requisição <<GET>> realizada com sucesso, status code: 200
2022-05-10 00:33:16,706 - thots.thot_parse - INFO - Usando método alternativo para encontrar a quantidade de videos.
2022-05-10 00:33:16,890 - Utils.utils - INFO - Requisição <<GET>> realizada com sucesso, status code: 200
2022-05-10 00:33:17,016 - Utils.utils - INFO - Requisição <<GET>> realizada com sucesso, status code: 200
2022-05-10 00:33:17,173 - Utils.utils - INFO - Requisição <<GET>> realizada com sucesso, status code: 200
2022-05-10 00:33:17,362 - Utils.utils - INFO - Requisição <<GET>> realizada com sucesso, status code: 200
2022-05-10 00:33:17,540 - Utils.utils - INFO - Requisição <<GET>> realizada com sucesso, status code: 200
2022-05-10 00:33:17,763 - Utils.utils - INFO - Requisição <<GET>> realizada com sucesso, status code: 200
2022-05-10 00:33:18,090 - Utils.utils - INFO - Requisição <<GET>> realizada com sucesso, status code: 200
2022-05-10 00:33:18,094 - thots.thot_parse - INFO - Foi encontrado um total de : 0 videos restantes.
2022-05-10 00:33:18,095 - thots.thots - WARNING - ---------------| melissadias - Fim da lista de videos.
2022-05-10 00:33:18,095 - thots.thots - WARNING - ---------------| Iniciando tarefa nicoleballs_trans, 14 de 17
2022-05-10 00:33:18,095 - thots.thot_parse - INFO - Definindo o padrão de regex...
2022-05-10 00:33:18,441 - Utils.utils - INFO - Requisição <<GET>> realizada com sucesso, status code: 200
2022-05-10 00:33:18,441 - thots.thot_parse - INFO - Segundo padrão de regex definido com sucesso!
2022-05-10 00:33:18,825 - Utils.utils - INFO - Requisição <<GET>> realizada com sucesso, status code: 200
2022-05-10 00:33:18,828 - thots.thot_parse - INFO - Usando método alternativo para encontrar a quantidade de videos.
2022-05-10 00:33:19,165 - Utils.utils - INFO - Requisição <<GET>> realizada com sucesso, status code: 200
2022-05-10 00:33:19,495 - Utils.utils - INFO - Requisição <<GET>> realizada com sucesso, status code: 200
2022-05-10 00:33:19,496 - thots.thot_parse - INFO - Foi encontrado um total de : 0 videos restantes.
2022-05-10 00:33:19,496 - thots.thots - WARNING - ---------------| nicoleballs_trans - Fim da lista de videos.
2022-05-10 00:33:19,496 - thots.thots - WARNING - ---------------| Iniciando tarefa nikkecasada, 15 de 17
2022-05-10 00:33:19,496 - thots.thot_parse - INFO - Definindo o padrão de regex...
2022-05-10 00:33:19,927 - Utils.utils - INFO - Requisição <<GET>> realizada com sucesso, status code: 200
2022-05-10 00:33:19,928 - thots.thot_parse - INFO - Segundo padrão de regex definido com sucesso!
2022-05-10 00:33:20,134 - Utils.utils - INFO - Requisição <<GET>> realizada com sucesso, status code: 200
2022-05-10 00:33:20,136 - thots.thot_parse - INFO - Usando método alternativo para encontrar a quantidade de videos.
2022-05-10 00:33:20,328 - Utils.utils - INFO - Requisição <<GET>> realizada com sucesso, status code: 200
2022-05-10 00:33:20,485 - Utils.utils - INFO - Requisição <<GET>> realizada com sucesso, status code: 200
2022-05-10 00:33:20,608 - Utils.utils - INFO - Requisição <<GET>> realizada com sucesso, status code: 200
2022-05-10 00:33:20,729 - Utils.utils - INFO - Requisição <<GET>> realizada com sucesso, status code: 200
2022-05-10 00:33:20,895 - Utils.utils - INFO - Requisição <<GET>> realizada com sucesso, status code: 200
2022-05-10 00:33:20,898 - thots.thot_parse - INFO - Foi encontrado um total de : 0 videos restantes.
2022-05-10 00:33:20,898 - thots.thots - WARNING - ---------------| nikkecasada - Fim da lista de videos.
2022-05-10 00:33:20,899 - thots.thots - WARNING - ---------------| Iniciando tarefa tatycasadinha, 16 de 17
2022-05-10 00:33:21,089 - thots.thots - WARNING - ---------------| tatycasadinha - Fim da lista de videos.
2022-05-10 00:33:21,090 - thots.thots - WARNING - ---------------| Iniciando tarefa vidasafada, 17 de 17
2022-05-10 00:33:21,090 - thots.thot_parse - INFO - Definindo o padrão de regex...
2022-05-10 00:33:21,547 - Utils.utils - INFO - Requisição <<GET>> realizada com sucesso, status code: 200
2022-05-10 00:33:21,547 - thots.thot_parse - INFO - Segundo padrão de regex definido com sucesso!
2022-05-10 00:33:22,010 - Utils.utils - INFO - Requisição <<GET>> realizada com sucesso, status code: 200
2022-05-10 00:33:22,012 - thots.thot_parse - INFO - Usando método alternativo para encontrar a quantidade de videos.
2022-05-10 00:33:22,307 - Utils.utils - INFO - Requisição <<GET>> realizada com sucesso, status code: 200
2022-05-10 00:33:22,523 - Utils.utils - INFO - Requisição <<GET>> realizada com sucesso, status code: 200
2022-05-10 00:33:22,757 - Utils.utils - INFO - Requisição <<GET>> realizada com sucesso, status code: 200
2022-05-10 00:33:23,005 - Utils.utils - INFO - Requisição <<GET>> realizada com sucesso, status code: 200
2022-05-10 00:33:23,216 - Utils.utils - INFO - Requisição <<GET>> realizada com sucesso, status code: 200
2022-05-10 00:33:23,402 - Utils.utils - INFO - Requisição <<GET>> realizada com sucesso, status code: 200
2022-05-10 00:33:23,566 - Utils.utils - INFO - Requisição <<GET>> realizada com sucesso, status code: 200
2022-05-10 00:33:23,569 - thots.thot_parse - INFO - Foi encontrado um total de : 0 videos restantes.
2022-05-10 00:33:23,570 - thots.thots - WARNING - ---------------| vidasafada - Fim da lista de videos.
2022-05-10 00:33:23,570 - __main__ - INFO - Fazendo backup dos IDs na API backup...
2022-05-10 00:33:23,571 - __main__ - INFO - Salvando ID's da API localmente....
2022-05-10 00:33:24,136 - Utils.utils - INFO - Requisição <<GET>> realizada com sucesso, status code: 200
2022-05-10 00:33:24,734 - Utils.utils - INFO - Requisição <<GET>> realizada com sucesso, status code: 200
2022-05-10 04:08:18,427 - Utils.utils - INFO - Ambiente de produção ativado
2022-05-10 04:08:18,697 - Utils.utils - INFO - Requisição <<GET>> realizada com sucesso, status code: 200
2022-05-10 04:08:18,744 - __main__ - INFO - Checando thotsbay forum...
2022-05-10 04:08:18,744 - Utils.thotshub - INFO - Autorizando...
2022-05-10 04:08:18,946 - Utils.utils - INFO - Requisição <<GET>> realizada com sucesso, status code: 200
2022-05-10 04:08:19,727 - Utils.utils - INFO - Requisição <<POST>> realizada com sucesso, status code: 200
2022-05-10 04:08:19,729 - Utils.thotshub - INFO - Autorizado
2022-05-10 04:08:19,730 - Utils.thotshub - INFO - Logado no thotsbay com sucesso.
2022-05-10 04:08:19,730 - __main__ - INFO - Checando colab...
2022-05-10 04:08:19,730 - Utils.utils - INFO - COLAB enviorement not detected
2022-05-10 04:08:19,731 - __main__ - INFO - Checando config...
2022-05-10 04:08:20,418 - Utils.utils - INFO - Requisição <<GET>> realizada com sucesso, status code: 200
2022-05-10 04:08:21,419 - __main__ - INFO - Checando ids...
2022-05-10 04:08:21,710 - Utils.utils - INFO - Requisição <<GET>> realizada com sucesso, status code: 200
2022-05-10 04:08:21,711 - thots.thots - WARNING - ---------------| Iniciando tarefa afroditehotwife, 1 de 17
2022-05-10 04:08:21,712 - thots.thot_parse - INFO - Definindo o padrão de regex...
2022-05-10 04:08:22,530 - Utils.utils - INFO - Requisição <<GET>> realizada com sucesso, status code: 200
2022-05-10 04:08:22,531 - thots.thot_parse - INFO - Segundo padrão de regex definido com sucesso!
2022-05-10 04:08:22,810 - Utils.utils - INFO - Requisição <<GET>> realizada com sucesso, status code: 200
2022-05-10 04:08:22,812 - thots.thot_parse - INFO - Usando método alternativo para encontrar a quantidade de videos.
2022-05-10 04:08:23,123 - Utils.utils - INFO - Requisição <<GET>> realizada com sucesso, status code: 200
2022-05-10 04:08:23,500 - Utils.utils - INFO - Requisição <<GET>> realizada com sucesso, status code: 200
2022-05-10 04:08:23,879 - Utils.utils - INFO - Requisição <<GET>> realizada com sucesso, status code: 200
2022-05-10 04:08:24,308 - Utils.utils - INFO - Requisição <<GET>> realizada com sucesso, status code: 200
2022-05-10 04:08:25,016 - Utils.utils - INFO - Requisição <<GET>> realizada com sucesso, status code: 200
2022-05-10 04:08:25,463 - Utils.utils - INFO - Requisição <<GET>> realizada com sucesso, status code: 200
2022-05-10 04:08:25,924 - Utils.utils - INFO - Requisição <<GET>> realizada com sucesso, status code: 200
2022-05-10 04:08:26,351 - Utils.utils - INFO - Requisição <<GET>> realizada com sucesso, status code: 200
2022-05-10 04:08:26,631 - Utils.utils - INFO - Requisição <<GET>> realizada com sucesso, status code: 200
2022-05-10 04:08:26,970 - Utils.utils - INFO - Requisição <<GET>> realizada com sucesso, status code: 200
2022-05-10 04:08:27,264 - Utils.utils - INFO - Requisição <<GET>> realizada com sucesso, status code: 200
2022-05-10 04:08:27,612 - Utils.utils - INFO - Requisição <<GET>> realizada com sucesso, status code: 200
2022-05-10 04:08:27,894 - Utils.utils - INFO - Requisição <<GET>> realizada com sucesso, status code: 200
2022-05-10 04:08:28,192 - Utils.utils - INFO - Requisição <<GET>> realizada com sucesso, status code: 200
2022-05-10 04:08:28,209 - thots.thot_parse - INFO - Foi encontrado um total de : 0 videos restantes.
2022-05-10 04:08:28,210 - thots.thots - WARNING - ---------------| afroditehotwife - Fim da lista de videos.
2022-05-10 04:08:28,211 - thots.thots - WARNING - ---------------| Iniciando tarefa agathalira, 2 de 17
2022-05-10 04:08:28,211 - thots.thot_parse - INFO - Definindo o padrão de regex...
2022-05-10 04:08:28,969 - Utils.utils - INFO - Requisição <<GET>> realizada com sucesso, status code: 200
2022-05-10 04:08:28,969 - thots.thot_parse - INFO - Primeiro padrão de regex definido com sucesso!
2022-05-10 04:08:29,269 - Utils.utils - INFO - Requisição <<GET>> realizada com sucesso, status code: 200
2022-05-10 04:08:29,271 - thots.thot_parse - INFO - Usando método alternativo para encontrar a quantidade de videos.
2022-05-10 04:08:29,576 - Utils.utils - INFO - Requisição <<GET>> realizada com sucesso, status code: 200
2022-05-10 04:08:29,894 - Utils.utils - INFO - Requisição <<GET>> realizada com sucesso, status code: 200
2022-05-10 04:08:30,319 - Utils.utils - INFO - Requisição <<GET>> realizada com sucesso, status code: 200
2022-05-10 04:08:30,646 - Utils.utils - INFO - Requisição <<GET>> realizada com sucesso, status code: 200
2022-05-10 04:08:30,940 - Utils.utils - INFO - Requisição <<GET>> realizada com sucesso, status code: 200
2022-05-10 04:08:31,251 - Utils.utils - INFO - Requisição <<GET>> realizada com sucesso, status code: 200
2022-05-10 04:08:31,523 - Utils.utils - INFO - Requisição <<GET>> realizada com sucesso, status code: 200
2022-05-10 04:08:31,803 - Utils.utils - INFO - Requisição <<GET>> realizada com sucesso, status code: 200
2022-05-10 04:08:32,110 - Utils.utils - INFO - Requisição <<GET>> realizada com sucesso, status code: 200
2022-05-10 04:08:32,402 - Utils.utils - INFO - Requisição <<GET>> realizada com sucesso, status code: 200
2022-05-10 04:08:32,698 - Utils.utils - INFO - Requisição <<GET>> realizada com sucesso, status code: 200
2022-05-10 04:08:32,973 - Utils.utils - INFO - Requisição <<GET>> realizada com sucesso, status code: 200
2022-05-10 04:08:33,194 - Utils.utils - INFO - Requisição <<GET>> realizada com sucesso, status code: 200
2022-05-10 04:08:33,207 - thots.thot_parse - INFO - Foi encontrado um total de : 0 videos restantes.
2022-05-10 04:08:33,207 - thots.thots - WARNING - ---------------| agathalira - Fim da lista de videos.
2022-05-10 04:08:33,208 - thots.thots - WARNING - ---------------| Iniciando tarefa barbaracastroo, 3 de 17
2022-05-10 04:08:33,208 - thots.thot_parse - INFO - Definindo o padrão de regex...
2022-05-10 04:08:33,726 - Utils.utils - INFO - Requisição <<GET>> realizada com sucesso, status code: 200
2022-05-10 04:08:33,727 - thots.thot_parse - INFO - Segundo padrão de regex definido com sucesso!
2022-05-10 04:08:33,930 - Utils.utils - INFO - Requisição <<GET>> realizada com sucesso, status code: 200
2022-05-10 04:08:33,932 - thots.thot_parse - INFO - Usando método alternativo para encontrar a quantidade de videos.
2022-05-10 04:08:34,137 - Utils.utils - INFO - Requisição <<GET>> realizada com sucesso, status code: 200
2022-05-10 04:08:34,137 - thots.thot_parse - INFO - Foi encontrado um total de : 0 videos restantes.
2022-05-10 04:08:34,138 - thots.thots - WARNING - ---------------| barbaracastroo - Fim da lista de videos.
2022-05-10 04:08:34,138 - thots.thots - WARNING - ---------------| Iniciando tarefa bellacasada, 4 de 17
2022-05-10 04:08:34,138 - thots.thot_parse - INFO - Definindo o padrão de regex...
2022-05-10 04:08:34,464 - Utils.utils - INFO - Requisição <<GET>> realizada com sucesso, status code: 200
2022-05-10 04:08:34,464 - thots.thot_parse - INFO - Segundo padrão de regex definido com sucesso!
2022-05-10 04:08:34,641 - Utils.utils - INFO - Requisição <<GET>> realizada com sucesso, status code: 200
2022-05-10 04:08:34,642 - thots.thot_parse - INFO - Usando método alternativo para encontrar a quantidade de videos.
2022-05-10 04:08:34,850 - Utils.utils - INFO - Requisição <<GET>> realizada com sucesso, status code: 200
2022-05-10 04:08:35,037 - Utils.utils - INFO - Requisição <<GET>> realizada com sucesso, status code: 200
2022-05-10 04:08:35,196 - Utils.utils - INFO - Requisição <<GET>> realizada com sucesso, status code: 200
2022-05-10 04:08:35,358 - Utils.utils - INFO - Requisição <<GET>> realizada com sucesso, status code: 200
2022-05-10 04:08:35,569 - Utils.utils - INFO - Requisição <<GET>> realizada com sucesso, status code: 200
2022-05-10 04:08:35,740 - Utils.utils - INFO - Requisição <<GET>> realizada com sucesso, status code: 200
2022-05-10 04:08:35,743 - thots.thot_parse - INFO - Foi encontrado um total de : 0 videos restantes.
2022-05-10 04:08:35,743 - thots.thots - WARNING - ---------------| bellacasada - Fim da lista de videos.
2022-05-10 04:08:35,744 - thots.thots - WARNING - ---------------| Iniciando tarefa casalruivaecornooficial, 5 de 17
2022-05-10 04:08:35,744 - thots.thot_parse - INFO - Definindo o padrão de regex...
2022-05-10 04:08:36,063 - Utils.utils - INFO - Requisição <<GET>> realizada com sucesso, status code: 200
2022-05-10 04:08:36,064 - thots.thot_parse - INFO - Segundo padrão de regex definido com sucesso!
2022-05-10 04:08:36,269 - Utils.utils - INFO - Requisição <<GET>> realizada com sucesso, status code: 200
2022-05-10 04:08:36,271 - thots.thot_parse - INFO - Usando método alternativo para encontrar a quantidade de videos.
2022-05-10 04:08:36,477 - Utils.utils - INFO - Requisição <<GET>> realizada com sucesso, status code: 200
2022-05-10 04:08:36,715 - Utils.utils - INFO - Requisição <<GET>> realizada com sucesso, status code: 200
2022-05-10 04:08:36,993 - Utils.utils - INFO - Requisição <<GET>> realizada com sucesso, status code: 200
2022-05-10 04:08:37,319 - Utils.utils - INFO - Requisição <<GET>> realizada com sucesso, status code: 200
2022-05-10 04:08:37,706 - Utils.utils - INFO - Requisição <<GET>> realizada com sucesso, status code: 200
2022-05-10 04:08:37,961 - Utils.utils - INFO - Requisição <<GET>> realizada com sucesso, status code: 200
2022-05-10 04:08:37,964 - thots.thot_parse - INFO - Foi encontrado um total de : 0 videos restantes.
2022-05-10 04:08:37,965 - thots.thots - WARNING - ---------------| casalruivaecornooficial - Fim da lista de videos.
2022-05-10 04:08:37,965 - thots.thots - WARNING - ---------------| Iniciando tarefa casaltopbessa, 6 de 17
2022-05-10 04:08:37,965 - thots.thot_parse - INFO - Definindo o padrão de regex...
2022-05-10 04:08:38,250 - Utils.utils - INFO - Requisição <<GET>> realizada com sucesso, status code: 200
2022-05-10 04:08:38,251 - thots.thot_parse - INFO - Segundo padrão de regex definido com sucesso!
2022-05-10 04:08:38,475 - Utils.utils - INFO - Requisição <<GET>> realizada com sucesso, status code: 200
2022-05-10 04:08:38,477 - thots.thot_parse - INFO - Usando método alternativo para encontrar a quantidade de videos.
2022-05-10 04:08:38,743 - Utils.utils - INFO - Requisição <<GET>> realizada com sucesso, status code: 200
2022-05-10 04:08:38,949 - Utils.utils - INFO - Requisição <<GET>> realizada com sucesso, status code: 200
2022-05-10 04:08:38,950 - thots.thot_parse - INFO - Foi encontrado um total de : 0 videos restantes.
2022-05-10 04:08:38,950 - thots.thots - WARNING - ---------------| casaltopbessa - Fim da lista de videos.
2022-05-10 04:08:38,950 - thots.thots - WARNING - ---------------| Iniciando tarefa elaquer, 7 de 17
2022-05-10 04:08:38,950 - thots.thot_parse - INFO - Definindo o padrão de regex...
2022-05-10 04:08:39,185 - Utils.utils - INFO - Requisição <<GET>> realizada com sucesso, status code: 200
2022-05-10 04:08:39,186 - thots.thot_parse - INFO - Segundo padrão de regex definido com sucesso!
2022-05-10 04:08:39,451 - Utils.utils - INFO - Requisição <<GET>> realizada com sucesso, status code: 200
2022-05-10 04:08:39,453 - thots.thot_parse - INFO - Usando método alternativo para encontrar a quantidade de videos.
2022-05-10 04:08:39,659 - Utils.utils - INFO - Requisição <<GET>> realizada com sucesso, status code: 200
2022-05-10 04:08:39,912 - Utils.utils - INFO - Requisição <<GET>> realizada com sucesso, status code: 200
2022-05-10 04:08:40,133 - Utils.utils - INFO - Requisição <<GET>> realizada com sucesso, status code: 200
2022-05-10 04:08:40,377 - Utils.utils - INFO - Requisição <<GET>> realizada com sucesso, status code: 200
2022-05-10 04:08:40,379 - thots.thot_parse - INFO - Foi encontrado um total de : 0 videos restantes.
2022-05-10 04:08:40,379 - thots.thots - WARNING - ---------------| elaquer - Fim da lista de videos.
2022-05-10 04:08:40,379 - thots.thots - WARNING - ---------------| Iniciando tarefa emilysales, 8 de 17
2022-05-10 04:08:40,379 - thots.thot_parse - INFO - Definindo o padrão de regex...
2022-05-10 04:08:40,590 - Utils.utils - INFO - Requisição <<GET>> realizada com sucesso, status code: 200
2022-05-10 04:08:40,591 - thots.thot_parse - INFO - Segundo padrão de regex definido com sucesso!
2022-05-10 04:08:40,807 - Utils.utils - INFO - Requisição <<GET>> realizada com sucesso, status code: 200
2022-05-10 04:08:40,809 - thots.thot_parse - INFO - Usando método alternativo para encontrar a quantidade de videos.
2022-05-10 04:08:41,024 - Utils.utils - INFO - Requisição <<GET>> realizada com sucesso, status code: 200
2022-05-10 04:08:41,229 - Utils.utils - INFO - Requisição <<GET>> realizada com sucesso, status code: 200
2022-05-10 04:08:41,442 - Utils.utils - INFO - Requisição <<GET>> realizada com sucesso, status code: 200
2022-05-10 04:08:41,710 - Utils.utils - INFO - Requisição <<GET>> realizada com sucesso, status code: 200
2022-05-10 04:08:42,017 - Utils.utils - INFO - Requisição <<GET>> realizada com sucesso, status code: 200
2022-05-10 04:08:42,019 - thots.thot_parse - INFO - Foi encontrado um total de : 1 videos restantes.
2022-05-10 04:08:42,020 - thots.thot_parse - INFO - A lista de ID's já foi definida
2022-05-10 04:08:42,227 - Utils.utils - INFO - Requisição <<GET>> realizada com sucesso, status code: 200
2022-05-10 04:08:42,481 - Utils.utils - INFO - Requisição <<GET>> realizada com sucesso, status code: 200
2022-05-10 04:08:42,753 - Utils.utils - INFO - Requisição <<GET>> realizada com sucesso, status code: 200
2022-05-10 04:08:42,962 - Utils.utils - INFO - Requisição <<GET>> realizada com sucesso, status code: 200
2022-05-10 04:08:43,178 - Utils.utils - INFO - Requisição <<GET>> realizada com sucesso, status code: 200
2022-05-10 04:08:43,180 - thots.thot_parse - INFO - Download: 1 of 1
2022-05-10 04:08:43,181 - Utils.download - INFO - Baixando Downloads/emilysales/103335-mamando-nigeriano-pauzudo.mp4
2022-05-10 04:08:58,544 - Utils.download - INFO - Arquivo 103335-mamando-nigeriano-pauzudo baixado com sucesso! Agora...Enviando...
2022-05-10 04:09:04,620 - Utils.download - INFO - Arquivo 103335-mamando-nigeriano-pauzudo enviado com sucesso, ainda faltam: 0
2022-05-10 04:09:08,400 - Utils.utils - INFO - Requisição <<PUT>> realizada com sucesso, status code: 200
2022-05-10 04:09:13,156 - Utils.utils - INFO - Requisição <<GET>> realizada com sucesso, status code: 200
2022-05-10 04:09:13,453 - Utils.utils - INFO - Requisição <<PUT>> realizada com sucesso, status code: 200
2022-05-10 04:09:13,453 - Utils.download - INFO - Prosseguindo com a postagem...
2022-05-10 04:09:13,454 - Utils.download - INFO - A última postagem foi em 2020-04-05 19:38:48.279762 a diferença é: 1100670 minutos
2022-05-10 04:09:14,176 - Utils.utils - INFO - Enviando imagem 1 de 3 : Thumbnails/emilysales000062.jpg
2022-05-10 04:09:16,126 - Utils.utils - INFO - Requisição <<POST>> realizada com sucesso, status code: 200
2022-05-10 04:09:16,127 - Utils.utils - INFO - Thumbnails/emilysales000062.jpg enviado com sucesso
2022-05-10 04:09:16,127 - Utils.utils - INFO - Enviando imagem 2 de 3 : Thumbnails/emilysales000016.jpg
2022-05-10 04:09:17,551 - Utils.utils - INFO - Requisição <<POST>> realizada com sucesso, status code: 200
2022-05-10 04:09:17,551 - Utils.utils - INFO - Thumbnails/emilysales000016.jpg enviado com sucesso
2022-05-10 04:09:17,552 - Utils.utils - INFO - Enviando imagem 3 de 3 : Thumbnails/emilysales000079.jpg
2022-05-10 04:09:19,074 - Utils.utils - INFO - Requisição <<POST>> realizada com sucesso, status code: 200
2022-05-10 04:09:19,074 - Utils.utils - INFO - Thumbnails/emilysales000079.jpg enviado com sucesso
2022-05-10 04:09:19,074 - Utils.thotshub - INFO - Autorizando...
2022-05-10 04:09:19,302 - Utils.utils - INFO - Requisição <<GET>> realizada com sucesso, status code: 200
2022-05-10 04:09:19,517 - Utils.utils - INFO - Requisição <<POST>> realizada com sucesso, status code: 200
2022-05-10 04:09:19,518 - Utils.thotshub - INFO - Autorizado
2022-05-10 04:09:19,518 - Utils.thotshub - INFO - Logado no thotsbay com sucesso.
2022-05-10 04:09:19,519 - Utils.download - INFO - Atualizando tópico agora...
2022-05-10 04:09:19,740 - Utils.utils - INFO - Requisição <<GET>> realizada com sucesso, status code: 200
2022-05-10 04:09:20,044 - Utils.utils - INFO - Requisição <<POST>> realizada com sucesso, status code: 200
2022-05-10 04:09:21,418 - Utils.utils - INFO - Requisição <<PUT>> realizada com sucesso, status code: 200
2022-05-10 04:09:21,422 - thots.thots - WARNING - ---------------| emilysales - Fim da lista de videos.
2022-05-10 04:09:21,422 - thots.thots - WARNING - ---------------| Iniciando tarefa esposagulosinha, 9 de 17
2022-05-10 04:09:21,423 - thots.thot_parse - INFO - Definindo o padrão de regex...
2022-05-10 04:09:21,805 - Utils.utils - INFO - Requisição <<GET>> realizada com sucesso, status code: 200
2022-05-10 04:09:21,806 - thots.thot_parse - INFO - Segundo padrão de regex definido com sucesso!
2022-05-10 04:09:21,982 - Utils.utils - INFO - Requisição <<GET>> realizada com sucesso, status code: 200
2022-05-10 04:09:21,985 - thots.thot_parse - INFO - Usando método alternativo para encontrar a quantidade de videos.
2022-05-10 04:09:22,211 - Utils.utils - INFO - Requisição <<GET>> realizada com sucesso, status code: 200
2022-05-10 04:09:22,381 - Utils.utils - INFO - Requisição <<GET>> realizada com sucesso, status code: 200
2022-05-10 04:09:22,572 - Utils.utils - INFO - Requisição <<GET>> realizada com sucesso, status code: 200
2022-05-10 04:09:22,777 - Utils.utils - INFO - Requisição <<GET>> realizada com sucesso, status code: 200
2022-05-10 04:09:22,953 - Utils.utils - INFO - Requisição <<GET>> realizada com sucesso, status code: 200
2022-05-10 04:09:23,164 - Utils.utils - INFO - Requisição <<GET>> realizada com sucesso, status code: 200
2022-05-10 04:09:23,368 - Utils.utils - INFO - Requisição <<GET>> realizada com sucesso, status code: 200
2022-05-10 04:09:23,548 - Utils.utils - INFO - Requisição <<GET>> realizada com sucesso, status code: 200
2022-05-10 04:09:23,552 - thots.thot_parse - INFO - Foi encontrado um total de : 0 videos restantes.
2022-05-10 04:09:23,552 - thots.thots - WARNING - ---------------| esposagulosinha - Fim da lista de videos.
2022-05-10 04:09:23,553 - thots.thots - WARNING - ---------------| Iniciando tarefa fabioeanaes, 10 de 17
2022-05-10 04:09:23,553 - thots.thot_parse - INFO - Definindo o padrão de regex...
2022-05-10 04:09:23,962 - Utils.utils - INFO - Requisição <<GET>> realizada com sucesso, status code: 200
2022-05-10 04:09:23,962 - thots.thot_parse - INFO - Segundo padrão de regex definido com sucesso!
2022-05-10 04:09:24,125 - Utils.utils - INFO - Requisição <<GET>> realizada com sucesso, status code: 200
2022-05-10 04:09:24,128 - thots.thot_parse - INFO - Usando método alternativo para encontrar a quantidade de videos.
2022-05-10 04:09:24,313 - Utils.utils - INFO - Requisição <<GET>> realizada com sucesso, status code: 200
2022-05-10 04:09:24,498 - Utils.utils - INFO - Requisição <<GET>> realizada com sucesso, status code: 200
2022-05-10 04:09:24,674 - Utils.utils - INFO - Requisição <<GET>> realizada com sucesso, status code: 200
2022-05-10 04:09:24,896 - Utils.utils - INFO - Requisição <<GET>> realizada com sucesso, status code: 200
2022-05-10 04:09:25,083 - Utils.utils - INFO - Requisição <<GET>> realizada com sucesso, status code: 200
2022-05-10 04:09:25,086 - thots.thot_parse - INFO - Foi encontrado um total de : 0 videos restantes.
2022-05-10 04:09:25,086 - thots.thots - WARNING - ---------------| fabioeanaes - Fim da lista de videos.
2022-05-10 04:09:25,086 - thots.thots - WARNING - ---------------| Iniciando tarefa helenafilmes, 11 de 17
2022-05-10 04:09:25,086 - thots.thot_parse - INFO - Definindo o padrão de regex...
2022-05-10 04:09:25,638 - Utils.utils - INFO - Requisição <<GET>> realizada com sucesso, status code: 200
2022-05-10 04:09:25,639 - thots.thot_parse - INFO - Segundo padrão de regex definido com sucesso!
2022-05-10 04:09:25,893 - Utils.utils - INFO - Requisição <<GET>> realizada com sucesso, status code: 200
2022-05-10 04:09:25,896 - thots.thot_parse - INFO - Usando método alternativo para encontrar a quantidade de videos.
2022-05-10 04:09:26,124 - Utils.utils - INFO - Requisição <<GET>> realizada com sucesso, status code: 200
2022-05-10 04:09:26,328 - Utils.utils - INFO - Requisição <<GET>> realizada com sucesso, status code: 200
2022-05-10 04:09:26,329 - thots.thot_parse - INFO - Foi encontrado um total de : 0 videos restantes.
2022-05-10 04:09:26,329 - thots.thots - WARNING - ---------------| helenafilmes - Fim da lista de videos.
2022-05-10 04:09:26,329 - thots.thots - WARNING - ---------------| Iniciando tarefa lualencar11, 12 de 17
2022-05-10 04:09:26,330 - thots.thot_parse - INFO - Definindo o padrão de regex...
2022-05-10 04:09:26,872 - Utils.utils - INFO - Requisição <<GET>> realizada com sucesso, status code: 200
2022-05-10 04:09:26,873 - thots.thot_parse - INFO - Segundo padrão de regex definido com sucesso!
2022-05-10 04:09:27,216 - Utils.utils - INFO - Requisição <<GET>> realizada com sucesso, status code: 200
2022-05-10 04:09:27,217 - thots.thot_parse - INFO - Usando método alternativo para encontrar a quantidade de videos.
2022-05-10 04:09:27,514 - Utils.utils - INFO - Requisição <<GET>> realizada com sucesso, status code: 200
2022-05-10 04:09:27,514 - thots.thot_parse - INFO - Foi encontrado um total de : 0 videos restantes.
2022-05-10 04:09:27,514 - thots.thots - WARNING - ---------------| lualencar11 - Fim da lista de videos.
2022-05-10 04:09:27,514 - thots.thots - WARNING - ---------------| Iniciando tarefa melissadias, 13 de 17
2022-05-10 04:09:27,515 - thots.thot_parse - INFO - Definindo o padrão de regex...
2022-05-10 04:09:27,808 - Utils.utils - INFO - Requisição <<GET>> realizada com sucesso, status code: 200
2022-05-10 04:09:27,809 - thots.thot_parse - INFO - Segundo padrão de regex definido com sucesso!
2022-05-10 04:09:28,023 - Utils.utils - INFO - Requisição <<GET>> realizada com sucesso, status code: 200
2022-05-10 04:09:28,025 - thots.thot_parse - INFO - Usando método alternativo para encontrar a quantidade de videos.
2022-05-10 04:09:28,269 - Utils.utils - INFO - Requisição <<GET>> realizada com sucesso, status code: 200
2022-05-10 04:09:28,522 - Utils.utils - INFO - Requisição <<GET>> realizada com sucesso, status code: 200
2022-05-10 04:09:28,885 - Utils.utils - INFO - Requisição <<GET>> realizada com sucesso, status code: 200
2022-05-10 04:09:29,255 - Utils.utils - INFO - Requisição <<GET>> realizada com sucesso, status code: 200
2022-05-10 04:09:29,472 - Utils.utils - INFO - Requisição <<GET>> realizada com sucesso, status code: 200
2022-05-10 04:09:29,686 - Utils.utils - INFO - Requisição <<GET>> realizada com sucesso, status code: 200
2022-05-10 04:09:29,892 - Utils.utils - INFO - Requisição <<GET>> realizada com sucesso, status code: 200
2022-05-10 04:09:29,896 - thots.thot_parse - INFO - Foi encontrado um total de : 0 videos restantes.
2022-05-10 04:09:29,896 - thots.thots - WARNING - ---------------| melissadias - Fim da lista de videos.
2022-05-10 04:09:29,896 - thots.thots - WARNING - ---------------| Iniciando tarefa nicoleballs_trans, 14 de 17
2022-05-10 04:09:29,897 - thots.thot_parse - INFO - Definindo o padrão de regex...
2022-05-10 04:09:30,127 - Utils.utils - INFO - Requisição <<GET>> realizada com sucesso, status code: 200
2022-05-10 04:09:30,129 - thots.thot_parse - INFO - Segundo padrão de regex definido com sucesso!
2022-05-10 04:09:30,351 - Utils.utils - INFO - Requisição <<GET>> realizada com sucesso, status code: 200
2022-05-10 04:09:30,353 - thots.thot_parse - INFO - Usando método alternativo para encontrar a quantidade de videos.
2022-05-10 04:09:30,560 - Utils.utils - INFO - Requisição <<GET>> realizada com sucesso, status code: 200
2022-05-10 04:09:30,770 - Utils.utils - INFO - Requisição <<GET>> realizada com sucesso, status code: 200
2022-05-10 04:09:30,771 - thots.thot_parse - INFO - Foi encontrado um total de : 0 videos restantes.
2022-05-10 04:09:30,771 - thots.thots - WARNING - ---------------| nicoleballs_trans - Fim da lista de videos.
2022-05-10 04:09:30,771 - thots.thots - WARNING - ---------------| Iniciando tarefa nikkecasada, 15 de 17
2022-05-10 04:09:30,771 - thots.thot_parse - INFO - Definindo o padrão de regex...
2022-05-10 04:09:31,094 - Utils.utils - INFO - Requisição <<GET>> realizada com sucesso, status code: 200
2022-05-10 04:09:31,096 - thots.thot_parse - INFO - Segundo padrão de regex definido com sucesso!
2022-05-10 04:09:31,392 - Utils.utils - INFO - Requisição <<GET>> realizada com sucesso, status code: 200
2022-05-10 04:09:31,395 - thots.thot_parse - INFO - Usando método alternativo para encontrar a quantidade de videos.
2022-05-10 04:09:31,584 - Utils.utils - INFO - Requisição <<GET>> realizada com sucesso, status code: 200
2022-05-10 04:09:31,770 - Utils.utils - INFO - Requisição <<GET>> realizada com sucesso, status code: 200
2022-05-10 04:09:31,976 - Utils.utils - INFO - Requisição <<GET>> realizada com sucesso, status code: 200
2022-05-10 04:09:32,186 - Utils.utils - INFO - Requisição <<GET>> realizada com sucesso, status code: 200
2022-05-10 04:09:32,368 - Utils.utils - INFO - Requisição <<GET>> realizada com sucesso, status code: 200
2022-05-10 04:09:32,370 - thots.thot_parse - INFO - Foi encontrado um total de : 0 videos restantes.
2022-05-10 04:09:32,371 - thots.thots - WARNING - ---------------| nikkecasada - Fim da lista de videos.
2022-05-10 04:09:32,371 - thots.thots - WARNING - ---------------| Iniciando tarefa tatycasadinha, 16 de 17
2022-05-10 04:09:32,667 - thots.thots - WARNING - ---------------| tatycasadinha - Fim da lista de videos.
2022-05-10 04:09:32,667 - thots.thots - WARNING - ---------------| Iniciando tarefa vidasafada, 17 de 17
2022-05-10 04:09:32,667 - thots.thot_parse - INFO - Definindo o padrão de regex...
2022-05-10 04:09:32,977 - Utils.utils - INFO - Requisição <<GET>> realizada com sucesso, status code: 200
2022-05-10 04:09:32,978 - thots.thot_parse - INFO - Segundo padrão de regex definido com sucesso!
2022-05-10 04:09:33,329 - Utils.utils - INFO - Requisição <<GET>> realizada com sucesso, status code: 200
2022-05-10 04:09:33,331 - thots.thot_parse - INFO - Usando método alternativo para encontrar a quantidade de videos.
2022-05-10 04:09:33,540 - Utils.utils - INFO - Requisição <<GET>> realizada com sucesso, status code: 200
2022-05-10 04:09:33,782 - Utils.utils - INFO - Requisição <<GET>> realizada com sucesso, status code: 200
2022-05-10 04:09:34,011 - Utils.utils - INFO - Requisição <<GET>> realizada com sucesso, status code: 200
2022-05-10 04:09:34,189 - Utils.utils - INFO - Requisição <<GET>> realizada com sucesso, status code: 200
2022-05-10 04:09:34,353 - Utils.utils - INFO - Requisição <<GET>> realizada com sucesso, status code: 200
2022-05-10 04:09:34,529 - Utils.utils - INFO - Requisição <<GET>> realizada com sucesso, status code: 200
2022-05-10 04:09:34,691 - Utils.utils - INFO - Requisição <<GET>> realizada com sucesso, status code: 200
2022-05-10 04:09:34,695 - thots.thot_parse - INFO - Foi encontrado um total de : 0 videos restantes.
2022-05-10 04:09:34,695 - thots.thots - WARNING - ---------------| vidasafada - Fim da lista de videos.
2022-05-10 04:09:34,695 - __main__ - INFO - Fazendo backup dos IDs na API backup...
2022-05-10 04:09:34,695 - __main__ - INFO - Salvando ID's da API localmente....
2022-05-10 04:09:35,002 - Utils.utils - INFO - Requisição <<GET>> realizada com sucesso, status code: 200
2022-05-10 04:09:35,600 - Utils.utils - INFO - Requisição <<GET>> realizada com sucesso, status code: 200
2022-05-10 08:09:20,121 - Utils.utils - INFO - Ambiente de produção ativado
2022-05-10 08:09:20,779 - Utils.utils - INFO - Requisição <<GET>> realizada com sucesso, status code: 200
2022-05-10 08:09:20,817 - __main__ - INFO - Checando thotsbay forum...
2022-05-10 08:09:20,817 - Utils.thotshub - INFO - Autorizando...
2022-05-10 08:09:21,330 - Utils.utils - INFO - Requisição <<GET>> realizada com sucesso, status code: 200
2022-05-10 08:09:22,134 - Utils.utils - INFO - Requisição <<POST>> realizada com sucesso, status code: 200
2022-05-10 08:09:22,136 - Utils.thotshub - INFO - Autorizado
2022-05-10 08:09:22,136 - Utils.thotshub - INFO - Logado no thotsbay com sucesso.
2022-05-10 08:09:22,137 - __main__ - INFO - Checando colab...
2022-05-10 08:09:22,137 - Utils.utils - INFO - COLAB enviorement not detected
2022-05-10 08:09:22,138 - __main__ - INFO - Checando config...
2022-05-10 08:09:22,693 - Utils.utils - INFO - Requisição <<GET>> realizada com sucesso, status code: 200
2022-05-10 08:09:23,695 - __main__ - INFO - Checando ids...
2022-05-10 08:09:23,947 - Utils.utils - INFO - Requisição <<GET>> realizada com sucesso, status code: 200
2022-05-10 08:09:23,948 - thots.thots - WARNING - ---------------| Iniciando tarefa afroditehotwife, 1 de 17
2022-05-10 08:09:23,949 - thots.thot_parse - INFO - Definindo o padrão de regex...
2022-05-10 08:09:24,616 - Utils.utils - INFO - Requisição <<GET>> realizada com sucesso, status code: 200
2022-05-10 08:09:24,618 - thots.thot_parse - INFO - Segundo padrão de regex definido com sucesso!
2022-05-10 08:09:24,890 - Utils.utils - INFO - Requisição <<GET>> realizada com sucesso, status code: 200
2022-05-10 08:09:24,893 - thots.thot_parse - INFO - Usando método alternativo para encontrar a quantidade de videos.
2022-05-10 08:09:25,184 - Utils.utils - INFO - Requisição <<GET>> realizada com sucesso, status code: 200
2022-05-10 08:09:25,437 - Utils.utils - INFO - Requisição <<GET>> realizada com sucesso, status code: 200
2022-05-10 08:09:25,694 - Utils.utils - INFO - Requisição <<GET>> realizada com sucesso, status code: 200
2022-05-10 08:09:25,949 - Utils.utils - INFO - Requisição <<GET>> realizada com sucesso, status code: 200
2022-05-10 08:09:26,215 - Utils.utils - INFO - Requisição <<GET>> realizada com sucesso, status code: 200
2022-05-10 08:09:26,457 - Utils.utils - INFO - Requisição <<GET>> realizada com sucesso, status code: 200
2022-05-10 08:09:26,703 - Utils.utils - INFO - Requisição <<GET>> realizada com sucesso, status code: 200
2022-05-10 08:09:26,945 - Utils.utils - INFO - Requisição <<GET>> realizada com sucesso, status code: 200
2022-05-10 08:09:27,195 - Utils.utils - INFO - Requisição <<GET>> realizada com sucesso, status code: 200
2022-05-10 08:09:27,450 - Utils.utils - INFO - Requisição <<GET>> realizada com sucesso, status code: 200
2022-05-10 08:09:27,696 - Utils.utils - INFO - Requisição <<GET>> realizada com sucesso, status code: 200
2022-05-10 08:09:27,980 - Utils.utils - INFO - Requisição <<GET>> realizada com sucesso, status code: 200
2022-05-10 08:09:28,259 - Utils.utils - INFO - Requisição <<GET>> realizada com sucesso, status code: 200
2022-05-10 08:09:28,518 - Utils.utils - INFO - Requisição <<GET>> realizada com sucesso, status code: 200
2022-05-10 08:09:28,531 - thots.thot_parse - INFO - Foi encontrado um total de : 0 videos restantes.
2022-05-10 08:09:28,531 - thots.thots - WARNING - ---------------| afroditehotwife - Fim da lista de videos.
2022-05-10 08:09:28,531 - thots.thots - WARNING - ---------------| Iniciando tarefa agathalira, 2 de 17
2022-05-10 08:09:28,531 - thots.thot_parse - INFO - Definindo o padrão de regex...
2022-05-10 08:09:29,193 - Utils.utils - INFO - Requisição <<GET>> realizada com sucesso, status code: 200
2022-05-10 08:09:29,193 - thots.thot_parse - INFO - Primeiro padrão de regex definido com sucesso!
2022-05-10 08:09:29,482 - Utils.utils - INFO - Requisição <<GET>> realizada com sucesso, status code: 200
2022-05-10 08:09:29,484 - thots.thot_parse - INFO - Usando método alternativo para encontrar a quantidade de videos.
2022-05-10 08:09:29,841 - Utils.utils - INFO - Requisição <<GET>> realizada com sucesso, status code: 200
2022-05-10 08:09:30,164 - Utils.utils - INFO - Requisição <<GET>> realizada com sucesso, status code: 200
2022-05-10 08:09:30,481 - Utils.utils - INFO - Requisição <<GET>> realizada com sucesso, status code: 200
2022-05-10 08:09:30,822 - Utils.utils - INFO - Requisição <<GET>> realizada com sucesso, status code: 200
2022-05-10 08:09:31,102 - Utils.utils - INFO - Requisição <<GET>> realizada com sucesso, status code: 200
2022-05-10 08:09:31,435 - Utils.utils - INFO - Requisição <<GET>> realizada com sucesso, status code: 200
2022-05-10 08:09:31,873 - Utils.utils - INFO - Requisição <<GET>> realizada com sucesso, status code: 200
2022-05-10 08:09:32,209 - Utils.utils - INFO - Requisição <<GET>> realizada com sucesso, status code: 200
2022-05-10 08:09:32,498 - Utils.utils - INFO - Requisição <<GET>> realizada com sucesso, status code: 200
2022-05-10 08:09:32,783 - Utils.utils - INFO - Requisição <<GET>> realizada com sucesso, status code: 200
2022-05-10 08:09:33,066 - Utils.utils - INFO - Requisição <<GET>> realizada com sucesso, status code: 200
2022-05-10 08:09:33,490 - Utils.utils - INFO - Requisição <<GET>> realizada com sucesso, status code: 200
2022-05-10 08:09:33,698 - Utils.utils - INFO - Requisição <<GET>> realizada com sucesso, status code: 200
2022-05-10 08:09:33,708 - thots.thot_parse - INFO - Foi encontrado um total de : 0 videos restantes.
2022-05-10 08:09:33,708 - thots.thots - WARNING - ---------------| agathalira - Fim da lista de videos.
2022-05-10 08:09:33,708 - thots.thots - WARNING - ---------------| Iniciando tarefa barbaracastroo, 3 de 17
2022-05-10 08:09:33,708 - thots.thot_parse - INFO - Definindo o padrão de regex...
2022-05-10 08:09:33,977 - Utils.utils - INFO - Requisição <<GET>> realizada com sucesso, status code: 200
2022-05-10 08:09:33,977 - thots.thot_parse - INFO - Segundo padrão de regex definido com sucesso!
2022-05-10 08:09:34,173 - Utils.utils - INFO - Requisição <<GET>> realizada com sucesso, status code: 200
2022-05-10 08:09:34,174 - thots.thot_parse - INFO - Usando método alternativo para encontrar a quantidade de videos.
2022-05-10 08:09:34,348 - Utils.utils - INFO - Requisição <<GET>> realizada com sucesso, status code: 200
2022-05-10 08:09:34,349 - thots.thot_parse - INFO - Foi encontrado um total de : 0 videos restantes.
2022-05-10 08:09:34,349 - thots.thots - WARNING - ---------------| barbaracastroo - Fim da lista de videos.
2022-05-10 08:09:34,349 - thots.thots - WARNING - ---------------| Iniciando tarefa bellacasada, 4 de 17
2022-05-10 08:09:34,350 - thots.thot_parse - INFO - Definindo o padrão de regex...
2022-05-10 08:09:34,751 - Utils.utils - INFO - Requisição <<GET>> realizada com sucesso, status code: 200
2022-05-10 08:09:34,751 - thots.thot_parse - INFO - Segundo padrão de regex definido com sucesso!
2022-05-10 08:09:34,953 - Utils.utils - INFO - Requisição <<GET>> realizada com sucesso, status code: 200
2022-05-10 08:09:34,955 - thots.thot_parse - INFO - Usando método alternativo para encontrar a quantidade de videos.
2022-05-10 08:09:35,241 - Utils.utils - INFO - Requisição <<GET>> realizada com sucesso, status code: 200
2022-05-10 08:09:35,445 - Utils.utils - INFO - Requisição <<GET>> realizada com sucesso, status code: 200
2022-05-10 08:09:35,633 - Utils.utils - INFO - Requisição <<GET>> realizada com sucesso, status code: 200
2022-05-10 08:09:35,821 - Utils.utils - INFO - Requisição <<GET>> realizada com sucesso, status code: 200
2022-05-10 08:09:36,185 - Utils.utils - INFO - Requisição <<GET>> realizada com sucesso, status code: 200
2022-05-10 08:09:36,353 - Utils.utils - INFO - Requisição <<GET>> realizada com sucesso, status code: 200
2022-05-10 08:09:36,356 - thots.thot_parse - INFO - Foi encontrado um total de : 0 videos restantes.
2022-05-10 08:09:36,356 - thots.thots - WARNING - ---------------| bellacasada - Fim da lista de videos.
2022-05-10 08:09:36,356 - thots.thots - WARNING - ---------------| Iniciando tarefa casalruivaecornooficial, 5 de 17
2022-05-10 08:09:36,356 - thots.thot_parse - INFO - Definindo o padrão de regex...
2022-05-10 08:09:36,536 - Utils.utils - INFO - Requisição <<GET>> realizada com sucesso, status code: 200
2022-05-10 08:09:36,537 - thots.thot_parse - INFO - Segundo padrão de regex definido com sucesso!
2022-05-10 08:09:36,751 - Utils.utils - INFO - Requisição <<GET>> realizada com sucesso, status code: 200
2022-05-10 08:09:36,753 - thots.thot_parse - INFO - Usando método alternativo para encontrar a quantidade de videos.
2022-05-10 08:09:36,910 - Utils.utils - INFO - Requisição <<GET>> realizada com sucesso, status code: 200
2022-05-10 08:09:37,061 - Utils.utils - INFO - Requisição <<GET>> realizada com sucesso, status code: 200
2022-05-10 08:09:37,219 - Utils.utils - INFO - Requisição <<GET>> realizada com sucesso, status code: 200
2022-05-10 08:09:37,380 - Utils.utils - INFO - Requisição <<GET>> realizada com sucesso, status code: 200
2022-05-10 08:09:37,569 - Utils.utils - INFO - Requisição <<GET>> realizada com sucesso, status code: 200
2022-05-10 08:09:37,804 - Utils.utils - INFO - Requisição <<GET>> realizada com sucesso, status code: 200
2022-05-10 08:09:37,806 - thots.thot_parse - INFO - Foi encontrado um total de : 0 videos restantes.
2022-05-10 08:09:37,807 - thots.thots - WARNING - ---------------| casalruivaecornooficial - Fim da lista de videos.
2022-05-10 08:09:37,807 - thots.thots - WARNING - ---------------| Iniciando tarefa casaltopbessa, 6 de 17
2022-05-10 08:09:37,807 - thots.thot_parse - INFO - Definindo o padrão de regex...
2022-05-10 08:09:37,992 - Utils.utils - INFO - Requisição <<GET>> realizada com sucesso, status code: 200
2022-05-10 08:09:37,993 - thots.thot_parse - INFO - Segundo padrão de regex definido com sucesso!
2022-05-10 08:09:38,186 - Utils.utils - INFO - Requisição <<GET>> realizada com sucesso, status code: 200
2022-05-10 08:09:38,188 - thots.thot_parse - INFO - Usando método alternativo para encontrar a quantidade de videos.
2022-05-10 08:09:38,337 - Utils.utils - INFO - Requisição <<GET>> realizada com sucesso, status code: 200
2022-05-10 08:09:38,519 - Utils.utils - INFO - Requisição <<GET>> realizada com sucesso, status code: 200
2022-05-10 08:09:38,520 - thots.thot_parse - INFO - Foi encontrado um total de : 0 videos restantes.
2022-05-10 08:09:38,520 - thots.thots - WARNING - ---------------| casaltopbessa - Fim da lista de videos.
2022-05-10 08:09:38,520 - thots.thots - WARNING - ---------------| Iniciando tarefa elaquer, 7 de 17
2022-05-10 08:09:38,520 - thots.thot_parse - INFO - Definindo o padrão de regex...
2022-05-10 08:09:38,679 - Utils.utils - INFO - Requisição <<GET>> realizada com sucesso, status code: 200
2022-05-10 08:09:38,679 - thots.thot_parse - INFO - Segundo padrão de regex definido com sucesso!
2022-05-10 08:09:38,841 - Utils.utils - INFO - Requisição <<GET>> realizada com sucesso, status code: 200
2022-05-10 08:09:38,843 - thots.thot_parse - INFO - Usando método alternativo para encontrar a quantidade de videos.
2022-05-10 08:09:39,002 - Utils.utils - INFO - Requisição <<GET>> realizada com sucesso, status code: 200
2022-05-10 08:09:39,164 - Utils.utils - INFO - Requisição <<GET>> realizada com sucesso, status code: 200
2022-05-10 08:09:39,419 - Utils.utils - INFO - Requisição <<GET>> realizada com sucesso, status code: 200
2022-05-10 08:09:39,594 - Utils.utils - INFO - Requisição <<GET>> realizada com sucesso, status code: 200
2022-05-10 08:09:39,596 - thots.thot_parse - INFO - Foi encontrado um total de : 0 videos restantes.
2022-05-10 08:09:39,596 - thots.thots - WARNING - ---------------| elaquer - Fim da lista de videos.
2022-05-10 08:09:39,596 - thots.thots - WARNING - ---------------| Iniciando tarefa emilysales, 8 de 17
2022-05-10 08:09:39,597 - thots.thot_parse - INFO - Definindo o padrão de regex...
2022-05-10 08:09:39,818 - Utils.utils - INFO - Requisição <<GET>> realizada com sucesso, status code: 200
2022-05-10 08:09:39,818 - thots.thot_parse - INFO - Segundo padrão de regex definido com sucesso!
2022-05-10 08:09:40,202 - Utils.utils - INFO - Requisição <<GET>> realizada com sucesso, status code: 200
2022-05-10 08:09:40,204 - thots.thot_parse - INFO - Usando método alternativo para encontrar a quantidade de videos.
2022-05-10 08:09:40,372 - Utils.utils - INFO - Requisição <<GET>> realizada com sucesso, status code: 200
2022-05-10 08:09:40,529 - Utils.utils - INFO - Requisição <<GET>> realizada com sucesso, status code: 200
2022-05-10 08:09:40,705 - Utils.utils - INFO - Requisição <<GET>> realizada com sucesso, status code: 200
2022-05-10 08:09:40,857 - Utils.utils - INFO - Requisição <<GET>> realizada com sucesso, status code: 200
2022-05-10 08:09:41,022 - Utils.utils - INFO - Requisição <<GET>> realizada com sucesso, status code: 200
2022-05-10 08:09:41,024 - thots.thot_parse - INFO - Foi encontrado um total de : 0 videos restantes.
2022-05-10 08:09:41,024 - thots.thots - WARNING - ---------------| emilysales - Fim da lista de videos.
2022-05-10 08:09:41,024 - thots.thots - WARNING - ---------------| Iniciando tarefa esposagulosinha, 9 de 17
2022-05-10 08:09:41,024 - thots.thot_parse - INFO - Definindo o padrão de regex...
2022-05-10 08:09:41,435 - Utils.utils - INFO - Requisição <<GET>> realizada com sucesso, status code: 200
2022-05-10 08:09:41,436 - thots.thot_parse - INFO - Segundo padrão de regex definido com sucesso!
2022-05-10 08:09:41,669 - Utils.utils - INFO - Requisição <<GET>> realizada com sucesso, status code: 200
2022-05-10 08:09:41,672 - thots.thot_parse - INFO - Usando método alternativo para encontrar a quantidade de videos.
2022-05-10 08:09:41,861 - Utils.utils - INFO - Requisição <<GET>> realizada com sucesso, status code: 200
2022-05-10 08:09:42,055 - Utils.utils - INFO - Requisição <<GET>> realizada com sucesso, status code: 200
2022-05-10 08:09:42,241 - Utils.utils - INFO - Requisição <<GET>> realizada com sucesso, status code: 200
2022-05-10 08:09:42,427 - Utils.utils - INFO - Requisição <<GET>> realizada com sucesso, status code: 200
2022-05-10 08:09:42,621 - Utils.utils - INFO - Requisição <<GET>> realizada com sucesso, status code: 200
2022-05-10 08:09:42,797 - Utils.utils - INFO - Requisição <<GET>> realizada com sucesso, status code: 200
2022-05-10 08:09:42,970 - Utils.utils - INFO - Requisição <<GET>> realizada com sucesso, status code: 200
2022-05-10 08:09:43,148 - Utils.utils - INFO - Requisição <<GET>> realizada com sucesso, status code: 200
2022-05-10 08:09:43,152 - thots.thot_parse - INFO - Foi encontrado um total de : 0 videos restantes.
2022-05-10 08:09:43,152 - thots.thots - WARNING - ---------------| esposagulosinha - Fim da lista de videos.
2022-05-10 08:09:43,152 - thots.thots - WARNING - ---------------| Iniciando tarefa fabioeanaes, 10 de 17
2022-05-10 08:09:43,153 - thots.thot_parse - INFO - Definindo o padrão de regex...
2022-05-10 08:09:43,653 - Utils.utils - INFO - Requisição <<GET>> realizada com sucesso, status code: 200
2022-05-10 08:09:43,654 - thots.thot_parse - INFO - Segundo padrão de regex definido com sucesso!
2022-05-10 08:09:43,831 - Utils.utils - INFO - Requisição <<GET>> realizada com sucesso, status code: 200
2022-05-10 08:09:43,833 - thots.thot_parse - INFO - Usando método alternativo para encontrar a quantidade de videos.
2022-05-10 08:09:44,073 - Utils.utils - INFO - Requisição <<GET>> realizada com sucesso, status code: 200
2022-05-10 08:09:44,239 - Utils.utils - INFO - Requisição <<GET>> realizada com sucesso, status code: 200
2022-05-10 08:09:44,416 - Utils.utils - INFO - Requisição <<GET>> realizada com sucesso, status code: 200
2022-05-10 08:09:44,581 - Utils.utils - INFO - Requisição <<GET>> realizada com sucesso, status code: 200
2022-05-10 08:09:44,766 - Utils.utils - INFO - Requisição <<GET>> realizada com sucesso, status code: 200
2022-05-10 08:09:44,768 - thots.thot_parse - INFO - Foi encontrado um total de : 0 videos restantes.
2022-05-10 08:09:44,768 - thots.thots - WARNING - ---------------| fabioeanaes - Fim da lista de videos.
2022-05-10 08:09:44,768 - thots.thots - WARNING - ---------------| Iniciando tarefa helenafilmes, 11 de 17
2022-05-10 08:09:44,769 - thots.thot_parse - INFO - Definindo o padrão de regex...
2022-05-10 08:09:45,202 - Utils.utils - INFO - Requisição <<GET>> realizada com sucesso, status code: 200
2022-05-10 08:09:45,203 - thots.thot_parse - INFO - Segundo padrão de regex definido com sucesso!
2022-05-10 08:09:45,429 - Utils.utils - INFO - Requisição <<GET>> realizada com sucesso, status code: 200
2022-05-10 08:09:45,431 - thots.thot_parse - INFO - Usando método alternativo para encontrar a quantidade de videos.
2022-05-10 08:09:45,619 - Utils.utils - INFO - Requisição <<GET>> realizada com sucesso, status code: 200
2022-05-10 08:09:45,864 - Utils.utils - INFO - Requisição <<GET>> realizada com sucesso, status code: 200
2022-05-10 08:09:45,865 - thots.thot_parse - INFO - Foi encontrado um total de : 0 videos restantes.
2022-05-10 08:09:45,865 - thots.thots - WARNING - ---------------| helenafilmes - Fim da lista de videos.
2022-05-10 08:09:45,865 - thots.thots - WARNING - ---------------| Iniciando tarefa lualencar11, 12 de 17
2022-05-10 08:09:45,865 - thots.thot_parse - INFO - Definindo o padrão de regex...
2022-05-10 08:09:46,019 - Utils.utils - INFO - Requisição <<GET>> realizada com sucesso, status code: 200
2022-05-10 08:09:46,019 - thots.thot_parse - INFO - Segundo padrão de regex definido com sucesso!
2022-05-10 08:09:46,210 - Utils.utils - INFO - Requisição <<GET>> realizada com sucesso, status code: 200
2022-05-10 08:09:46,212 - thots.thot_parse - INFO - Usando método alternativo para encontrar a quantidade de videos.
2022-05-10 08:09:46,370 - Utils.utils - INFO - Requisição <<GET>> realizada com sucesso, status code: 200
2022-05-10 08:09:46,370 - thots.thot_parse - INFO - Foi encontrado um total de : 0 videos restantes.
2022-05-10 08:09:46,371 - thots.thots - WARNING - ---------------| lualencar11 - Fim da lista de videos.
2022-05-10 08:09:46,371 - thots.thots - WARNING - ---------------| Iniciando tarefa melissadias, 13 de 17
2022-05-10 08:09:46,371 - thots.thot_parse - INFO - Definindo o padrão de regex...
2022-05-10 08:09:46,525 - Utils.utils - INFO - Requisição <<GET>> realizada com sucesso, status code: 200
2022-05-10 08:09:46,526 - thots.thot_parse - INFO - Segundo padrão de regex definido com sucesso!
2022-05-10 08:09:46,677 - Utils.utils - INFO - Requisição <<GET>> realizada com sucesso, status code: 200
2022-05-10 08:09:46,678 - thots.thot_parse - INFO - Usando método alternativo para encontrar a quantidade de videos.
2022-05-10 08:09:46,827 - Utils.utils - INFO - Requisição <<GET>> realizada com sucesso, status code: 200
2022-05-10 08:09:46,980 - Utils.utils - INFO - Requisição <<GET>> realizada com sucesso, status code: 200
2022-05-10 08:09:47,133 - Utils.utils - INFO - Requisição <<GET>> realizada com sucesso, status code: 200
2022-05-10 08:09:47,327 - Utils.utils - INFO - Requisição <<GET>> realizada com sucesso, status code: 200
2022-05-10 08:09:47,616 - Utils.utils - INFO - Requisição <<GET>> realizada com sucesso, status code: 200
2022-05-10 08:09:47,784 - Utils.utils - INFO - Requisição <<GET>> realizada com sucesso, status code: 200
2022-05-10 08:09:48,036 - Utils.utils - INFO - Requisição <<GET>> realizada com sucesso, status code: 200
2022-05-10 08:09:48,040 - thots.thot_parse - INFO - Foi encontrado um total de : 0 videos restantes.
2022-05-10 08:09:48,040 - thots.thots - WARNING - ---------------| melissadias - Fim da lista de videos.
2022-05-10 08:09:48,041 - thots.thots - WARNING - ---------------| Iniciando tarefa nicoleballs_trans, 14 de 17
2022-05-10 08:09:48,041 - thots.thot_parse - INFO - Definindo o padrão de regex...
2022-05-10 08:09:48,288 - Utils.utils - INFO - Requisição <<GET>> realizada com sucesso, status code: 200
2022-05-10 08:09:48,289 - thots.thot_parse - INFO - Segundo padrão de regex definido com sucesso!
2022-05-10 08:09:48,468 - Utils.utils - INFO - Requisição <<GET>> realizada com sucesso, status code: 200
2022-05-10 08:09:48,469 - thots.thot_parse - INFO - Usando método alternativo para encontrar a quantidade de videos.
2022-05-10 08:09:48,624 - Utils.utils - INFO - Requisição <<GET>> realizada com sucesso, status code: 200
2022-05-10 08:09:48,827 - Utils.utils - INFO - Requisição <<GET>> realizada com sucesso, status code: 200
2022-05-10 08:09:48,829 - thots.thot_parse - INFO - Foi encontrado um total de : 0 videos restantes.
2022-05-10 08:09:48,829 - thots.thots - WARNING - ---------------| nicoleballs_trans - Fim da lista de videos.
2022-05-10 08:09:48,830 - thots.thots - WARNING - ---------------| Iniciando tarefa nikkecasada, 15 de 17
2022-05-10 08:09:48,830 - thots.thot_parse - INFO - Definindo o padrão de regex...
2022-05-10 08:09:49,228 - Utils.utils - INFO - Requisição <<GET>> realizada com sucesso, status code: 200
2022-05-10 08:09:49,228 - thots.thot_parse - INFO - Segundo padrão de regex definido com sucesso!
2022-05-10 08:09:49,403 - Utils.utils - INFO - Requisição <<GET>> realizada com sucesso, status code: 200
2022-05-10 08:09:49,405 - thots.thot_parse - INFO - Usando método alternativo para encontrar a quantidade de videos.
2022-05-10 08:09:49,590 - Utils.utils - INFO - Requisição <<GET>> realizada com sucesso, status code: 200
2022-05-10 08:09:49,766 - Utils.utils - INFO - Requisição <<GET>> realizada com sucesso, status code: 200
2022-05-10 08:09:49,940 - Utils.utils - INFO - Requisição <<GET>> realizada com sucesso, status code: 200
2022-05-10 08:09:50,134 - Utils.utils - INFO - Requisição <<GET>> realizada com sucesso, status code: 200
2022-05-10 08:09:50,343 - Utils.utils - INFO - Requisição <<GET>> realizada com sucesso, status code: 200
2022-05-10 08:09:50,344 - thots.thot_parse - INFO - Foi encontrado um total de : 0 videos restantes.
2022-05-10 08:09:50,344 - thots.thots - WARNING - ---------------| nikkecasada - Fim da lista de videos.
2022-05-10 08:09:50,345 - thots.thots - WARNING - ---------------| Iniciando tarefa tatycasadinha, 16 de 17
2022-05-10 08:09:50,691 - thots.thots - WARNING - ---------------| tatycasadinha - Fim da lista de videos.
2022-05-10 08:09:50,691 - thots.thots - WARNING - ---------------| Iniciando tarefa vidasafada, 17 de 17
2022-05-10 08:09:50,691 - thots.thot_parse - INFO - Definindo o padrão de regex...
2022-05-10 08:09:51,296 - Utils.utils - INFO - Requisição <<GET>> realizada com sucesso, status code: 200
2022-05-10 08:09:51,297 - thots.thot_parse - INFO - Segundo padrão de regex definido com sucesso!
2022-05-10 08:09:51,523 - Utils.utils - INFO - Requisição <<GET>> realizada com sucesso, status code: 200
2022-05-10 08:09:51,525 - thots.thot_parse - INFO - Usando método alternativo para encontrar a quantidade de videos.
2022-05-10 08:09:51,735 - Utils.utils - INFO - Requisição <<GET>> realizada com sucesso, status code: 200
2022-05-10 08:09:51,924 - Utils.utils - INFO - Requisição <<GET>> realizada com sucesso, status code: 200
2022-05-10 08:09:52,119 - Utils.utils - INFO - Requisição <<GET>> realizada com sucesso, status code: 200
2022-05-10 08:09:52,306 - Utils.utils - INFO - Requisição <<GET>> realizada com sucesso, status code: 200
2022-05-10 08:09:52,509 - Utils.utils - INFO - Requisição <<GET>> realizada com sucesso, status code: 200
2022-05-10 08:09:52,740 - Utils.utils - INFO - Requisição <<GET>> realizada com sucesso, status code: 200
2022-05-10 08:09:52,975 - Utils.utils - INFO - Requisição <<GET>> realizada com sucesso, status code: 200
2022-05-10 08:09:52,978 - thots.thot_parse - INFO - Foi encontrado um total de : 0 videos restantes.
2022-05-10 08:09:52,978 - thots.thots - WARNING - ---------------| vidasafada - Fim da lista de videos.
2022-05-10 08:09:52,978 - __main__ - INFO - Fazendo backup dos IDs na API backup...
2022-05-10 08:09:52,978 - __main__ - INFO - Salvando ID's da API localmente....
2022-05-10 08:09:53,274 - Utils.utils - INFO - Requisição <<GET>> realizada com sucesso, status code: 200
2022-05-10 08:09:53,872 - Utils.utils - INFO - Requisição <<GET>> realizada com sucesso, status code: 200
