2022-04-12 00:32:08,392 - Utils.utils - INFO - Ambiente de produção ativado
2022-04-12 00:32:08,602 - Utils.utils - INFO - Requisição GET realizada com sucesso, status code: 200
2022-04-12 00:32:08,628 - __main__ - INFO - Checando thotsbay forum...
2022-04-12 00:32:08,628 - Utils.thotshub - INFO - Autorizando...
2022-04-12 00:32:08,836 - Utils.utils - INFO - Requisição GET realizada com sucesso, status code: 200
2022-04-12 00:32:09,061 - Utils.utils - INFO - Requisição POST realizada com sucesso, status code: 200
2022-04-12 00:32:09,061 - Utils.thotshub - CRITICAL - Erro ao tentar logar no thotsbay.
2022-04-12 00:32:09,062 - __main__ - INFO - Checando colab...
2022-04-12 00:32:09,062 - Utils.utils - INFO - COLAB enviorement not detected
2022-04-12 00:32:09,062 - __main__ - INFO - Checando config...
2022-04-12 00:32:09,393 - Utils.utils - INFO - Requisição GET realizada com sucesso, status code: 200
2022-04-12 00:32:10,394 - __main__ - INFO - Checando ids...
2022-04-12 00:32:10,685 - Utils.utils - INFO - Requisição GET realizada com sucesso, status code: 200
2022-04-12 00:32:10,686 - thots.thots - WARNING - ---------------| Iniciando tarefa afroditehotwife, 1 de 17
2022-04-12 00:32:10,686 - thots.thot_parse - INFO - Definindo o padrão de regex...
2022-04-12 00:32:10,901 - Utils.utils - INFO - Requisição GET realizada com sucesso, status code: 200
2022-04-12 00:32:10,902 - thots.thot_parse - INFO - Segundo padrão de regex definido com sucesso!
2022-04-12 00:32:11,067 - Utils.utils - INFO - Requisição GET realizada com sucesso, status code: 200
2022-04-12 00:32:11,070 - thots.thot_parse - INFO - Usando método alternativo para encontrar a quantidade de videos.
2022-04-12 00:32:11,237 - Utils.utils - INFO - Requisição GET realizada com sucesso, status code: 200
2022-04-12 00:32:11,406 - Utils.utils - INFO - Requisição GET realizada com sucesso, status code: 200
2022-04-12 00:32:11,578 - Utils.utils - INFO - Requisição GET realizada com sucesso, status code: 200
2022-04-12 00:32:11,769 - Utils.utils - INFO - Requisição GET realizada com sucesso, status code: 200
2022-04-12 00:32:11,946 - Utils.utils - INFO - Requisição GET realizada com sucesso, status code: 200
2022-04-12 00:32:12,118 - Utils.utils - INFO - Requisição GET realizada com sucesso, status code: 200
2022-04-12 00:32:12,302 - Utils.utils - INFO - Requisição GET realizada com sucesso, status code: 200
2022-04-12 00:32:12,477 - Utils.utils - INFO - Requisição GET realizada com sucesso, status code: 200
2022-04-12 00:32:12,669 - Utils.utils - INFO - Requisição GET realizada com sucesso, status code: 200
2022-04-12 00:32:12,883 - Utils.utils - INFO - Requisição GET realizada com sucesso, status code: 200
2022-04-12 00:32:13,111 - Utils.utils - INFO - Requisição GET realizada com sucesso, status code: 200
2022-04-12 00:32:13,369 - Utils.utils - INFO - Requisição GET realizada com sucesso, status code: 200
2022-04-12 00:32:13,590 - Utils.utils - INFO - Requisição GET realizada com sucesso, status code: 200
2022-04-12 00:32:13,604 - thots.thot_parse - INFO - Foi encontrado um total de : 0 videos restantes.
2022-04-12 00:32:13,604 - thots.thots - WARNING - ---------------| afroditehotwife - Fim da lista de videos.
2022-04-12 00:32:13,604 - thots.thots - WARNING - ---------------| Iniciando tarefa agathalira, 2 de 17
2022-04-12 00:32:13,604 - thots.thot_parse - INFO - Definindo o padrão de regex...
2022-04-12 00:32:14,447 - Utils.utils - INFO - Requisição GET realizada com sucesso, status code: 200
2022-04-12 00:32:14,449 - thots.thot_parse - INFO - Primeiro padrão de regex definido com sucesso!
2022-04-12 00:32:15,083 - Utils.utils - INFO - Requisição GET realizada com sucesso, status code: 200
2022-04-12 00:32:15,084 - thots.thot_parse - INFO - Usando método alternativo para encontrar a quantidade de videos.
2022-04-12 00:32:15,528 - Utils.utils - INFO - Requisição GET realizada com sucesso, status code: 200
2022-04-12 00:32:15,895 - Utils.utils - INFO - Requisição GET realizada com sucesso, status code: 200
2022-04-12 00:32:16,487 - Utils.utils - INFO - Requisição GET realizada com sucesso, status code: 200
2022-04-12 00:32:16,937 - Utils.utils - INFO - Requisição GET realizada com sucesso, status code: 200
2022-04-12 00:32:17,519 - Utils.utils - INFO - Requisição GET realizada com sucesso, status code: 200
2022-04-12 00:32:18,444 - Utils.utils - INFO - Requisição GET realizada com sucesso, status code: 200
2022-04-12 00:32:19,097 - Utils.utils - INFO - Requisição GET realizada com sucesso, status code: 200
2022-04-12 00:32:19,755 - Utils.utils - INFO - Requisição GET realizada com sucesso, status code: 200
2022-04-12 00:32:20,271 - Utils.utils - INFO - Requisição GET realizada com sucesso, status code: 200
2022-04-12 00:32:20,687 - Utils.utils - INFO - Requisição GET realizada com sucesso, status code: 200
2022-04-12 00:32:21,068 - Utils.utils - INFO - Requisição GET realizada com sucesso, status code: 200
2022-04-12 00:32:21,365 - Utils.utils - INFO - Requisição GET realizada com sucesso, status code: 200
2022-04-12 00:32:21,490 - Utils.utils - INFO - Requisição GET realizada com sucesso, status code: 200
2022-04-12 00:32:21,502 - thots.thot_parse - INFO - Foi encontrado um total de : 0 videos restantes.
2022-04-12 00:32:21,502 - thots.thots - WARNING - ---------------| agathalira - Fim da lista de videos.
2022-04-12 00:32:21,503 - thots.thots - WARNING - ---------------| Iniciando tarefa barbaracastroo, 3 de 17
2022-04-12 00:32:21,503 - thots.thot_parse - INFO - Definindo o padrão de regex...
2022-04-12 00:32:21,706 - Utils.utils - INFO - Requisição GET realizada com sucesso, status code: 200
2022-04-12 00:32:21,707 - thots.thot_parse - INFO - Segundo padrão de regex definido com sucesso!
2022-04-12 00:32:21,809 - Utils.utils - INFO - Requisição GET realizada com sucesso, status code: 200
2022-04-12 00:32:21,811 - thots.thot_parse - INFO - Usando método alternativo para encontrar a quantidade de videos.
2022-04-12 00:32:21,921 - Utils.utils - INFO - Requisição GET realizada com sucesso, status code: 200
2022-04-12 00:32:21,921 - thots.thot_parse - INFO - Foi encontrado um total de : 0 videos restantes.
2022-04-12 00:32:21,922 - thots.thots - WARNING - ---------------| barbaracastroo - Fim da lista de videos.
2022-04-12 00:32:21,922 - thots.thots - WARNING - ---------------| Iniciando tarefa bellacasada, 4 de 17
2022-04-12 00:32:21,922 - thots.thot_parse - INFO - Definindo o padrão de regex...
2022-04-12 00:32:22,127 - Utils.utils - INFO - Requisição GET realizada com sucesso, status code: 200
2022-04-12 00:32:22,128 - thots.thot_parse - INFO - Segundo padrão de regex definido com sucesso!
2022-04-12 00:32:22,275 - Utils.utils - INFO - Requisição GET realizada com sucesso, status code: 200
2022-04-12 00:32:22,277 - thots.thot_parse - INFO - Usando método alternativo para encontrar a quantidade de videos.
2022-04-12 00:32:22,381 - Utils.utils - INFO - Requisição GET realizada com sucesso, status code: 200
2022-04-12 00:32:22,482 - Utils.utils - INFO - Requisição GET realizada com sucesso, status code: 200
2022-04-12 00:32:22,610 - Utils.utils - INFO - Requisição GET realizada com sucesso, status code: 200
2022-04-12 00:32:22,792 - Utils.utils - INFO - Requisição GET realizada com sucesso, status code: 200
2022-04-12 00:32:22,908 - Utils.utils - INFO - Requisição GET realizada com sucesso, status code: 200
2022-04-12 00:32:23,038 - Utils.utils - INFO - Requisição GET realizada com sucesso, status code: 200
2022-04-12 00:32:23,041 - thots.thot_parse - INFO - Foi encontrado um total de : 0 videos restantes.
2022-04-12 00:32:23,041 - thots.thots - WARNING - ---------------| bellacasada - Fim da lista de videos.
2022-04-12 00:32:23,042 - thots.thots - WARNING - ---------------| Iniciando tarefa casalruivaecornooficial, 5 de 17
2022-04-12 00:32:23,042 - thots.thot_parse - INFO - Definindo o padrão de regex...
2022-04-12 00:32:23,163 - Utils.utils - INFO - Requisição GET realizada com sucesso, status code: 200
2022-04-12 00:32:23,163 - thots.thot_parse - INFO - Segundo padrão de regex definido com sucesso!
2022-04-12 00:32:23,290 - Utils.utils - INFO - Requisição GET realizada com sucesso, status code: 200
2022-04-12 00:32:23,292 - thots.thot_parse - INFO - Usando método alternativo para encontrar a quantidade de videos.
2022-04-12 00:32:23,441 - Utils.utils - INFO - Requisição GET realizada com sucesso, status code: 200
2022-04-12 00:32:23,546 - Utils.utils - INFO - Requisição GET realizada com sucesso, status code: 200
2022-04-12 00:32:23,647 - Utils.utils - INFO - Requisição GET realizada com sucesso, status code: 200
2022-04-12 00:32:23,852 - Utils.utils - INFO - Requisição GET realizada com sucesso, status code: 200
2022-04-12 00:32:23,998 - Utils.utils - INFO - Requisição GET realizada com sucesso, status code: 200
2022-04-12 00:32:24,110 - Utils.utils - INFO - Requisição GET realizada com sucesso, status code: 200
2022-04-12 00:32:24,113 - thots.thot_parse - INFO - Foi encontrado um total de : 0 videos restantes.
2022-04-12 00:32:24,113 - thots.thots - WARNING - ---------------| casalruivaecornooficial - Fim da lista de videos.
2022-04-12 00:32:24,113 - thots.thots - WARNING - ---------------| Iniciando tarefa casaltopbessa, 6 de 17
2022-04-12 00:32:24,114 - thots.thot_parse - INFO - Definindo o padrão de regex...
2022-04-12 00:32:24,225 - Utils.utils - INFO - Requisição GET realizada com sucesso, status code: 200
2022-04-12 00:32:24,226 - thots.thot_parse - INFO - Segundo padrão de regex definido com sucesso!
2022-04-12 00:32:24,388 - Utils.utils - INFO - Requisição GET realizada com sucesso, status code: 200
2022-04-12 00:32:24,390 - thots.thot_parse - INFO - Usando método alternativo para encontrar a quantidade de videos.
2022-04-12 00:32:24,554 - Utils.utils - INFO - Requisição GET realizada com sucesso, status code: 200
2022-04-12 00:32:24,711 - Utils.utils - INFO - Requisição GET realizada com sucesso, status code: 200
2022-04-12 00:32:24,712 - thots.thot_parse - INFO - Foi encontrado um total de : 0 videos restantes.
2022-04-12 00:32:24,712 - thots.thots - WARNING - ---------------| casaltopbessa - Fim da lista de videos.
2022-04-12 00:32:24,712 - thots.thots - WARNING - ---------------| Iniciando tarefa elaquer, 7 de 17
2022-04-12 00:32:24,713 - thots.thot_parse - INFO - Definindo o padrão de regex...
2022-04-12 00:32:24,853 - Utils.utils - INFO - Requisição GET realizada com sucesso, status code: 200
2022-04-12 00:32:24,854 - thots.thot_parse - INFO - Segundo padrão de regex definido com sucesso!
2022-04-12 00:32:24,959 - Utils.utils - INFO - Requisição GET realizada com sucesso, status code: 200
2022-04-12 00:32:24,961 - thots.thot_parse - INFO - Usando método alternativo para encontrar a quantidade de videos.
2022-04-12 00:32:25,115 - Utils.utils - INFO - Requisição GET realizada com sucesso, status code: 200
2022-04-12 00:32:25,230 - Utils.utils - INFO - Requisição GET realizada com sucesso, status code: 200
2022-04-12 00:32:25,355 - Utils.utils - INFO - Requisição GET realizada com sucesso, status code: 200
2022-04-12 00:32:25,488 - Utils.utils - INFO - Requisição GET realizada com sucesso, status code: 200
2022-04-12 00:32:25,490 - thots.thot_parse - INFO - Foi encontrado um total de : 0 videos restantes.
2022-04-12 00:32:25,490 - thots.thots - WARNING - ---------------| elaquer - Fim da lista de videos.
2022-04-12 00:32:25,490 - thots.thots - WARNING - ---------------| Iniciando tarefa emilysales, 8 de 17
2022-04-12 00:32:25,490 - thots.thot_parse - INFO - Definindo o padrão de regex...
2022-04-12 00:32:25,649 - Utils.utils - INFO - Requisição GET realizada com sucesso, status code: 200
2022-04-12 00:32:25,650 - thots.thot_parse - INFO - Segundo padrão de regex definido com sucesso!
2022-04-12 00:32:25,856 - Utils.utils - INFO - Requisição GET realizada com sucesso, status code: 200
2022-04-12 00:32:25,858 - thots.thot_parse - INFO - Usando método alternativo para encontrar a quantidade de videos.
2022-04-12 00:32:26,056 - Utils.utils - INFO - Requisição GET realizada com sucesso, status code: 200
2022-04-12 00:32:26,296 - Utils.utils - INFO - Requisição GET realizada com sucesso, status code: 200
2022-04-12 00:32:26,559 - Utils.utils - INFO - Requisição GET realizada com sucesso, status code: 200
2022-04-12 00:32:26,757 - Utils.utils - INFO - Requisição GET realizada com sucesso, status code: 200
2022-04-12 00:32:26,895 - Utils.utils - INFO - Requisição GET realizada com sucesso, status code: 200
2022-04-12 00:32:26,898 - thots.thot_parse - INFO - Foi encontrado um total de : 0 videos restantes.
2022-04-12 00:32:26,898 - thots.thots - WARNING - ---------------| emilysales - Fim da lista de videos.
2022-04-12 00:32:26,898 - thots.thots - WARNING - ---------------| Iniciando tarefa esposagulosinha, 9 de 17
2022-04-12 00:32:26,898 - thots.thot_parse - INFO - Definindo o padrão de regex...
2022-04-12 00:32:27,074 - Utils.utils - INFO - Requisição GET realizada com sucesso, status code: 200
2022-04-12 00:32:27,074 - thots.thot_parse - INFO - Segundo padrão de regex definido com sucesso!
2022-04-12 00:32:27,182 - Utils.utils - INFO - Requisição GET realizada com sucesso, status code: 200
2022-04-12 00:32:27,184 - thots.thot_parse - INFO - Usando método alternativo para encontrar a quantidade de videos.
2022-04-12 00:32:27,295 - Utils.utils - INFO - Requisição GET realizada com sucesso, status code: 200
2022-04-12 00:32:27,410 - Utils.utils - INFO - Requisição GET realizada com sucesso, status code: 200
2022-04-12 00:32:27,523 - Utils.utils - INFO - Requisição GET realizada com sucesso, status code: 200
2022-04-12 00:32:27,624 - Utils.utils - INFO - Requisição GET realizada com sucesso, status code: 200
2022-04-12 00:32:27,784 - Utils.utils - INFO - Requisição GET realizada com sucesso, status code: 200
2022-04-12 00:32:27,907 - Utils.utils - INFO - Requisição GET realizada com sucesso, status code: 200
2022-04-12 00:32:28,012 - Utils.utils - INFO - Requisição GET realizada com sucesso, status code: 200
2022-04-12 00:32:28,159 - Utils.utils - INFO - Requisição GET realizada com sucesso, status code: 200
2022-04-12 00:32:28,164 - thots.thot_parse - INFO - Foi encontrado um total de : 0 videos restantes.
2022-04-12 00:32:28,164 - thots.thots - WARNING - ---------------| esposagulosinha - Fim da lista de videos.
2022-04-12 00:32:28,164 - thots.thots - WARNING - ---------------| Iniciando tarefa fabioeanaes, 10 de 17
2022-04-12 00:32:28,164 - thots.thot_parse - INFO - Definindo o padrão de regex...
2022-04-12 00:32:28,417 - Utils.utils - INFO - Requisição GET realizada com sucesso, status code: 200
2022-04-12 00:32:28,418 - thots.thot_parse - INFO - Segundo padrão de regex definido com sucesso!
2022-04-12 00:32:28,570 - Utils.utils - INFO - Requisição GET realizada com sucesso, status code: 200
2022-04-12 00:32:28,572 - thots.thot_parse - INFO - Usando método alternativo para encontrar a quantidade de videos.
2022-04-12 00:32:28,677 - Utils.utils - INFO - Requisição GET realizada com sucesso, status code: 200
2022-04-12 00:32:28,777 - Utils.utils - INFO - Requisição GET realizada com sucesso, status code: 200
2022-04-12 00:32:28,880 - Utils.utils - INFO - Requisição GET realizada com sucesso, status code: 200
2022-04-12 00:32:28,996 - Utils.utils - INFO - Requisição GET realizada com sucesso, status code: 200
2022-04-12 00:32:29,099 - Utils.utils - INFO - Requisição GET realizada com sucesso, status code: 200
2022-04-12 00:32:29,101 - thots.thot_parse - INFO - Foi encontrado um total de : 0 videos restantes.
2022-04-12 00:32:29,101 - thots.thots - WARNING - ---------------| fabioeanaes - Fim da lista de videos.
2022-04-12 00:32:29,101 - thots.thots - WARNING - ---------------| Iniciando tarefa helenafilmes, 11 de 17
2022-04-12 00:32:29,101 - thots.thot_parse - INFO - Definindo o padrão de regex...
2022-04-12 00:32:29,272 - Utils.utils - INFO - Requisição GET realizada com sucesso, status code: 200
2022-04-12 00:32:29,273 - thots.thot_parse - INFO - Segundo padrão de regex definido com sucesso!
2022-04-12 00:32:29,371 - Utils.utils - INFO - Requisição GET realizada com sucesso, status code: 200
2022-04-12 00:32:29,374 - thots.thot_parse - INFO - Usando método alternativo para encontrar a quantidade de videos.
2022-04-12 00:32:29,481 - Utils.utils - INFO - Requisição GET realizada com sucesso, status code: 200
2022-04-12 00:32:29,587 - Utils.utils - INFO - Requisição GET realizada com sucesso, status code: 200
2022-04-12 00:32:29,588 - thots.thot_parse - INFO - Foi encontrado um total de : 0 videos restantes.
2022-04-12 00:32:29,588 - thots.thots - WARNING - ---------------| helenafilmes - Fim da lista de videos.
2022-04-12 00:32:29,589 - thots.thots - WARNING - ---------------| Iniciando tarefa lualencar11, 12 de 17
2022-04-12 00:32:29,589 - thots.thot_parse - INFO - Definindo o padrão de regex...
2022-04-12 00:32:29,694 - Utils.utils - INFO - Requisição GET realizada com sucesso, status code: 200
2022-04-12 00:32:29,695 - thots.thot_parse - INFO - Segundo padrão de regex definido com sucesso!
2022-04-12 00:32:29,795 - Utils.utils - INFO - Requisição GET realizada com sucesso, status code: 200
2022-04-12 00:32:29,796 - thots.thot_parse - INFO - Usando método alternativo para encontrar a quantidade de videos.
2022-04-12 00:32:29,915 - Utils.utils - INFO - Requisição GET realizada com sucesso, status code: 200
2022-04-12 00:32:29,916 - thots.thot_parse - INFO - Foi encontrado um total de : 0 videos restantes.
2022-04-12 00:32:29,916 - thots.thots - WARNING - ---------------| lualencar11 - Fim da lista de videos.
2022-04-12 00:32:29,916 - thots.thots - WARNING - ---------------| Iniciando tarefa melissadias, 13 de 17
2022-04-12 00:32:29,916 - thots.thot_parse - INFO - Definindo o padrão de regex...
2022-04-12 00:32:30,053 - Utils.utils - INFO - Requisição GET realizada com sucesso, status code: 200
2022-04-12 00:32:30,053 - thots.thot_parse - INFO - Segundo padrão de regex definido com sucesso!
2022-04-12 00:32:30,151 - Utils.utils - INFO - Requisição GET realizada com sucesso, status code: 200
2022-04-12 00:32:30,153 - thots.thot_parse - INFO - Usando método alternativo para encontrar a quantidade de videos.
2022-04-12 00:32:30,279 - Utils.utils - INFO - Requisição GET realizada com sucesso, status code: 200
2022-04-12 00:32:30,450 - Utils.utils - INFO - Requisição GET realizada com sucesso, status code: 200
2022-04-12 00:32:30,620 - Utils.utils - INFO - Requisição GET realizada com sucesso, status code: 200
2022-04-12 00:32:30,785 - Utils.utils - INFO - Requisição GET realizada com sucesso, status code: 200
2022-04-12 00:32:30,885 - Utils.utils - INFO - Requisição GET realizada com sucesso, status code: 200
2022-04-12 00:32:31,039 - Utils.utils - INFO - Requisição GET realizada com sucesso, status code: 200
2022-04-12 00:32:31,199 - Utils.utils - INFO - Requisição GET realizada com sucesso, status code: 200
2022-04-12 00:32:31,202 - thots.thot_parse - INFO - Foi encontrado um total de : -1 videos restantes.
2022-04-12 00:32:31,203 - thots.thots - WARNING - ---------------| melissadias - Fim da lista de videos.
2022-04-12 00:32:31,203 - thots.thots - WARNING - ---------------| Iniciando tarefa nicoleballs_trans, 14 de 17
2022-04-12 00:32:31,203 - thots.thot_parse - INFO - Definindo o padrão de regex...
2022-04-12 00:32:31,366 - Utils.utils - INFO - Requisição GET realizada com sucesso, status code: 200
2022-04-12 00:32:31,368 - thots.thot_parse - INFO - Segundo padrão de regex definido com sucesso!
2022-04-12 00:32:31,548 - Utils.utils - INFO - Requisição GET realizada com sucesso, status code: 200
2022-04-12 00:32:31,550 - thots.thot_parse - INFO - Usando método alternativo para encontrar a quantidade de videos.
2022-04-12 00:32:31,682 - Utils.utils - INFO - Requisição GET realizada com sucesso, status code: 200
2022-04-12 00:32:31,794 - Utils.utils - INFO - Requisição GET realizada com sucesso, status code: 200
2022-04-12 00:32:31,795 - thots.thot_parse - INFO - Foi encontrado um total de : 0 videos restantes.
2022-04-12 00:32:31,795 - thots.thots - WARNING - ---------------| nicoleballs_trans - Fim da lista de videos.
2022-04-12 00:32:31,795 - thots.thots - WARNING - ---------------| Iniciando tarefa nikkecasada, 15 de 17
2022-04-12 00:32:31,795 - thots.thot_parse - INFO - Definindo o padrão de regex...
2022-04-12 00:32:32,014 - Utils.utils - INFO - Requisição GET realizada com sucesso, status code: 200
2022-04-12 00:32:32,014 - thots.thot_parse - INFO - Segundo padrão de regex definido com sucesso!
2022-04-12 00:32:32,130 - Utils.utils - INFO - Requisição GET realizada com sucesso, status code: 200
2022-04-12 00:32:32,132 - thots.thot_parse - INFO - Usando método alternativo para encontrar a quantidade de videos.
2022-04-12 00:32:32,232 - Utils.utils - INFO - Requisição GET realizada com sucesso, status code: 200
2022-04-12 00:32:32,357 - Utils.utils - INFO - Requisição GET realizada com sucesso, status code: 200
2022-04-12 00:32:32,463 - Utils.utils - INFO - Requisição GET realizada com sucesso, status code: 200
2022-04-12 00:32:32,583 - Utils.utils - INFO - Requisição GET realizada com sucesso, status code: 200
2022-04-12 00:32:32,585 - thots.thot_parse - INFO - Foi encontrado um total de : 0 videos restantes.
2022-04-12 00:32:32,585 - thots.thots - WARNING - ---------------| nikkecasada - Fim da lista de videos.
2022-04-12 00:32:32,586 - thots.thots - WARNING - ---------------| Iniciando tarefa tatycasadinha, 16 de 17
2022-04-12 00:32:32,684 - thots.thots - WARNING - ---------------| tatycasadinha - Fim da lista de videos.
2022-04-12 00:32:32,684 - thots.thots - WARNING - ---------------| Iniciando tarefa vidasafada, 17 de 17
2022-04-12 00:32:32,685 - thots.thot_parse - INFO - Definindo o padrão de regex...
2022-04-12 00:32:32,831 - Utils.utils - INFO - Requisição GET realizada com sucesso, status code: 200
2022-04-12 00:32:32,832 - thots.thot_parse - INFO - Segundo padrão de regex definido com sucesso!
2022-04-12 00:32:32,999 - Utils.utils - INFO - Requisição GET realizada com sucesso, status code: 200
2022-04-12 00:32:33,001 - thots.thot_parse - INFO - Usando método alternativo para encontrar a quantidade de videos.
2022-04-12 00:32:33,178 - Utils.utils - INFO - Requisição GET realizada com sucesso, status code: 200
2022-04-12 00:32:33,305 - Utils.utils - INFO - Requisição GET realizada com sucesso, status code: 200
2022-04-12 00:32:33,415 - Utils.utils - INFO - Requisição GET realizada com sucesso, status code: 200
2022-04-12 00:32:33,522 - Utils.utils - INFO - Requisição GET realizada com sucesso, status code: 200
2022-04-12 00:32:33,625 - Utils.utils - INFO - Requisição GET realizada com sucesso, status code: 200
2022-04-12 00:32:33,782 - Utils.utils - INFO - Requisição GET realizada com sucesso, status code: 200
2022-04-12 00:32:33,786 - thots.thot_parse - INFO - Foi encontrado um total de : 0 videos restantes.
2022-04-12 00:32:33,786 - thots.thots - WARNING - ---------------| vidasafada - Fim da lista de videos.
2022-04-12 00:32:33,786 - __main__ - INFO - Fazendo backup dos IDs na API backup...
2022-04-12 00:32:33,786 - __main__ - INFO - Salvando ID's da API localmente....
2022-04-12 00:32:34,066 - Utils.utils - INFO - Requisição GET realizada com sucesso, status code: 200
2022-04-12 00:32:34,671 - Utils.utils - INFO - Requisição GET realizada com sucesso, status code: 200
