2022-05-17 00:31:20,278 - Utils.utils - INFO - Ambiente de produção ativado
2022-05-17 00:31:21,015 - Utils.utils - INFO - Requisição <<GET>> realizada com sucesso, status code: 200
2022-05-17 00:31:21,064 - __main__ - INFO - Checando thotsbay forum...
2022-05-17 00:31:21,064 - Utils.thotshub - INFO - Autorizando...
2022-05-17 00:31:21,634 - Utils.utils - INFO - Requisição <<GET>> realizada com sucesso, status code: 200
2022-05-17 00:31:22,728 - Utils.utils - INFO - Requisição <<POST>> realizada com sucesso, status code: 200
2022-05-17 00:31:22,731 - Utils.thotshub - INFO - Autorizado
2022-05-17 00:31:22,731 - Utils.thotshub - INFO - Logado no thotsbay com sucesso.
2022-05-17 00:31:22,732 - __main__ - INFO - Checando colab...
2022-05-17 00:31:22,732 - Utils.utils - INFO - COLAB enviorement not detected
2022-05-17 00:31:22,733 - __main__ - INFO - Checando config...
2022-05-17 00:31:23,015 - Utils.utils - INFO - Requisição <<GET>> realizada com sucesso, status code: 200
2022-05-17 00:31:24,017 - __main__ - INFO - Checando ids...
2022-05-17 00:31:24,252 - Utils.utils - INFO - Requisição <<GET>> realizada com sucesso, status code: 200
2022-05-17 00:31:24,253 - thots.thots - WARNING - ---------------| Iniciando tarefa afroditehotwife, 1 de 17
2022-05-17 00:31:24,253 - thots.thot_parse - INFO - Definindo o padrão de regex...
2022-05-17 00:31:25,078 - Utils.utils - INFO - Requisição <<GET>> realizada com sucesso, status code: 200
2022-05-17 00:31:25,080 - thots.thot_parse - INFO - Segundo padrão de regex definido com sucesso!
2022-05-17 00:31:25,473 - Utils.utils - INFO - Requisição <<GET>> realizada com sucesso, status code: 200
2022-05-17 00:31:25,476 - thots.thot_parse - INFO - Usando método alternativo para encontrar a quantidade de videos.
2022-05-17 00:31:25,937 - Utils.utils - INFO - Requisição <<GET>> realizada com sucesso, status code: 200
2022-05-17 00:31:26,397 - Utils.utils - INFO - Requisição <<GET>> realizada com sucesso, status code: 200
2022-05-17 00:31:26,739 - Utils.utils - INFO - Requisição <<GET>> realizada com sucesso, status code: 200
2022-05-17 00:31:27,155 - Utils.utils - INFO - Requisição <<GET>> realizada com sucesso, status code: 200
2022-05-17 00:31:27,516 - Utils.utils - INFO - Requisição <<GET>> realizada com sucesso, status code: 200
2022-05-17 00:31:27,954 - Utils.utils - INFO - Requisição <<GET>> realizada com sucesso, status code: 200
2022-05-17 00:31:28,349 - Utils.utils - INFO - Requisição <<GET>> realizada com sucesso, status code: 200
2022-05-17 00:31:28,708 - Utils.utils - INFO - Requisição <<GET>> realizada com sucesso, status code: 200
2022-05-17 00:31:29,108 - Utils.utils - INFO - Requisição <<GET>> realizada com sucesso, status code: 200
2022-05-17 00:31:29,511 - Utils.utils - INFO - Requisição <<GET>> realizada com sucesso, status code: 200
2022-05-17 00:31:29,861 - Utils.utils - INFO - Requisição <<GET>> realizada com sucesso, status code: 200
2022-05-17 00:31:30,177 - Utils.utils - INFO - Requisição <<GET>> realizada com sucesso, status code: 200
2022-05-17 00:31:30,193 - thots.thot_parse - INFO - Foi encontrado um total de : 0 videos restantes.
2022-05-17 00:31:30,193 - thots.thots - WARNING - ---------------| afroditehotwife - Fim da lista de videos.
2022-05-17 00:31:30,194 - thots.thots - WARNING - ---------------| Iniciando tarefa agathalira, 2 de 17
2022-05-17 00:31:30,194 - thots.thot_parse - INFO - Definindo o padrão de regex...
2022-05-17 00:31:30,853 - Utils.utils - INFO - Requisição <<GET>> realizada com sucesso, status code: 200
2022-05-17 00:31:30,854 - thots.thot_parse - INFO - Primeiro padrão de regex definido com sucesso!
2022-05-17 00:31:31,158 - Utils.utils - INFO - Requisição <<GET>> realizada com sucesso, status code: 200
2022-05-17 00:31:31,161 - thots.thot_parse - INFO - Usando método alternativo para encontrar a quantidade de videos.
2022-05-17 00:31:31,466 - Utils.utils - INFO - Requisição <<GET>> realizada com sucesso, status code: 200
2022-05-17 00:31:31,937 - Utils.utils - INFO - Requisição <<GET>> realizada com sucesso, status code: 200
2022-05-17 00:31:32,394 - Utils.utils - INFO - Requisição <<GET>> realizada com sucesso, status code: 200
2022-05-17 00:31:32,767 - Utils.utils - INFO - Requisição <<GET>> realizada com sucesso, status code: 200
2022-05-17 00:31:33,154 - Utils.utils - INFO - Requisição <<GET>> realizada com sucesso, status code: 200
2022-05-17 00:31:33,547 - Utils.utils - INFO - Requisição <<GET>> realizada com sucesso, status code: 200
2022-05-17 00:31:33,857 - Utils.utils - INFO - Requisição <<GET>> realizada com sucesso, status code: 200
2022-05-17 00:31:34,341 - Utils.utils - INFO - Requisição <<GET>> realizada com sucesso, status code: 200
2022-05-17 00:31:34,654 - Utils.utils - INFO - Requisição <<GET>> realizada com sucesso, status code: 200
2022-05-17 00:31:34,997 - Utils.utils - INFO - Requisição <<GET>> realizada com sucesso, status code: 200
2022-05-17 00:31:35,306 - Utils.utils - INFO - Requisição <<GET>> realizada com sucesso, status code: 200
2022-05-17 00:31:35,620 - Utils.utils - INFO - Requisição <<GET>> realizada com sucesso, status code: 200
2022-05-17 00:31:35,984 - Utils.utils - INFO - Requisição <<GET>> realizada com sucesso, status code: 200
2022-05-17 00:31:35,998 - thots.thot_parse - INFO - Foi encontrado um total de : -5 videos restantes.
2022-05-17 00:31:35,998 - thots.thots - WARNING - ---------------| agathalira - Fim da lista de videos.
2022-05-17 00:31:35,998 - thots.thots - WARNING - ---------------| Iniciando tarefa barbaracastroo, 3 de 17
2022-05-17 00:31:35,998 - thots.thot_parse - INFO - Definindo o padrão de regex...
2022-05-17 00:31:36,312 - Utils.utils - INFO - Requisição <<GET>> realizada com sucesso, status code: 200
2022-05-17 00:31:36,313 - thots.thot_parse - INFO - Segundo padrão de regex definido com sucesso!
2022-05-17 00:31:36,530 - Utils.utils - INFO - Requisição <<GET>> realizada com sucesso, status code: 200
2022-05-17 00:31:36,532 - thots.thot_parse - INFO - Usando método alternativo para encontrar a quantidade de videos.
2022-05-17 00:31:36,717 - Utils.utils - INFO - Requisição <<GET>> realizada com sucesso, status code: 200
2022-05-17 00:31:36,718 - thots.thot_parse - INFO - Foi encontrado um total de : 0 videos restantes.
2022-05-17 00:31:36,718 - thots.thots - WARNING - ---------------| barbaracastroo - Fim da lista de videos.
2022-05-17 00:31:36,718 - thots.thots - WARNING - ---------------| Iniciando tarefa bellacasada, 4 de 17
2022-05-17 00:31:36,719 - thots.thot_parse - INFO - Definindo o padrão de regex...
2022-05-17 00:31:37,228 - Utils.utils - INFO - Requisição <<GET>> realizada com sucesso, status code: 200
2022-05-17 00:31:37,229 - thots.thot_parse - INFO - Segundo padrão de regex definido com sucesso!
2022-05-17 00:31:37,501 - Utils.utils - INFO - Requisição <<GET>> realizada com sucesso, status code: 200
2022-05-17 00:31:37,504 - thots.thot_parse - INFO - Usando método alternativo para encontrar a quantidade de videos.
2022-05-17 00:31:37,863 - Utils.utils - INFO - Requisição <<GET>> realizada com sucesso, status code: 200
2022-05-17 00:31:38,272 - Utils.utils - INFO - Requisição <<GET>> realizada com sucesso, status code: 200
2022-05-17 00:31:38,460 - Utils.utils - INFO - Requisição <<GET>> realizada com sucesso, status code: 200
2022-05-17 00:31:38,643 - Utils.utils - INFO - Requisição <<GET>> realizada com sucesso, status code: 200
2022-05-17 00:31:38,888 - Utils.utils - INFO - Requisição <<GET>> realizada com sucesso, status code: 200
2022-05-17 00:31:39,075 - Utils.utils - INFO - Requisição <<GET>> realizada com sucesso, status code: 200
2022-05-17 00:31:39,079 - thots.thot_parse - INFO - Foi encontrado um total de : -2 videos restantes.
2022-05-17 00:31:39,081 - thots.thots - WARNING - ---------------| bellacasada - Fim da lista de videos.
2022-05-17 00:31:39,081 - thots.thots - WARNING - ---------------| Iniciando tarefa casalruivaecornooficial, 5 de 17
2022-05-17 00:31:39,081 - thots.thot_parse - INFO - Definindo o padrão de regex...
2022-05-17 00:31:39,350 - Utils.utils - INFO - Requisição <<GET>> realizada com sucesso, status code: 200
2022-05-17 00:31:39,351 - thots.thot_parse - INFO - Segundo padrão de regex definido com sucesso!
2022-05-17 00:31:39,603 - Utils.utils - INFO - Requisição <<GET>> realizada com sucesso, status code: 200
2022-05-17 00:31:39,605 - thots.thot_parse - INFO - Usando método alternativo para encontrar a quantidade de videos.
2022-05-17 00:31:39,966 - Utils.utils - INFO - Requisição <<GET>> realizada com sucesso, status code: 200
2022-05-17 00:31:40,334 - Utils.utils - INFO - Requisição <<GET>> realizada com sucesso, status code: 200
2022-05-17 00:31:40,556 - Utils.utils - INFO - Requisição <<GET>> realizada com sucesso, status code: 200
2022-05-17 00:31:40,788 - Utils.utils - INFO - Requisição <<GET>> realizada com sucesso, status code: 200
2022-05-17 00:31:40,975 - Utils.utils - INFO - Requisição <<GET>> realizada com sucesso, status code: 200
2022-05-17 00:31:41,169 - Utils.utils - INFO - Requisição <<GET>> realizada com sucesso, status code: 200
2022-05-17 00:31:41,172 - thots.thot_parse - INFO - Foi encontrado um total de : 0 videos restantes.
2022-05-17 00:31:41,172 - thots.thots - WARNING - ---------------| casalruivaecornooficial - Fim da lista de videos.
2022-05-17 00:31:41,173 - thots.thots - WARNING - ---------------| Iniciando tarefa casaltopbessa, 6 de 17
2022-05-17 00:31:41,173 - thots.thot_parse - INFO - Definindo o padrão de regex...
2022-05-17 00:31:41,358 - Utils.utils - INFO - Requisição <<GET>> realizada com sucesso, status code: 200
2022-05-17 00:31:41,359 - thots.thot_parse - INFO - Segundo padrão de regex definido com sucesso!
2022-05-17 00:31:41,552 - Utils.utils - INFO - Requisição <<GET>> realizada com sucesso, status code: 200
2022-05-17 00:31:41,555 - thots.thot_parse - INFO - Usando método alternativo para encontrar a quantidade de videos.
2022-05-17 00:31:41,739 - Utils.utils - INFO - Requisição <<GET>> realizada com sucesso, status code: 200
2022-05-17 00:31:41,943 - Utils.utils - INFO - Requisição <<GET>> realizada com sucesso, status code: 200
2022-05-17 00:31:41,944 - thots.thot_parse - INFO - Foi encontrado um total de : 0 videos restantes.
2022-05-17 00:31:41,944 - thots.thots - WARNING - ---------------| casaltopbessa - Fim da lista de videos.
2022-05-17 00:31:41,944 - thots.thots - WARNING - ---------------| Iniciando tarefa elaquer, 7 de 17
2022-05-17 00:31:41,945 - thots.thot_parse - INFO - Definindo o padrão de regex...
2022-05-17 00:31:42,132 - Utils.utils - INFO - Requisição <<GET>> realizada com sucesso, status code: 200
2022-05-17 00:31:42,132 - thots.thot_parse - INFO - Segundo padrão de regex definido com sucesso!
2022-05-17 00:31:42,355 - Utils.utils - INFO - Requisição <<GET>> realizada com sucesso, status code: 200
2022-05-17 00:31:42,359 - thots.thot_parse - INFO - Usando método alternativo para encontrar a quantidade de videos.
2022-05-17 00:31:42,576 - Utils.utils - INFO - Requisição <<GET>> realizada com sucesso, status code: 200
2022-05-17 00:31:42,769 - Utils.utils - INFO - Requisição <<GET>> realizada com sucesso, status code: 200
2022-05-17 00:31:42,960 - Utils.utils - INFO - Requisição <<GET>> realizada com sucesso, status code: 200
2022-05-17 00:31:43,169 - Utils.utils - INFO - Requisição <<GET>> realizada com sucesso, status code: 200
2022-05-17 00:31:43,171 - thots.thot_parse - INFO - Foi encontrado um total de : 0 videos restantes.
2022-05-17 00:31:43,171 - thots.thots - WARNING - ---------------| elaquer - Fim da lista de videos.
2022-05-17 00:31:43,172 - thots.thots - WARNING - ---------------| Iniciando tarefa emilysales, 8 de 17
2022-05-17 00:31:43,172 - thots.thot_parse - INFO - Definindo o padrão de regex...
2022-05-17 00:31:43,425 - Utils.utils - INFO - Requisição <<GET>> realizada com sucesso, status code: 200
2022-05-17 00:31:43,426 - thots.thot_parse - INFO - Segundo padrão de regex definido com sucesso!
2022-05-17 00:31:43,622 - Utils.utils - INFO - Requisição <<GET>> realizada com sucesso, status code: 200
2022-05-17 00:31:43,624 - thots.thot_parse - INFO - Usando método alternativo para encontrar a quantidade de videos.
2022-05-17 00:31:43,830 - Utils.utils - INFO - Requisição <<GET>> realizada com sucesso, status code: 200
2022-05-17 00:31:44,051 - Utils.utils - INFO - Requisição <<GET>> realizada com sucesso, status code: 200
2022-05-17 00:31:44,242 - Utils.utils - INFO - Requisição <<GET>> realizada com sucesso, status code: 200
2022-05-17 00:31:44,449 - Utils.utils - INFO - Requisição <<GET>> realizada com sucesso, status code: 200
2022-05-17 00:31:44,651 - Utils.utils - INFO - Requisição <<GET>> realizada com sucesso, status code: 200
2022-05-17 00:31:44,653 - thots.thot_parse - INFO - Foi encontrado um total de : 0 videos restantes.
2022-05-17 00:31:44,654 - thots.thots - WARNING - ---------------| emilysales - Fim da lista de videos.
2022-05-17 00:31:44,654 - thots.thots - WARNING - ---------------| Iniciando tarefa esposagulosinha, 9 de 17
2022-05-17 00:31:44,654 - thots.thot_parse - INFO - Definindo o padrão de regex...
2022-05-17 00:31:45,180 - Utils.utils - INFO - Requisição <<GET>> realizada com sucesso, status code: 200
2022-05-17 00:31:45,181 - thots.thot_parse - INFO - Segundo padrão de regex definido com sucesso!
2022-05-17 00:31:45,392 - Utils.utils - INFO - Requisição <<GET>> realizada com sucesso, status code: 200
2022-05-17 00:31:45,394 - thots.thot_parse - INFO - Usando método alternativo para encontrar a quantidade de videos.
2022-05-17 00:31:45,665 - Utils.utils - INFO - Requisição <<GET>> realizada com sucesso, status code: 200
2022-05-17 00:31:46,100 - Utils.utils - INFO - Requisição <<GET>> realizada com sucesso, status code: 200
2022-05-17 00:31:46,414 - Utils.utils - INFO - Requisição <<GET>> realizada com sucesso, status code: 200
2022-05-17 00:31:46,710 - Utils.utils - INFO - Requisição <<GET>> realizada com sucesso, status code: 200
2022-05-17 00:31:46,994 - Utils.utils - INFO - Requisição <<GET>> realizada com sucesso, status code: 200
2022-05-17 00:31:47,258 - Utils.utils - INFO - Requisição <<GET>> realizada com sucesso, status code: 200
2022-05-17 00:31:47,541 - Utils.utils - INFO - Requisição <<GET>> realizada com sucesso, status code: 200
2022-05-17 00:31:47,983 - Utils.utils - INFO - Requisição <<GET>> realizada com sucesso, status code: 200
2022-05-17 00:31:47,988 - thots.thot_parse - INFO - Foi encontrado um total de : -2 videos restantes.
2022-05-17 00:31:47,989 - thots.thots - WARNING - ---------------| esposagulosinha - Fim da lista de videos.
2022-05-17 00:31:47,989 - thots.thots - WARNING - ---------------| Iniciando tarefa fabioeanaes, 10 de 17
2022-05-17 00:31:47,990 - thots.thot_parse - INFO - Definindo o padrão de regex...
2022-05-17 00:31:48,838 - Utils.utils - INFO - Requisição <<GET>> realizada com sucesso, status code: 200
2022-05-17 00:31:48,840 - thots.thot_parse - INFO - Segundo padrão de regex definido com sucesso!
2022-05-17 00:31:49,108 - Utils.utils - INFO - Requisição <<GET>> realizada com sucesso, status code: 200
2022-05-17 00:31:49,111 - thots.thot_parse - INFO - Usando método alternativo para encontrar a quantidade de videos.
2022-05-17 00:31:49,371 - Utils.utils - INFO - Requisição <<GET>> realizada com sucesso, status code: 200
2022-05-17 00:31:49,624 - Utils.utils - INFO - Requisição <<GET>> realizada com sucesso, status code: 200
2022-05-17 00:31:50,038 - Utils.utils - INFO - Requisição <<GET>> realizada com sucesso, status code: 200
2022-05-17 00:31:50,622 - Utils.utils - INFO - Requisição <<GET>> realizada com sucesso, status code: 200
2022-05-17 00:31:50,952 - Utils.utils - INFO - Requisição <<GET>> realizada com sucesso, status code: 200
2022-05-17 00:31:50,954 - thots.thot_parse - INFO - Foi encontrado um total de : -1 videos restantes.
2022-05-17 00:31:50,954 - thots.thots - WARNING - ---------------| fabioeanaes - Fim da lista de videos.
2022-05-17 00:31:50,955 - thots.thots - WARNING - ---------------| Iniciando tarefa helenafilmes, 11 de 17
2022-05-17 00:31:50,955 - thots.thot_parse - INFO - Definindo o padrão de regex...
2022-05-17 00:31:51,402 - Utils.utils - INFO - Requisição <<GET>> realizada com sucesso, status code: 200
2022-05-17 00:31:51,403 - thots.thot_parse - INFO - Segundo padrão de regex definido com sucesso!
2022-05-17 00:31:51,658 - Utils.utils - INFO - Requisição <<GET>> realizada com sucesso, status code: 200
2022-05-17 00:31:51,660 - thots.thot_parse - INFO - Usando método alternativo para encontrar a quantidade de videos.
2022-05-17 00:31:51,865 - Utils.utils - INFO - Requisição <<GET>> realizada com sucesso, status code: 200
2022-05-17 00:31:52,056 - Utils.utils - INFO - Requisição <<GET>> realizada com sucesso, status code: 200
2022-05-17 00:31:52,057 - thots.thot_parse - INFO - Foi encontrado um total de : 0 videos restantes.
2022-05-17 00:31:52,057 - thots.thots - WARNING - ---------------| helenafilmes - Fim da lista de videos.
2022-05-17 00:31:52,058 - thots.thots - WARNING - ---------------| Iniciando tarefa lualencar11, 12 de 17
2022-05-17 00:31:52,059 - thots.thot_parse - INFO - Definindo o padrão de regex...
2022-05-17 00:31:52,474 - Utils.utils - INFO - Requisição <<GET>> realizada com sucesso, status code: 200
2022-05-17 00:31:52,475 - thots.thot_parse - INFO - Segundo padrão de regex definido com sucesso!
2022-05-17 00:31:52,749 - Utils.utils - INFO - Requisição <<GET>> realizada com sucesso, status code: 200
2022-05-17 00:31:52,751 - thots.thot_parse - INFO - Usando método alternativo para encontrar a quantidade de videos.
2022-05-17 00:31:53,217 - Utils.utils - INFO - Requisição <<GET>> realizada com sucesso, status code: 200
2022-05-17 00:31:53,218 - thots.thot_parse - INFO - Foi encontrado um total de : 0 videos restantes.
2022-05-17 00:31:53,219 - thots.thots - WARNING - ---------------| lualencar11 - Fim da lista de videos.
2022-05-17 00:31:53,219 - thots.thots - WARNING - ---------------| Iniciando tarefa melissadias, 13 de 17
2022-05-17 00:31:53,220 - thots.thot_parse - INFO - Definindo o padrão de regex...
2022-05-17 00:31:53,558 - Utils.utils - INFO - Requisição <<GET>> realizada com sucesso, status code: 200
2022-05-17 00:31:53,559 - thots.thot_parse - INFO - Segundo padrão de regex definido com sucesso!
2022-05-17 00:31:53,885 - Utils.utils - INFO - Requisição <<GET>> realizada com sucesso, status code: 200
2022-05-17 00:31:53,887 - thots.thot_parse - INFO - Usando método alternativo para encontrar a quantidade de videos.
2022-05-17 00:31:54,168 - Utils.utils - INFO - Requisição <<GET>> realizada com sucesso, status code: 200
2022-05-17 00:31:54,433 - Utils.utils - INFO - Requisição <<GET>> realizada com sucesso, status code: 200
2022-05-17 00:31:54,652 - Utils.utils - INFO - Requisição <<GET>> realizada com sucesso, status code: 200
2022-05-17 00:31:54,896 - Utils.utils - INFO - Requisição <<GET>> realizada com sucesso, status code: 200
2022-05-17 00:31:55,158 - Utils.utils - INFO - Requisição <<GET>> realizada com sucesso, status code: 200
2022-05-17 00:31:55,456 - Utils.utils - INFO - Requisição <<GET>> realizada com sucesso, status code: 200
2022-05-17 00:31:55,650 - Utils.utils - INFO - Requisição <<GET>> realizada com sucesso, status code: 200
2022-05-17 00:31:55,654 - thots.thot_parse - INFO - Foi encontrado um total de : 0 videos restantes.
2022-05-17 00:31:55,654 - thots.thots - WARNING - ---------------| melissadias - Fim da lista de videos.
2022-05-17 00:31:55,654 - thots.thots - WARNING - ---------------| Iniciando tarefa nicoleballs_trans, 14 de 17
2022-05-17 00:31:55,655 - thots.thot_parse - INFO - Definindo o padrão de regex...
2022-05-17 00:31:55,858 - Utils.utils - INFO - Requisição <<GET>> realizada com sucesso, status code: 200
2022-05-17 00:31:55,859 - thots.thot_parse - INFO - Segundo padrão de regex definido com sucesso!
2022-05-17 00:31:56,054 - Utils.utils - INFO - Requisição <<GET>> realizada com sucesso, status code: 200
2022-05-17 00:31:56,056 - thots.thot_parse - INFO - Usando método alternativo para encontrar a quantidade de videos.
2022-05-17 00:31:56,260 - Utils.utils - INFO - Requisição <<GET>> realizada com sucesso, status code: 200
2022-05-17 00:31:56,452 - Utils.utils - INFO - Requisição <<GET>> realizada com sucesso, status code: 200
2022-05-17 00:31:56,453 - thots.thot_parse - INFO - Foi encontrado um total de : 0 videos restantes.
2022-05-17 00:31:56,453 - thots.thots - WARNING - ---------------| nicoleballs_trans - Fim da lista de videos.
2022-05-17 00:31:56,453 - thots.thots - WARNING - ---------------| Iniciando tarefa nikkecasada, 15 de 17
2022-05-17 00:31:56,453 - thots.thot_parse - INFO - Definindo o padrão de regex...
2022-05-17 00:31:56,911 - Utils.utils - INFO - Requisição <<GET>> realizada com sucesso, status code: 200
2022-05-17 00:31:56,912 - thots.thot_parse - INFO - Segundo padrão de regex definido com sucesso!
2022-05-17 00:31:57,110 - Utils.utils - INFO - Requisição <<GET>> realizada com sucesso, status code: 200
2022-05-17 00:31:57,113 - thots.thot_parse - INFO - Usando método alternativo para encontrar a quantidade de videos.
2022-05-17 00:31:57,397 - Utils.utils - INFO - Requisição <<GET>> realizada com sucesso, status code: 200
2022-05-17 00:31:57,673 - Utils.utils - INFO - Requisição <<GET>> realizada com sucesso, status code: 200
2022-05-17 00:31:57,925 - Utils.utils - INFO - Requisição <<GET>> realizada com sucesso, status code: 200
2022-05-17 00:31:58,139 - Utils.utils - INFO - Requisição <<GET>> realizada com sucesso, status code: 200
2022-05-17 00:31:58,364 - Utils.utils - INFO - Requisição <<GET>> realizada com sucesso, status code: 200
2022-05-17 00:31:58,366 - thots.thot_parse - INFO - Foi encontrado um total de : 0 videos restantes.
2022-05-17 00:31:58,366 - thots.thots - WARNING - ---------------| nikkecasada - Fim da lista de videos.
2022-05-17 00:31:58,367 - thots.thots - WARNING - ---------------| Iniciando tarefa tatycasadinha, 16 de 17
2022-05-17 00:31:58,776 - thots.thots - WARNING - ---------------| tatycasadinha - Fim da lista de videos.
2022-05-17 00:31:58,776 - thots.thots - WARNING - ---------------| Iniciando tarefa vidasafada, 17 de 17
2022-05-17 00:31:58,776 - thots.thot_parse - INFO - Definindo o padrão de regex...
2022-05-17 00:31:59,186 - Utils.utils - INFO - Requisição <<GET>> realizada com sucesso, status code: 200
2022-05-17 00:31:59,187 - thots.thot_parse - INFO - Segundo padrão de regex definido com sucesso!
2022-05-17 00:31:59,409 - Utils.utils - INFO - Requisição <<GET>> realizada com sucesso, status code: 200
2022-05-17 00:31:59,411 - thots.thot_parse - INFO - Usando método alternativo para encontrar a quantidade de videos.
2022-05-17 00:31:59,621 - Utils.utils - INFO - Requisição <<GET>> realizada com sucesso, status code: 200
2022-05-17 00:31:59,825 - Utils.utils - INFO - Requisição <<GET>> realizada com sucesso, status code: 200
2022-05-17 00:32:00,194 - Utils.utils - INFO - Requisição <<GET>> realizada com sucesso, status code: 200
2022-05-17 00:32:00,665 - Utils.utils - INFO - Requisição <<GET>> realizada com sucesso, status code: 200
2022-05-17 00:32:00,936 - Utils.utils - INFO - Requisição <<GET>> realizada com sucesso, status code: 200
2022-05-17 00:32:01,313 - Utils.utils - INFO - Requisição <<GET>> realizada com sucesso, status code: 200
2022-05-17 00:32:01,530 - Utils.utils - INFO - Requisição <<GET>> realizada com sucesso, status code: 200
2022-05-17 00:32:01,534 - thots.thot_parse - INFO - Foi encontrado um total de : 0 videos restantes.
2022-05-17 00:32:01,535 - thots.thots - WARNING - ---------------| vidasafada - Fim da lista de videos.
2022-05-17 00:32:01,535 - __main__ - INFO - Fazendo backup dos IDs na API backup...
2022-05-17 00:32:01,535 - __main__ - INFO - Salvando ID's da API localmente....
2022-05-17 00:32:01,970 - Utils.utils - INFO - Requisição <<GET>> realizada com sucesso, status code: 200
2022-05-17 00:32:02,566 - Utils.utils - INFO - Requisição <<GET>> realizada com sucesso, status code: 200
2022-05-17 08:09:47,826 - Utils.utils - INFO - Ambiente de produção ativado
2022-05-17 08:09:48,125 - Utils.utils - INFO - Requisição <<GET>> realizada com sucesso, status code: 200
2022-05-17 08:09:48,169 - __main__ - INFO - Checando thotsbay forum...
2022-05-17 08:09:48,169 - Utils.thotshub - INFO - Autorizando...
2022-05-17 08:09:48,436 - Utils.utils - INFO - Requisição <<GET>> realizada com sucesso, status code: 200
2022-05-17 08:09:49,437 - Utils.utils - INFO - Requisição <<POST>> realizada com sucesso, status code: 200
2022-05-17 08:09:49,438 - Utils.thotshub - INFO - Autorizado
2022-05-17 08:09:49,438 - Utils.thotshub - INFO - Logado no thotsbay com sucesso.
2022-05-17 08:09:49,439 - __main__ - INFO - Checando colab...
2022-05-17 08:09:49,439 - Utils.utils - INFO - COLAB enviorement not detected
2022-05-17 08:09:49,439 - __main__ - INFO - Checando config...
2022-05-17 08:09:49,904 - Utils.utils - INFO - Requisição <<GET>> realizada com sucesso, status code: 200
2022-05-17 08:09:50,905 - __main__ - INFO - Checando ids...
2022-05-17 08:09:51,131 - Utils.utils - INFO - Requisição <<GET>> realizada com sucesso, status code: 200
2022-05-17 08:09:51,132 - thots.thots - WARNING - ---------------| Iniciando tarefa afroditehotwife, 1 de 17
2022-05-17 08:09:51,133 - thots.thot_parse - INFO - Definindo o padrão de regex...
2022-05-17 08:09:51,860 - Utils.utils - INFO - Requisição <<GET>> realizada com sucesso, status code: 200
2022-05-17 08:09:51,860 - thots.thot_parse - INFO - Segundo padrão de regex definido com sucesso!
2022-05-17 08:09:52,144 - Utils.utils - INFO - Requisição <<GET>> realizada com sucesso, status code: 200
2022-05-17 08:09:52,146 - thots.thot_parse - INFO - Usando método alternativo para encontrar a quantidade de videos.
2022-05-17 08:09:52,462 - Utils.utils - INFO - Requisição <<GET>> realizada com sucesso, status code: 200
2022-05-17 08:09:52,767 - Utils.utils - INFO - Requisição <<GET>> realizada com sucesso, status code: 200
2022-05-17 08:09:53,059 - Utils.utils - INFO - Requisição <<GET>> realizada com sucesso, status code: 200
2022-05-17 08:09:53,351 - Utils.utils - INFO - Requisição <<GET>> realizada com sucesso, status code: 200
2022-05-17 08:09:53,637 - Utils.utils - INFO - Requisição <<GET>> realizada com sucesso, status code: 200
2022-05-17 08:09:53,940 - Utils.utils - INFO - Requisição <<GET>> realizada com sucesso, status code: 200
2022-05-17 08:09:54,267 - Utils.utils - INFO - Requisição <<GET>> realizada com sucesso, status code: 200
2022-05-17 08:09:54,566 - Utils.utils - INFO - Requisição <<GET>> realizada com sucesso, status code: 200
2022-05-17 08:09:54,863 - Utils.utils - INFO - Requisição <<GET>> realizada com sucesso, status code: 200
2022-05-17 08:09:55,172 - Utils.utils - INFO - Requisição <<GET>> realizada com sucesso, status code: 200
2022-05-17 08:09:55,480 - Utils.utils - INFO - Requisição <<GET>> realizada com sucesso, status code: 200
2022-05-17 08:09:55,877 - Utils.utils - INFO - Requisição <<GET>> realizada com sucesso, status code: 200
2022-05-17 08:09:55,889 - thots.thot_parse - INFO - Foi encontrado um total de : 0 videos restantes.
2022-05-17 08:09:55,890 - thots.thots - WARNING - ---------------| afroditehotwife - Fim da lista de videos.
2022-05-17 08:09:55,890 - thots.thots - WARNING - ---------------| Iniciando tarefa agathalira, 2 de 17
2022-05-17 08:09:55,890 - thots.thot_parse - INFO - Definindo o padrão de regex...
2022-05-17 08:09:56,598 - Utils.utils - INFO - Requisição <<GET>> realizada com sucesso, status code: 200
2022-05-17 08:09:56,599 - thots.thot_parse - INFO - Primeiro padrão de regex definido com sucesso!
2022-05-17 08:09:56,902 - Utils.utils - INFO - Requisição <<GET>> realizada com sucesso, status code: 200
2022-05-17 08:09:56,904 - thots.thot_parse - INFO - Usando método alternativo para encontrar a quantidade de videos.
2022-05-17 08:09:57,219 - Utils.utils - INFO - Requisição <<GET>> realizada com sucesso, status code: 200
2022-05-17 08:09:57,541 - Utils.utils - INFO - Requisição <<GET>> realizada com sucesso, status code: 200
2022-05-17 08:09:57,854 - Utils.utils - INFO - Requisição <<GET>> realizada com sucesso, status code: 200
2022-05-17 08:09:58,166 - Utils.utils - INFO - Requisição <<GET>> realizada com sucesso, status code: 200
2022-05-17 08:09:58,517 - Utils.utils - INFO - Requisição <<GET>> realizada com sucesso, status code: 200
2022-05-17 08:09:58,892 - Utils.utils - INFO - Requisição <<GET>> realizada com sucesso, status code: 200
2022-05-17 08:09:59,199 - Utils.utils - INFO - Requisição <<GET>> realizada com sucesso, status code: 200
2022-05-17 08:09:59,531 - Utils.utils - INFO - Requisição <<GET>> realizada com sucesso, status code: 200
2022-05-17 08:09:59,880 - Utils.utils - INFO - Requisição <<GET>> realizada com sucesso, status code: 200
2022-05-17 08:10:00,364 - Utils.utils - INFO - Requisição <<GET>> realizada com sucesso, status code: 200
2022-05-17 08:10:00,693 - Utils.utils - INFO - Requisição <<GET>> realizada com sucesso, status code: 200
2022-05-17 08:10:01,019 - Utils.utils - INFO - Requisição <<GET>> realizada com sucesso, status code: 200
2022-05-17 08:10:01,247 - Utils.utils - INFO - Requisição <<GET>> realizada com sucesso, status code: 200
2022-05-17 08:10:01,261 - thots.thot_parse - INFO - Foi encontrado um total de : -5 videos restantes.
2022-05-17 08:10:01,261 - thots.thots - WARNING - ---------------| agathalira - Fim da lista de videos.
2022-05-17 08:10:01,261 - thots.thots - WARNING - ---------------| Iniciando tarefa barbaracastroo, 3 de 17
2022-05-17 08:10:01,261 - thots.thot_parse - INFO - Definindo o padrão de regex...
2022-05-17 08:10:01,684 - Utils.utils - INFO - Requisição <<GET>> realizada com sucesso, status code: 200
2022-05-17 08:10:01,685 - thots.thot_parse - INFO - Segundo padrão de regex definido com sucesso!
2022-05-17 08:10:01,884 - Utils.utils - INFO - Requisição <<GET>> realizada com sucesso, status code: 200
2022-05-17 08:10:01,886 - thots.thot_parse - INFO - Usando método alternativo para encontrar a quantidade de videos.
2022-05-17 08:10:02,096 - Utils.utils - INFO - Requisição <<GET>> realizada com sucesso, status code: 200
2022-05-17 08:10:02,097 - thots.thot_parse - INFO - Foi encontrado um total de : 0 videos restantes.
2022-05-17 08:10:02,097 - thots.thots - WARNING - ---------------| barbaracastroo - Fim da lista de videos.
2022-05-17 08:10:02,097 - thots.thots - WARNING - ---------------| Iniciando tarefa bellacasada, 4 de 17
2022-05-17 08:10:02,097 - thots.thot_parse - INFO - Definindo o padrão de regex...
2022-05-17 08:10:02,511 - Utils.utils - INFO - Requisição <<GET>> realizada com sucesso, status code: 200
2022-05-17 08:10:02,512 - thots.thot_parse - INFO - Segundo padrão de regex definido com sucesso!
2022-05-17 08:10:02,731 - Utils.utils - INFO - Requisição <<GET>> realizada com sucesso, status code: 200
2022-05-17 08:10:02,733 - thots.thot_parse - INFO - Usando método alternativo para encontrar a quantidade de videos.
2022-05-17 08:10:03,002 - Utils.utils - INFO - Requisição <<GET>> realizada com sucesso, status code: 200
2022-05-17 08:10:03,229 - Utils.utils - INFO - Requisição <<GET>> realizada com sucesso, status code: 200
2022-05-17 08:10:03,446 - Utils.utils - INFO - Requisição <<GET>> realizada com sucesso, status code: 200
2022-05-17 08:10:03,685 - Utils.utils - INFO - Requisição <<GET>> realizada com sucesso, status code: 200
2022-05-17 08:10:03,908 - Utils.utils - INFO - Requisição <<GET>> realizada com sucesso, status code: 200
2022-05-17 08:10:04,100 - Utils.utils - INFO - Requisição <<GET>> realizada com sucesso, status code: 200
2022-05-17 08:10:04,103 - thots.thot_parse - INFO - Foi encontrado um total de : -2 videos restantes.
2022-05-17 08:10:04,104 - thots.thots - WARNING - ---------------| bellacasada - Fim da lista de videos.
2022-05-17 08:10:04,104 - thots.thots - WARNING - ---------------| Iniciando tarefa casalruivaecornooficial, 5 de 17
2022-05-17 08:10:04,104 - thots.thot_parse - INFO - Definindo o padrão de regex...
2022-05-17 08:10:04,368 - Utils.utils - INFO - Requisição <<GET>> realizada com sucesso, status code: 200
2022-05-17 08:10:04,369 - thots.thot_parse - INFO - Segundo padrão de regex definido com sucesso!
2022-05-17 08:10:04,570 - Utils.utils - INFO - Requisição <<GET>> realizada com sucesso, status code: 200
2022-05-17 08:10:04,572 - thots.thot_parse - INFO - Usando método alternativo para encontrar a quantidade de videos.
2022-05-17 08:10:04,763 - Utils.utils - INFO - Requisição <<GET>> realizada com sucesso, status code: 200
2022-05-17 08:10:05,006 - Utils.utils - INFO - Requisição <<GET>> realizada com sucesso, status code: 200
2022-05-17 08:10:05,213 - Utils.utils - INFO - Requisição <<GET>> realizada com sucesso, status code: 200
2022-05-17 08:10:05,429 - Utils.utils - INFO - Requisição <<GET>> realizada com sucesso, status code: 200
2022-05-17 08:10:05,640 - Utils.utils - INFO - Requisição <<GET>> realizada com sucesso, status code: 200
2022-05-17 08:10:05,840 - Utils.utils - INFO - Requisição <<GET>> realizada com sucesso, status code: 200
2022-05-17 08:10:05,844 - thots.thot_parse - INFO - Foi encontrado um total de : 0 videos restantes.
2022-05-17 08:10:05,844 - thots.thots - WARNING - ---------------| casalruivaecornooficial - Fim da lista de videos.
2022-05-17 08:10:05,845 - thots.thots - WARNING - ---------------| Iniciando tarefa casaltopbessa, 6 de 17
2022-05-17 08:10:05,845 - thots.thot_parse - INFO - Definindo o padrão de regex...
2022-05-17 08:10:06,061 - Utils.utils - INFO - Requisição <<GET>> realizada com sucesso, status code: 200
2022-05-17 08:10:06,062 - thots.thot_parse - INFO - Segundo padrão de regex definido com sucesso!
2022-05-17 08:10:06,271 - Utils.utils - INFO - Requisição <<GET>> realizada com sucesso, status code: 200
2022-05-17 08:10:06,273 - thots.thot_parse - INFO - Usando método alternativo para encontrar a quantidade de videos.
2022-05-17 08:10:06,478 - Utils.utils - INFO - Requisição <<GET>> realizada com sucesso, status code: 200
2022-05-17 08:10:06,681 - Utils.utils - INFO - Requisição <<GET>> realizada com sucesso, status code: 200
2022-05-17 08:10:06,682 - thots.thot_parse - INFO - Foi encontrado um total de : 2 videos restantes.
2022-05-17 08:10:06,683 - thots.thot_parse - INFO - A lista de ID's já foi definida
2022-05-17 08:10:06,932 - Utils.utils - INFO - Requisição <<GET>> realizada com sucesso, status code: 200
2022-05-17 08:10:07,170 - Utils.utils - INFO - Requisição <<GET>> realizada com sucesso, status code: 200
2022-05-17 08:10:07,171 - thots.thot_parse - INFO - Download: 1 of 2
2022-05-17 08:10:07,213 - Utils.download - INFO - Baixando Downloads/casaltopbessa/105001-um-delicia-de-banho.mp4
2022-05-17 08:10:10,391 - Utils.download - INFO - Arquivo 105001-um-delicia-de-banho baixado com sucesso! Agora...Enviando...
2022-05-17 08:10:12,387 - Utils.download - INFO - Arquivo 105001-um-delicia-de-banho enviado com sucesso, ainda faltam: 1
2022-05-17 08:10:12,798 - Utils.utils - INFO - Requisição <<PUT>> realizada com sucesso, status code: 200
2022-05-17 08:10:12,933 - Utils.utils - INFO - Requisição <<GET>> realizada com sucesso, status code: 200
2022-05-17 08:10:13,397 - Utils.utils - INFO - Requisição <<PUT>> realizada com sucesso, status code: 200
2022-05-17 08:10:13,398 - Utils.download - INFO - Ainda faltam 1, a postagem será feita depois para evitar flood...
2022-05-17 08:10:13,398 - thots.thot_parse - INFO - Download: 2 of 2
2022-05-17 08:10:13,399 - Utils.download - INFO - Baixando Downloads/casaltopbessa/104998-marido-enchendo-minha-bucetinha.mp4
2022-05-17 08:10:38,620 - Utils.download - INFO - Arquivo 104998-marido-enchendo-minha-bucetinha baixado com sucesso! Agora...Enviando...
2022-05-17 08:10:47,163 - Utils.download - INFO - Arquivo 104998-marido-enchendo-minha-bucetinha enviado com sucesso, ainda faltam: 0
2022-05-17 08:10:47,538 - Utils.utils - INFO - Requisição <<PUT>> realizada com sucesso, status code: 200
2022-05-17 08:10:47,667 - Utils.utils - INFO - Requisição <<GET>> realizada com sucesso, status code: 200
2022-05-17 08:10:48,110 - Utils.utils - INFO - Requisição <<PUT>> realizada com sucesso, status code: 200
2022-05-17 08:10:48,110 - Utils.download - INFO - Prosseguindo com a postagem...
2022-05-17 08:10:48,110 - Utils.download - INFO - A última postagem foi em 2020-04-05 19:38:48.279762 a diferença é: 1110992 minutos
2022-05-17 08:10:48,732 - Utils.utils - INFO - Enviando imagem 1 de 3 : Thumbnails/casaltopbessa000117.jpg
2022-05-17 08:10:50,146 - Utils.utils - INFO - Requisição <<POST>> realizada com sucesso, status code: 200
2022-05-17 08:10:50,147 - Utils.utils - INFO - Thumbnails/casaltopbessa000117.jpg enviado com sucesso
2022-05-17 08:10:50,147 - Utils.utils - INFO - Enviando imagem 2 de 3 : Thumbnails/casaltopbessa000035.jpg
2022-05-17 08:10:51,737 - Utils.utils - INFO - Requisição <<POST>> realizada com sucesso, status code: 200
2022-05-17 08:10:51,737 - Utils.utils - INFO - Thumbnails/casaltopbessa000035.jpg enviado com sucesso
2022-05-17 08:10:51,738 - Utils.utils - INFO - Enviando imagem 3 de 3 : Thumbnails/casaltopbessa000046.jpg
2022-05-17 08:10:53,192 - Utils.utils - INFO - Requisição <<POST>> realizada com sucesso, status code: 200
2022-05-17 08:10:53,193 - Utils.utils - INFO - Thumbnails/casaltopbessa000046.jpg enviado com sucesso
2022-05-17 08:10:53,785 - Utils.utils - INFO - Enviando imagem 1 de 3 : Thumbnails/casaltopbessa000011.jpg
2022-05-17 08:10:55,295 - Utils.utils - INFO - Requisição <<POST>> realizada com sucesso, status code: 200
2022-05-17 08:10:55,295 - Utils.utils - INFO - Thumbnails/casaltopbessa000011.jpg enviado com sucesso
2022-05-17 08:10:55,296 - Utils.utils - INFO - Enviando imagem 2 de 3 : Thumbnails/casaltopbessa000001.jpg
2022-05-17 08:10:56,705 - Utils.utils - INFO - Requisição <<POST>> realizada com sucesso, status code: 200
2022-05-17 08:10:56,705 - Utils.utils - INFO - Thumbnails/casaltopbessa000001.jpg enviado com sucesso
2022-05-17 08:10:56,706 - Utils.utils - INFO - Enviando imagem 3 de 3 : Thumbnails/casaltopbessa000008.jpg
2022-05-17 08:10:58,114 - Utils.utils - INFO - Requisição <<POST>> realizada com sucesso, status code: 200
2022-05-17 08:10:58,115 - Utils.utils - INFO - Thumbnails/casaltopbessa000008.jpg enviado com sucesso
2022-05-17 08:10:58,116 - Utils.thotshub - INFO - Autorizando...
2022-05-17 08:10:58,762 - Utils.utils - INFO - Requisição <<GET>> realizada com sucesso, status code: 200
2022-05-17 08:10:59,451 - Utils.utils - INFO - Requisição <<POST>> realizada com sucesso, status code: 200
2022-05-17 08:10:59,452 - Utils.thotshub - INFO - Autorizado
2022-05-17 08:10:59,452 - Utils.thotshub - INFO - Logado no thotsbay com sucesso.
2022-05-17 08:10:59,453 - Utils.download - INFO - Atualizando tópico agora...
2022-05-17 08:10:59,662 - Utils.utils - INFO - Requisição <<GET>> realizada com sucesso, status code: 200
2022-05-17 08:11:00,200 - Utils.utils - INFO - Requisição <<POST>> realizada com sucesso, status code: 200
2022-05-17 08:11:00,588 - Utils.utils - INFO - Requisição <<PUT>> realizada com sucesso, status code: 200
2022-05-17 08:11:00,589 - thots.thots - WARNING - ---------------| casaltopbessa - Fim da lista de videos.
2022-05-17 08:11:00,590 - thots.thots - WARNING - ---------------| Iniciando tarefa elaquer, 7 de 17
2022-05-17 08:11:00,590 - thots.thot_parse - INFO - Definindo o padrão de regex...
2022-05-17 08:11:00,996 - Utils.utils - INFO - Requisição <<GET>> realizada com sucesso, status code: 200
2022-05-17 08:11:00,997 - thots.thot_parse - INFO - Segundo padrão de regex definido com sucesso!
2022-05-17 08:11:01,213 - Utils.utils - INFO - Requisição <<GET>> realizada com sucesso, status code: 200
2022-05-17 08:11:01,215 - thots.thot_parse - INFO - Usando método alternativo para encontrar a quantidade de videos.
2022-05-17 08:11:01,558 - Utils.utils - INFO - Requisição <<GET>> realizada com sucesso, status code: 200
2022-05-17 08:11:01,757 - Utils.utils - INFO - Requisição <<GET>> realizada com sucesso, status code: 200
2022-05-17 08:11:02,027 - Utils.utils - INFO - Requisição <<GET>> realizada com sucesso, status code: 200
2022-05-17 08:11:02,290 - Utils.utils - INFO - Requisição <<GET>> realizada com sucesso, status code: 200
2022-05-17 08:11:02,292 - thots.thot_parse - INFO - Foi encontrado um total de : 0 videos restantes.
2022-05-17 08:11:02,293 - thots.thots - WARNING - ---------------| elaquer - Fim da lista de videos.
2022-05-17 08:11:02,293 - thots.thots - WARNING - ---------------| Iniciando tarefa emilysales, 8 de 17
2022-05-17 08:11:02,293 - thots.thot_parse - INFO - Definindo o padrão de regex...
2022-05-17 08:11:02,499 - Utils.utils - INFO - Requisição <<GET>> realizada com sucesso, status code: 200
2022-05-17 08:11:02,499 - thots.thot_parse - INFO - Segundo padrão de regex definido com sucesso!
2022-05-17 08:11:02,695 - Utils.utils - INFO - Requisição <<GET>> realizada com sucesso, status code: 200
2022-05-17 08:11:02,697 - thots.thot_parse - INFO - Usando método alternativo para encontrar a quantidade de videos.
2022-05-17 08:11:02,886 - Utils.utils - INFO - Requisição <<GET>> realizada com sucesso, status code: 200
2022-05-17 08:11:03,082 - Utils.utils - INFO - Requisição <<GET>> realizada com sucesso, status code: 200
2022-05-17 08:11:03,274 - Utils.utils - INFO - Requisição <<GET>> realizada com sucesso, status code: 200
2022-05-17 08:11:03,465 - Utils.utils - INFO - Requisição <<GET>> realizada com sucesso, status code: 200
2022-05-17 08:11:03,655 - Utils.utils - INFO - Requisição <<GET>> realizada com sucesso, status code: 200
2022-05-17 08:11:03,657 - thots.thot_parse - INFO - Foi encontrado um total de : 0 videos restantes.
2022-05-17 08:11:03,658 - thots.thots - WARNING - ---------------| emilysales - Fim da lista de videos.
2022-05-17 08:11:03,658 - thots.thots - WARNING - ---------------| Iniciando tarefa esposagulosinha, 9 de 17
2022-05-17 08:11:03,658 - thots.thot_parse - INFO - Definindo o padrão de regex...
2022-05-17 08:11:04,060 - Utils.utils - INFO - Requisição <<GET>> realizada com sucesso, status code: 200
2022-05-17 08:11:04,061 - thots.thot_parse - INFO - Segundo padrão de regex definido com sucesso!
2022-05-17 08:11:04,258 - Utils.utils - INFO - Requisição <<GET>> realizada com sucesso, status code: 200
2022-05-17 08:11:04,260 - thots.thot_parse - INFO - Usando método alternativo para encontrar a quantidade de videos.
2022-05-17 08:11:04,461 - Utils.utils - INFO - Requisição <<GET>> realizada com sucesso, status code: 200
2022-05-17 08:11:04,687 - Utils.utils - INFO - Requisição <<GET>> realizada com sucesso, status code: 200
2022-05-17 08:11:04,907 - Utils.utils - INFO - Requisição <<GET>> realizada com sucesso, status code: 200
2022-05-17 08:11:05,107 - Utils.utils - INFO - Requisição <<GET>> realizada com sucesso, status code: 200
2022-05-17 08:11:05,307 - Utils.utils - INFO - Requisição <<GET>> realizada com sucesso, status code: 200
2022-05-17 08:11:05,508 - Utils.utils - INFO - Requisição <<GET>> realizada com sucesso, status code: 200
2022-05-17 08:11:05,706 - Utils.utils - INFO - Requisição <<GET>> realizada com sucesso, status code: 200
2022-05-17 08:11:05,900 - Utils.utils - INFO - Requisição <<GET>> realizada com sucesso, status code: 200
2022-05-17 08:11:05,904 - thots.thot_parse - INFO - Foi encontrado um total de : -2 videos restantes.
2022-05-17 08:11:05,905 - thots.thots - WARNING - ---------------| esposagulosinha - Fim da lista de videos.
2022-05-17 08:11:05,905 - thots.thots - WARNING - ---------------| Iniciando tarefa fabioeanaes, 10 de 17
2022-05-17 08:11:05,905 - thots.thot_parse - INFO - Definindo o padrão de regex...
2022-05-17 08:11:06,440 - Utils.utils - INFO - Requisição <<GET>> realizada com sucesso, status code: 200
2022-05-17 08:11:06,441 - thots.thot_parse - INFO - Segundo padrão de regex definido com sucesso!
2022-05-17 08:11:06,638 - Utils.utils - INFO - Requisição <<GET>> realizada com sucesso, status code: 200
2022-05-17 08:11:06,640 - thots.thot_parse - INFO - Usando método alternativo para encontrar a quantidade de videos.
2022-05-17 08:11:06,833 - Utils.utils - INFO - Requisição <<GET>> realizada com sucesso, status code: 200
2022-05-17 08:11:07,027 - Utils.utils - INFO - Requisição <<GET>> realizada com sucesso, status code: 200
2022-05-17 08:11:07,238 - Utils.utils - INFO - Requisição <<GET>> realizada com sucesso, status code: 200
2022-05-17 08:11:07,473 - Utils.utils - INFO - Requisição <<GET>> realizada com sucesso, status code: 200
2022-05-17 08:11:07,709 - Utils.utils - INFO - Requisição <<GET>> realizada com sucesso, status code: 200
2022-05-17 08:11:07,712 - thots.thot_parse - INFO - Foi encontrado um total de : -1 videos restantes.
2022-05-17 08:11:07,712 - thots.thots - WARNING - ---------------| fabioeanaes - Fim da lista de videos.
2022-05-17 08:11:07,712 - thots.thots - WARNING - ---------------| Iniciando tarefa helenafilmes, 11 de 17
2022-05-17 08:11:07,713 - thots.thot_parse - INFO - Definindo o padrão de regex...
2022-05-17 08:11:08,172 - Utils.utils - INFO - Requisição <<GET>> realizada com sucesso, status code: 200
2022-05-17 08:11:08,173 - thots.thot_parse - INFO - Segundo padrão de regex definido com sucesso!
2022-05-17 08:11:08,376 - Utils.utils - INFO - Requisição <<GET>> realizada com sucesso, status code: 200
2022-05-17 08:11:08,378 - thots.thot_parse - INFO - Usando método alternativo para encontrar a quantidade de videos.
2022-05-17 08:11:08,608 - Utils.utils - INFO - Requisição <<GET>> realizada com sucesso, status code: 200
2022-05-17 08:11:08,801 - Utils.utils - INFO - Requisição <<GET>> realizada com sucesso, status code: 200
2022-05-17 08:11:08,803 - thots.thot_parse - INFO - Foi encontrado um total de : 0 videos restantes.
2022-05-17 08:11:08,803 - thots.thots - WARNING - ---------------| helenafilmes - Fim da lista de videos.
2022-05-17 08:11:08,804 - thots.thots - WARNING - ---------------| Iniciando tarefa lualencar11, 12 de 17
2022-05-17 08:11:08,804 - thots.thot_parse - INFO - Definindo o padrão de regex...
2022-05-17 08:11:09,204 - Utils.utils - INFO - Requisição <<GET>> realizada com sucesso, status code: 200
2022-05-17 08:11:09,204 - thots.thot_parse - INFO - Segundo padrão de regex definido com sucesso!
2022-05-17 08:11:09,421 - Utils.utils - INFO - Requisição <<GET>> realizada com sucesso, status code: 200
2022-05-17 08:11:09,423 - thots.thot_parse - INFO - Usando método alternativo para encontrar a quantidade de videos.
2022-05-17 08:11:09,654 - Utils.utils - INFO - Requisição <<GET>> realizada com sucesso, status code: 200
2022-05-17 08:11:09,654 - thots.thot_parse - INFO - Foi encontrado um total de : 0 videos restantes.
2022-05-17 08:11:09,654 - thots.thots - WARNING - ---------------| lualencar11 - Fim da lista de videos.
2022-05-17 08:11:09,655 - thots.thots - WARNING - ---------------| Iniciando tarefa melissadias, 13 de 17
2022-05-17 08:11:09,655 - thots.thot_parse - INFO - Definindo o padrão de regex...
2022-05-17 08:11:09,907 - Utils.utils - INFO - Requisição <<GET>> realizada com sucesso, status code: 200
2022-05-17 08:11:09,907 - thots.thot_parse - INFO - Segundo padrão de regex definido com sucesso!
2022-05-17 08:11:10,157 - Utils.utils - INFO - Requisição <<GET>> realizada com sucesso, status code: 200
2022-05-17 08:11:10,159 - thots.thot_parse - INFO - Usando método alternativo para encontrar a quantidade de videos.
2022-05-17 08:11:10,428 - Utils.utils - INFO - Requisição <<GET>> realizada com sucesso, status code: 200
2022-05-17 08:11:10,687 - Utils.utils - INFO - Requisição <<GET>> realizada com sucesso, status code: 200
2022-05-17 08:11:10,881 - Utils.utils - INFO - Requisição <<GET>> realizada com sucesso, status code: 200
2022-05-17 08:11:11,077 - Utils.utils - INFO - Requisição <<GET>> realizada com sucesso, status code: 200
2022-05-17 08:11:11,271 - Utils.utils - INFO - Requisição <<GET>> realizada com sucesso, status code: 200
2022-05-17 08:11:11,465 - Utils.utils - INFO - Requisição <<GET>> realizada com sucesso, status code: 200
2022-05-17 08:11:11,655 - Utils.utils - INFO - Requisição <<GET>> realizada com sucesso, status code: 200
2022-05-17 08:11:11,659 - thots.thot_parse - INFO - Foi encontrado um total de : 0 videos restantes.
2022-05-17 08:11:11,659 - thots.thots - WARNING - ---------------| melissadias - Fim da lista de videos.
2022-05-17 08:11:11,660 - thots.thots - WARNING - ---------------| Iniciando tarefa nicoleballs_trans, 14 de 17
2022-05-17 08:11:11,660 - thots.thot_parse - INFO - Definindo o padrão de regex...
2022-05-17 08:11:11,867 - Utils.utils - INFO - Requisição <<GET>> realizada com sucesso, status code: 200
2022-05-17 08:11:11,867 - thots.thot_parse - INFO - Segundo padrão de regex definido com sucesso!
2022-05-17 08:11:12,071 - Utils.utils - INFO - Requisição <<GET>> realizada com sucesso, status code: 200
2022-05-17 08:11:12,073 - thots.thot_parse - INFO - Usando método alternativo para encontrar a quantidade de videos.
2022-05-17 08:11:12,274 - Utils.utils - INFO - Requisição <<GET>> realizada com sucesso, status code: 200
2022-05-17 08:11:12,479 - Utils.utils - INFO - Requisição <<GET>> realizada com sucesso, status code: 200
2022-05-17 08:11:12,480 - thots.thot_parse - INFO - Foi encontrado um total de : 0 videos restantes.
2022-05-17 08:11:12,481 - thots.thots - WARNING - ---------------| nicoleballs_trans - Fim da lista de videos.
2022-05-17 08:11:12,481 - thots.thots - WARNING - ---------------| Iniciando tarefa nikkecasada, 15 de 17
2022-05-17 08:11:12,482 - thots.thot_parse - INFO - Definindo o padrão de regex...
2022-05-17 08:11:12,911 - Utils.utils - INFO - Requisição <<GET>> realizada com sucesso, status code: 200
2022-05-17 08:11:12,912 - thots.thot_parse - INFO - Segundo padrão de regex definido com sucesso!
2022-05-17 08:11:13,104 - Utils.utils - INFO - Requisição <<GET>> realizada com sucesso, status code: 200
2022-05-17 08:11:13,106 - thots.thot_parse - INFO - Usando método alternativo para encontrar a quantidade de videos.
2022-05-17 08:11:13,311 - Utils.utils - INFO - Requisição <<GET>> realizada com sucesso, status code: 200
2022-05-17 08:11:13,506 - Utils.utils - INFO - Requisição <<GET>> realizada com sucesso, status code: 200
2022-05-17 08:11:13,702 - Utils.utils - INFO - Requisição <<GET>> realizada com sucesso, status code: 200
2022-05-17 08:11:13,894 - Utils.utils - INFO - Requisição <<GET>> realizada com sucesso, status code: 200
2022-05-17 08:11:14,112 - Utils.utils - INFO - Requisição <<GET>> realizada com sucesso, status code: 200
2022-05-17 08:11:14,114 - thots.thot_parse - INFO - Foi encontrado um total de : 0 videos restantes.
2022-05-17 08:11:14,114 - thots.thots - WARNING - ---------------| nikkecasada - Fim da lista de videos.
2022-05-17 08:11:14,114 - thots.thots - WARNING - ---------------| Iniciando tarefa tatycasadinha, 16 de 17
2022-05-17 08:11:14,558 - thots.thots - WARNING - ---------------| tatycasadinha - Fim da lista de videos.
2022-05-17 08:11:14,558 - thots.thots - WARNING - ---------------| Iniciando tarefa vidasafada, 17 de 17
2022-05-17 08:11:14,558 - thots.thot_parse - INFO - Definindo o padrão de regex...
2022-05-17 08:11:14,973 - Utils.utils - INFO - Requisição <<GET>> realizada com sucesso, status code: 200
2022-05-17 08:11:14,973 - thots.thot_parse - INFO - Segundo padrão de regex definido com sucesso!
2022-05-17 08:11:15,179 - Utils.utils - INFO - Requisição <<GET>> realizada com sucesso, status code: 200
2022-05-17 08:11:15,181 - thots.thot_parse - INFO - Usando método alternativo para encontrar a quantidade de videos.
2022-05-17 08:11:15,421 - Utils.utils - INFO - Requisição <<GET>> realizada com sucesso, status code: 200
2022-05-17 08:11:15,643 - Utils.utils - INFO - Requisição <<GET>> realizada com sucesso, status code: 200
2022-05-17 08:11:15,857 - Utils.utils - INFO - Requisição <<GET>> realizada com sucesso, status code: 200
2022-05-17 08:11:16,060 - Utils.utils - INFO - Requisição <<GET>> realizada com sucesso, status code: 200
2022-05-17 08:11:16,258 - Utils.utils - INFO - Requisição <<GET>> realizada com sucesso, status code: 200
2022-05-17 08:11:16,464 - Utils.utils - INFO - Requisição <<GET>> realizada com sucesso, status code: 200
2022-05-17 08:11:16,675 - Utils.utils - INFO - Requisição <<GET>> realizada com sucesso, status code: 200
2022-05-17 08:11:16,679 - thots.thot_parse - INFO - Foi encontrado um total de : 0 videos restantes.
2022-05-17 08:11:16,679 - thots.thots - WARNING - ---------------| vidasafada - Fim da lista de videos.
2022-05-17 08:11:16,680 - __main__ - INFO - Fazendo backup dos IDs na API backup...
2022-05-17 08:11:16,680 - __main__ - INFO - Salvando ID's da API localmente....
2022-05-17 08:11:16,931 - Utils.utils - INFO - Requisição <<GET>> realizada com sucesso, status code: 200
2022-05-17 08:11:17,521 - Utils.utils - INFO - Requisição <<GET>> realizada com sucesso, status code: 200
2022-05-17 12:11:35,079 - Utils.utils - INFO - Ambiente de produção ativado
2022-05-17 12:11:35,373 - Utils.utils - INFO - Requisição <<GET>> realizada com sucesso, status code: 200
2022-05-17 12:11:35,409 - __main__ - INFO - Checando thotsbay forum...
2022-05-17 12:11:35,410 - Utils.thotshub - INFO - Autorizando...
2022-05-17 12:11:35,602 - Utils.utils - INFO - Requisição <<GET>> realizada com sucesso, status code: 200
2022-05-17 12:11:36,498 - Utils.utils - INFO - Requisição <<POST>> realizada com sucesso, status code: 200
2022-05-17 12:11:36,499 - Utils.thotshub - INFO - Autorizado
2022-05-17 12:11:36,500 - Utils.thotshub - INFO - Logado no thotsbay com sucesso.
2022-05-17 12:11:36,500 - __main__ - INFO - Checando colab...
2022-05-17 12:11:36,500 - Utils.utils - INFO - COLAB enviorement not detected
2022-05-17 12:11:36,501 - __main__ - INFO - Checando config...
2022-05-17 12:11:37,096 - Utils.utils - INFO - Requisição <<GET>> realizada com sucesso, status code: 200
2022-05-17 12:11:38,097 - __main__ - INFO - Checando ids...
2022-05-17 12:11:38,376 - Utils.utils - INFO - Requisição <<GET>> realizada com sucesso, status code: 200
2022-05-17 12:11:38,377 - thots.thots - WARNING - ---------------| Iniciando tarefa afroditehotwife, 1 de 17
2022-05-17 12:11:38,377 - thots.thot_parse - INFO - Definindo o padrão de regex...
2022-05-17 12:11:39,003 - Utils.utils - INFO - Requisição <<GET>> realizada com sucesso, status code: 200
2022-05-17 12:11:39,004 - thots.thot_parse - INFO - Segundo padrão de regex definido com sucesso!
2022-05-17 12:11:39,307 - Utils.utils - INFO - Requisição <<GET>> realizada com sucesso, status code: 200
2022-05-17 12:11:39,309 - thots.thot_parse - INFO - Usando método alternativo para encontrar a quantidade de videos.
2022-05-17 12:11:39,703 - Utils.utils - INFO - Requisição <<GET>> realizada com sucesso, status code: 200
2022-05-17 12:11:39,964 - Utils.utils - INFO - Requisição <<GET>> realizada com sucesso, status code: 200
2022-05-17 12:11:40,242 - Utils.utils - INFO - Requisição <<GET>> realizada com sucesso, status code: 200
2022-05-17 12:11:40,508 - Utils.utils - INFO - Requisição <<GET>> realizada com sucesso, status code: 200
2022-05-17 12:11:40,768 - Utils.utils - INFO - Requisição <<GET>> realizada com sucesso, status code: 200
2022-05-17 12:11:41,022 - Utils.utils - INFO - Requisição <<GET>> realizada com sucesso, status code: 200
2022-05-17 12:11:41,246 - Utils.utils - INFO - Requisição <<GET>> realizada com sucesso, status code: 200
2022-05-17 12:11:41,481 - Utils.utils - INFO - Requisição <<GET>> realizada com sucesso, status code: 200
2022-05-17 12:11:41,715 - Utils.utils - INFO - Requisição <<GET>> realizada com sucesso, status code: 200
2022-05-17 12:11:41,952 - Utils.utils - INFO - Requisição <<GET>> realizada com sucesso, status code: 200
2022-05-17 12:11:42,193 - Utils.utils - INFO - Requisição <<GET>> realizada com sucesso, status code: 200
2022-05-17 12:11:42,426 - Utils.utils - INFO - Requisição <<GET>> realizada com sucesso, status code: 200
2022-05-17 12:11:42,435 - thots.thot_parse - INFO - Foi encontrado um total de : 0 videos restantes.
2022-05-17 12:11:42,435 - thots.thots - WARNING - ---------------| afroditehotwife - Fim da lista de videos.
2022-05-17 12:11:42,435 - thots.thots - WARNING - ---------------| Iniciando tarefa agathalira, 2 de 17
2022-05-17 12:11:42,436 - thots.thot_parse - INFO - Definindo o padrão de regex...
2022-05-17 12:11:42,988 - Utils.utils - INFO - Requisição <<GET>> realizada com sucesso, status code: 200
2022-05-17 12:11:42,988 - thots.thot_parse - INFO - Primeiro padrão de regex definido com sucesso!
2022-05-17 12:11:43,272 - Utils.utils - INFO - Requisição <<GET>> realizada com sucesso, status code: 200
2022-05-17 12:11:43,274 - thots.thot_parse - INFO - Usando método alternativo para encontrar a quantidade de videos.
2022-05-17 12:11:43,550 - Utils.utils - INFO - Requisição <<GET>> realizada com sucesso, status code: 200
2022-05-17 12:11:43,843 - Utils.utils - INFO - Requisição <<GET>> realizada com sucesso, status code: 200
2022-05-17 12:11:44,121 - Utils.utils - INFO - Requisição <<GET>> realizada com sucesso, status code: 200
2022-05-17 12:11:44,390 - Utils.utils - INFO - Requisição <<GET>> realizada com sucesso, status code: 200
2022-05-17 12:11:44,660 - Utils.utils - INFO - Requisição <<GET>> realizada com sucesso, status code: 200
2022-05-17 12:11:44,951 - Utils.utils - INFO - Requisição <<GET>> realizada com sucesso, status code: 200
2022-05-17 12:11:45,253 - Utils.utils - INFO - Requisição <<GET>> realizada com sucesso, status code: 200
2022-05-17 12:11:45,650 - Utils.utils - INFO - Requisição <<GET>> realizada com sucesso, status code: 200
2022-05-17 12:11:46,030 - Utils.utils - INFO - Requisição <<GET>> realizada com sucesso, status code: 200
2022-05-17 12:11:46,331 - Utils.utils - INFO - Requisição <<GET>> realizada com sucesso, status code: 200
2022-05-17 12:11:46,613 - Utils.utils - INFO - Requisição <<GET>> realizada com sucesso, status code: 200
2022-05-17 12:11:46,892 - Utils.utils - INFO - Requisição <<GET>> realizada com sucesso, status code: 200
2022-05-17 12:11:47,091 - Utils.utils - INFO - Requisição <<GET>> realizada com sucesso, status code: 200
2022-05-17 12:11:47,101 - thots.thot_parse - INFO - Foi encontrado um total de : -5 videos restantes.
2022-05-17 12:11:47,101 - thots.thots - WARNING - ---------------| agathalira - Fim da lista de videos.
2022-05-17 12:11:47,101 - thots.thots - WARNING - ---------------| Iniciando tarefa barbaracastroo, 3 de 17
2022-05-17 12:11:47,102 - thots.thot_parse - INFO - Definindo o padrão de regex...
2022-05-17 12:11:47,392 - Utils.utils - INFO - Requisição <<GET>> realizada com sucesso, status code: 200
2022-05-17 12:11:47,393 - thots.thot_parse - INFO - Segundo padrão de regex definido com sucesso!
2022-05-17 12:11:47,557 - Utils.utils - INFO - Requisição <<GET>> realizada com sucesso, status code: 200
2022-05-17 12:11:47,559 - thots.thot_parse - INFO - Usando método alternativo para encontrar a quantidade de videos.
2022-05-17 12:11:47,714 - Utils.utils - INFO - Requisição <<GET>> realizada com sucesso, status code: 200
2022-05-17 12:11:47,714 - thots.thot_parse - INFO - Foi encontrado um total de : 0 videos restantes.
2022-05-17 12:11:47,714 - thots.thots - WARNING - ---------------| barbaracastroo - Fim da lista de videos.
2022-05-17 12:11:47,714 - thots.thots - WARNING - ---------------| Iniciando tarefa bellacasada, 4 de 17
2022-05-17 12:11:47,715 - thots.thot_parse - INFO - Definindo o padrão de regex...
2022-05-17 12:11:48,075 - Utils.utils - INFO - Requisição <<GET>> realizada com sucesso, status code: 200
2022-05-17 12:11:48,076 - thots.thot_parse - INFO - Segundo padrão de regex definido com sucesso!
2022-05-17 12:11:48,262 - Utils.utils - INFO - Requisição <<GET>> realizada com sucesso, status code: 200
2022-05-17 12:11:48,264 - thots.thot_parse - INFO - Usando método alternativo para encontrar a quantidade de videos.
2022-05-17 12:11:48,455 - Utils.utils - INFO - Requisição <<GET>> realizada com sucesso, status code: 200
2022-05-17 12:11:48,637 - Utils.utils - INFO - Requisição <<GET>> realizada com sucesso, status code: 200
2022-05-17 12:11:48,821 - Utils.utils - INFO - Requisição <<GET>> realizada com sucesso, status code: 200
2022-05-17 12:11:49,000 - Utils.utils - INFO - Requisição <<GET>> realizada com sucesso, status code: 200
2022-05-17 12:11:49,177 - Utils.utils - INFO - Requisição <<GET>> realizada com sucesso, status code: 200
2022-05-17 12:11:49,355 - Utils.utils - INFO - Requisição <<GET>> realizada com sucesso, status code: 200
2022-05-17 12:11:49,358 - thots.thot_parse - INFO - Foi encontrado um total de : -2 videos restantes.
2022-05-17 12:11:49,358 - thots.thots - WARNING - ---------------| bellacasada - Fim da lista de videos.
2022-05-17 12:11:49,358 - thots.thots - WARNING - ---------------| Iniciando tarefa casalruivaecornooficial, 5 de 17
2022-05-17 12:11:49,358 - thots.thot_parse - INFO - Definindo o padrão de regex...
2022-05-17 12:11:49,534 - Utils.utils - INFO - Requisição <<GET>> realizada com sucesso, status code: 200
2022-05-17 12:11:49,535 - thots.thot_parse - INFO - Segundo padrão de regex definido com sucesso!
2022-05-17 12:11:49,733 - Utils.utils - INFO - Requisição <<GET>> realizada com sucesso, status code: 200
2022-05-17 12:11:49,735 - thots.thot_parse - INFO - Usando método alternativo para encontrar a quantidade de videos.
2022-05-17 12:11:49,889 - Utils.utils - INFO - Requisição <<GET>> realizada com sucesso, status code: 200
2022-05-17 12:11:50,040 - Utils.utils - INFO - Requisição <<GET>> realizada com sucesso, status code: 200
2022-05-17 12:11:50,201 - Utils.utils - INFO - Requisição <<GET>> realizada com sucesso, status code: 200
2022-05-17 12:11:50,350 - Utils.utils - INFO - Requisição <<GET>> realizada com sucesso, status code: 200
2022-05-17 12:11:50,498 - Utils.utils - INFO - Requisição <<GET>> realizada com sucesso, status code: 200
2022-05-17 12:11:50,650 - Utils.utils - INFO - Requisição <<GET>> realizada com sucesso, status code: 200
2022-05-17 12:11:50,652 - thots.thot_parse - INFO - Foi encontrado um total de : 0 videos restantes.
2022-05-17 12:11:50,652 - thots.thots - WARNING - ---------------| casalruivaecornooficial - Fim da lista de videos.
2022-05-17 12:11:50,653 - thots.thots - WARNING - ---------------| Iniciando tarefa casaltopbessa, 6 de 17
2022-05-17 12:11:50,653 - thots.thot_parse - INFO - Definindo o padrão de regex...
2022-05-17 12:11:50,802 - Utils.utils - INFO - Requisição <<GET>> realizada com sucesso, status code: 200
2022-05-17 12:11:50,802 - thots.thot_parse - INFO - Segundo padrão de regex definido com sucesso!
2022-05-17 12:11:50,970 - Utils.utils - INFO - Requisição <<GET>> realizada com sucesso, status code: 200
2022-05-17 12:11:50,971 - thots.thot_parse - INFO - Usando método alternativo para encontrar a quantidade de videos.
2022-05-17 12:11:51,121 - Utils.utils - INFO - Requisição <<GET>> realizada com sucesso, status code: 200
2022-05-17 12:11:51,337 - Utils.utils - INFO - Requisição <<GET>> realizada com sucesso, status code: 200
2022-05-17 12:11:51,337 - thots.thot_parse - INFO - Foi encontrado um total de : -2 videos restantes.
2022-05-17 12:11:51,338 - thots.thots - WARNING - ---------------| casaltopbessa - Fim da lista de videos.
2022-05-17 12:11:51,338 - thots.thots - WARNING - ---------------| Iniciando tarefa elaquer, 7 de 17
2022-05-17 12:11:51,338 - thots.thot_parse - INFO - Definindo o padrão de regex...
2022-05-17 12:11:51,556 - Utils.utils - INFO - Requisição <<GET>> realizada com sucesso, status code: 200
2022-05-17 12:11:51,557 - thots.thot_parse - INFO - Segundo padrão de regex definido com sucesso!
2022-05-17 12:11:51,712 - Utils.utils - INFO - Requisição <<GET>> realizada com sucesso, status code: 200
2022-05-17 12:11:51,713 - thots.thot_parse - INFO - Usando método alternativo para encontrar a quantidade de videos.
2022-05-17 12:11:51,907 - Utils.utils - INFO - Requisição <<GET>> realizada com sucesso, status code: 200
2022-05-17 12:11:52,060 - Utils.utils - INFO - Requisição <<GET>> realizada com sucesso, status code: 200
2022-05-17 12:11:52,269 - Utils.utils - INFO - Requisição <<GET>> realizada com sucesso, status code: 200
2022-05-17 12:11:52,420 - Utils.utils - INFO - Requisição <<GET>> realizada com sucesso, status code: 200
2022-05-17 12:11:52,422 - thots.thot_parse - INFO - Foi encontrado um total de : 0 videos restantes.
2022-05-17 12:11:52,423 - thots.thots - WARNING - ---------------| elaquer - Fim da lista de videos.
2022-05-17 12:11:52,423 - thots.thots - WARNING - ---------------| Iniciando tarefa emilysales, 8 de 17
2022-05-17 12:11:52,423 - thots.thot_parse - INFO - Definindo o padrão de regex...
2022-05-17 12:11:52,577 - Utils.utils - INFO - Requisição <<GET>> realizada com sucesso, status code: 200
2022-05-17 12:11:52,578 - thots.thot_parse - INFO - Segundo padrão de regex definido com sucesso!
2022-05-17 12:11:52,739 - Utils.utils - INFO - Requisição <<GET>> realizada com sucesso, status code: 200
2022-05-17 12:11:52,740 - thots.thot_parse - INFO - Usando método alternativo para encontrar a quantidade de videos.
2022-05-17 12:11:52,893 - Utils.utils - INFO - Requisição <<GET>> realizada com sucesso, status code: 200
2022-05-17 12:11:53,052 - Utils.utils - INFO - Requisição <<GET>> realizada com sucesso, status code: 200
2022-05-17 12:11:53,218 - Utils.utils - INFO - Requisição <<GET>> realizada com sucesso, status code: 200
2022-05-17 12:11:53,385 - Utils.utils - INFO - Requisição <<GET>> realizada com sucesso, status code: 200
2022-05-17 12:11:53,551 - Utils.utils - INFO - Requisição <<GET>> realizada com sucesso, status code: 200
2022-05-17 12:11:53,553 - thots.thot_parse - INFO - Foi encontrado um total de : 0 videos restantes.
2022-05-17 12:11:53,553 - thots.thots - WARNING - ---------------| emilysales - Fim da lista de videos.
2022-05-17 12:11:53,553 - thots.thots - WARNING - ---------------| Iniciando tarefa esposagulosinha, 9 de 17
2022-05-17 12:11:53,553 - thots.thot_parse - INFO - Definindo o padrão de regex...
2022-05-17 12:11:53,922 - Utils.utils - INFO - Requisição <<GET>> realizada com sucesso, status code: 200
2022-05-17 12:11:53,923 - thots.thot_parse - INFO - Segundo padrão de regex definido com sucesso!
2022-05-17 12:11:54,102 - Utils.utils - INFO - Requisição <<GET>> realizada com sucesso, status code: 200
2022-05-17 12:11:54,103 - thots.thot_parse - INFO - Usando método alternativo para encontrar a quantidade de videos.
2022-05-17 12:11:54,271 - Utils.utils - INFO - Requisição <<GET>> realizada com sucesso, status code: 200
2022-05-17 12:11:54,467 - Utils.utils - INFO - Requisição <<GET>> realizada com sucesso, status code: 200
2022-05-17 12:11:54,644 - Utils.utils - INFO - Requisição <<GET>> realizada com sucesso, status code: 200
2022-05-17 12:11:54,814 - Utils.utils - INFO - Requisição <<GET>> realizada com sucesso, status code: 200
2022-05-17 12:11:54,984 - Utils.utils - INFO - Requisição <<GET>> realizada com sucesso, status code: 200
2022-05-17 12:11:55,156 - Utils.utils - INFO - Requisição <<GET>> realizada com sucesso, status code: 200
2022-05-17 12:11:55,332 - Utils.utils - INFO - Requisição <<GET>> realizada com sucesso, status code: 200
2022-05-17 12:11:55,530 - Utils.utils - INFO - Requisição <<GET>> realizada com sucesso, status code: 200
2022-05-17 12:11:55,533 - thots.thot_parse - INFO - Foi encontrado um total de : -2 videos restantes.
2022-05-17 12:11:55,534 - thots.thots - WARNING - ---------------| esposagulosinha - Fim da lista de videos.
2022-05-17 12:11:55,534 - thots.thots - WARNING - ---------------| Iniciando tarefa fabioeanaes, 10 de 17
2022-05-17 12:11:55,534 - thots.thot_parse - INFO - Definindo o padrão de regex...
2022-05-17 12:11:56,047 - Utils.utils - INFO - Requisição <<GET>> realizada com sucesso, status code: 200
2022-05-17 12:11:56,048 - thots.thot_parse - INFO - Segundo padrão de regex definido com sucesso!
2022-05-17 12:11:56,238 - Utils.utils - INFO - Requisição <<GET>> realizada com sucesso, status code: 200
2022-05-17 12:11:56,239 - thots.thot_parse - INFO - Usando método alternativo para encontrar a quantidade de videos.
2022-05-17 12:11:56,411 - Utils.utils - INFO - Requisição <<GET>> realizada com sucesso, status code: 200
2022-05-17 12:11:56,583 - Utils.utils - INFO - Requisição <<GET>> realizada com sucesso, status code: 200
2022-05-17 12:11:56,757 - Utils.utils - INFO - Requisição <<GET>> realizada com sucesso, status code: 200
2022-05-17 12:11:56,936 - Utils.utils - INFO - Requisição <<GET>> realizada com sucesso, status code: 200
2022-05-17 12:11:57,116 - Utils.utils - INFO - Requisição <<GET>> realizada com sucesso, status code: 200
2022-05-17 12:11:57,118 - thots.thot_parse - INFO - Foi encontrado um total de : -1 videos restantes.
2022-05-17 12:11:57,119 - thots.thots - WARNING - ---------------| fabioeanaes - Fim da lista de videos.
2022-05-17 12:11:57,119 - thots.thots - WARNING - ---------------| Iniciando tarefa helenafilmes, 11 de 17
2022-05-17 12:11:57,119 - thots.thot_parse - INFO - Definindo o padrão de regex...
2022-05-17 12:11:57,444 - Utils.utils - INFO - Requisição <<GET>> realizada com sucesso, status code: 200
2022-05-17 12:11:57,445 - thots.thot_parse - INFO - Segundo padrão de regex definido com sucesso!
2022-05-17 12:11:57,598 - Utils.utils - INFO - Requisição <<GET>> realizada com sucesso, status code: 200
2022-05-17 12:11:57,600 - thots.thot_parse - INFO - Usando método alternativo para encontrar a quantidade de videos.
2022-05-17 12:11:57,753 - Utils.utils - INFO - Requisição <<GET>> realizada com sucesso, status code: 200
2022-05-17 12:11:57,906 - Utils.utils - INFO - Requisição <<GET>> realizada com sucesso, status code: 200
2022-05-17 12:11:57,906 - thots.thot_parse - INFO - Foi encontrado um total de : 0 videos restantes.
2022-05-17 12:11:57,907 - thots.thots - WARNING - ---------------| helenafilmes - Fim da lista de videos.
2022-05-17 12:11:57,907 - thots.thots - WARNING - ---------------| Iniciando tarefa lualencar11, 12 de 17
2022-05-17 12:11:57,907 - thots.thot_parse - INFO - Definindo o padrão de regex...
2022-05-17 12:11:58,066 - Utils.utils - INFO - Requisição <<GET>> realizada com sucesso, status code: 200
2022-05-17 12:11:58,066 - thots.thot_parse - INFO - Segundo padrão de regex definido com sucesso!
2022-05-17 12:11:58,222 - Utils.utils - INFO - Requisição <<GET>> realizada com sucesso, status code: 200
2022-05-17 12:11:58,223 - thots.thot_parse - INFO - Usando método alternativo para encontrar a quantidade de videos.
2022-05-17 12:11:58,391 - Utils.utils - INFO - Requisição <<GET>> realizada com sucesso, status code: 200
2022-05-17 12:11:58,391 - thots.thot_parse - INFO - Foi encontrado um total de : 0 videos restantes.
2022-05-17 12:11:58,391 - thots.thots - WARNING - ---------------| lualencar11 - Fim da lista de videos.
2022-05-17 12:11:58,391 - thots.thots - WARNING - ---------------| Iniciando tarefa melissadias, 13 de 17
2022-05-17 12:11:58,392 - thots.thot_parse - INFO - Definindo o padrão de regex...
2022-05-17 12:11:58,611 - Utils.utils - INFO - Requisição <<GET>> realizada com sucesso, status code: 200
2022-05-17 12:11:58,611 - thots.thot_parse - INFO - Segundo padrão de regex definido com sucesso!
2022-05-17 12:11:58,791 - Utils.utils - INFO - Requisição <<GET>> realizada com sucesso, status code: 200
2022-05-17 12:11:58,794 - thots.thot_parse - INFO - Usando método alternativo para encontrar a quantidade de videos.
2022-05-17 12:11:58,995 - Utils.utils - INFO - Requisição <<GET>> realizada com sucesso, status code: 200
2022-05-17 12:11:59,219 - Utils.utils - INFO - Requisição <<GET>> realizada com sucesso, status code: 200
2022-05-17 12:11:59,433 - Utils.utils - INFO - Requisição <<GET>> realizada com sucesso, status code: 200
2022-05-17 12:11:59,656 - Utils.utils - INFO - Requisição <<GET>> realizada com sucesso, status code: 200
2022-05-17 12:11:59,875 - Utils.utils - INFO - Requisição <<GET>> realizada com sucesso, status code: 200
2022-05-17 12:12:00,134 - Utils.utils - INFO - Requisição <<GET>> realizada com sucesso, status code: 200
2022-05-17 12:12:00,414 - Utils.utils - INFO - Requisição <<GET>> realizada com sucesso, status code: 200
2022-05-17 12:12:00,417 - thots.thot_parse - INFO - Foi encontrado um total de : 0 videos restantes.
2022-05-17 12:12:00,417 - thots.thots - WARNING - ---------------| melissadias - Fim da lista de videos.
2022-05-17 12:12:00,417 - thots.thots - WARNING - ---------------| Iniciando tarefa nicoleballs_trans, 14 de 17
2022-05-17 12:12:00,417 - thots.thot_parse - INFO - Definindo o padrão de regex...
2022-05-17 12:12:00,575 - Utils.utils - INFO - Requisição <<GET>> realizada com sucesso, status code: 200
2022-05-17 12:12:00,576 - thots.thot_parse - INFO - Segundo padrão de regex definido com sucesso!
2022-05-17 12:12:00,761 - Utils.utils - INFO - Requisição <<GET>> realizada com sucesso, status code: 200
2022-05-17 12:12:00,762 - thots.thot_parse - INFO - Usando método alternativo para encontrar a quantidade de videos.
2022-05-17 12:12:00,930 - Utils.utils - INFO - Requisição <<GET>> realizada com sucesso, status code: 200
2022-05-17 12:12:01,082 - Utils.utils - INFO - Requisição <<GET>> realizada com sucesso, status code: 200
2022-05-17 12:12:01,083 - thots.thot_parse - INFO - Foi encontrado um total de : 0 videos restantes.
2022-05-17 12:12:01,083 - thots.thots - WARNING - ---------------| nicoleballs_trans - Fim da lista de videos.
2022-05-17 12:12:01,083 - thots.thots - WARNING - ---------------| Iniciando tarefa nikkecasada, 15 de 17
2022-05-17 12:12:01,083 - thots.thot_parse - INFO - Definindo o padrão de regex...
2022-05-17 12:12:01,446 - Utils.utils - INFO - Requisição <<GET>> realizada com sucesso, status code: 200
2022-05-17 12:12:01,447 - thots.thot_parse - INFO - Segundo padrão de regex definido com sucesso!
2022-05-17 12:12:01,653 - Utils.utils - INFO - Requisição <<GET>> realizada com sucesso, status code: 200
2022-05-17 12:12:01,655 - thots.thot_parse - INFO - Usando método alternativo para encontrar a quantidade de videos.
2022-05-17 12:12:01,864 - Utils.utils - INFO - Requisição <<GET>> realizada com sucesso, status code: 200
2022-05-17 12:12:02,071 - Utils.utils - INFO - Requisição <<GET>> realizada com sucesso, status code: 200
2022-05-17 12:12:02,247 - Utils.utils - INFO - Requisição <<GET>> realizada com sucesso, status code: 200
2022-05-17 12:12:02,417 - Utils.utils - INFO - Requisição <<GET>> realizada com sucesso, status code: 200
2022-05-17 12:12:02,579 - Utils.utils - INFO - Requisição <<GET>> realizada com sucesso, status code: 200
2022-05-17 12:12:02,580 - thots.thot_parse - INFO - Foi encontrado um total de : 0 videos restantes.
2022-05-17 12:12:02,580 - thots.thots - WARNING - ---------------| nikkecasada - Fim da lista de videos.
2022-05-17 12:12:02,580 - thots.thots - WARNING - ---------------| Iniciando tarefa tatycasadinha, 16 de 17
2022-05-17 12:12:02,888 - thots.thots - WARNING - ---------------| tatycasadinha - Fim da lista de videos.
2022-05-17 12:12:02,889 - thots.thots - WARNING - ---------------| Iniciando tarefa vidasafada, 17 de 17
2022-05-17 12:12:02,889 - thots.thot_parse - INFO - Definindo o padrão de regex...
2022-05-17 12:12:03,235 - Utils.utils - INFO - Requisição <<GET>> realizada com sucesso, status code: 200
2022-05-17 12:12:03,235 - thots.thot_parse - INFO - Segundo padrão de regex definido com sucesso!
2022-05-17 12:12:03,559 - Utils.utils - INFO - Requisição <<GET>> realizada com sucesso, status code: 200
2022-05-17 12:12:03,561 - thots.thot_parse - INFO - Usando método alternativo para encontrar a quantidade de videos.
2022-05-17 12:12:04,034 - Utils.utils - INFO - Requisição <<GET>> realizada com sucesso, status code: 200
2022-05-17 12:12:04,269 - Utils.utils - INFO - Requisição <<GET>> realizada com sucesso, status code: 200
2022-05-17 12:12:04,506 - Utils.utils - INFO - Requisição <<GET>> realizada com sucesso, status code: 200
2022-05-17 12:12:04,713 - Utils.utils - INFO - Requisição <<GET>> realizada com sucesso, status code: 200
2022-05-17 12:12:04,920 - Utils.utils - INFO - Requisição <<GET>> realizada com sucesso, status code: 200
2022-05-17 12:12:05,090 - Utils.utils - INFO - Requisição <<GET>> realizada com sucesso, status code: 200
2022-05-17 12:12:05,272 - Utils.utils - INFO - Requisição <<GET>> realizada com sucesso, status code: 200
2022-05-17 12:12:05,274 - thots.thot_parse - INFO - Foi encontrado um total de : -1 videos restantes.
2022-05-17 12:12:05,274 - thots.thots - WARNING - ---------------| vidasafada - Fim da lista de videos.
2022-05-17 12:12:05,275 - __main__ - INFO - Fazendo backup dos IDs na API backup...
2022-05-17 12:12:05,275 - __main__ - INFO - Salvando ID's da API localmente....
2022-05-17 12:12:05,593 - Utils.utils - INFO - Requisição <<GET>> realizada com sucesso, status code: 200
2022-05-17 12:12:06,186 - Utils.utils - INFO - Requisição <<GET>> realizada com sucesso, status code: 200
