2022-05-18 00:27:40,226 - Utils.utils - INFO - Ambiente de produção ativado
2022-05-18 00:27:40,597 - Utils.utils - INFO - Requisição <<GET>> realizada com sucesso, status code: 200
2022-05-18 00:27:40,644 - __main__ - INFO - Checando thotsbay forum...
2022-05-18 00:27:40,644 - Utils.thotshub - INFO - Autorizando...
2022-05-18 00:27:40,865 - Utils.utils - INFO - Requisição <<GET>> realizada com sucesso, status code: 200
2022-05-18 00:27:41,684 - Utils.utils - INFO - Requisição <<POST>> realizada com sucesso, status code: 200
2022-05-18 00:27:41,686 - Utils.thotshub - INFO - Autorizado
2022-05-18 00:27:41,686 - Utils.thotshub - INFO - Logado no thotsbay com sucesso.
2022-05-18 00:27:41,686 - __main__ - INFO - Checando colab...
2022-05-18 00:27:41,687 - Utils.utils - INFO - COLAB enviorement not detected
2022-05-18 00:27:41,687 - __main__ - INFO - Checando config...
2022-05-18 00:27:42,137 - Utils.utils - INFO - Requisição <<GET>> realizada com sucesso, status code: 200
2022-05-18 00:27:43,139 - __main__ - INFO - Checando ids...
2022-05-18 00:27:43,357 - Utils.utils - INFO - Requisição <<GET>> realizada com sucesso, status code: 200
2022-05-18 00:27:43,358 - thots.thots - WARNING - ---------------| Iniciando tarefa afroditehotwife, 1 de 17
2022-05-18 00:27:43,359 - thots.thot_parse - INFO - Definindo o padrão de regex...
2022-05-18 00:27:44,180 - Utils.utils - INFO - Requisição <<GET>> realizada com sucesso, status code: 200
2022-05-18 00:27:44,181 - thots.thot_parse - INFO - Segundo padrão de regex definido com sucesso!
2022-05-18 00:27:44,464 - Utils.utils - INFO - Requisição <<GET>> realizada com sucesso, status code: 200
2022-05-18 00:27:44,467 - thots.thot_parse - INFO - Usando método alternativo para encontrar a quantidade de videos.
2022-05-18 00:27:44,759 - Utils.utils - INFO - Requisição <<GET>> realizada com sucesso, status code: 200
2022-05-18 00:27:45,068 - Utils.utils - INFO - Requisição <<GET>> realizada com sucesso, status code: 200
2022-05-18 00:27:45,453 - Utils.utils - INFO - Requisição <<GET>> realizada com sucesso, status code: 200
2022-05-18 00:27:45,849 - Utils.utils - INFO - Requisição <<GET>> realizada com sucesso, status code: 200
2022-05-18 00:27:46,183 - Utils.utils - INFO - Requisição <<GET>> realizada com sucesso, status code: 200
2022-05-18 00:27:46,562 - Utils.utils - INFO - Requisição <<GET>> realizada com sucesso, status code: 200
2022-05-18 00:27:46,900 - Utils.utils - INFO - Requisição <<GET>> realizada com sucesso, status code: 200
2022-05-18 00:27:47,197 - Utils.utils - INFO - Requisição <<GET>> realizada com sucesso, status code: 200
2022-05-18 00:27:47,560 - Utils.utils - INFO - Requisição <<GET>> realizada com sucesso, status code: 200
2022-05-18 00:27:47,853 - Utils.utils - INFO - Requisição <<GET>> realizada com sucesso, status code: 200
2022-05-18 00:27:48,129 - Utils.utils - INFO - Requisição <<GET>> realizada com sucesso, status code: 200
2022-05-18 00:27:48,406 - Utils.utils - INFO - Requisição <<GET>> realizada com sucesso, status code: 200
2022-05-18 00:27:48,419 - thots.thot_parse - INFO - Foi encontrado um total de : 0 videos restantes.
2022-05-18 00:27:48,419 - thots.thots - WARNING - ---------------| afroditehotwife - Fim da lista de videos.
2022-05-18 00:27:48,419 - thots.thots - WARNING - ---------------| Iniciando tarefa agathalira, 2 de 17
2022-05-18 00:27:48,419 - thots.thot_parse - INFO - Definindo o padrão de regex...
2022-05-18 00:27:49,107 - Utils.utils - INFO - Requisição <<GET>> realizada com sucesso, status code: 200
2022-05-18 00:27:49,108 - thots.thot_parse - INFO - Primeiro padrão de regex definido com sucesso!
2022-05-18 00:27:49,432 - Utils.utils - INFO - Requisição <<GET>> realizada com sucesso, status code: 200
2022-05-18 00:27:49,434 - thots.thot_parse - INFO - Usando método alternativo para encontrar a quantidade de videos.
2022-05-18 00:27:49,744 - Utils.utils - INFO - Requisição <<GET>> realizada com sucesso, status code: 200
2022-05-18 00:27:50,203 - Utils.utils - INFO - Requisição <<GET>> realizada com sucesso, status code: 200
2022-05-18 00:27:50,530 - Utils.utils - INFO - Requisição <<GET>> realizada com sucesso, status code: 200
2022-05-18 00:27:50,861 - Utils.utils - INFO - Requisição <<GET>> realizada com sucesso, status code: 200
2022-05-18 00:27:51,410 - Utils.utils - INFO - Requisição <<GET>> realizada com sucesso, status code: 200
2022-05-18 00:27:51,758 - Utils.utils - INFO - Requisição <<GET>> realizada com sucesso, status code: 200
2022-05-18 00:27:52,334 - Utils.utils - INFO - Requisição <<GET>> realizada com sucesso, status code: 200
2022-05-18 00:27:52,762 - Utils.utils - INFO - Requisição <<GET>> realizada com sucesso, status code: 200
2022-05-18 00:27:53,157 - Utils.utils - INFO - Requisição <<GET>> realizada com sucesso, status code: 200
2022-05-18 00:27:53,487 - Utils.utils - INFO - Requisição <<GET>> realizada com sucesso, status code: 200
2022-05-18 00:27:53,786 - Utils.utils - INFO - Requisição <<GET>> realizada com sucesso, status code: 200
2022-05-18 00:27:54,127 - Utils.utils - INFO - Requisição <<GET>> realizada com sucesso, status code: 200
2022-05-18 00:27:54,364 - Utils.utils - INFO - Requisição <<GET>> realizada com sucesso, status code: 200
2022-05-18 00:27:54,376 - thots.thot_parse - INFO - Foi encontrado um total de : -5 videos restantes.
2022-05-18 00:27:54,377 - thots.thots - WARNING - ---------------| agathalira - Fim da lista de videos.
2022-05-18 00:27:54,377 - thots.thots - WARNING - ---------------| Iniciando tarefa barbaracastroo, 3 de 17
2022-05-18 00:27:54,377 - thots.thot_parse - INFO - Definindo o padrão de regex...
2022-05-18 00:27:54,887 - Utils.utils - INFO - Requisição <<GET>> realizada com sucesso, status code: 200
2022-05-18 00:27:54,887 - thots.thot_parse - INFO - Segundo padrão de regex definido com sucesso!
2022-05-18 00:27:55,166 - Utils.utils - INFO - Requisição <<GET>> realizada com sucesso, status code: 200
2022-05-18 00:27:55,167 - thots.thot_parse - INFO - Usando método alternativo para encontrar a quantidade de videos.
2022-05-18 00:27:55,393 - Utils.utils - INFO - Requisição <<GET>> realizada com sucesso, status code: 200
2022-05-18 00:27:55,393 - thots.thot_parse - INFO - Foi encontrado um total de : 0 videos restantes.
2022-05-18 00:27:55,394 - thots.thots - WARNING - ---------------| barbaracastroo - Fim da lista de videos.
2022-05-18 00:27:55,394 - thots.thots - WARNING - ---------------| Iniciando tarefa bellacasada, 4 de 17
2022-05-18 00:27:55,394 - thots.thot_parse - INFO - Definindo o padrão de regex...
2022-05-18 00:27:55,833 - Utils.utils - INFO - Requisição <<GET>> realizada com sucesso, status code: 200
2022-05-18 00:27:55,833 - thots.thot_parse - INFO - Segundo padrão de regex definido com sucesso!
2022-05-18 00:27:56,027 - Utils.utils - INFO - Requisição <<GET>> realizada com sucesso, status code: 200
2022-05-18 00:27:56,029 - thots.thot_parse - INFO - Usando método alternativo para encontrar a quantidade de videos.
2022-05-18 00:27:56,231 - Utils.utils - INFO - Requisição <<GET>> realizada com sucesso, status code: 200
2022-05-18 00:27:56,490 - Utils.utils - INFO - Requisição <<GET>> realizada com sucesso, status code: 200
2022-05-18 00:27:56,705 - Utils.utils - INFO - Requisição <<GET>> realizada com sucesso, status code: 200
2022-05-18 00:27:56,898 - Utils.utils - INFO - Requisição <<GET>> realizada com sucesso, status code: 200
2022-05-18 00:27:57,161 - Utils.utils - INFO - Requisição <<GET>> realizada com sucesso, status code: 200
2022-05-18 00:27:57,411 - Utils.utils - INFO - Requisição <<GET>> realizada com sucesso, status code: 200
2022-05-18 00:27:57,414 - thots.thot_parse - INFO - Foi encontrado um total de : -2 videos restantes.
2022-05-18 00:27:57,415 - thots.thots - WARNING - ---------------| bellacasada - Fim da lista de videos.
2022-05-18 00:27:57,415 - thots.thots - WARNING - ---------------| Iniciando tarefa casalruivaecornooficial, 5 de 17
2022-05-18 00:27:57,415 - thots.thot_parse - INFO - Definindo o padrão de regex...
2022-05-18 00:27:57,739 - Utils.utils - INFO - Requisição <<GET>> realizada com sucesso, status code: 200
2022-05-18 00:27:57,740 - thots.thot_parse - INFO - Segundo padrão de regex definido com sucesso!
2022-05-18 00:27:58,091 - Utils.utils - INFO - Requisição <<GET>> realizada com sucesso, status code: 200
2022-05-18 00:27:58,093 - thots.thot_parse - INFO - Usando método alternativo para encontrar a quantidade de videos.
2022-05-18 00:27:58,452 - Utils.utils - INFO - Requisição <<GET>> realizada com sucesso, status code: 200
2022-05-18 00:27:58,723 - Utils.utils - INFO - Requisição <<GET>> realizada com sucesso, status code: 200
2022-05-18 00:27:58,990 - Utils.utils - INFO - Requisição <<GET>> realizada com sucesso, status code: 200
2022-05-18 00:27:59,334 - Utils.utils - INFO - Requisição <<GET>> realizada com sucesso, status code: 200
2022-05-18 00:27:59,559 - Utils.utils - INFO - Requisição <<GET>> realizada com sucesso, status code: 200
2022-05-18 00:27:59,914 - Utils.utils - INFO - Requisição <<GET>> realizada com sucesso, status code: 200
2022-05-18 00:27:59,917 - thots.thot_parse - INFO - Foi encontrado um total de : 0 videos restantes.
2022-05-18 00:27:59,918 - thots.thots - WARNING - ---------------| casalruivaecornooficial - Fim da lista de videos.
2022-05-18 00:27:59,919 - thots.thots - WARNING - ---------------| Iniciando tarefa casaltopbessa, 6 de 17
2022-05-18 00:27:59,919 - thots.thot_parse - INFO - Definindo o padrão de regex...
2022-05-18 00:28:00,240 - Utils.utils - INFO - Requisição <<GET>> realizada com sucesso, status code: 200
2022-05-18 00:28:00,242 - thots.thot_parse - INFO - Segundo padrão de regex definido com sucesso!
2022-05-18 00:28:00,439 - Utils.utils - INFO - Requisição <<GET>> realizada com sucesso, status code: 200
2022-05-18 00:28:00,442 - thots.thot_parse - INFO - Usando método alternativo para encontrar a quantidade de videos.
2022-05-18 00:28:00,642 - Utils.utils - INFO - Requisição <<GET>> realizada com sucesso, status code: 200
2022-05-18 00:28:00,851 - Utils.utils - INFO - Requisição <<GET>> realizada com sucesso, status code: 200
2022-05-18 00:28:00,852 - thots.thot_parse - INFO - Foi encontrado um total de : -2 videos restantes.
2022-05-18 00:28:00,853 - thots.thots - WARNING - ---------------| casaltopbessa - Fim da lista de videos.
2022-05-18 00:28:00,853 - thots.thots - WARNING - ---------------| Iniciando tarefa elaquer, 7 de 17
2022-05-18 00:28:00,853 - thots.thot_parse - INFO - Definindo o padrão de regex...
2022-05-18 00:28:01,043 - Utils.utils - INFO - Requisição <<GET>> realizada com sucesso, status code: 200
2022-05-18 00:28:01,044 - thots.thot_parse - INFO - Segundo padrão de regex definido com sucesso!
2022-05-18 00:28:01,260 - Utils.utils - INFO - Requisição <<GET>> realizada com sucesso, status code: 200
2022-05-18 00:28:01,261 - thots.thot_parse - INFO - Usando método alternativo para encontrar a quantidade de videos.
2022-05-18 00:28:01,490 - Utils.utils - INFO - Requisição <<GET>> realizada com sucesso, status code: 200
2022-05-18 00:28:01,903 - Utils.utils - INFO - Requisição <<GET>> realizada com sucesso, status code: 200
2022-05-18 00:28:02,338 - Utils.utils - INFO - Requisição <<GET>> realizada com sucesso, status code: 200
2022-05-18 00:28:02,907 - Utils.utils - INFO - Requisição <<GET>> realizada com sucesso, status code: 200
2022-05-18 00:28:02,912 - thots.thot_parse - INFO - Foi encontrado um total de : 0 videos restantes.
2022-05-18 00:28:02,912 - thots.thots - WARNING - ---------------| elaquer - Fim da lista de videos.
2022-05-18 00:28:02,912 - thots.thots - WARNING - ---------------| Iniciando tarefa emilysales, 8 de 17
2022-05-18 00:28:02,912 - thots.thot_parse - INFO - Definindo o padrão de regex...
2022-05-18 00:28:03,365 - Utils.utils - INFO - Requisição <<GET>> realizada com sucesso, status code: 200
2022-05-18 00:28:03,366 - thots.thot_parse - INFO - Segundo padrão de regex definido com sucesso!
2022-05-18 00:28:03,793 - Utils.utils - INFO - Requisição <<GET>> realizada com sucesso, status code: 200
2022-05-18 00:28:03,794 - thots.thot_parse - INFO - Usando método alternativo para encontrar a quantidade de videos.
2022-05-18 00:28:04,051 - Utils.utils - INFO - Requisição <<GET>> realizada com sucesso, status code: 200
2022-05-18 00:28:04,248 - Utils.utils - INFO - Requisição <<GET>> realizada com sucesso, status code: 200
2022-05-18 00:28:04,452 - Utils.utils - INFO - Requisição <<GET>> realizada com sucesso, status code: 200
2022-05-18 00:28:04,721 - Utils.utils - INFO - Requisição <<GET>> realizada com sucesso, status code: 200
2022-05-18 00:28:04,999 - Utils.utils - INFO - Requisição <<GET>> realizada com sucesso, status code: 200
2022-05-18 00:28:05,002 - thots.thot_parse - INFO - Foi encontrado um total de : 0 videos restantes.
2022-05-18 00:28:05,002 - thots.thots - WARNING - ---------------| emilysales - Fim da lista de videos.
2022-05-18 00:28:05,002 - thots.thots - WARNING - ---------------| Iniciando tarefa esposagulosinha, 9 de 17
2022-05-18 00:28:05,002 - thots.thot_parse - INFO - Definindo o padrão de regex...
2022-05-18 00:28:05,541 - Utils.utils - INFO - Requisição <<GET>> realizada com sucesso, status code: 200
2022-05-18 00:28:05,542 - thots.thot_parse - INFO - Segundo padrão de regex definido com sucesso!
2022-05-18 00:28:05,731 - Utils.utils - INFO - Requisição <<GET>> realizada com sucesso, status code: 200
2022-05-18 00:28:05,734 - thots.thot_parse - INFO - Usando método alternativo para encontrar a quantidade de videos.
2022-05-18 00:28:05,946 - Utils.utils - INFO - Requisição <<GET>> realizada com sucesso, status code: 200
2022-05-18 00:28:06,199 - Utils.utils - INFO - Requisição <<GET>> realizada com sucesso, status code: 200
2022-05-18 00:28:06,423 - Utils.utils - INFO - Requisição <<GET>> realizada com sucesso, status code: 200
2022-05-18 00:28:06,677 - Utils.utils - INFO - Requisição <<GET>> realizada com sucesso, status code: 200
2022-05-18 00:28:06,924 - Utils.utils - INFO - Requisição <<GET>> realizada com sucesso, status code: 200
2022-05-18 00:28:07,109 - Utils.utils - INFO - Requisição <<GET>> realizada com sucesso, status code: 200
2022-05-18 00:28:07,306 - Utils.utils - INFO - Requisição <<GET>> realizada com sucesso, status code: 200
2022-05-18 00:28:09,703 - Utils.utils - INFO - Requisição <<GET>> realizada com sucesso, status code: 200
2022-05-18 00:28:09,708 - thots.thot_parse - INFO - Foi encontrado um total de : -2 videos restantes.
2022-05-18 00:28:09,709 - thots.thots - WARNING - ---------------| esposagulosinha - Fim da lista de videos.
2022-05-18 00:28:09,709 - thots.thots - WARNING - ---------------| Iniciando tarefa fabioeanaes, 10 de 17
2022-05-18 00:28:09,710 - thots.thot_parse - INFO - Definindo o padrão de regex...
2022-05-18 00:28:10,476 - Utils.utils - INFO - Requisição <<GET>> realizada com sucesso, status code: 200
2022-05-18 00:28:10,477 - thots.thot_parse - INFO - Segundo padrão de regex definido com sucesso!
2022-05-18 00:28:10,736 - Utils.utils - INFO - Requisição <<GET>> realizada com sucesso, status code: 200
2022-05-18 00:28:10,738 - thots.thot_parse - INFO - Usando método alternativo para encontrar a quantidade de videos.
2022-05-18 00:28:11,100 - Utils.utils - INFO - Requisição <<GET>> realizada com sucesso, status code: 200
2022-05-18 00:28:11,435 - Utils.utils - INFO - Requisição <<GET>> realizada com sucesso, status code: 200
2022-05-18 00:28:11,702 - Utils.utils - INFO - Requisição <<GET>> realizada com sucesso, status code: 200
2022-05-18 00:28:11,895 - Utils.utils - INFO - Requisição <<GET>> realizada com sucesso, status code: 200
2022-05-18 00:28:12,090 - Utils.utils - INFO - Requisição <<GET>> realizada com sucesso, status code: 200
2022-05-18 00:28:12,093 - thots.thot_parse - INFO - Foi encontrado um total de : -1 videos restantes.
2022-05-18 00:28:12,093 - thots.thots - WARNING - ---------------| fabioeanaes - Fim da lista de videos.
2022-05-18 00:28:12,093 - thots.thots - WARNING - ---------------| Iniciando tarefa helenafilmes, 11 de 17
2022-05-18 00:28:12,093 - thots.thot_parse - INFO - Definindo o padrão de regex...
2022-05-18 00:28:12,571 - Utils.utils - INFO - Requisição <<GET>> realizada com sucesso, status code: 200
2022-05-18 00:28:12,572 - thots.thot_parse - INFO - Segundo padrão de regex definido com sucesso!
2022-05-18 00:28:12,764 - Utils.utils - INFO - Requisição <<GET>> realizada com sucesso, status code: 200
2022-05-18 00:28:12,766 - thots.thot_parse - INFO - Usando método alternativo para encontrar a quantidade de videos.
2022-05-18 00:28:12,967 - Utils.utils - INFO - Requisição <<GET>> realizada com sucesso, status code: 200
2022-05-18 00:28:13,172 - Utils.utils - INFO - Requisição <<GET>> realizada com sucesso, status code: 200
2022-05-18 00:28:13,173 - thots.thot_parse - INFO - Foi encontrado um total de : 0 videos restantes.
2022-05-18 00:28:13,173 - thots.thots - WARNING - ---------------| helenafilmes - Fim da lista de videos.
2022-05-18 00:28:13,174 - thots.thots - WARNING - ---------------| Iniciando tarefa lualencar11, 12 de 17
2022-05-18 00:28:13,174 - thots.thot_parse - INFO - Definindo o padrão de regex...
2022-05-18 00:28:13,451 - Utils.utils - INFO - Requisição <<GET>> realizada com sucesso, status code: 200
2022-05-18 00:28:13,451 - thots.thot_parse - INFO - Segundo padrão de regex definido com sucesso!
2022-05-18 00:28:13,676 - Utils.utils - INFO - Requisição <<GET>> realizada com sucesso, status code: 200
2022-05-18 00:28:13,678 - thots.thot_parse - INFO - Usando método alternativo para encontrar a quantidade de videos.
2022-05-18 00:28:13,876 - Utils.utils - INFO - Requisição <<GET>> realizada com sucesso, status code: 200
2022-05-18 00:28:13,877 - thots.thot_parse - INFO - Foi encontrado um total de : 0 videos restantes.
2022-05-18 00:28:13,877 - thots.thots - WARNING - ---------------| lualencar11 - Fim da lista de videos.
2022-05-18 00:28:13,877 - thots.thots - WARNING - ---------------| Iniciando tarefa melissadias, 13 de 17
2022-05-18 00:28:13,877 - thots.thot_parse - INFO - Definindo o padrão de regex...
2022-05-18 00:28:14,070 - Utils.utils - INFO - Requisição <<GET>> realizada com sucesso, status code: 200
2022-05-18 00:28:14,071 - thots.thot_parse - INFO - Segundo padrão de regex definido com sucesso!
2022-05-18 00:28:14,264 - Utils.utils - INFO - Requisição <<GET>> realizada com sucesso, status code: 200
2022-05-18 00:28:14,266 - thots.thot_parse - INFO - Usando método alternativo para encontrar a quantidade de videos.
2022-05-18 00:28:14,501 - Utils.utils - INFO - Requisição <<GET>> realizada com sucesso, status code: 200
2022-05-18 00:28:14,699 - Utils.utils - INFO - Requisição <<GET>> realizada com sucesso, status code: 200
2022-05-18 00:28:14,924 - Utils.utils - INFO - Requisição <<GET>> realizada com sucesso, status code: 200
2022-05-18 00:28:15,203 - Utils.utils - INFO - Requisição <<GET>> realizada com sucesso, status code: 200
2022-05-18 00:28:15,399 - Utils.utils - INFO - Requisição <<GET>> realizada com sucesso, status code: 200
2022-05-18 00:28:15,658 - Utils.utils - INFO - Requisição <<GET>> realizada com sucesso, status code: 200
2022-05-18 00:28:15,849 - Utils.utils - INFO - Requisição <<GET>> realizada com sucesso, status code: 200
2022-05-18 00:28:15,852 - thots.thot_parse - INFO - Foi encontrado um total de : 2 videos restantes.
2022-05-18 00:28:15,853 - thots.thot_parse - INFO - A lista de ID's já foi definida
2022-05-18 00:28:16,139 - Utils.utils - INFO - Requisição <<GET>> realizada com sucesso, status code: 200
2022-05-18 00:28:16,432 - Utils.utils - INFO - Requisição <<GET>> realizada com sucesso, status code: 200
2022-05-18 00:28:16,652 - Utils.utils - INFO - Requisição <<GET>> realizada com sucesso, status code: 200
2022-05-18 00:28:16,843 - Utils.utils - INFO - Requisição <<GET>> realizada com sucesso, status code: 200
2022-05-18 00:28:17,081 - Utils.utils - INFO - Requisição <<GET>> realizada com sucesso, status code: 200
2022-05-18 00:28:17,345 - Utils.utils - INFO - Requisição <<GET>> realizada com sucesso, status code: 200
2022-05-18 00:28:17,591 - Utils.utils - INFO - Requisição <<GET>> realizada com sucesso, status code: 200
2022-05-18 00:28:17,592 - thots.thot_parse - INFO - Download: 1 of 2
2022-05-18 00:28:17,592 - Utils.download - INFO - Baixando Downloads/melissadias/105179-vem-tomar-um-banho-cmg-prometo-mim-comportar-rsrs.mp4
2022-05-18 00:28:40,272 - Utils.download - INFO - Arquivo 105179-vem-tomar-um-banho-cmg-prometo-mim-comportar-rsrs baixado com sucesso! Agora...Enviando...
2022-05-18 00:28:50,994 - Utils.download - INFO - Arquivo 105179-vem-tomar-um-banho-cmg-prometo-mim-comportar-rsrs enviado com sucesso, ainda faltam: 1
2022-05-18 00:28:51,407 - Utils.utils - INFO - Requisição <<PUT>> realizada com sucesso, status code: 200
2022-05-18 00:28:51,606 - Utils.utils - INFO - Requisição <<GET>> realizada com sucesso, status code: 200
2022-05-18 00:28:52,046 - Utils.utils - INFO - Requisição <<PUT>> realizada com sucesso, status code: 200
2022-05-18 00:28:52,046 - Utils.download - INFO - Ainda faltam 1, a postagem será feita depois para evitar flood...
2022-05-18 00:28:52,047 - thots.thot_parse - INFO - Download: 2 of 2
2022-05-18 00:28:52,049 - Utils.download - INFO - Baixando Downloads/melissadias/105171-alguem-me-ajuda-a-passar-o-sabonete.mp4
2022-05-18 00:29:06,755 - Utils.download - INFO - Arquivo 105171-alguem-me-ajuda-a-passar-o-sabonete baixado com sucesso! Agora...Enviando...
2022-05-18 00:29:14,743 - Utils.download - INFO - Arquivo 105171-alguem-me-ajuda-a-passar-o-sabonete enviado com sucesso, ainda faltam: 0
2022-05-18 00:29:15,510 - Utils.utils - INFO - Requisição <<PUT>> realizada com sucesso, status code: 200
2022-05-18 00:29:15,708 - Utils.utils - INFO - Requisição <<GET>> realizada com sucesso, status code: 200
2022-05-18 00:29:16,149 - Utils.utils - INFO - Requisição <<PUT>> realizada com sucesso, status code: 200
2022-05-18 00:29:16,149 - Utils.download - INFO - Prosseguindo com a postagem...
2022-05-18 00:29:16,150 - Utils.download - INFO - A última postagem foi em 2022-04-08 02:11:06.007147 a diferença é: 57498 minutos
2022-05-18 00:29:17,052 - Utils.utils - INFO - Enviando imagem 1 de 3 : Thumbnails/melissadias000133.jpg
2022-05-18 00:29:18,597 - Utils.utils - INFO - Requisição <<POST>> realizada com sucesso, status code: 200
2022-05-18 00:29:18,598 - Utils.utils - INFO - Thumbnails/melissadias000133.jpg enviado com sucesso
2022-05-18 00:29:18,598 - Utils.utils - INFO - Enviando imagem 2 de 3 : Thumbnails/melissadias000177.jpg
2022-05-18 00:29:20,115 - Utils.utils - INFO - Requisição <<POST>> realizada com sucesso, status code: 200
2022-05-18 00:29:20,115 - Utils.utils - INFO - Thumbnails/melissadias000177.jpg enviado com sucesso
2022-05-18 00:29:20,115 - Utils.utils - INFO - Enviando imagem 3 de 3 : Thumbnails/melissadias000053.jpg
2022-05-18 00:29:21,676 - Utils.utils - INFO - Requisição <<POST>> realizada com sucesso, status code: 200
2022-05-18 00:29:21,677 - Utils.utils - INFO - Thumbnails/melissadias000053.jpg enviado com sucesso
2022-05-18 00:29:22,449 - Utils.utils - INFO - Enviando imagem 1 de 3 : Thumbnails/melissadias000112.jpg
2022-05-18 00:29:24,157 - Utils.utils - INFO - Requisição <<POST>> realizada com sucesso, status code: 200
2022-05-18 00:29:24,157 - Utils.utils - INFO - Thumbnails/melissadias000112.jpg enviado com sucesso
2022-05-18 00:29:24,157 - Utils.utils - INFO - Enviando imagem 2 de 3 : Thumbnails/melissadias000046.jpg
2022-05-18 00:29:25,639 - Utils.utils - INFO - Requisição <<POST>> realizada com sucesso, status code: 200
2022-05-18 00:29:25,640 - Utils.utils - INFO - Thumbnails/melissadias000046.jpg enviado com sucesso
2022-05-18 00:29:25,640 - Utils.utils - INFO - Enviando imagem 3 de 3 : Thumbnails/melissadias000119.jpg
2022-05-18 00:29:27,274 - Utils.utils - INFO - Requisição <<POST>> realizada com sucesso, status code: 200
2022-05-18 00:29:27,275 - Utils.utils - INFO - Thumbnails/melissadias000119.jpg enviado com sucesso
2022-05-18 00:29:27,275 - Utils.thotshub - INFO - Autorizando...
2022-05-18 00:29:27,512 - Utils.utils - INFO - Requisição <<GET>> realizada com sucesso, status code: 200
2022-05-18 00:29:27,758 - Utils.utils - INFO - Requisição <<POST>> realizada com sucesso, status code: 200
2022-05-18 00:29:27,759 - Utils.thotshub - INFO - Autorizado
2022-05-18 00:29:27,760 - Utils.thotshub - INFO - Logado no thotsbay com sucesso.
2022-05-18 00:29:27,760 - Utils.download - INFO - Atualizando tópico agora...
2022-05-18 00:29:27,980 - Utils.utils - INFO - Requisição <<GET>> realizada com sucesso, status code: 200
2022-05-18 00:29:28,407 - Utils.utils - INFO - Requisição <<POST>> realizada com sucesso, status code: 200
2022-05-18 00:29:28,721 - Utils.utils - INFO - Requisição <<PUT>> realizada com sucesso, status code: 200
2022-05-18 00:29:28,723 - thots.thots - WARNING - ---------------| melissadias - Fim da lista de videos.
2022-05-18 00:29:28,723 - thots.thots - WARNING - ---------------| Iniciando tarefa nicoleballs_trans, 14 de 17
2022-05-18 00:29:28,724 - thots.thot_parse - INFO - Definindo o padrão de regex...
2022-05-18 00:29:28,987 - Utils.utils - INFO - Requisição <<GET>> realizada com sucesso, status code: 200
2022-05-18 00:29:28,988 - thots.thot_parse - INFO - Segundo padrão de regex definido com sucesso!
2022-05-18 00:29:29,261 - Utils.utils - INFO - Requisição <<GET>> realizada com sucesso, status code: 200
2022-05-18 00:29:29,263 - thots.thot_parse - INFO - Usando método alternativo para encontrar a quantidade de videos.
2022-05-18 00:29:29,576 - Utils.utils - INFO - Requisição <<GET>> realizada com sucesso, status code: 200
2022-05-18 00:29:29,820 - Utils.utils - INFO - Requisição <<GET>> realizada com sucesso, status code: 200
2022-05-18 00:29:29,821 - thots.thot_parse - INFO - Foi encontrado um total de : 0 videos restantes.
2022-05-18 00:29:29,821 - thots.thots - WARNING - ---------------| nicoleballs_trans - Fim da lista de videos.
2022-05-18 00:29:29,822 - thots.thots - WARNING - ---------------| Iniciando tarefa nikkecasada, 15 de 17
2022-05-18 00:29:29,822 - thots.thot_parse - INFO - Definindo o padrão de regex...
2022-05-18 00:29:30,292 - Utils.utils - INFO - Requisição <<GET>> realizada com sucesso, status code: 200
2022-05-18 00:29:30,293 - thots.thot_parse - INFO - Segundo padrão de regex definido com sucesso!
2022-05-18 00:29:30,580 - Utils.utils - INFO - Requisição <<GET>> realizada com sucesso, status code: 200
2022-05-18 00:29:30,582 - thots.thot_parse - INFO - Usando método alternativo para encontrar a quantidade de videos.
2022-05-18 00:29:30,987 - Utils.utils - INFO - Requisição <<GET>> realizada com sucesso, status code: 200
2022-05-18 00:29:37,341 - Utils.utils - INFO - Ambiente de produção ativado
2022-05-18 00:29:37,596 - Utils.utils - INFO - Requisição <<GET>> realizada com sucesso, status code: 200
2022-05-18 00:29:37,639 - __main__ - INFO - Checando thotsbay forum...
2022-05-18 00:29:37,639 - Utils.thotshub - INFO - Autorizando...
2022-05-18 00:29:37,848 - Utils.utils - INFO - Requisição <<GET>> realizada com sucesso, status code: 200
2022-05-18 00:29:38,546 - Utils.utils - INFO - Requisição <<POST>> realizada com sucesso, status code: 200
2022-05-18 00:29:38,547 - Utils.thotshub - INFO - Autorizado
2022-05-18 00:29:38,548 - Utils.thotshub - INFO - Logado no thotsbay com sucesso.
2022-05-18 00:29:38,548 - __main__ - INFO - Checando colab...
2022-05-18 00:29:38,549 - Utils.utils - INFO - COLAB enviorement not detected
2022-05-18 00:29:38,549 - __main__ - INFO - Checando config...
2022-05-18 00:29:38,796 - Utils.utils - INFO - Requisição <<GET>> realizada com sucesso, status code: 200
2022-05-18 00:29:39,799 - __main__ - INFO - Checando ids...
2022-05-18 00:29:40,012 - Utils.utils - INFO - Requisição <<GET>> realizada com sucesso, status code: 200
2022-05-18 00:29:40,013 - thots.thots - WARNING - ---------------| Iniciando tarefa afroditehotwife, 1 de 17
2022-05-18 00:29:40,014 - thots.thot_parse - INFO - Definindo o padrão de regex...
2022-05-18 00:29:40,624 - Utils.utils - INFO - Requisição <<GET>> realizada com sucesso, status code: 200
2022-05-18 00:29:40,625 - thots.thot_parse - INFO - Segundo padrão de regex definido com sucesso!
2022-05-18 00:29:40,997 - Utils.utils - INFO - Requisição <<GET>> realizada com sucesso, status code: 200
2022-05-18 00:29:40,999 - thots.thot_parse - INFO - Usando método alternativo para encontrar a quantidade de videos.
2022-05-18 00:29:41,372 - Utils.utils - INFO - Requisição <<GET>> realizada com sucesso, status code: 200
2022-05-18 00:29:41,738 - Utils.utils - INFO - Requisição <<GET>> realizada com sucesso, status code: 200
2022-05-18 00:29:42,030 - Utils.utils - INFO - Requisição <<GET>> realizada com sucesso, status code: 200
2022-05-18 00:29:42,331 - Utils.utils - INFO - Requisição <<GET>> realizada com sucesso, status code: 200
2022-05-18 00:29:42,626 - Utils.utils - INFO - Requisição <<GET>> realizada com sucesso, status code: 200
2022-05-18 00:29:42,920 - Utils.utils - INFO - Requisição <<GET>> realizada com sucesso, status code: 200
2022-05-18 00:29:43,218 - Utils.utils - INFO - Requisição <<GET>> realizada com sucesso, status code: 200
2022-05-18 00:29:43,528 - Utils.utils - INFO - Requisição <<GET>> realizada com sucesso, status code: 200
2022-05-18 00:29:43,856 - Utils.utils - INFO - Requisição <<GET>> realizada com sucesso, status code: 200
2022-05-18 00:29:44,172 - Utils.utils - INFO - Requisição <<GET>> realizada com sucesso, status code: 200
2022-05-18 00:29:44,463 - Utils.utils - INFO - Requisição <<GET>> realizada com sucesso, status code: 200
2022-05-18 00:29:44,767 - Utils.utils - INFO - Requisição <<GET>> realizada com sucesso, status code: 200
2022-05-18 00:29:44,779 - thots.thot_parse - INFO - Foi encontrado um total de : 0 videos restantes.
2022-05-18 00:29:44,780 - thots.thots - WARNING - ---------------| afroditehotwife - Fim da lista de videos.
2022-05-18 00:29:44,780 - thots.thots - WARNING - ---------------| Iniciando tarefa agathalira, 2 de 17
2022-05-18 00:29:44,780 - thots.thot_parse - INFO - Definindo o padrão de regex...
2022-05-18 00:29:45,289 - Utils.utils - INFO - Requisição <<GET>> realizada com sucesso, status code: 200
2022-05-18 00:29:45,290 - thots.thot_parse - INFO - Primeiro padrão de regex definido com sucesso!
2022-05-18 00:29:45,616 - Utils.utils - INFO - Requisição <<GET>> realizada com sucesso, status code: 200
2022-05-18 00:29:45,618 - thots.thot_parse - INFO - Usando método alternativo para encontrar a quantidade de videos.
2022-05-18 00:29:45,944 - Utils.utils - INFO - Requisição <<GET>> realizada com sucesso, status code: 200
2022-05-18 00:29:46,302 - Utils.utils - INFO - Requisição <<GET>> realizada com sucesso, status code: 200
2022-05-18 00:29:46,656 - Utils.utils - INFO - Requisição <<GET>> realizada com sucesso, status code: 200
2022-05-18 00:29:46,966 - Utils.utils - INFO - Requisição <<GET>> realizada com sucesso, status code: 200
2022-05-18 00:29:47,320 - Utils.utils - INFO - Requisição <<GET>> realizada com sucesso, status code: 200
2022-05-18 00:29:47,634 - Utils.utils - INFO - Requisição <<GET>> realizada com sucesso, status code: 200
2022-05-18 00:29:48,037 - Utils.utils - INFO - Requisição <<GET>> realizada com sucesso, status code: 200
2022-05-18 00:29:48,351 - Utils.utils - INFO - Requisição <<GET>> realizada com sucesso, status code: 200
2022-05-18 00:29:48,667 - Utils.utils - INFO - Requisição <<GET>> realizada com sucesso, status code: 200
2022-05-18 00:29:49,091 - Utils.utils - INFO - Requisição <<GET>> realizada com sucesso, status code: 200
2022-05-18 00:29:50,107 - Utils.utils - INFO - Requisição <<GET>> realizada com sucesso, status code: 200
2022-05-18 00:29:51,141 - Utils.utils - INFO - Requisição <<GET>> realizada com sucesso, status code: 200
2022-05-18 00:29:51,762 - Utils.utils - INFO - Requisição <<GET>> realizada com sucesso, status code: 200
2022-05-18 00:29:51,774 - thots.thot_parse - INFO - Foi encontrado um total de : -5 videos restantes.
2022-05-18 00:29:51,775 - thots.thots - WARNING - ---------------| agathalira - Fim da lista de videos.
2022-05-18 00:29:51,775 - thots.thots - WARNING - ---------------| Iniciando tarefa barbaracastroo, 3 de 17
2022-05-18 00:29:51,775 - thots.thot_parse - INFO - Definindo o padrão de regex...
2022-05-18 00:29:52,146 - Utils.utils - INFO - Requisição <<GET>> realizada com sucesso, status code: 200
2022-05-18 00:29:52,146 - thots.thot_parse - INFO - Segundo padrão de regex definido com sucesso!
2022-05-18 00:29:52,529 - Utils.utils - INFO - Requisição <<GET>> realizada com sucesso, status code: 200
2022-05-18 00:29:52,531 - thots.thot_parse - INFO - Usando método alternativo para encontrar a quantidade de videos.
2022-05-18 00:29:52,846 - Utils.utils - INFO - Requisição <<GET>> realizada com sucesso, status code: 200
2022-05-18 00:29:52,847 - thots.thot_parse - INFO - Foi encontrado um total de : 0 videos restantes.
2022-05-18 00:29:52,847 - thots.thots - WARNING - ---------------| barbaracastroo - Fim da lista de videos.
2022-05-18 00:29:52,848 - thots.thots - WARNING - ---------------| Iniciando tarefa bellacasada, 4 de 17
2022-05-18 00:29:52,848 - thots.thot_parse - INFO - Definindo o padrão de regex...
2022-05-18 00:29:53,323 - Utils.utils - INFO - Requisição <<GET>> realizada com sucesso, status code: 200
2022-05-18 00:29:53,324 - thots.thot_parse - INFO - Segundo padrão de regex definido com sucesso!
2022-05-18 00:29:53,595 - Utils.utils - INFO - Requisição <<GET>> realizada com sucesso, status code: 200
2022-05-18 00:29:53,597 - thots.thot_parse - INFO - Usando método alternativo para encontrar a quantidade de videos.
2022-05-18 00:29:53,972 - Utils.utils - INFO - Requisição <<GET>> realizada com sucesso, status code: 200
2022-05-18 00:29:54,230 - Utils.utils - INFO - Requisição <<GET>> realizada com sucesso, status code: 200
2022-05-18 00:29:54,425 - Utils.utils - INFO - Requisição <<GET>> realizada com sucesso, status code: 200
2022-05-18 00:29:54,616 - Utils.utils - INFO - Requisição <<GET>> realizada com sucesso, status code: 200
2022-05-18 00:29:54,806 - Utils.utils - INFO - Requisição <<GET>> realizada com sucesso, status code: 200
2022-05-18 00:29:54,999 - Utils.utils - INFO - Requisição <<GET>> realizada com sucesso, status code: 200
2022-05-18 00:29:55,002 - thots.thot_parse - INFO - Foi encontrado um total de : -2 videos restantes.
2022-05-18 00:29:55,003 - thots.thots - WARNING - ---------------| bellacasada - Fim da lista de videos.
2022-05-18 00:29:55,003 - thots.thots - WARNING - ---------------| Iniciando tarefa casalruivaecornooficial, 5 de 17
2022-05-18 00:29:55,003 - thots.thot_parse - INFO - Definindo o padrão de regex...
2022-05-18 00:29:55,286 - Utils.utils - INFO - Requisição <<GET>> realizada com sucesso, status code: 200
2022-05-18 00:29:55,287 - thots.thot_parse - INFO - Segundo padrão de regex definido com sucesso!
2022-05-18 00:29:55,477 - Utils.utils - INFO - Requisição <<GET>> realizada com sucesso, status code: 200
2022-05-18 00:29:55,479 - thots.thot_parse - INFO - Usando método alternativo para encontrar a quantidade de videos.
2022-05-18 00:29:55,685 - Utils.utils - INFO - Requisição <<GET>> realizada com sucesso, status code: 200
2022-05-18 00:29:55,887 - Utils.utils - INFO - Requisição <<GET>> realizada com sucesso, status code: 200
2022-05-18 00:29:56,108 - Utils.utils - INFO - Requisição <<GET>> realizada com sucesso, status code: 200
2022-05-18 00:29:56,345 - Utils.utils - INFO - Requisição <<GET>> realizada com sucesso, status code: 200
2022-05-18 00:29:56,548 - Utils.utils - INFO - Requisição <<GET>> realizada com sucesso, status code: 200
2022-05-18 00:29:56,763 - Utils.utils - INFO - Requisição <<GET>> realizada com sucesso, status code: 200
2022-05-18 00:29:56,766 - thots.thot_parse - INFO - Foi encontrado um total de : 0 videos restantes.
2022-05-18 00:29:56,767 - thots.thots - WARNING - ---------------| casalruivaecornooficial - Fim da lista de videos.
2022-05-18 00:29:56,767 - thots.thots - WARNING - ---------------| Iniciando tarefa casaltopbessa, 6 de 17
2022-05-18 00:29:56,768 - thots.thot_parse - INFO - Definindo o padrão de regex...
2022-05-18 00:29:56,967 - Utils.utils - INFO - Requisição <<GET>> realizada com sucesso, status code: 200
2022-05-18 00:29:56,967 - thots.thot_parse - INFO - Segundo padrão de regex definido com sucesso!
2022-05-18 00:29:57,180 - Utils.utils - INFO - Requisição <<GET>> realizada com sucesso, status code: 200
2022-05-18 00:29:57,182 - thots.thot_parse - INFO - Usando método alternativo para encontrar a quantidade de videos.
2022-05-18 00:29:57,383 - Utils.utils - INFO - Requisição <<GET>> realizada com sucesso, status code: 200
2022-05-18 00:29:57,587 - Utils.utils - INFO - Requisição <<GET>> realizada com sucesso, status code: 200
2022-05-18 00:29:57,588 - thots.thot_parse - INFO - Foi encontrado um total de : -2 videos restantes.
2022-05-18 00:29:57,589 - thots.thots - WARNING - ---------------| casaltopbessa - Fim da lista de videos.
2022-05-18 00:29:57,589 - thots.thots - WARNING - ---------------| Iniciando tarefa elaquer, 7 de 17
2022-05-18 00:29:57,589 - thots.thot_parse - INFO - Definindo o padrão de regex...
2022-05-18 00:29:57,839 - Utils.utils - INFO - Requisição <<GET>> realizada com sucesso, status code: 200
2022-05-18 00:29:57,840 - thots.thot_parse - INFO - Segundo padrão de regex definido com sucesso!
2022-05-18 00:29:58,040 - Utils.utils - INFO - Requisição <<GET>> realizada com sucesso, status code: 200
2022-05-18 00:29:58,042 - thots.thot_parse - INFO - Usando método alternativo para encontrar a quantidade de videos.
2022-05-18 00:29:58,266 - Utils.utils - INFO - Requisição <<GET>> realizada com sucesso, status code: 200
2022-05-18 00:29:58,480 - Utils.utils - INFO - Requisição <<GET>> realizada com sucesso, status code: 200
2022-05-18 00:29:58,670 - Utils.utils - INFO - Requisição <<GET>> realizada com sucesso, status code: 200
2022-05-18 00:29:58,879 - Utils.utils - INFO - Requisição <<GET>> realizada com sucesso, status code: 200
2022-05-18 00:29:58,881 - thots.thot_parse - INFO - Foi encontrado um total de : 0 videos restantes.
2022-05-18 00:29:58,881 - thots.thots - WARNING - ---------------| elaquer - Fim da lista de videos.
2022-05-18 00:29:58,881 - thots.thots - WARNING - ---------------| Iniciando tarefa emilysales, 8 de 17
2022-05-18 00:29:58,881 - thots.thot_parse - INFO - Definindo o padrão de regex...
2022-05-18 00:29:59,131 - Utils.utils - INFO - Requisição <<GET>> realizada com sucesso, status code: 200
2022-05-18 00:29:59,131 - thots.thot_parse - INFO - Segundo padrão de regex definido com sucesso!
2022-05-18 00:29:59,363 - Utils.utils - INFO - Requisição <<GET>> realizada com sucesso, status code: 200
2022-05-18 00:29:59,365 - thots.thot_parse - INFO - Usando método alternativo para encontrar a quantidade de videos.
2022-05-18 00:29:59,569 - Utils.utils - INFO - Requisição <<GET>> realizada com sucesso, status code: 200
2022-05-18 00:29:59,770 - Utils.utils - INFO - Requisição <<GET>> realizada com sucesso, status code: 200
2022-05-18 00:30:00,005 - Utils.utils - INFO - Requisição <<GET>> realizada com sucesso, status code: 200
2022-05-18 00:30:00,526 - Utils.utils - INFO - Requisição <<GET>> realizada com sucesso, status code: 200
2022-05-18 00:30:01,004 - Utils.utils - INFO - Requisição <<GET>> realizada com sucesso, status code: 200
2022-05-18 00:30:01,007 - thots.thot_parse - INFO - Foi encontrado um total de : 0 videos restantes.
2022-05-18 00:30:01,007 - thots.thots - WARNING - ---------------| emilysales - Fim da lista de videos.
2022-05-18 00:30:01,007 - thots.thots - WARNING - ---------------| Iniciando tarefa esposagulosinha, 9 de 17
2022-05-18 00:30:01,008 - thots.thot_parse - INFO - Definindo o padrão de regex...
2022-05-18 00:30:01,656 - Utils.utils - INFO - Requisição <<GET>> realizada com sucesso, status code: 200
2022-05-18 00:30:01,656 - thots.thot_parse - INFO - Segundo padrão de regex definido com sucesso!
2022-05-18 00:30:02,192 - Utils.utils - INFO - Requisição <<GET>> realizada com sucesso, status code: 200
2022-05-18 00:30:02,194 - thots.thot_parse - INFO - Usando método alternativo para encontrar a quantidade de videos.
2022-05-18 00:30:02,525 - Utils.utils - INFO - Requisição <<GET>> realizada com sucesso, status code: 200
2022-05-18 00:30:02,900 - Utils.utils - INFO - Requisição <<GET>> realizada com sucesso, status code: 200
2022-05-18 00:30:03,304 - Utils.utils - INFO - Requisição <<GET>> realizada com sucesso, status code: 200
2022-05-18 00:30:03,680 - Utils.utils - INFO - Requisição <<GET>> realizada com sucesso, status code: 200
2022-05-18 00:30:04,203 - Utils.utils - INFO - Requisição <<GET>> realizada com sucesso, status code: 200
2022-05-18 00:30:04,754 - Utils.utils - INFO - Requisição <<GET>> realizada com sucesso, status code: 200
2022-05-18 00:30:05,129 - Utils.utils - INFO - Requisição <<GET>> realizada com sucesso, status code: 200
2022-05-18 00:30:05,470 - Utils.utils - INFO - Requisição <<GET>> realizada com sucesso, status code: 200
2022-05-18 00:30:05,474 - thots.thot_parse - INFO - Foi encontrado um total de : -2 videos restantes.
2022-05-18 00:30:05,474 - thots.thots - WARNING - ---------------| esposagulosinha - Fim da lista de videos.
2022-05-18 00:30:05,474 - thots.thots - WARNING - ---------------| Iniciando tarefa fabioeanaes, 10 de 17
2022-05-18 00:30:05,475 - thots.thot_parse - INFO - Definindo o padrão de regex...
2022-05-18 00:30:05,875 - Utils.utils - INFO - Requisição <<GET>> realizada com sucesso, status code: 200
2022-05-18 00:30:05,876 - thots.thot_parse - INFO - Segundo padrão de regex definido com sucesso!
2022-05-18 00:30:06,085 - Utils.utils - INFO - Requisição <<GET>> realizada com sucesso, status code: 200
2022-05-18 00:30:06,088 - thots.thot_parse - INFO - Usando método alternativo para encontrar a quantidade de videos.
2022-05-18 00:30:06,282 - Utils.utils - INFO - Requisição <<GET>> realizada com sucesso, status code: 200
2022-05-18 00:30:06,483 - Utils.utils - INFO - Requisição <<GET>> realizada com sucesso, status code: 200
2022-05-18 00:30:06,764 - Utils.utils - INFO - Requisição <<GET>> realizada com sucesso, status code: 200
2022-05-18 00:30:06,965 - Utils.utils - INFO - Requisição <<GET>> realizada com sucesso, status code: 200
2022-05-18 00:30:07,165 - Utils.utils - INFO - Requisição <<GET>> realizada com sucesso, status code: 200
2022-05-18 00:30:07,167 - thots.thot_parse - INFO - Foi encontrado um total de : -1 videos restantes.
2022-05-18 00:30:07,168 - thots.thots - WARNING - ---------------| fabioeanaes - Fim da lista de videos.
2022-05-18 00:30:07,168 - thots.thots - WARNING - ---------------| Iniciando tarefa helenafilmes, 11 de 17
2022-05-18 00:30:07,168 - thots.thot_parse - INFO - Definindo o padrão de regex...
2022-05-18 00:30:07,449 - Utils.utils - INFO - Requisição <<GET>> realizada com sucesso, status code: 200
2022-05-18 00:30:07,450 - thots.thot_parse - INFO - Segundo padrão de regex definido com sucesso!
2022-05-18 00:30:07,659 - Utils.utils - INFO - Requisição <<GET>> realizada com sucesso, status code: 200
2022-05-18 00:30:07,661 - thots.thot_parse - INFO - Usando método alternativo para encontrar a quantidade de videos.
2022-05-18 00:30:07,860 - Utils.utils - INFO - Requisição <<GET>> realizada com sucesso, status code: 200
2022-05-18 00:30:08,085 - Utils.utils - INFO - Requisição <<GET>> realizada com sucesso, status code: 200
2022-05-18 00:30:08,086 - thots.thot_parse - INFO - Foi encontrado um total de : 0 videos restantes.
2022-05-18 00:30:08,086 - thots.thots - WARNING - ---------------| helenafilmes - Fim da lista de videos.
2022-05-18 00:30:08,086 - thots.thots - WARNING - ---------------| Iniciando tarefa lualencar11, 12 de 17
2022-05-18 00:30:08,086 - thots.thot_parse - INFO - Definindo o padrão de regex...
2022-05-18 00:30:08,355 - Utils.utils - INFO - Requisição <<GET>> realizada com sucesso, status code: 200
2022-05-18 00:30:08,356 - thots.thot_parse - INFO - Segundo padrão de regex definido com sucesso!
2022-05-18 00:30:08,566 - Utils.utils - INFO - Requisição <<GET>> realizada com sucesso, status code: 200
2022-05-18 00:30:08,568 - thots.thot_parse - INFO - Usando método alternativo para encontrar a quantidade de videos.
2022-05-18 00:30:08,874 - Utils.utils - INFO - Requisição <<GET>> realizada com sucesso, status code: 200
2022-05-18 00:30:08,874 - thots.thot_parse - INFO - Foi encontrado um total de : 0 videos restantes.
2022-05-18 00:30:08,874 - thots.thots - WARNING - ---------------| lualencar11 - Fim da lista de videos.
2022-05-18 00:30:08,875 - thots.thots - WARNING - ---------------| Iniciando tarefa melissadias, 13 de 17
2022-05-18 00:30:08,875 - thots.thot_parse - INFO - Definindo o padrão de regex...
2022-05-18 00:30:09,191 - Utils.utils - INFO - Requisição <<GET>> realizada com sucesso, status code: 200
2022-05-18 00:30:09,192 - thots.thot_parse - INFO - Segundo padrão de regex definido com sucesso!
2022-05-18 00:30:09,615 - Utils.utils - INFO - Requisição <<GET>> realizada com sucesso, status code: 200
2022-05-18 00:30:09,617 - thots.thot_parse - INFO - Usando método alternativo para encontrar a quantidade de videos.
2022-05-18 00:30:09,966 - Utils.utils - INFO - Requisição <<GET>> realizada com sucesso, status code: 200
2022-05-18 00:30:10,323 - Utils.utils - INFO - Requisição <<GET>> realizada com sucesso, status code: 200
2022-05-18 00:30:10,654 - Utils.utils - INFO - Requisição <<GET>> realizada com sucesso, status code: 200
2022-05-18 00:30:10,913 - Utils.utils - INFO - Requisição <<GET>> realizada com sucesso, status code: 200
2022-05-18 00:30:11,439 - Utils.utils - INFO - Requisição <<GET>> realizada com sucesso, status code: 200
2022-05-18 00:30:11,669 - Utils.utils - INFO - Requisição <<GET>> realizada com sucesso, status code: 200
2022-05-18 00:30:11,884 - Utils.utils - INFO - Requisição <<GET>> realizada com sucesso, status code: 200
2022-05-18 00:30:11,887 - thots.thot_parse - INFO - Foi encontrado um total de : 0 videos restantes.
2022-05-18 00:30:11,888 - thots.thots - WARNING - ---------------| melissadias - Fim da lista de videos.
2022-05-18 00:30:11,888 - thots.thots - WARNING - ---------------| Iniciando tarefa nicoleballs_trans, 14 de 17
2022-05-18 00:30:11,888 - thots.thot_parse - INFO - Definindo o padrão de regex...
2022-05-18 00:30:12,084 - Utils.utils - INFO - Requisição <<GET>> realizada com sucesso, status code: 200
2022-05-18 00:30:12,085 - thots.thot_parse - INFO - Segundo padrão de regex definido com sucesso!
2022-05-18 00:30:12,305 - Utils.utils - INFO - Requisição <<GET>> realizada com sucesso, status code: 200
2022-05-18 00:30:12,307 - thots.thot_parse - INFO - Usando método alternativo para encontrar a quantidade de videos.
2022-05-18 00:30:12,527 - Utils.utils - INFO - Requisição <<GET>> realizada com sucesso, status code: 200
2022-05-18 00:30:12,721 - Utils.utils - INFO - Requisição <<GET>> realizada com sucesso, status code: 200
2022-05-18 00:30:12,723 - thots.thot_parse - INFO - Foi encontrado um total de : 0 videos restantes.
2022-05-18 00:30:12,723 - thots.thots - WARNING - ---------------| nicoleballs_trans - Fim da lista de videos.
2022-05-18 00:30:12,724 - thots.thots - WARNING - ---------------| Iniciando tarefa nikkecasada, 15 de 17
2022-05-18 00:30:12,724 - thots.thot_parse - INFO - Definindo o padrão de regex...
2022-05-18 00:30:13,121 - Utils.utils - INFO - Requisição <<GET>> realizada com sucesso, status code: 200
2022-05-18 00:30:13,122 - thots.thot_parse - INFO - Segundo padrão de regex definido com sucesso!
2022-05-18 00:30:13,338 - Utils.utils - INFO - Requisição <<GET>> realizada com sucesso, status code: 200
2022-05-18 00:30:13,340 - thots.thot_parse - INFO - Usando método alternativo para encontrar a quantidade de videos.
2022-05-18 00:30:13,533 - Utils.utils - INFO - Requisição <<GET>> realizada com sucesso, status code: 200
2022-05-18 00:30:13,743 - Utils.utils - INFO - Requisição <<GET>> realizada com sucesso, status code: 200
2022-05-18 00:30:14,010 - Utils.utils - INFO - Requisição <<GET>> realizada com sucesso, status code: 200
2022-05-18 00:30:14,203 - Utils.utils - INFO - Requisição <<GET>> realizada com sucesso, status code: 200
2022-05-18 00:30:14,453 - Utils.utils - INFO - Requisição <<GET>> realizada com sucesso, status code: 200
2022-05-18 00:30:14,455 - thots.thot_parse - INFO - Foi encontrado um total de : 0 videos restantes.
2022-05-18 00:30:14,455 - thots.thots - WARNING - ---------------| nikkecasada - Fim da lista de videos.
2022-05-18 00:30:14,455 - thots.thots - WARNING - ---------------| Iniciando tarefa tatycasadinha, 16 de 17
2022-05-18 00:30:14,879 - thots.thots - WARNING - ---------------| tatycasadinha - Fim da lista de videos.
2022-05-18 00:30:14,880 - thots.thots - WARNING - ---------------| Iniciando tarefa vidasafada, 17 de 17
2022-05-18 00:30:14,880 - thots.thot_parse - INFO - Definindo o padrão de regex...
2022-05-18 00:30:15,304 - Utils.utils - INFO - Requisição <<GET>> realizada com sucesso, status code: 200
2022-05-18 00:30:15,305 - thots.thot_parse - INFO - Segundo padrão de regex definido com sucesso!
2022-05-18 00:30:15,548 - Utils.utils - INFO - Requisição <<GET>> realizada com sucesso, status code: 200
2022-05-18 00:30:15,550 - thots.thot_parse - INFO - Usando método alternativo para encontrar a quantidade de videos.
2022-05-18 00:30:15,800 - Utils.utils - INFO - Requisição <<GET>> realizada com sucesso, status code: 200
2022-05-18 00:30:16,081 - Utils.utils - INFO - Requisição <<GET>> realizada com sucesso, status code: 200
2022-05-18 00:30:16,299 - Utils.utils - INFO - Requisição <<GET>> realizada com sucesso, status code: 200
2022-05-18 00:30:16,498 - Utils.utils - INFO - Requisição <<GET>> realizada com sucesso, status code: 200
2022-05-18 00:30:16,708 - Utils.utils - INFO - Requisição <<GET>> realizada com sucesso, status code: 200
2022-05-18 00:30:16,920 - Utils.utils - INFO - Requisição <<GET>> realizada com sucesso, status code: 200
2022-05-18 00:30:17,121 - Utils.utils - INFO - Requisição <<GET>> realizada com sucesso, status code: 200
2022-05-18 00:30:17,124 - thots.thot_parse - INFO - Foi encontrado um total de : 0 videos restantes.
2022-05-18 00:30:17,124 - thots.thots - WARNING - ---------------| vidasafada - Fim da lista de videos.
2022-05-18 00:30:17,124 - __main__ - INFO - Fazendo backup dos IDs na API backup...
2022-05-18 00:30:17,125 - __main__ - INFO - Salvando ID's da API localmente....
2022-05-18 00:30:17,376 - Utils.utils - INFO - Requisição <<GET>> realizada com sucesso, status code: 200
2022-05-18 00:30:17,974 - Utils.utils - INFO - Requisição <<GET>> realizada com sucesso, status code: 200
