2022-05-20 00:29:11,239 - Utils.utils - INFO - Ambiente de produção ativado
2022-05-20 00:29:11,445 - Utils.utils - INFO - Requisição <<GET>> realizada com sucesso, status code: 200
2022-05-20 00:29:11,488 - __main__ - INFO - Checando thotsbay forum...
2022-05-20 00:29:11,488 - Utils.thotshub - INFO - Autorizando...
2022-05-20 00:29:11,627 - Utils.utils - INFO - Requisição <<GET>> realizada com sucesso, status code: 200
2022-05-20 00:29:12,215 - Utils.utils - INFO - Requisição <<POST>> realizada com sucesso, status code: 200
2022-05-20 00:29:12,219 - Utils.thotshub - INFO - Autorizado
2022-05-20 00:29:12,219 - Utils.thotshub - INFO - Logado no thotsbay com sucesso.
2022-05-20 00:29:12,219 - __main__ - INFO - Checando colab...
2022-05-20 00:29:12,219 - Utils.utils - INFO - COLAB enviorement not detected
2022-05-20 00:29:12,220 - __main__ - INFO - Checando config...
2022-05-20 00:29:12,565 - Utils.utils - INFO - Requisição <<GET>> realizada com sucesso, status code: 200
2022-05-20 00:29:13,567 - __main__ - INFO - Checando ids...
2022-05-20 00:29:13,858 - Utils.utils - INFO - Requisição <<GET>> realizada com sucesso, status code: 200
2022-05-20 00:29:13,858 - thots.thots - WARNING - ---------------| Iniciando tarefa afroditehotwife, 1 de 17
2022-05-20 00:29:13,859 - thots.thot_parse - INFO - Definindo o padrão de regex...
2022-05-20 00:29:14,260 - Utils.utils - INFO - Requisição <<GET>> realizada com sucesso, status code: 200
2022-05-20 00:29:14,261 - thots.thot_parse - INFO - Segundo padrão de regex definido com sucesso!
2022-05-20 00:29:14,501 - Utils.utils - INFO - Requisição <<GET>> realizada com sucesso, status code: 200
2022-05-20 00:29:14,505 - thots.thot_parse - INFO - Usando método alternativo para encontrar a quantidade de videos.
2022-05-20 00:29:14,752 - Utils.utils - INFO - Requisição <<GET>> realizada com sucesso, status code: 200
2022-05-20 00:29:15,081 - Utils.utils - INFO - Requisição <<GET>> realizada com sucesso, status code: 200
2022-05-20 00:29:15,338 - Utils.utils - INFO - Requisição <<GET>> realizada com sucesso, status code: 200
2022-05-20 00:29:15,575 - Utils.utils - INFO - Requisição <<GET>> realizada com sucesso, status code: 200
2022-05-20 00:29:15,748 - Utils.utils - INFO - Requisição <<GET>> realizada com sucesso, status code: 200
2022-05-20 00:29:16,016 - Utils.utils - INFO - Requisição <<GET>> realizada com sucesso, status code: 200
2022-05-20 00:29:16,242 - Utils.utils - INFO - Requisição <<GET>> realizada com sucesso, status code: 200
2022-05-20 00:29:16,412 - Utils.utils - INFO - Requisição <<GET>> realizada com sucesso, status code: 200
2022-05-20 00:29:16,592 - Utils.utils - INFO - Requisição <<GET>> realizada com sucesso, status code: 200
2022-05-20 00:29:16,797 - Utils.utils - INFO - Requisição <<GET>> realizada com sucesso, status code: 200
2022-05-20 00:29:17,052 - Utils.utils - INFO - Requisição <<GET>> realizada com sucesso, status code: 200
2022-05-20 00:29:17,360 - Utils.utils - INFO - Requisição <<GET>> realizada com sucesso, status code: 200
2022-05-20 00:29:17,372 - thots.thot_parse - INFO - Foi encontrado um total de : 0 videos restantes.
2022-05-20 00:29:17,372 - thots.thots - WARNING - ---------------| afroditehotwife - Fim da lista de videos.
2022-05-20 00:29:17,372 - thots.thots - WARNING - ---------------| Iniciando tarefa agathalira, 2 de 17
2022-05-20 00:29:17,372 - thots.thot_parse - INFO - Definindo o padrão de regex...
2022-05-20 00:29:17,920 - Utils.utils - INFO - Requisição <<GET>> realizada com sucesso, status code: 200
2022-05-20 00:29:17,922 - thots.thot_parse - INFO - Primeiro padrão de regex definido com sucesso!
2022-05-20 00:29:18,300 - Utils.utils - INFO - Requisição <<GET>> realizada com sucesso, status code: 200
2022-05-20 00:29:18,304 - thots.thot_parse - INFO - Usando método alternativo para encontrar a quantidade de videos.
2022-05-20 00:29:18,558 - Utils.utils - INFO - Requisição <<GET>> realizada com sucesso, status code: 200
2022-05-20 00:29:18,801 - Utils.utils - INFO - Requisição <<GET>> realizada com sucesso, status code: 200
2022-05-20 00:29:19,051 - Utils.utils - INFO - Requisição <<GET>> realizada com sucesso, status code: 200
2022-05-20 00:29:19,303 - Utils.utils - INFO - Requisição <<GET>> realizada com sucesso, status code: 200
2022-05-20 00:29:19,565 - Utils.utils - INFO - Requisição <<GET>> realizada com sucesso, status code: 200
2022-05-20 00:29:19,833 - Utils.utils - INFO - Requisição <<GET>> realizada com sucesso, status code: 200
2022-05-20 00:29:20,146 - Utils.utils - INFO - Requisição <<GET>> realizada com sucesso, status code: 200
2022-05-20 00:29:20,688 - Utils.utils - INFO - Requisição <<GET>> realizada com sucesso, status code: 200
2022-05-20 00:29:21,061 - Utils.utils - INFO - Requisição <<GET>> realizada com sucesso, status code: 200
2022-05-20 00:29:21,707 - Utils.utils - INFO - Requisição <<GET>> realizada com sucesso, status code: 200
2022-05-20 00:29:22,090 - Utils.utils - INFO - Requisição <<GET>> realizada com sucesso, status code: 200
2022-05-20 00:29:22,372 - Utils.utils - INFO - Requisição <<GET>> realizada com sucesso, status code: 200
2022-05-20 00:29:22,539 - Utils.utils - INFO - Requisição <<GET>> realizada com sucesso, status code: 200
2022-05-20 00:29:22,553 - thots.thot_parse - INFO - Foi encontrado um total de : -5 videos restantes.
2022-05-20 00:29:22,554 - thots.thots - WARNING - ---------------| agathalira - Fim da lista de videos.
2022-05-20 00:29:22,554 - thots.thots - WARNING - ---------------| Iniciando tarefa barbaracastroo, 3 de 17
2022-05-20 00:29:22,554 - thots.thot_parse - INFO - Definindo o padrão de regex...
2022-05-20 00:29:22,764 - Utils.utils - INFO - Requisição <<GET>> realizada com sucesso, status code: 200
2022-05-20 00:29:22,765 - thots.thot_parse - INFO - Segundo padrão de regex definido com sucesso!
2022-05-20 00:29:22,964 - Utils.utils - INFO - Requisição <<GET>> realizada com sucesso, status code: 200
2022-05-20 00:29:22,967 - thots.thot_parse - INFO - Usando método alternativo para encontrar a quantidade de videos.
2022-05-20 00:29:23,117 - Utils.utils - INFO - Requisição <<GET>> realizada com sucesso, status code: 200
2022-05-20 00:29:23,118 - thots.thot_parse - INFO - Foi encontrado um total de : 0 videos restantes.
2022-05-20 00:29:23,119 - thots.thots - WARNING - ---------------| barbaracastroo - Fim da lista de videos.
2022-05-20 00:29:23,119 - thots.thots - WARNING - ---------------| Iniciando tarefa bellacasada, 4 de 17
2022-05-20 00:29:23,120 - thots.thot_parse - INFO - Definindo o padrão de regex...
2022-05-20 00:29:23,329 - Utils.utils - INFO - Requisição <<GET>> realizada com sucesso, status code: 200
2022-05-20 00:29:23,330 - thots.thot_parse - INFO - Segundo padrão de regex definido com sucesso!
2022-05-20 00:29:23,517 - Utils.utils - INFO - Requisição <<GET>> realizada com sucesso, status code: 200
2022-05-20 00:29:23,520 - thots.thot_parse - INFO - Usando método alternativo para encontrar a quantidade de videos.
2022-05-20 00:29:23,653 - Utils.utils - INFO - Requisição <<GET>> realizada com sucesso, status code: 200
2022-05-20 00:29:23,780 - Utils.utils - INFO - Requisição <<GET>> realizada com sucesso, status code: 200
2022-05-20 00:29:23,917 - Utils.utils - INFO - Requisição <<GET>> realizada com sucesso, status code: 200
2022-05-20 00:29:24,053 - Utils.utils - INFO - Requisição <<GET>> realizada com sucesso, status code: 200
2022-05-20 00:29:24,204 - Utils.utils - INFO - Requisição <<GET>> realizada com sucesso, status code: 200
2022-05-20 00:29:24,328 - Utils.utils - INFO - Requisição <<GET>> realizada com sucesso, status code: 200
2022-05-20 00:29:24,332 - thots.thot_parse - INFO - Foi encontrado um total de : -1 videos restantes.
2022-05-20 00:29:24,332 - thots.thots - WARNING - ---------------| bellacasada - Fim da lista de videos.
2022-05-20 00:29:24,333 - thots.thots - WARNING - ---------------| Iniciando tarefa casalruivaecornooficial, 5 de 17
2022-05-20 00:29:24,333 - thots.thot_parse - INFO - Definindo o padrão de regex...
2022-05-20 00:29:24,511 - Utils.utils - INFO - Requisição <<GET>> realizada com sucesso, status code: 200
2022-05-20 00:29:24,512 - thots.thot_parse - INFO - Segundo padrão de regex definido com sucesso!
2022-05-20 00:29:24,643 - Utils.utils - INFO - Requisição <<GET>> realizada com sucesso, status code: 200
2022-05-20 00:29:24,646 - thots.thot_parse - INFO - Usando método alternativo para encontrar a quantidade de videos.
2022-05-20 00:29:24,783 - Utils.utils - INFO - Requisição <<GET>> realizada com sucesso, status code: 200
2022-05-20 00:29:24,944 - Utils.utils - INFO - Requisição <<GET>> realizada com sucesso, status code: 200
2022-05-20 00:29:25,076 - Utils.utils - INFO - Requisição <<GET>> realizada com sucesso, status code: 200
2022-05-20 00:29:25,233 - Utils.utils - INFO - Requisição <<GET>> realizada com sucesso, status code: 200
2022-05-20 00:29:25,358 - Utils.utils - INFO - Requisição <<GET>> realizada com sucesso, status code: 200
2022-05-20 00:29:25,491 - Utils.utils - INFO - Requisição <<GET>> realizada com sucesso, status code: 200
2022-05-20 00:29:25,496 - thots.thot_parse - INFO - Foi encontrado um total de : 0 videos restantes.
2022-05-20 00:29:25,497 - thots.thots - WARNING - ---------------| casalruivaecornooficial - Fim da lista de videos.
2022-05-20 00:29:25,497 - thots.thots - WARNING - ---------------| Iniciando tarefa casaltopbessa, 6 de 17
2022-05-20 00:29:25,498 - thots.thot_parse - INFO - Definindo o padrão de regex...
2022-05-20 00:29:25,638 - Utils.utils - INFO - Requisição <<GET>> realizada com sucesso, status code: 200
2022-05-20 00:29:25,639 - thots.thot_parse - INFO - Segundo padrão de regex definido com sucesso!
2022-05-20 00:29:25,776 - Utils.utils - INFO - Requisição <<GET>> realizada com sucesso, status code: 200
2022-05-20 00:29:25,779 - thots.thot_parse - INFO - Usando método alternativo para encontrar a quantidade de videos.
2022-05-20 00:29:25,900 - Utils.utils - INFO - Requisição <<GET>> realizada com sucesso, status code: 200
2022-05-20 00:29:26,099 - Utils.utils - INFO - Requisição <<GET>> realizada com sucesso, status code: 200
2022-05-20 00:29:26,101 - thots.thot_parse - INFO - Foi encontrado um total de : -2 videos restantes.
2022-05-20 00:29:26,101 - thots.thots - WARNING - ---------------| casaltopbessa - Fim da lista de videos.
2022-05-20 00:29:26,103 - thots.thots - WARNING - ---------------| Iniciando tarefa elaquer, 7 de 17
2022-05-20 00:29:26,104 - thots.thot_parse - INFO - Definindo o padrão de regex...
2022-05-20 00:29:26,307 - Utils.utils - INFO - Requisição <<GET>> realizada com sucesso, status code: 200
2022-05-20 00:29:26,308 - thots.thot_parse - INFO - Segundo padrão de regex definido com sucesso!
2022-05-20 00:29:26,913 - Utils.utils - INFO - Requisição <<GET>> realizada com sucesso, status code: 200
2022-05-20 00:29:26,916 - thots.thot_parse - INFO - Usando método alternativo para encontrar a quantidade de videos.
2022-05-20 00:29:27,077 - Utils.utils - INFO - Requisição <<GET>> realizada com sucesso, status code: 200
2022-05-20 00:29:27,205 - Utils.utils - INFO - Requisição <<GET>> realizada com sucesso, status code: 200
2022-05-20 00:29:27,409 - Utils.utils - INFO - Requisição <<GET>> realizada com sucesso, status code: 200
2022-05-20 00:29:27,542 - Utils.utils - INFO - Requisição <<GET>> realizada com sucesso, status code: 200
2022-05-20 00:29:27,546 - thots.thot_parse - INFO - Foi encontrado um total de : 0 videos restantes.
2022-05-20 00:29:27,546 - thots.thots - WARNING - ---------------| elaquer - Fim da lista de videos.
2022-05-20 00:29:27,547 - thots.thots - WARNING - ---------------| Iniciando tarefa emilysales, 8 de 17
2022-05-20 00:29:27,547 - thots.thot_parse - INFO - Definindo o padrão de regex...
2022-05-20 00:29:27,750 - Utils.utils - INFO - Requisição <<GET>> realizada com sucesso, status code: 200
2022-05-20 00:29:27,751 - thots.thot_parse - INFO - Segundo padrão de regex definido com sucesso!
2022-05-20 00:29:27,990 - Utils.utils - INFO - Requisição <<GET>> realizada com sucesso, status code: 200
2022-05-20 00:29:27,992 - thots.thot_parse - INFO - Usando método alternativo para encontrar a quantidade de videos.
2022-05-20 00:29:28,185 - Utils.utils - INFO - Requisição <<GET>> realizada com sucesso, status code: 200
2022-05-20 00:29:28,384 - Utils.utils - INFO - Requisição <<GET>> realizada com sucesso, status code: 200
2022-05-20 00:29:28,548 - Utils.utils - INFO - Requisição <<GET>> realizada com sucesso, status code: 200
2022-05-20 00:29:28,680 - Utils.utils - INFO - Requisição <<GET>> realizada com sucesso, status code: 200
2022-05-20 00:29:28,853 - Utils.utils - INFO - Requisição <<GET>> realizada com sucesso, status code: 200
2022-05-20 00:29:28,856 - thots.thot_parse - INFO - Foi encontrado um total de : 0 videos restantes.
2022-05-20 00:29:28,856 - thots.thots - WARNING - ---------------| emilysales - Fim da lista de videos.
2022-05-20 00:29:28,857 - thots.thots - WARNING - ---------------| Iniciando tarefa esposagulosinha, 9 de 17
2022-05-20 00:29:28,857 - thots.thot_parse - INFO - Definindo o padrão de regex...
2022-05-20 00:29:29,083 - Utils.utils - INFO - Requisição <<GET>> realizada com sucesso, status code: 200
2022-05-20 00:29:29,084 - thots.thot_parse - INFO - Segundo padrão de regex definido com sucesso!
2022-05-20 00:29:29,229 - Utils.utils - INFO - Requisição <<GET>> realizada com sucesso, status code: 200
2022-05-20 00:29:29,232 - thots.thot_parse - INFO - Usando método alternativo para encontrar a quantidade de videos.
2022-05-20 00:29:29,357 - Utils.utils - INFO - Requisição <<GET>> realizada com sucesso, status code: 200
2022-05-20 00:29:29,489 - Utils.utils - INFO - Requisição <<GET>> realizada com sucesso, status code: 200
2022-05-20 00:29:29,616 - Utils.utils - INFO - Requisição <<GET>> realizada com sucesso, status code: 200
2022-05-20 00:29:29,752 - Utils.utils - INFO - Requisição <<GET>> realizada com sucesso, status code: 200
2022-05-20 00:29:29,880 - Utils.utils - INFO - Requisição <<GET>> realizada com sucesso, status code: 200
2022-05-20 00:29:30,013 - Utils.utils - INFO - Requisição <<GET>> realizada com sucesso, status code: 200
2022-05-20 00:29:30,186 - Utils.utils - INFO - Requisição <<GET>> realizada com sucesso, status code: 200
2022-05-20 00:29:30,357 - Utils.utils - INFO - Requisição <<GET>> realizada com sucesso, status code: 200
2022-05-20 00:29:30,365 - thots.thot_parse - INFO - Foi encontrado um total de : -2 videos restantes.
2022-05-20 00:29:30,365 - thots.thots - WARNING - ---------------| esposagulosinha - Fim da lista de videos.
2022-05-20 00:29:30,365 - thots.thots - WARNING - ---------------| Iniciando tarefa fabioeanaes, 10 de 17
2022-05-20 00:29:30,365 - thots.thot_parse - INFO - Definindo o padrão de regex...
2022-05-20 00:29:30,654 - Utils.utils - INFO - Requisição <<GET>> realizada com sucesso, status code: 200
2022-05-20 00:29:30,655 - thots.thot_parse - INFO - Segundo padrão de regex definido com sucesso!
2022-05-20 00:29:30,779 - Utils.utils - INFO - Requisição <<GET>> realizada com sucesso, status code: 200
2022-05-20 00:29:30,781 - thots.thot_parse - INFO - Usando método alternativo para encontrar a quantidade de videos.
2022-05-20 00:29:30,910 - Utils.utils - INFO - Requisição <<GET>> realizada com sucesso, status code: 200
2022-05-20 00:29:31,107 - Utils.utils - INFO - Requisição <<GET>> realizada com sucesso, status code: 200
2022-05-20 00:29:31,265 - Utils.utils - INFO - Requisição <<GET>> realizada com sucesso, status code: 200
2022-05-20 00:29:31,488 - Utils.utils - INFO - Requisição <<GET>> realizada com sucesso, status code: 200
2022-05-20 00:29:31,983 - Utils.utils - INFO - Requisição <<GET>> realizada com sucesso, status code: 200
2022-05-20 00:29:32,335 - Utils.utils - INFO - Requisição <<GET>> realizada com sucesso, status code: 200
2022-05-20 00:29:32,338 - thots.thot_parse - INFO - Foi encontrado um total de : 1 videos restantes.
2022-05-20 00:29:32,338 - thots.thot_parse - INFO - A lista de ID's já foi definida
2022-05-20 00:29:32,811 - Utils.utils - INFO - Requisição <<GET>> realizada com sucesso, status code: 200
2022-05-20 00:29:33,226 - Utils.utils - INFO - Requisição <<GET>> realizada com sucesso, status code: 200
2022-05-20 00:29:33,707 - Utils.utils - INFO - Requisição <<GET>> realizada com sucesso, status code: 200
2022-05-20 00:29:34,094 - Utils.utils - INFO - Requisição <<GET>> realizada com sucesso, status code: 200
2022-05-20 00:29:34,672 - Utils.utils - INFO - Requisição <<GET>> realizada com sucesso, status code: 200
2022-05-20 00:29:35,035 - Utils.utils - INFO - Requisição <<GET>> realizada com sucesso, status code: 200
2022-05-20 00:29:35,036 - thots.thot_parse - INFO - Download: 1 of 1
2022-05-20 00:29:35,037 - Utils.download - INFO - Baixando Downloads/fabioeanaes/105604-teaser-do-streap-tease-da-sexta-feira-13.mp4
2022-05-20 00:29:38,137 - Utils.download - INFO - Arquivo 105604-teaser-do-streap-tease-da-sexta-feira-13 baixado com sucesso! Agora...Enviando...
2022-05-20 00:29:44,656 - Utils.download - INFO - Arquivo 105604-teaser-do-streap-tease-da-sexta-feira-13 enviado com sucesso, ainda faltam: 0
2022-05-20 00:29:44,833 - Utils.utils - INFO - Requisição <<PUT>> realizada com sucesso, status code: 200
2022-05-20 00:29:45,016 - Utils.utils - INFO - Requisição <<GET>> realizada com sucesso, status code: 200
2022-05-20 00:29:45,605 - Utils.utils - INFO - Requisição <<PUT>> realizada com sucesso, status code: 200
2022-05-20 00:29:45,606 - Utils.download - INFO - Prosseguindo com a postagem...
2022-05-20 00:29:45,606 - Utils.download - INFO - A última postagem foi em 2020-04-05 19:38:48.279762 a diferença é: 1114851 minutos
2022-05-20 00:29:46,824 - Utils.utils - INFO - Enviando imagem 1 de 3 : Thumbnails/fabioeanaes000001.jpg
2022-05-20 00:29:48,314 - Utils.utils - INFO - Requisição <<POST>> realizada com sucesso, status code: 200
2022-05-20 00:29:48,315 - Utils.utils - INFO - Thumbnails/fabioeanaes000001.jpg enviado com sucesso
2022-05-20 00:29:48,315 - Utils.utils - INFO - Enviando imagem 2 de 3 : Thumbnails/fabioeanaes000007.jpg
2022-05-20 00:29:49,662 - Utils.utils - INFO - Requisição <<POST>> realizada com sucesso, status code: 200
2022-05-20 00:29:49,663 - Utils.utils - INFO - Thumbnails/fabioeanaes000007.jpg enviado com sucesso
2022-05-20 00:29:49,664 - Utils.utils - INFO - Enviando imagem 3 de 3 : Thumbnails/fabioeanaes000003.jpg
2022-05-20 00:29:50,995 - Utils.utils - INFO - Requisição <<POST>> realizada com sucesso, status code: 200
2022-05-20 00:29:50,995 - Utils.utils - INFO - Thumbnails/fabioeanaes000003.jpg enviado com sucesso
2022-05-20 00:29:50,996 - Utils.thotshub - INFO - Autorizando...
2022-05-20 00:29:51,182 - Utils.utils - INFO - Requisição <<GET>> realizada com sucesso, status code: 200
2022-05-20 00:29:51,350 - Utils.utils - INFO - Requisição <<POST>> realizada com sucesso, status code: 200
2022-05-20 00:29:51,351 - Utils.thotshub - INFO - Autorizado
2022-05-20 00:29:51,351 - Utils.thotshub - INFO - Logado no thotsbay com sucesso.
2022-05-20 00:29:51,351 - Utils.download - INFO - Atualizando tópico agora...
2022-05-20 00:29:51,516 - Utils.utils - INFO - Requisição <<GET>> realizada com sucesso, status code: 200
2022-05-20 00:29:51,925 - Utils.utils - INFO - Requisição <<POST>> realizada com sucesso, status code: 200
2022-05-20 00:29:52,108 - Utils.utils - INFO - Requisição <<PUT>> realizada com sucesso, status code: 200
2022-05-20 00:29:52,109 - thots.thot_parse - INFO - Download: 2 of 1
2022-05-20 00:29:52,110 - Utils.download - INFO - Baixando Downloads/fabioeanaes/105554-sexta-feira-13-dia-da-gata-negra-fazer-um-strep-teas.mp4
2022-05-20 00:30:54,843 - Utils.download - INFO - Arquivo 105554-sexta-feira-13-dia-da-gata-negra-fazer-um-strep-teas baixado com sucesso! Agora...Enviando...
2022-05-20 00:31:35,201 - Utils.download - INFO - Arquivo 105554-sexta-feira-13-dia-da-gata-negra-fazer-um-strep-teas enviado com sucesso, ainda faltam: -1
2022-05-20 00:31:35,456 - Utils.utils - INFO - Requisição <<PUT>> realizada com sucesso, status code: 200
2022-05-20 00:31:35,588 - Utils.utils - INFO - Requisição <<GET>> realizada com sucesso, status code: 200
2022-05-20 00:31:36,168 - Utils.utils - INFO - Requisição <<PUT>> realizada com sucesso, status code: 200
2022-05-20 00:31:36,169 - Utils.download - INFO - Prosseguindo com a postagem...
2022-05-20 00:31:36,169 - Utils.download - INFO - A última postagem foi em 2020-04-05 19:38:48.279762 a diferença é: 1114853 minutos
2022-05-20 00:31:37,052 - Utils.utils - INFO - Enviando imagem 1 de 3 : Thumbnails/fabioeanaes000818.jpg
2022-05-20 00:31:38,809 - Utils.utils - INFO - Requisição <<POST>> realizada com sucesso, status code: 200
2022-05-20 00:31:38,810 - Utils.utils - INFO - Thumbnails/fabioeanaes000818.jpg enviado com sucesso
2022-05-20 00:31:38,810 - Utils.utils - INFO - Enviando imagem 2 de 3 : Thumbnails/fabioeanaes000932.jpg
2022-05-20 00:31:40,301 - Utils.utils - INFO - Requisição <<POST>> realizada com sucesso, status code: 200
2022-05-20 00:31:40,302 - Utils.utils - INFO - Thumbnails/fabioeanaes000932.jpg enviado com sucesso
2022-05-20 00:31:40,303 - Utils.utils - INFO - Enviando imagem 3 de 3 : Thumbnails/fabioeanaes000697.jpg
2022-05-20 00:31:41,833 - Utils.utils - INFO - Requisição <<POST>> realizada com sucesso, status code: 200
2022-05-20 00:31:41,833 - Utils.utils - INFO - Thumbnails/fabioeanaes000697.jpg enviado com sucesso
2022-05-20 00:31:43,440 - Utils.utils - INFO - Enviando imagem 1 de 3 : Thumbnails/fabioeanaes000009.jpg
2022-05-20 00:31:44,910 - Utils.utils - INFO - Requisição <<POST>> realizada com sucesso, status code: 200
2022-05-20 00:31:44,911 - Utils.utils - INFO - Thumbnails/fabioeanaes000009.jpg enviado com sucesso
2022-05-20 00:31:44,911 - Utils.utils - INFO - Enviando imagem 2 de 3 : Thumbnails/fabioeanaes000015.jpg
2022-05-20 00:31:46,356 - Utils.utils - INFO - Requisição <<POST>> realizada com sucesso, status code: 200
2022-05-20 00:31:46,357 - Utils.utils - INFO - Thumbnails/fabioeanaes000015.jpg enviado com sucesso
2022-05-20 00:31:46,357 - Utils.utils - INFO - Enviando imagem 3 de 3 : Thumbnails/fabioeanaes000005.jpg
2022-05-20 00:31:47,739 - Utils.utils - INFO - Requisição <<POST>> realizada com sucesso, status code: 200
2022-05-20 00:31:47,740 - Utils.utils - INFO - Thumbnails/fabioeanaes000005.jpg enviado com sucesso
2022-05-20 00:31:47,740 - Utils.thotshub - INFO - Autorizando...
2022-05-20 00:31:48,174 - Utils.utils - INFO - Requisição <<GET>> realizada com sucesso, status code: 200
2022-05-20 00:31:48,565 - Utils.utils - INFO - Requisição <<POST>> realizada com sucesso, status code: 200
2022-05-20 00:31:48,566 - Utils.thotshub - INFO - Autorizado
2022-05-20 00:31:48,567 - Utils.thotshub - INFO - Logado no thotsbay com sucesso.
2022-05-20 00:31:48,567 - Utils.download - INFO - Atualizando tópico agora...
2022-05-20 00:31:48,989 - Utils.utils - INFO - Requisição <<GET>> realizada com sucesso, status code: 200
2022-05-20 00:31:49,483 - Utils.utils - INFO - Requisição <<POST>> realizada com sucesso, status code: 200
2022-05-20 00:31:49,667 - Utils.utils - INFO - Requisição <<PUT>> realizada com sucesso, status code: 200
2022-05-20 00:31:49,668 - thots.thots - WARNING - ---------------| fabioeanaes - Fim da lista de videos.
2022-05-20 00:31:49,669 - thots.thots - WARNING - ---------------| Iniciando tarefa helenafilmes, 11 de 17
2022-05-20 00:31:49,669 - thots.thot_parse - INFO - Definindo o padrão de regex...
2022-05-20 00:31:55,954 - Utils.utils - INFO - Ambiente de produção ativado
2022-05-20 00:31:56,161 - Utils.utils - INFO - Requisição <<GET>> realizada com sucesso, status code: 200
2022-05-20 00:31:56,203 - __main__ - INFO - Checando thotsbay forum...
2022-05-20 00:31:56,203 - Utils.thotshub - INFO - Autorizando...
2022-05-20 00:31:56,342 - Utils.utils - INFO - Requisição <<GET>> realizada com sucesso, status code: 200
2022-05-20 00:31:57,008 - Utils.utils - INFO - Requisição <<POST>> realizada com sucesso, status code: 200
2022-05-20 00:31:57,010 - Utils.thotshub - INFO - Autorizado
2022-05-20 00:31:57,010 - Utils.thotshub - INFO - Logado no thotsbay com sucesso.
2022-05-20 00:31:57,010 - __main__ - INFO - Checando colab...
2022-05-20 00:31:57,011 - Utils.utils - INFO - COLAB enviorement not detected
2022-05-20 00:31:57,011 - __main__ - INFO - Checando config...
2022-05-20 00:31:57,314 - Utils.utils - INFO - Requisição <<GET>> realizada com sucesso, status code: 200
2022-05-20 00:31:58,316 - __main__ - INFO - Checando ids...
2022-05-20 00:31:58,620 - Utils.utils - INFO - Requisição <<GET>> realizada com sucesso, status code: 200
2022-05-20 00:31:58,621 - thots.thots - WARNING - ---------------| Iniciando tarefa afroditehotwife, 1 de 17
2022-05-20 00:31:58,621 - thots.thot_parse - INFO - Definindo o padrão de regex...
2022-05-20 00:31:59,032 - Utils.utils - INFO - Requisição <<GET>> realizada com sucesso, status code: 200
2022-05-20 00:31:59,033 - thots.thot_parse - INFO - Segundo padrão de regex definido com sucesso!
2022-05-20 00:31:59,401 - Utils.utils - INFO - Requisição <<GET>> realizada com sucesso, status code: 200
2022-05-20 00:31:59,405 - thots.thot_parse - INFO - Usando método alternativo para encontrar a quantidade de videos.
2022-05-20 00:31:59,750 - Utils.utils - INFO - Requisição <<GET>> realizada com sucesso, status code: 200
2022-05-20 00:32:00,087 - Utils.utils - INFO - Requisição <<GET>> realizada com sucesso, status code: 200
2022-05-20 00:32:00,493 - Utils.utils - INFO - Requisição <<GET>> realizada com sucesso, status code: 200
2022-05-20 00:32:00,827 - Utils.utils - INFO - Requisição <<GET>> realizada com sucesso, status code: 200
2022-05-20 00:32:01,085 - Utils.utils - INFO - Requisição <<GET>> realizada com sucesso, status code: 200
2022-05-20 00:32:01,411 - Utils.utils - INFO - Requisição <<GET>> realizada com sucesso, status code: 200
2022-05-20 00:32:01,648 - Utils.utils - INFO - Requisição <<GET>> realizada com sucesso, status code: 200
2022-05-20 00:32:01,925 - Utils.utils - INFO - Requisição <<GET>> realizada com sucesso, status code: 200
2022-05-20 00:32:02,218 - Utils.utils - INFO - Requisição <<GET>> realizada com sucesso, status code: 200
2022-05-20 00:32:02,462 - Utils.utils - INFO - Requisição <<GET>> realizada com sucesso, status code: 200
2022-05-20 00:32:02,692 - Utils.utils - INFO - Requisição <<GET>> realizada com sucesso, status code: 200
2022-05-20 00:32:02,857 - Utils.utils - INFO - Requisição <<GET>> realizada com sucesso, status code: 200
2022-05-20 00:32:02,872 - thots.thot_parse - INFO - Foi encontrado um total de : 0 videos restantes.
2022-05-20 00:32:02,872 - thots.thots - WARNING - ---------------| afroditehotwife - Fim da lista de videos.
2022-05-20 00:32:02,872 - thots.thots - WARNING - ---------------| Iniciando tarefa agathalira, 2 de 17
2022-05-20 00:32:02,872 - thots.thot_parse - INFO - Definindo o padrão de regex...
2022-05-20 00:32:03,288 - Utils.utils - INFO - Requisição <<GET>> realizada com sucesso, status code: 200
2022-05-20 00:32:03,289 - thots.thot_parse - INFO - Primeiro padrão de regex definido com sucesso!
2022-05-20 00:32:03,651 - Utils.utils - INFO - Requisição <<GET>> realizada com sucesso, status code: 200
2022-05-20 00:32:03,654 - thots.thot_parse - INFO - Usando método alternativo para encontrar a quantidade de videos.
2022-05-20 00:32:04,062 - Utils.utils - INFO - Requisição <<GET>> realizada com sucesso, status code: 200
2022-05-20 00:32:04,350 - Utils.utils - INFO - Requisição <<GET>> realizada com sucesso, status code: 200
2022-05-20 00:32:04,610 - Utils.utils - INFO - Requisição <<GET>> realizada com sucesso, status code: 200
2022-05-20 00:32:04,972 - Utils.utils - INFO - Requisição <<GET>> realizada com sucesso, status code: 200
2022-05-20 00:32:05,378 - Utils.utils - INFO - Requisição <<GET>> realizada com sucesso, status code: 200
2022-05-20 00:32:05,796 - Utils.utils - INFO - Requisição <<GET>> realizada com sucesso, status code: 200
2022-05-20 00:32:06,096 - Utils.utils - INFO - Requisição <<GET>> realizada com sucesso, status code: 200
2022-05-20 00:32:06,336 - Utils.utils - INFO - Requisição <<GET>> realizada com sucesso, status code: 200
2022-05-20 00:32:06,582 - Utils.utils - INFO - Requisição <<GET>> realizada com sucesso, status code: 200
2022-05-20 00:32:06,843 - Utils.utils - INFO - Requisição <<GET>> realizada com sucesso, status code: 200
2022-05-20 00:32:07,133 - Utils.utils - INFO - Requisição <<GET>> realizada com sucesso, status code: 200
2022-05-20 00:32:07,624 - Utils.utils - INFO - Requisição <<GET>> realizada com sucesso, status code: 200
2022-05-20 00:32:08,097 - Utils.utils - INFO - Requisição <<GET>> realizada com sucesso, status code: 200
2022-05-20 00:32:08,113 - thots.thot_parse - INFO - Foi encontrado um total de : -5 videos restantes.
2022-05-20 00:32:08,113 - thots.thots - WARNING - ---------------| agathalira - Fim da lista de videos.
2022-05-20 00:32:08,114 - thots.thots - WARNING - ---------------| Iniciando tarefa barbaracastroo, 3 de 17
2022-05-20 00:32:08,114 - thots.thot_parse - INFO - Definindo o padrão de regex...
2022-05-20 00:32:08,440 - Utils.utils - INFO - Requisição <<GET>> realizada com sucesso, status code: 200
2022-05-20 00:32:08,441 - thots.thot_parse - INFO - Segundo padrão de regex definido com sucesso!
2022-05-20 00:32:08,722 - Utils.utils - INFO - Requisição <<GET>> realizada com sucesso, status code: 200
2022-05-20 00:32:08,725 - thots.thot_parse - INFO - Usando método alternativo para encontrar a quantidade de videos.
2022-05-20 00:32:08,991 - Utils.utils - INFO - Requisição <<GET>> realizada com sucesso, status code: 200
2022-05-20 00:32:08,992 - thots.thot_parse - INFO - Foi encontrado um total de : 0 videos restantes.
2022-05-20 00:32:08,993 - thots.thots - WARNING - ---------------| barbaracastroo - Fim da lista de videos.
2022-05-20 00:32:08,994 - thots.thots - WARNING - ---------------| Iniciando tarefa bellacasada, 4 de 17
2022-05-20 00:32:08,995 - thots.thot_parse - INFO - Definindo o padrão de regex...
2022-05-20 00:32:09,372 - Utils.utils - INFO - Requisição <<GET>> realizada com sucesso, status code: 200
2022-05-20 00:32:09,373 - thots.thot_parse - INFO - Segundo padrão de regex definido com sucesso!
2022-05-20 00:32:09,791 - Utils.utils - INFO - Requisição <<GET>> realizada com sucesso, status code: 200
2022-05-20 00:32:09,793 - thots.thot_parse - INFO - Usando método alternativo para encontrar a quantidade de videos.
2022-05-20 00:32:10,133 - Utils.utils - INFO - Requisição <<GET>> realizada com sucesso, status code: 200
2022-05-20 00:32:10,373 - Utils.utils - INFO - Requisição <<GET>> realizada com sucesso, status code: 200
2022-05-20 00:32:10,587 - Utils.utils - INFO - Requisição <<GET>> realizada com sucesso, status code: 200
2022-05-20 00:32:10,774 - Utils.utils - INFO - Requisição <<GET>> realizada com sucesso, status code: 200
2022-05-20 00:32:10,991 - Utils.utils - INFO - Requisição <<GET>> realizada com sucesso, status code: 200
2022-05-20 00:32:11,378 - Utils.utils - INFO - Requisição <<GET>> realizada com sucesso, status code: 200
2022-05-20 00:32:11,382 - thots.thot_parse - INFO - Foi encontrado um total de : -1 videos restantes.
2022-05-20 00:32:11,382 - thots.thots - WARNING - ---------------| bellacasada - Fim da lista de videos.
2022-05-20 00:32:11,382 - thots.thots - WARNING - ---------------| Iniciando tarefa casalruivaecornooficial, 5 de 17
2022-05-20 00:32:11,382 - thots.thot_parse - INFO - Definindo o padrão de regex...
2022-05-20 00:32:11,711 - Utils.utils - INFO - Requisição <<GET>> realizada com sucesso, status code: 200
2022-05-20 00:32:11,712 - thots.thot_parse - INFO - Segundo padrão de regex definido com sucesso!
2022-05-20 00:32:11,866 - Utils.utils - INFO - Requisição <<GET>> realizada com sucesso, status code: 200
2022-05-20 00:32:11,869 - thots.thot_parse - INFO - Usando método alternativo para encontrar a quantidade de videos.
2022-05-20 00:32:12,068 - Utils.utils - INFO - Requisição <<GET>> realizada com sucesso, status code: 200
2022-05-20 00:32:12,341 - Utils.utils - INFO - Requisição <<GET>> realizada com sucesso, status code: 200
2022-05-20 00:32:12,498 - Utils.utils - INFO - Requisição <<GET>> realizada com sucesso, status code: 200
2022-05-20 00:32:12,660 - Utils.utils - INFO - Requisição <<GET>> realizada com sucesso, status code: 200
2022-05-20 00:32:12,827 - Utils.utils - INFO - Requisição <<GET>> realizada com sucesso, status code: 200
2022-05-20 00:32:13,048 - Utils.utils - INFO - Requisição <<GET>> realizada com sucesso, status code: 200
2022-05-20 00:32:13,052 - thots.thot_parse - INFO - Foi encontrado um total de : 0 videos restantes.
2022-05-20 00:32:13,052 - thots.thots - WARNING - ---------------| casalruivaecornooficial - Fim da lista de videos.
2022-05-20 00:32:13,052 - thots.thots - WARNING - ---------------| Iniciando tarefa casaltopbessa, 6 de 17
2022-05-20 00:32:13,052 - thots.thot_parse - INFO - Definindo o padrão de regex...
2022-05-20 00:32:13,320 - Utils.utils - INFO - Requisição <<GET>> realizada com sucesso, status code: 200
2022-05-20 00:32:13,321 - thots.thot_parse - INFO - Segundo padrão de regex definido com sucesso!
2022-05-20 00:32:13,482 - Utils.utils - INFO - Requisição <<GET>> realizada com sucesso, status code: 200
2022-05-20 00:32:13,485 - thots.thot_parse - INFO - Usando método alternativo para encontrar a quantidade de videos.
2022-05-20 00:32:13,646 - Utils.utils - INFO - Requisição <<GET>> realizada com sucesso, status code: 200
2022-05-20 00:32:13,783 - Utils.utils - INFO - Requisição <<GET>> realizada com sucesso, status code: 200
2022-05-20 00:32:13,785 - thots.thot_parse - INFO - Foi encontrado um total de : -2 videos restantes.
2022-05-20 00:32:13,786 - thots.thots - WARNING - ---------------| casaltopbessa - Fim da lista de videos.
2022-05-20 00:32:13,787 - thots.thots - WARNING - ---------------| Iniciando tarefa elaquer, 7 de 17
2022-05-20 00:32:13,787 - thots.thot_parse - INFO - Definindo o padrão de regex...
2022-05-20 00:32:13,910 - Utils.utils - INFO - Requisição <<GET>> realizada com sucesso, status code: 200
2022-05-20 00:32:13,911 - thots.thot_parse - INFO - Segundo padrão de regex definido com sucesso!
2022-05-20 00:32:14,036 - Utils.utils - INFO - Requisição <<GET>> realizada com sucesso, status code: 200
2022-05-20 00:32:14,039 - thots.thot_parse - INFO - Usando método alternativo para encontrar a quantidade de videos.
2022-05-20 00:32:14,234 - Utils.utils - INFO - Requisição <<GET>> realizada com sucesso, status code: 200
2022-05-20 00:32:14,392 - Utils.utils - INFO - Requisição <<GET>> realizada com sucesso, status code: 200
2022-05-20 00:32:14,635 - Utils.utils - INFO - Requisição <<GET>> realizada com sucesso, status code: 200
2022-05-20 00:32:15,025 - Utils.utils - INFO - Requisição <<GET>> realizada com sucesso, status code: 200
2022-05-20 00:32:15,029 - thots.thot_parse - INFO - Foi encontrado um total de : 0 videos restantes.
2022-05-20 00:32:15,030 - thots.thots - WARNING - ---------------| elaquer - Fim da lista de videos.
2022-05-20 00:32:15,031 - thots.thots - WARNING - ---------------| Iniciando tarefa emilysales, 8 de 17
2022-05-20 00:32:15,031 - thots.thot_parse - INFO - Definindo o padrão de regex...
2022-05-20 00:32:15,238 - Utils.utils - INFO - Requisição <<GET>> realizada com sucesso, status code: 200
2022-05-20 00:32:15,239 - thots.thot_parse - INFO - Segundo padrão de regex definido com sucesso!
2022-05-20 00:32:15,446 - Utils.utils - INFO - Requisição <<GET>> realizada com sucesso, status code: 200
2022-05-20 00:32:15,449 - thots.thot_parse - INFO - Usando método alternativo para encontrar a quantidade de videos.
2022-05-20 00:32:15,825 - Utils.utils - INFO - Requisição <<GET>> realizada com sucesso, status code: 200
2022-05-20 00:32:16,188 - Utils.utils - INFO - Requisição <<GET>> realizada com sucesso, status code: 200
2022-05-20 00:32:16,427 - Utils.utils - INFO - Requisição <<GET>> realizada com sucesso, status code: 200
2022-05-20 00:32:16,675 - Utils.utils - INFO - Requisição <<GET>> realizada com sucesso, status code: 200
2022-05-20 00:32:16,941 - Utils.utils - INFO - Requisição <<GET>> realizada com sucesso, status code: 200
2022-05-20 00:32:16,944 - thots.thot_parse - INFO - Foi encontrado um total de : 0 videos restantes.
2022-05-20 00:32:16,945 - thots.thots - WARNING - ---------------| emilysales - Fim da lista de videos.
2022-05-20 00:32:16,945 - thots.thots - WARNING - ---------------| Iniciando tarefa esposagulosinha, 9 de 17
2022-05-20 00:32:16,945 - thots.thot_parse - INFO - Definindo o padrão de regex...
2022-05-20 00:32:17,210 - Utils.utils - INFO - Requisição <<GET>> realizada com sucesso, status code: 200
2022-05-20 00:32:17,211 - thots.thot_parse - INFO - Segundo padrão de regex definido com sucesso!
2022-05-20 00:32:17,506 - Utils.utils - INFO - Requisição <<GET>> realizada com sucesso, status code: 200
2022-05-20 00:32:17,509 - thots.thot_parse - INFO - Usando método alternativo para encontrar a quantidade de videos.
2022-05-20 00:32:17,919 - Utils.utils - INFO - Requisição <<GET>> realizada com sucesso, status code: 200
2022-05-20 00:32:18,185 - Utils.utils - INFO - Requisição <<GET>> realizada com sucesso, status code: 200
2022-05-20 00:32:18,402 - Utils.utils - INFO - Requisição <<GET>> realizada com sucesso, status code: 200
2022-05-20 00:32:18,602 - Utils.utils - INFO - Requisição <<GET>> realizada com sucesso, status code: 200
2022-05-20 00:32:18,809 - Utils.utils - INFO - Requisição <<GET>> realizada com sucesso, status code: 200
2022-05-20 00:32:19,012 - Utils.utils - INFO - Requisição <<GET>> realizada com sucesso, status code: 200
2022-05-20 00:32:19,262 - Utils.utils - INFO - Requisição <<GET>> realizada com sucesso, status code: 200
2022-05-20 00:32:19,449 - Utils.utils - INFO - Requisição <<GET>> realizada com sucesso, status code: 200
2022-05-20 00:32:19,456 - thots.thot_parse - INFO - Foi encontrado um total de : -2 videos restantes.
2022-05-20 00:32:19,456 - thots.thots - WARNING - ---------------| esposagulosinha - Fim da lista de videos.
2022-05-20 00:32:19,457 - thots.thots - WARNING - ---------------| Iniciando tarefa fabioeanaes, 10 de 17
2022-05-20 00:32:19,457 - thots.thot_parse - INFO - Definindo o padrão de regex...
2022-05-20 00:32:19,624 - Utils.utils - INFO - Requisição <<GET>> realizada com sucesso, status code: 200
2022-05-20 00:32:19,626 - thots.thot_parse - INFO - Segundo padrão de regex definido com sucesso!
2022-05-20 00:32:19,763 - Utils.utils - INFO - Requisição <<GET>> realizada com sucesso, status code: 200
2022-05-20 00:32:19,768 - thots.thot_parse - INFO - Usando método alternativo para encontrar a quantidade de videos.
2022-05-20 00:32:19,905 - Utils.utils - INFO - Requisição <<GET>> realizada com sucesso, status code: 200
2022-05-20 00:32:20,053 - Utils.utils - INFO - Requisição <<GET>> realizada com sucesso, status code: 200
2022-05-20 00:32:20,277 - Utils.utils - INFO - Requisição <<GET>> realizada com sucesso, status code: 200
2022-05-20 00:32:20,503 - Utils.utils - INFO - Requisição <<GET>> realizada com sucesso, status code: 200
2022-05-20 00:32:20,644 - Utils.utils - INFO - Requisição <<GET>> realizada com sucesso, status code: 200
2022-05-20 00:32:20,853 - Utils.utils - INFO - Requisição <<GET>> realizada com sucesso, status code: 200
2022-05-20 00:32:20,857 - thots.thot_parse - INFO - Foi encontrado um total de : -1 videos restantes.
2022-05-20 00:32:20,857 - thots.thots - WARNING - ---------------| fabioeanaes - Fim da lista de videos.
2022-05-20 00:32:20,857 - thots.thots - WARNING - ---------------| Iniciando tarefa helenafilmes, 11 de 17
2022-05-20 00:32:20,857 - thots.thot_parse - INFO - Definindo o padrão de regex...
2022-05-20 00:32:21,096 - Utils.utils - INFO - Requisição <<GET>> realizada com sucesso, status code: 200
2022-05-20 00:32:21,098 - thots.thot_parse - INFO - Segundo padrão de regex definido com sucesso!
2022-05-20 00:32:21,325 - Utils.utils - INFO - Requisição <<GET>> realizada com sucesso, status code: 200
2022-05-20 00:32:21,330 - thots.thot_parse - INFO - Usando método alternativo para encontrar a quantidade de videos.
2022-05-20 00:32:21,584 - Utils.utils - INFO - Requisição <<GET>> realizada com sucesso, status code: 200
2022-05-20 00:32:21,839 - Utils.utils - INFO - Requisição <<GET>> realizada com sucesso, status code: 200
2022-05-20 00:32:21,841 - thots.thot_parse - INFO - Foi encontrado um total de : 0 videos restantes.
2022-05-20 00:32:21,841 - thots.thots - WARNING - ---------------| helenafilmes - Fim da lista de videos.
2022-05-20 00:32:21,841 - thots.thots - WARNING - ---------------| Iniciando tarefa lualencar11, 12 de 17
2022-05-20 00:32:21,842 - thots.thot_parse - INFO - Definindo o padrão de regex...
2022-05-20 00:32:22,044 - Utils.utils - INFO - Requisição <<GET>> realizada com sucesso, status code: 200
2022-05-20 00:32:22,045 - thots.thot_parse - INFO - Segundo padrão de regex definido com sucesso!
2022-05-20 00:32:22,209 - Utils.utils - INFO - Requisição <<GET>> realizada com sucesso, status code: 200
2022-05-20 00:32:22,212 - thots.thot_parse - INFO - Usando método alternativo para encontrar a quantidade de videos.
2022-05-20 00:32:22,335 - Utils.utils - INFO - Requisição <<GET>> realizada com sucesso, status code: 200
2022-05-20 00:32:22,336 - thots.thot_parse - INFO - Foi encontrado um total de : 0 videos restantes.
2022-05-20 00:32:22,336 - thots.thots - WARNING - ---------------| lualencar11 - Fim da lista de videos.
2022-05-20 00:32:22,336 - thots.thots - WARNING - ---------------| Iniciando tarefa melissadias, 13 de 17
2022-05-20 00:32:22,336 - thots.thot_parse - INFO - Definindo o padrão de regex...
2022-05-20 00:32:22,464 - Utils.utils - INFO - Requisição <<GET>> realizada com sucesso, status code: 200
2022-05-20 00:32:22,464 - thots.thot_parse - INFO - Segundo padrão de regex definido com sucesso!
2022-05-20 00:32:22,600 - Utils.utils - INFO - Requisição <<GET>> realizada com sucesso, status code: 200
2022-05-20 00:32:22,602 - thots.thot_parse - INFO - Usando método alternativo para encontrar a quantidade de videos.
2022-05-20 00:32:22,734 - Utils.utils - INFO - Requisição <<GET>> realizada com sucesso, status code: 200
2022-05-20 00:32:22,929 - Utils.utils - INFO - Requisição <<GET>> realizada com sucesso, status code: 200
2022-05-20 00:32:23,126 - Utils.utils - INFO - Requisição <<GET>> realizada com sucesso, status code: 200
2022-05-20 00:32:23,259 - Utils.utils - INFO - Requisição <<GET>> realizada com sucesso, status code: 200
2022-05-20 00:32:23,390 - Utils.utils - INFO - Requisição <<GET>> realizada com sucesso, status code: 200
2022-05-20 00:32:23,549 - Utils.utils - INFO - Requisição <<GET>> realizada com sucesso, status code: 200
2022-05-20 00:32:23,699 - Utils.utils - INFO - Requisição <<GET>> realizada com sucesso, status code: 200
2022-05-20 00:32:23,704 - thots.thot_parse - INFO - Foi encontrado um total de : 0 videos restantes.
2022-05-20 00:32:23,705 - thots.thots - WARNING - ---------------| melissadias - Fim da lista de videos.
2022-05-20 00:32:23,705 - thots.thots - WARNING - ---------------| Iniciando tarefa nicoleballs_trans, 14 de 17
2022-05-20 00:32:23,705 - thots.thot_parse - INFO - Definindo o padrão de regex...
2022-05-20 00:32:23,825 - Utils.utils - INFO - Requisição <<GET>> realizada com sucesso, status code: 200
2022-05-20 00:32:23,826 - thots.thot_parse - INFO - Segundo padrão de regex definido com sucesso!
2022-05-20 00:32:23,952 - Utils.utils - INFO - Requisição <<GET>> realizada com sucesso, status code: 200
2022-05-20 00:32:23,955 - thots.thot_parse - INFO - Usando método alternativo para encontrar a quantidade de videos.
2022-05-20 00:32:24,082 - Utils.utils - INFO - Requisição <<GET>> realizada com sucesso, status code: 200
2022-05-20 00:32:24,206 - Utils.utils - INFO - Requisição <<GET>> realizada com sucesso, status code: 200
2022-05-20 00:32:24,207 - thots.thot_parse - INFO - Foi encontrado um total de : 0 videos restantes.
2022-05-20 00:32:24,208 - thots.thots - WARNING - ---------------| nicoleballs_trans - Fim da lista de videos.
2022-05-20 00:32:24,209 - thots.thots - WARNING - ---------------| Iniciando tarefa nikkecasada, 15 de 17
2022-05-20 00:32:24,210 - thots.thot_parse - INFO - Definindo o padrão de regex...
2022-05-20 00:32:24,496 - Utils.utils - INFO - Requisição <<GET>> realizada com sucesso, status code: 200
2022-05-20 00:32:24,497 - thots.thot_parse - INFO - Segundo padrão de regex definido com sucesso!
2022-05-20 00:32:24,763 - Utils.utils - INFO - Requisição <<GET>> realizada com sucesso, status code: 200
2022-05-20 00:32:24,767 - thots.thot_parse - INFO - Usando método alternativo para encontrar a quantidade de videos.
2022-05-20 00:32:25,088 - Utils.utils - INFO - Requisição <<GET>> realizada com sucesso, status code: 200
2022-05-20 00:32:25,288 - Utils.utils - INFO - Requisição <<GET>> realizada com sucesso, status code: 200
2022-05-20 00:32:25,487 - Utils.utils - INFO - Requisição <<GET>> realizada com sucesso, status code: 200
2022-05-20 00:32:25,788 - Utils.utils - INFO - Requisição <<GET>> realizada com sucesso, status code: 200
2022-05-20 00:32:26,028 - Utils.utils - INFO - Requisição <<GET>> realizada com sucesso, status code: 200
2022-05-20 00:32:26,032 - thots.thot_parse - INFO - Foi encontrado um total de : 0 videos restantes.
2022-05-20 00:32:26,032 - thots.thots - WARNING - ---------------| nikkecasada - Fim da lista de videos.
2022-05-20 00:32:26,033 - thots.thots - WARNING - ---------------| Iniciando tarefa tatycasadinha, 16 de 17
2022-05-20 00:32:26,192 - thots.thots - WARNING - ---------------| tatycasadinha - Fim da lista de videos.
2022-05-20 00:32:26,193 - thots.thots - WARNING - ---------------| Iniciando tarefa vidasafada, 17 de 17
2022-05-20 00:32:26,193 - thots.thot_parse - INFO - Definindo o padrão de regex...
2022-05-20 00:32:26,801 - Utils.utils - INFO - Requisição <<GET>> realizada com sucesso, status code: 200
2022-05-20 00:32:26,802 - thots.thot_parse - INFO - Segundo padrão de regex definido com sucesso!
2022-05-20 00:32:27,405 - Utils.utils - INFO - Requisição <<GET>> realizada com sucesso, status code: 200
2022-05-20 00:32:27,407 - thots.thot_parse - INFO - Usando método alternativo para encontrar a quantidade de videos.
2022-05-20 00:32:28,288 - Utils.utils - INFO - Requisição <<GET>> realizada com sucesso, status code: 200
2022-05-20 00:32:29,000 - Utils.utils - INFO - Requisição <<GET>> realizada com sucesso, status code: 200
2022-05-20 00:32:29,675 - Utils.utils - INFO - Requisição <<GET>> realizada com sucesso, status code: 200
2022-05-20 00:32:30,276 - Utils.utils - INFO - Requisição <<GET>> realizada com sucesso, status code: 200
2022-05-20 00:32:30,730 - Utils.utils - INFO - Requisição <<GET>> realizada com sucesso, status code: 200
2022-05-20 00:32:31,168 - Utils.utils - INFO - Requisição <<GET>> realizada com sucesso, status code: 200
2022-05-20 00:32:31,500 - Utils.utils - INFO - Requisição <<GET>> realizada com sucesso, status code: 200
2022-05-20 00:32:31,506 - thots.thot_parse - INFO - Foi encontrado um total de : -1 videos restantes.
2022-05-20 00:32:31,506 - thots.thots - WARNING - ---------------| vidasafada - Fim da lista de videos.
2022-05-20 00:32:31,506 - __main__ - INFO - Fazendo backup dos IDs na API backup...
2022-05-20 00:32:31,507 - __main__ - INFO - Salvando ID's da API localmente....
2022-05-20 00:32:31,812 - Utils.utils - INFO - Requisição <<GET>> realizada com sucesso, status code: 200
2022-05-20 00:32:32,413 - Utils.utils - INFO - Requisição <<GET>> realizada com sucesso, status code: 200
