2022-05-22 00:31:26,608 - Utils.utils - INFO - Ambiente de produção ativado
2022-05-22 00:31:26,873 - Utils.utils - INFO - Requisição <<GET>> realizada com sucesso, status code: 200
2022-05-22 00:31:26,911 - __main__ - INFO - Checando thotsbay forum...
2022-05-22 00:31:26,911 - Utils.thotshub - INFO - Autorizando...
2022-05-22 00:31:27,051 - Utils.utils - INFO - Requisição <<GET>> realizada com sucesso, status code: 200
2022-05-22 00:31:27,632 - Utils.utils - INFO - Requisição <<POST>> realizada com sucesso, status code: 200
2022-05-22 00:31:27,634 - Utils.thotshub - INFO - Autorizado
2022-05-22 00:31:27,634 - Utils.thotshub - INFO - Logado no thotsbay com sucesso.
2022-05-22 00:31:27,635 - __main__ - INFO - Checando colab...
2022-05-22 00:31:27,635 - Utils.utils - INFO - COLAB enviorement not detected
2022-05-22 00:31:27,635 - __main__ - INFO - Checando config...
2022-05-22 00:31:27,959 - Utils.utils - INFO - Requisição <<GET>> realizada com sucesso, status code: 200
2022-05-22 00:31:28,961 - __main__ - INFO - Checando ids...
2022-05-22 00:31:29,525 - Utils.utils - INFO - Requisição <<GET>> realizada com sucesso, status code: 200
2022-05-22 00:31:29,526 - thots.thots - WARNING - ---------------| Iniciando tarefa afroditehotwife, 1 de 17
2022-05-22 00:31:29,526 - thots.thot_parse - INFO - Definindo o padrão de regex...
2022-05-22 00:31:29,837 - Utils.utils - INFO - Requisição <<GET>> realizada com sucesso, status code: 200
2022-05-22 00:31:29,837 - thots.thot_parse - INFO - Segundo padrão de regex definido com sucesso!
2022-05-22 00:31:29,998 - Utils.utils - INFO - Requisição <<GET>> realizada com sucesso, status code: 200
2022-05-22 00:31:30,000 - thots.thot_parse - INFO - Usando método alternativo para encontrar a quantidade de videos.
2022-05-22 00:31:30,174 - Utils.utils - INFO - Requisição <<GET>> realizada com sucesso, status code: 200
2022-05-22 00:31:30,336 - Utils.utils - INFO - Requisição <<GET>> realizada com sucesso, status code: 200
2022-05-22 00:31:30,526 - Utils.utils - INFO - Requisição <<GET>> realizada com sucesso, status code: 200
2022-05-22 00:31:30,750 - Utils.utils - INFO - Requisição <<GET>> realizada com sucesso, status code: 200
2022-05-22 00:31:30,982 - Utils.utils - INFO - Requisição <<GET>> realizada com sucesso, status code: 200
2022-05-22 00:31:31,211 - Utils.utils - INFO - Requisição <<GET>> realizada com sucesso, status code: 200
2022-05-22 00:31:31,408 - Utils.utils - INFO - Requisição <<GET>> realizada com sucesso, status code: 200
2022-05-22 00:31:31,578 - Utils.utils - INFO - Requisição <<GET>> realizada com sucesso, status code: 200
2022-05-22 00:31:31,738 - Utils.utils - INFO - Requisição <<GET>> realizada com sucesso, status code: 200
2022-05-22 00:31:31,935 - Utils.utils - INFO - Requisição <<GET>> realizada com sucesso, status code: 200
2022-05-22 00:31:32,086 - Utils.utils - INFO - Requisição <<GET>> realizada com sucesso, status code: 200
2022-05-22 00:31:32,270 - Utils.utils - INFO - Requisição <<GET>> realizada com sucesso, status code: 200
2022-05-22 00:31:32,281 - thots.thot_parse - INFO - Foi encontrado um total de : 0 videos restantes.
2022-05-22 00:31:32,281 - thots.thots - WARNING - ---------------| afroditehotwife - Fim da lista de videos.
2022-05-22 00:31:32,282 - thots.thots - WARNING - ---------------| Iniciando tarefa agathalira, 2 de 17
2022-05-22 00:31:32,282 - thots.thot_parse - INFO - Definindo o padrão de regex...
2022-05-22 00:31:32,696 - Utils.utils - INFO - Requisição <<GET>> realizada com sucesso, status code: 200
2022-05-22 00:31:32,697 - thots.thot_parse - INFO - Primeiro padrão de regex definido com sucesso!
2022-05-22 00:31:32,953 - Utils.utils - INFO - Requisição <<GET>> realizada com sucesso, status code: 200
2022-05-22 00:31:32,955 - thots.thot_parse - INFO - Usando método alternativo para encontrar a quantidade de videos.
2022-05-22 00:31:33,257 - Utils.utils - INFO - Requisição <<GET>> realizada com sucesso, status code: 200
2022-05-22 00:31:33,559 - Utils.utils - INFO - Requisição <<GET>> realizada com sucesso, status code: 200
2022-05-22 00:31:33,829 - Utils.utils - INFO - Requisição <<GET>> realizada com sucesso, status code: 200
2022-05-22 00:31:34,109 - Utils.utils - INFO - Requisição <<GET>> realizada com sucesso, status code: 200
2022-05-22 00:31:34,452 - Utils.utils - INFO - Requisição <<GET>> realizada com sucesso, status code: 200
2022-05-22 00:31:34,772 - Utils.utils - INFO - Requisição <<GET>> realizada com sucesso, status code: 200
2022-05-22 00:31:35,052 - Utils.utils - INFO - Requisição <<GET>> realizada com sucesso, status code: 200
2022-05-22 00:31:35,336 - Utils.utils - INFO - Requisição <<GET>> realizada com sucesso, status code: 200
2022-05-22 00:31:35,660 - Utils.utils - INFO - Requisição <<GET>> realizada com sucesso, status code: 200
2022-05-22 00:31:35,896 - Utils.utils - INFO - Requisição <<GET>> realizada com sucesso, status code: 200
2022-05-22 00:31:36,199 - Utils.utils - INFO - Requisição <<GET>> realizada com sucesso, status code: 200
2022-05-22 00:31:36,459 - Utils.utils - INFO - Requisição <<GET>> realizada com sucesso, status code: 200
2022-05-22 00:31:36,672 - Utils.utils - INFO - Requisição <<GET>> realizada com sucesso, status code: 200
2022-05-22 00:31:36,683 - thots.thot_parse - INFO - Foi encontrado um total de : -5 videos restantes.
2022-05-22 00:31:36,683 - thots.thots - WARNING - ---------------| agathalira - Fim da lista de videos.
2022-05-22 00:31:36,684 - thots.thots - WARNING - ---------------| Iniciando tarefa barbaracastroo, 3 de 17
2022-05-22 00:31:36,684 - thots.thot_parse - INFO - Definindo o padrão de regex...
2022-05-22 00:31:36,872 - Utils.utils - INFO - Requisição <<GET>> realizada com sucesso, status code: 200
2022-05-22 00:31:36,873 - thots.thot_parse - INFO - Segundo padrão de regex definido com sucesso!
2022-05-22 00:31:37,043 - Utils.utils - INFO - Requisição <<GET>> realizada com sucesso, status code: 200
2022-05-22 00:31:37,045 - thots.thot_parse - INFO - Usando método alternativo para encontrar a quantidade de videos.
2022-05-22 00:31:37,173 - Utils.utils - INFO - Requisição <<GET>> realizada com sucesso, status code: 200
2022-05-22 00:31:37,174 - thots.thot_parse - INFO - Foi encontrado um total de : 0 videos restantes.
2022-05-22 00:31:37,174 - thots.thots - WARNING - ---------------| barbaracastroo - Fim da lista de videos.
2022-05-22 00:31:37,174 - thots.thots - WARNING - ---------------| Iniciando tarefa bellacasada, 4 de 17
2022-05-22 00:31:37,174 - thots.thot_parse - INFO - Definindo o padrão de regex...
2022-05-22 00:31:37,441 - Utils.utils - INFO - Requisição <<GET>> realizada com sucesso, status code: 200
2022-05-22 00:31:37,442 - thots.thot_parse - INFO - Segundo padrão de regex definido com sucesso!
2022-05-22 00:31:37,599 - Utils.utils - INFO - Requisição <<GET>> realizada com sucesso, status code: 200
2022-05-22 00:31:37,601 - thots.thot_parse - INFO - Usando método alternativo para encontrar a quantidade de videos.
2022-05-22 00:31:37,776 - Utils.utils - INFO - Requisição <<GET>> realizada com sucesso, status code: 200
2022-05-22 00:31:37,955 - Utils.utils - INFO - Requisição <<GET>> realizada com sucesso, status code: 200
2022-05-22 00:31:38,136 - Utils.utils - INFO - Requisição <<GET>> realizada com sucesso, status code: 200
2022-05-22 00:31:38,313 - Utils.utils - INFO - Requisição <<GET>> realizada com sucesso, status code: 200
2022-05-22 00:31:38,486 - Utils.utils - INFO - Requisição <<GET>> realizada com sucesso, status code: 200
2022-05-22 00:31:38,636 - Utils.utils - INFO - Requisição <<GET>> realizada com sucesso, status code: 200
2022-05-22 00:31:38,640 - thots.thot_parse - INFO - Foi encontrado um total de : -2 videos restantes.
2022-05-22 00:31:38,640 - thots.thots - WARNING - ---------------| bellacasada - Fim da lista de videos.
2022-05-22 00:31:38,641 - thots.thots - WARNING - ---------------| Iniciando tarefa casalruivaecornooficial, 5 de 17
2022-05-22 00:31:38,641 - thots.thot_parse - INFO - Definindo o padrão de regex...
2022-05-22 00:31:38,777 - Utils.utils - INFO - Requisição <<GET>> realizada com sucesso, status code: 200
2022-05-22 00:31:38,778 - thots.thot_parse - INFO - Segundo padrão de regex definido com sucesso!
2022-05-22 00:31:38,937 - Utils.utils - INFO - Requisição <<GET>> realizada com sucesso, status code: 200
2022-05-22 00:31:38,939 - thots.thot_parse - INFO - Usando método alternativo para encontrar a quantidade de videos.
2022-05-22 00:31:39,063 - Utils.utils - INFO - Requisição <<GET>> realizada com sucesso, status code: 200
2022-05-22 00:31:39,199 - Utils.utils - INFO - Requisição <<GET>> realizada com sucesso, status code: 200
2022-05-22 00:31:39,321 - Utils.utils - INFO - Requisição <<GET>> realizada com sucesso, status code: 200
2022-05-22 00:31:39,457 - Utils.utils - INFO - Requisição <<GET>> realizada com sucesso, status code: 200
2022-05-22 00:31:39,582 - Utils.utils - INFO - Requisição <<GET>> realizada com sucesso, status code: 200
2022-05-22 00:31:39,747 - Utils.utils - INFO - Requisição <<GET>> realizada com sucesso, status code: 200
2022-05-22 00:31:39,750 - thots.thot_parse - INFO - Foi encontrado um total de : 0 videos restantes.
2022-05-22 00:31:39,750 - thots.thots - WARNING - ---------------| casalruivaecornooficial - Fim da lista de videos.
2022-05-22 00:31:39,750 - thots.thots - WARNING - ---------------| Iniciando tarefa casaltopbessa, 6 de 17
2022-05-22 00:31:39,751 - thots.thot_parse - INFO - Definindo o padrão de regex...
2022-05-22 00:31:39,969 - Utils.utils - INFO - Requisição <<GET>> realizada com sucesso, status code: 200
2022-05-22 00:31:39,969 - thots.thot_parse - INFO - Segundo padrão de regex definido com sucesso!
2022-05-22 00:31:40,161 - Utils.utils - INFO - Requisição <<GET>> realizada com sucesso, status code: 200
2022-05-22 00:31:40,163 - thots.thot_parse - INFO - Usando método alternativo para encontrar a quantidade de videos.
2022-05-22 00:31:40,354 - Utils.utils - INFO - Requisição <<GET>> realizada com sucesso, status code: 200
2022-05-22 00:31:40,558 - Utils.utils - INFO - Requisição <<GET>> realizada com sucesso, status code: 200
2022-05-22 00:31:40,560 - thots.thot_parse - INFO - Foi encontrado um total de : -2 videos restantes.
2022-05-22 00:31:40,560 - thots.thots - WARNING - ---------------| casaltopbessa - Fim da lista de videos.
2022-05-22 00:31:40,561 - thots.thots - WARNING - ---------------| Iniciando tarefa elaquer, 7 de 17
2022-05-22 00:31:40,561 - thots.thot_parse - INFO - Definindo o padrão de regex...
2022-05-22 00:31:40,805 - Utils.utils - INFO - Requisição <<GET>> realizada com sucesso, status code: 200
2022-05-22 00:31:40,806 - thots.thot_parse - INFO - Segundo padrão de regex definido com sucesso!
2022-05-22 00:31:41,005 - Utils.utils - INFO - Requisição <<GET>> realizada com sucesso, status code: 200
2022-05-22 00:31:41,007 - thots.thot_parse - INFO - Usando método alternativo para encontrar a quantidade de videos.
2022-05-22 00:31:41,199 - Utils.utils - INFO - Requisição <<GET>> realizada com sucesso, status code: 200
2022-05-22 00:31:41,394 - Utils.utils - INFO - Requisição <<GET>> realizada com sucesso, status code: 200
2022-05-22 00:31:41,642 - Utils.utils - INFO - Requisição <<GET>> realizada com sucesso, status code: 200
2022-05-22 00:31:41,784 - Utils.utils - INFO - Requisição <<GET>> realizada com sucesso, status code: 200
2022-05-22 00:31:41,786 - thots.thot_parse - INFO - Foi encontrado um total de : 0 videos restantes.
2022-05-22 00:31:41,786 - thots.thots - WARNING - ---------------| elaquer - Fim da lista de videos.
2022-05-22 00:31:41,786 - thots.thots - WARNING - ---------------| Iniciando tarefa emilysales, 8 de 17
2022-05-22 00:31:41,787 - thots.thot_parse - INFO - Definindo o padrão de regex...
2022-05-22 00:31:41,923 - Utils.utils - INFO - Requisição <<GET>> realizada com sucesso, status code: 200
2022-05-22 00:31:41,923 - thots.thot_parse - INFO - Segundo padrão de regex definido com sucesso!
2022-05-22 00:31:42,052 - Utils.utils - INFO - Requisição <<GET>> realizada com sucesso, status code: 200
2022-05-22 00:31:42,053 - thots.thot_parse - INFO - Usando método alternativo para encontrar a quantidade de videos.
2022-05-22 00:31:42,200 - Utils.utils - INFO - Requisição <<GET>> realizada com sucesso, status code: 200
2022-05-22 00:31:42,324 - Utils.utils - INFO - Requisição <<GET>> realizada com sucesso, status code: 200
2022-05-22 00:31:42,460 - Utils.utils - INFO - Requisição <<GET>> realizada com sucesso, status code: 200
2022-05-22 00:31:42,597 - Utils.utils - INFO - Requisição <<GET>> realizada com sucesso, status code: 200
2022-05-22 00:31:42,720 - Utils.utils - INFO - Requisição <<GET>> realizada com sucesso, status code: 200
2022-05-22 00:31:42,722 - thots.thot_parse - INFO - Foi encontrado um total de : 0 videos restantes.
2022-05-22 00:31:42,722 - thots.thots - WARNING - ---------------| emilysales - Fim da lista de videos.
2022-05-22 00:31:42,722 - thots.thots - WARNING - ---------------| Iniciando tarefa esposagulosinha, 9 de 17
2022-05-22 00:31:42,722 - thots.thot_parse - INFO - Definindo o padrão de regex...
2022-05-22 00:31:42,912 - Utils.utils - INFO - Requisição <<GET>> realizada com sucesso, status code: 200
2022-05-22 00:31:42,913 - thots.thot_parse - INFO - Segundo padrão de regex definido com sucesso!
2022-05-22 00:31:43,049 - Utils.utils - INFO - Requisição <<GET>> realizada com sucesso, status code: 200
2022-05-22 00:31:43,051 - thots.thot_parse - INFO - Usando método alternativo para encontrar a quantidade de videos.
2022-05-22 00:31:43,180 - Utils.utils - INFO - Requisição <<GET>> realizada com sucesso, status code: 200
2022-05-22 00:31:43,310 - Utils.utils - INFO - Requisição <<GET>> realizada com sucesso, status code: 200
2022-05-22 00:31:43,456 - Utils.utils - INFO - Requisição <<GET>> realizada com sucesso, status code: 200
2022-05-22 00:31:43,657 - Utils.utils - INFO - Requisição <<GET>> realizada com sucesso, status code: 200
2022-05-22 00:31:43,843 - Utils.utils - INFO - Requisição <<GET>> realizada com sucesso, status code: 200
2022-05-22 00:31:44,027 - Utils.utils - INFO - Requisição <<GET>> realizada com sucesso, status code: 200
2022-05-22 00:31:44,167 - Utils.utils - INFO - Requisição <<GET>> realizada com sucesso, status code: 200
2022-05-22 00:31:44,292 - Utils.utils - INFO - Requisição <<GET>> realizada com sucesso, status code: 200
2022-05-22 00:31:44,295 - thots.thot_parse - INFO - Foi encontrado um total de : -2 videos restantes.
2022-05-22 00:31:44,295 - thots.thots - WARNING - ---------------| esposagulosinha - Fim da lista de videos.
2022-05-22 00:31:44,295 - thots.thots - WARNING - ---------------| Iniciando tarefa fabioeanaes, 10 de 17
2022-05-22 00:31:44,296 - thots.thot_parse - INFO - Definindo o padrão de regex...
2022-05-22 00:31:44,592 - Utils.utils - INFO - Requisição <<GET>> realizada com sucesso, status code: 200
2022-05-22 00:31:44,593 - thots.thot_parse - INFO - Segundo padrão de regex definido com sucesso!
2022-05-22 00:31:44,720 - Utils.utils - INFO - Requisição <<GET>> realizada com sucesso, status code: 200
2022-05-22 00:31:44,723 - thots.thot_parse - INFO - Usando método alternativo para encontrar a quantidade de videos.
2022-05-22 00:31:44,885 - Utils.utils - INFO - Requisição <<GET>> realizada com sucesso, status code: 200
2022-05-22 00:31:45,089 - Utils.utils - INFO - Requisição <<GET>> realizada com sucesso, status code: 200
2022-05-22 00:31:45,220 - Utils.utils - INFO - Requisição <<GET>> realizada com sucesso, status code: 200
2022-05-22 00:31:45,359 - Utils.utils - INFO - Requisição <<GET>> realizada com sucesso, status code: 200
2022-05-22 00:31:45,578 - Utils.utils - INFO - Requisição <<GET>> realizada com sucesso, status code: 200
2022-05-22 00:31:45,750 - Utils.utils - INFO - Requisição <<GET>> realizada com sucesso, status code: 200
2022-05-22 00:31:45,752 - thots.thot_parse - INFO - Foi encontrado um total de : -1 videos restantes.
2022-05-22 00:31:45,752 - thots.thots - WARNING - ---------------| fabioeanaes - Fim da lista de videos.
2022-05-22 00:31:45,752 - thots.thots - WARNING - ---------------| Iniciando tarefa helenafilmes, 11 de 17
2022-05-22 00:31:45,753 - thots.thot_parse - INFO - Definindo o padrão de regex...
2022-05-22 00:31:45,950 - Utils.utils - INFO - Requisição <<GET>> realizada com sucesso, status code: 200
2022-05-22 00:31:45,950 - thots.thot_parse - INFO - Segundo padrão de regex definido com sucesso!
2022-05-22 00:31:46,092 - Utils.utils - INFO - Requisição <<GET>> realizada com sucesso, status code: 200
2022-05-22 00:31:46,094 - thots.thot_parse - INFO - Usando método alternativo para encontrar a quantidade de videos.
2022-05-22 00:31:46,222 - Utils.utils - INFO - Requisição <<GET>> realizada com sucesso, status code: 200
2022-05-22 00:31:46,345 - Utils.utils - INFO - Requisição <<GET>> realizada com sucesso, status code: 200
2022-05-22 00:31:46,346 - thots.thot_parse - INFO - Foi encontrado um total de : 0 videos restantes.
2022-05-22 00:31:46,346 - thots.thots - WARNING - ---------------| helenafilmes - Fim da lista de videos.
2022-05-22 00:31:46,346 - thots.thots - WARNING - ---------------| Iniciando tarefa lualencar11, 12 de 17
2022-05-22 00:31:46,347 - thots.thot_parse - INFO - Definindo o padrão de regex...
2022-05-22 00:31:46,480 - Utils.utils - INFO - Requisição <<GET>> realizada com sucesso, status code: 200
2022-05-22 00:31:46,480 - thots.thot_parse - INFO - Segundo padrão de regex definido com sucesso!
2022-05-22 00:31:46,606 - Utils.utils - INFO - Requisição <<GET>> realizada com sucesso, status code: 200
2022-05-22 00:31:46,608 - thots.thot_parse - INFO - Usando método alternativo para encontrar a quantidade de videos.
2022-05-22 00:31:46,747 - Utils.utils - INFO - Requisição <<GET>> realizada com sucesso, status code: 200
2022-05-22 00:31:46,748 - thots.thot_parse - INFO - Foi encontrado um total de : 0 videos restantes.
2022-05-22 00:31:46,748 - thots.thots - WARNING - ---------------| lualencar11 - Fim da lista de videos.
2022-05-22 00:31:46,748 - thots.thots - WARNING - ---------------| Iniciando tarefa melissadias, 13 de 17
2022-05-22 00:31:46,748 - thots.thot_parse - INFO - Definindo o padrão de regex...
2022-05-22 00:31:46,877 - Utils.utils - INFO - Requisição <<GET>> realizada com sucesso, status code: 200
2022-05-22 00:31:46,877 - thots.thot_parse - INFO - Segundo padrão de regex definido com sucesso!
2022-05-22 00:31:47,005 - Utils.utils - INFO - Requisição <<GET>> realizada com sucesso, status code: 200
2022-05-22 00:31:47,007 - thots.thot_parse - INFO - Usando método alternativo para encontrar a quantidade de videos.
2022-05-22 00:31:47,134 - Utils.utils - INFO - Requisição <<GET>> realizada com sucesso, status code: 200
2022-05-22 00:31:47,272 - Utils.utils - INFO - Requisição <<GET>> realizada com sucesso, status code: 200
2022-05-22 00:31:47,401 - Utils.utils - INFO - Requisição <<GET>> realizada com sucesso, status code: 200
2022-05-22 00:31:47,529 - Utils.utils - INFO - Requisição <<GET>> realizada com sucesso, status code: 200
2022-05-22 00:31:47,656 - Utils.utils - INFO - Requisição <<GET>> realizada com sucesso, status code: 200
2022-05-22 00:31:47,777 - Utils.utils - INFO - Requisição <<GET>> realizada com sucesso, status code: 200
2022-05-22 00:31:47,936 - Utils.utils - INFO - Requisição <<GET>> realizada com sucesso, status code: 200
2022-05-22 00:31:47,939 - thots.thot_parse - INFO - Foi encontrado um total de : 0 videos restantes.
2022-05-22 00:31:47,939 - thots.thots - WARNING - ---------------| melissadias - Fim da lista de videos.
2022-05-22 00:31:47,939 - thots.thots - WARNING - ---------------| Iniciando tarefa nicoleballs_trans, 14 de 17
2022-05-22 00:31:47,940 - thots.thot_parse - INFO - Definindo o padrão de regex...
2022-05-22 00:31:48,070 - Utils.utils - INFO - Requisição <<GET>> realizada com sucesso, status code: 200
2022-05-22 00:31:48,071 - thots.thot_parse - INFO - Segundo padrão de regex definido com sucesso!
2022-05-22 00:31:48,211 - Utils.utils - INFO - Requisição <<GET>> realizada com sucesso, status code: 200
2022-05-22 00:31:48,212 - thots.thot_parse - INFO - Usando método alternativo para encontrar a quantidade de videos.
2022-05-22 00:31:48,343 - Utils.utils - INFO - Requisição <<GET>> realizada com sucesso, status code: 200
2022-05-22 00:31:48,476 - Utils.utils - INFO - Requisição <<GET>> realizada com sucesso, status code: 200
2022-05-22 00:31:48,477 - thots.thot_parse - INFO - Foi encontrado um total de : 0 videos restantes.
2022-05-22 00:31:48,478 - thots.thots - WARNING - ---------------| nicoleballs_trans - Fim da lista de videos.
2022-05-22 00:31:48,478 - thots.thots - WARNING - ---------------| Iniciando tarefa nikkecasada, 15 de 17
2022-05-22 00:31:48,479 - thots.thot_parse - INFO - Definindo o padrão de regex...
2022-05-22 00:31:48,848 - Utils.utils - INFO - Requisição <<GET>> realizada com sucesso, status code: 200
2022-05-22 00:31:48,849 - thots.thot_parse - INFO - Segundo padrão de regex definido com sucesso!
2022-05-22 00:31:49,051 - Utils.utils - INFO - Requisição <<GET>> realizada com sucesso, status code: 200
2022-05-22 00:31:49,053 - thots.thot_parse - INFO - Usando método alternativo para encontrar a quantidade de videos.
2022-05-22 00:31:49,252 - Utils.utils - INFO - Requisição <<GET>> realizada com sucesso, status code: 200
2022-05-22 00:31:49,455 - Utils.utils - INFO - Requisição <<GET>> realizada com sucesso, status code: 200
2022-05-22 00:31:49,615 - Utils.utils - INFO - Requisição <<GET>> realizada com sucesso, status code: 200
2022-05-22 00:31:49,778 - Utils.utils - INFO - Requisição <<GET>> realizada com sucesso, status code: 200
2022-05-22 00:31:49,935 - Utils.utils - INFO - Requisição <<GET>> realizada com sucesso, status code: 200
2022-05-22 00:31:49,937 - thots.thot_parse - INFO - Foi encontrado um total de : 1 videos restantes.
2022-05-22 00:31:49,938 - thots.thot_parse - INFO - A lista de ID's já foi definida
2022-05-22 00:31:50,152 - Utils.utils - INFO - Requisição <<GET>> realizada com sucesso, status code: 200
2022-05-22 00:31:50,318 - Utils.utils - INFO - Requisição <<GET>> realizada com sucesso, status code: 200
2022-05-22 00:31:50,449 - Utils.utils - INFO - Requisição <<GET>> realizada com sucesso, status code: 200
2022-05-22 00:31:50,586 - Utils.utils - INFO - Requisição <<GET>> realizada com sucesso, status code: 200
2022-05-22 00:31:50,742 - Utils.utils - INFO - Requisição <<GET>> realizada com sucesso, status code: 200
2022-05-22 00:31:50,743 - thots.thot_parse - INFO - Download: 1 of 1
2022-05-22 00:31:50,744 - Utils.download - INFO - Baixando Downloads/nikkecasada/106294-negao-fudendo-meu-cu-na-pele.mp4
2022-05-22 00:32:36,359 - Utils.download - INFO - Arquivo 106294-negao-fudendo-meu-cu-na-pele baixado com sucesso! Agora...Enviando...
2022-05-22 00:33:01,813 - Utils.download - INFO - Arquivo 106294-negao-fudendo-meu-cu-na-pele enviado com sucesso, ainda faltam: 0
2022-05-22 00:33:02,202 - Utils.utils - INFO - Requisição <<PUT>> realizada com sucesso, status code: 200
2022-05-22 00:33:02,606 - Utils.utils - INFO - Requisição <<GET>> realizada com sucesso, status code: 200
2022-05-22 00:33:02,955 - Utils.utils - INFO - Requisição <<PUT>> realizada com sucesso, status code: 200
2022-05-22 00:33:02,955 - thots.thots - WARNING - ---------------| nikkecasada - Fim da lista de videos.
2022-05-22 00:33:02,956 - thots.thots - WARNING - ---------------| Iniciando tarefa tatycasadinha, 16 de 17
2022-05-22 00:33:03,112 - thots.thots - WARNING - ---------------| tatycasadinha - Fim da lista de videos.
2022-05-22 00:33:03,113 - thots.thots - WARNING - ---------------| Iniciando tarefa vidasafada, 17 de 17
2022-05-22 00:33:03,113 - thots.thot_parse - INFO - Definindo o padrão de regex...
2022-05-22 00:33:03,301 - Utils.utils - INFO - Requisição <<GET>> realizada com sucesso, status code: 200
2022-05-22 00:33:03,302 - thots.thot_parse - INFO - Segundo padrão de regex definido com sucesso!
2022-05-22 00:33:03,436 - Utils.utils - INFO - Requisição <<GET>> realizada com sucesso, status code: 200
2022-05-22 00:33:03,438 - thots.thot_parse - INFO - Usando método alternativo para encontrar a quantidade de videos.
2022-05-22 00:33:03,570 - Utils.utils - INFO - Requisição <<GET>> realizada com sucesso, status code: 200
2022-05-22 00:33:03,704 - Utils.utils - INFO - Requisição <<GET>> realizada com sucesso, status code: 200
2022-05-22 00:33:03,848 - Utils.utils - INFO - Requisição <<GET>> realizada com sucesso, status code: 200
2022-05-22 00:33:03,975 - Utils.utils - INFO - Requisição <<GET>> realizada com sucesso, status code: 200
2022-05-22 00:33:04,120 - Utils.utils - INFO - Requisição <<GET>> realizada com sucesso, status code: 200
2022-05-22 00:33:04,251 - Utils.utils - INFO - Requisição <<GET>> realizada com sucesso, status code: 200
2022-05-22 00:33:04,385 - Utils.utils - INFO - Requisição <<GET>> realizada com sucesso, status code: 200
2022-05-22 00:33:04,388 - thots.thot_parse - INFO - Foi encontrado um total de : 0 videos restantes.
2022-05-22 00:33:04,389 - thots.thots - WARNING - ---------------| vidasafada - Fim da lista de videos.
2022-05-22 00:33:04,389 - __main__ - INFO - Fazendo backup dos IDs na API backup...
2022-05-22 00:33:04,390 - __main__ - INFO - Salvando ID's da API localmente....
2022-05-22 00:33:04,715 - Utils.utils - INFO - Requisição <<GET>> realizada com sucesso, status code: 200
2022-05-22 00:33:05,311 - Utils.utils - INFO - Requisição <<GET>> realizada com sucesso, status code: 200
