2022-04-23 08:09:22,800 - Utils.utils - INFO - Ambiente de produção ativado
2022-04-23 08:09:23,064 - Utils.utils - INFO - Requisição <<GET>> realizada com sucesso, status code: 200
2022-04-23 08:09:23,106 - __main__ - INFO - Checando thotsbay forum...
2022-04-23 08:09:23,106 - Utils.thotshub - INFO - Autorizando...
2022-04-23 08:09:23,420 - Utils.utils - INFO - Requisição <<GET>> realizada com sucesso, status code: 200
2022-04-23 08:09:24,203 - Utils.utils - INFO - Requisição <<POST>> realizada com sucesso, status code: 200
2022-04-23 08:09:24,205 - Utils.thotshub - INFO - Autorizado
2022-04-23 08:09:24,205 - Utils.thotshub - INFO - Logado no thotsbay com sucesso.
2022-04-23 08:09:24,205 - __main__ - INFO - Checando colab...
2022-04-23 08:09:24,206 - Utils.utils - INFO - COLAB enviorement not detected
2022-04-23 08:09:24,206 - __main__ - INFO - Checando config...
2022-04-23 08:09:24,762 - Utils.utils - INFO - Requisição <<GET>> realizada com sucesso, status code: 200
2022-04-23 08:09:25,764 - __main__ - INFO - Checando ids...
2022-04-23 08:09:26,023 - Utils.utils - INFO - Requisição <<GET>> realizada com sucesso, status code: 200
2022-04-23 08:09:26,024 - thots.thots - WARNING - ---------------| Iniciando tarefa afroditehotwife, 1 de 17
2022-04-23 08:09:26,024 - thots.thot_parse - INFO - Definindo o padrão de regex...
2022-04-23 08:09:26,402 - Utils.utils - INFO - Requisição <<GET>> realizada com sucesso, status code: 200
2022-04-23 08:09:26,403 - thots.thot_parse - INFO - Segundo padrão de regex definido com sucesso!
2022-04-23 08:09:26,627 - Utils.utils - INFO - Requisição <<GET>> realizada com sucesso, status code: 200
2022-04-23 08:09:26,629 - thots.thot_parse - INFO - Usando método alternativo para encontrar a quantidade de videos.
2022-04-23 08:09:26,816 - Utils.utils - INFO - Requisição <<GET>> realizada com sucesso, status code: 200
2022-04-23 08:09:26,987 - Utils.utils - INFO - Requisição <<GET>> realizada com sucesso, status code: 200
2022-04-23 08:09:27,178 - Utils.utils - INFO - Requisição <<GET>> realizada com sucesso, status code: 200
2022-04-23 08:09:27,337 - Utils.utils - INFO - Requisição <<GET>> realizada com sucesso, status code: 200
2022-04-23 08:09:27,492 - Utils.utils - INFO - Requisição <<GET>> realizada com sucesso, status code: 200
2022-04-23 08:09:27,646 - Utils.utils - INFO - Requisição <<GET>> realizada com sucesso, status code: 200
2022-04-23 08:09:27,795 - Utils.utils - INFO - Requisição <<GET>> realizada com sucesso, status code: 200
2022-04-23 08:09:27,962 - Utils.utils - INFO - Requisição <<GET>> realizada com sucesso, status code: 200
2022-04-23 08:09:28,179 - Utils.utils - INFO - Requisição <<GET>> realizada com sucesso, status code: 200
2022-04-23 08:09:28,431 - Utils.utils - INFO - Requisição <<GET>> realizada com sucesso, status code: 200
2022-04-23 08:09:28,591 - Utils.utils - INFO - Requisição <<GET>> realizada com sucesso, status code: 200
2022-04-23 08:09:28,770 - Utils.utils - INFO - Requisição <<GET>> realizada com sucesso, status code: 200
2022-04-23 08:09:28,932 - Utils.utils - INFO - Requisição <<GET>> realizada com sucesso, status code: 200
2022-04-23 08:09:29,115 - Utils.utils - INFO - Requisição <<GET>> realizada com sucesso, status code: 200
2022-04-23 08:09:29,127 - thots.thot_parse - INFO - Foi encontrado um total de : 0 videos restantes.
2022-04-23 08:09:29,128 - thots.thots - WARNING - ---------------| afroditehotwife - Fim da lista de videos.
2022-04-23 08:09:29,128 - thots.thots - WARNING - ---------------| Iniciando tarefa agathalira, 2 de 17
2022-04-23 08:09:29,128 - thots.thot_parse - INFO - Definindo o padrão de regex...
2022-04-23 08:09:29,823 - Utils.utils - INFO - Requisição <<GET>> realizada com sucesso, status code: 200
2022-04-23 08:09:29,824 - thots.thot_parse - INFO - Primeiro padrão de regex definido com sucesso!
2022-04-23 08:09:30,206 - Utils.utils - INFO - Requisição <<GET>> realizada com sucesso, status code: 200
2022-04-23 08:09:30,209 - thots.thot_parse - INFO - Usando método alternativo para encontrar a quantidade de videos.
2022-04-23 08:09:30,574 - Utils.utils - INFO - Requisição <<GET>> realizada com sucesso, status code: 200
2022-04-23 08:09:30,881 - Utils.utils - INFO - Requisição <<GET>> realizada com sucesso, status code: 200
2022-04-23 08:09:31,145 - Utils.utils - INFO - Requisição <<GET>> realizada com sucesso, status code: 200
2022-04-23 08:09:31,407 - Utils.utils - INFO - Requisição <<GET>> realizada com sucesso, status code: 200
2022-04-23 08:09:31,685 - Utils.utils - INFO - Requisição <<GET>> realizada com sucesso, status code: 200
2022-04-23 08:09:31,987 - Utils.utils - INFO - Requisição <<GET>> realizada com sucesso, status code: 200
2022-04-23 08:09:32,290 - Utils.utils - INFO - Requisição <<GET>> realizada com sucesso, status code: 200
2022-04-23 08:09:32,579 - Utils.utils - INFO - Requisição <<GET>> realizada com sucesso, status code: 200
2022-04-23 08:09:32,856 - Utils.utils - INFO - Requisição <<GET>> realizada com sucesso, status code: 200
2022-04-23 08:09:33,123 - Utils.utils - INFO - Requisição <<GET>> realizada com sucesso, status code: 200
2022-04-23 08:09:33,374 - Utils.utils - INFO - Requisição <<GET>> realizada com sucesso, status code: 200
2022-04-23 08:09:33,626 - Utils.utils - INFO - Requisição <<GET>> realizada com sucesso, status code: 200
2022-04-23 08:09:33,874 - Utils.utils - INFO - Requisição <<GET>> realizada com sucesso, status code: 200
2022-04-23 08:09:33,883 - thots.thot_parse - INFO - Foi encontrado um total de : 0 videos restantes.
2022-04-23 08:09:33,883 - thots.thots - WARNING - ---------------| agathalira - Fim da lista de videos.
2022-04-23 08:09:33,883 - thots.thots - WARNING - ---------------| Iniciando tarefa barbaracastroo, 3 de 17
2022-04-23 08:09:33,884 - thots.thot_parse - INFO - Definindo o padrão de regex...
2022-04-23 08:09:34,440 - Utils.utils - INFO - Requisição <<GET>> realizada com sucesso, status code: 200
2022-04-23 08:09:34,441 - thots.thot_parse - INFO - Segundo padrão de regex definido com sucesso!
2022-04-23 08:09:34,800 - Utils.utils - INFO - Requisição <<GET>> realizada com sucesso, status code: 200
2022-04-23 08:09:34,802 - thots.thot_parse - INFO - Usando método alternativo para encontrar a quantidade de videos.
2022-04-23 08:09:35,088 - Utils.utils - INFO - Requisição <<GET>> realizada com sucesso, status code: 200
2022-04-23 08:09:35,089 - thots.thot_parse - INFO - Foi encontrado um total de : 0 videos restantes.
2022-04-23 08:09:35,089 - thots.thots - WARNING - ---------------| barbaracastroo - Fim da lista de videos.
2022-04-23 08:09:35,089 - thots.thots - WARNING - ---------------| Iniciando tarefa bellacasada, 4 de 17
2022-04-23 08:09:35,089 - thots.thot_parse - INFO - Definindo o padrão de regex...
2022-04-23 08:09:35,389 - Utils.utils - INFO - Requisição <<GET>> realizada com sucesso, status code: 200
2022-04-23 08:09:35,391 - thots.thot_parse - INFO - Segundo padrão de regex definido com sucesso!
2022-04-23 08:09:35,578 - Utils.utils - INFO - Requisição <<GET>> realizada com sucesso, status code: 200
2022-04-23 08:09:35,580 - thots.thot_parse - INFO - Usando método alternativo para encontrar a quantidade de videos.
2022-04-23 08:09:35,792 - Utils.utils - INFO - Requisição <<GET>> realizada com sucesso, status code: 200
2022-04-23 08:09:35,937 - Utils.utils - INFO - Requisição <<GET>> realizada com sucesso, status code: 200
2022-04-23 08:09:36,083 - Utils.utils - INFO - Requisição <<GET>> realizada com sucesso, status code: 200
2022-04-23 08:09:36,234 - Utils.utils - INFO - Requisição <<GET>> realizada com sucesso, status code: 200
2022-04-23 08:09:36,383 - Utils.utils - INFO - Requisição <<GET>> realizada com sucesso, status code: 200
2022-04-23 08:09:36,539 - Utils.utils - INFO - Requisição <<GET>> realizada com sucesso, status code: 200
2022-04-23 08:09:36,541 - thots.thot_parse - INFO - Foi encontrado um total de : 0 videos restantes.
2022-04-23 08:09:36,541 - thots.thots - WARNING - ---------------| bellacasada - Fim da lista de videos.
2022-04-23 08:09:36,541 - thots.thots - WARNING - ---------------| Iniciando tarefa casalruivaecornooficial, 5 de 17
2022-04-23 08:09:36,542 - thots.thot_parse - INFO - Definindo o padrão de regex...
2022-04-23 08:09:36,840 - Utils.utils - INFO - Requisição <<GET>> realizada com sucesso, status code: 200
2022-04-23 08:09:36,841 - thots.thot_parse - INFO - Segundo padrão de regex definido com sucesso!
2022-04-23 08:09:37,062 - Utils.utils - INFO - Requisição <<GET>> realizada com sucesso, status code: 200
2022-04-23 08:09:37,064 - thots.thot_parse - INFO - Usando método alternativo para encontrar a quantidade de videos.
2022-04-23 08:09:37,299 - Utils.utils - INFO - Requisição <<GET>> realizada com sucesso, status code: 200
2022-04-23 08:09:37,523 - Utils.utils - INFO - Requisição <<GET>> realizada com sucesso, status code: 200
2022-04-23 08:09:37,764 - Utils.utils - INFO - Requisição <<GET>> realizada com sucesso, status code: 200
2022-04-23 08:09:37,981 - Utils.utils - INFO - Requisição <<GET>> realizada com sucesso, status code: 200
2022-04-23 08:09:38,233 - Utils.utils - INFO - Requisição <<GET>> realizada com sucesso, status code: 200
2022-04-23 08:09:38,452 - Utils.utils - INFO - Requisição <<GET>> realizada com sucesso, status code: 200
2022-04-23 08:09:38,456 - thots.thot_parse - INFO - Foi encontrado um total de : 0 videos restantes.
2022-04-23 08:09:38,456 - thots.thots - WARNING - ---------------| casalruivaecornooficial - Fim da lista de videos.
2022-04-23 08:09:38,457 - thots.thots - WARNING - ---------------| Iniciando tarefa casaltopbessa, 6 de 17
2022-04-23 08:09:38,458 - thots.thot_parse - INFO - Definindo o padrão de regex...
2022-04-23 08:09:38,705 - Utils.utils - INFO - Requisição <<GET>> realizada com sucesso, status code: 200
2022-04-23 08:09:38,706 - thots.thot_parse - INFO - Segundo padrão de regex definido com sucesso!
2022-04-23 08:09:38,978 - Utils.utils - INFO - Requisição <<GET>> realizada com sucesso, status code: 200
2022-04-23 08:09:38,979 - thots.thot_parse - INFO - Usando método alternativo para encontrar a quantidade de videos.
2022-04-23 08:09:39,204 - Utils.utils - INFO - Requisição <<GET>> realizada com sucesso, status code: 200
2022-04-23 08:09:39,438 - Utils.utils - INFO - Requisição <<GET>> realizada com sucesso, status code: 200
2022-04-23 08:09:39,439 - thots.thot_parse - INFO - Foi encontrado um total de : 0 videos restantes.
2022-04-23 08:09:39,439 - thots.thots - WARNING - ---------------| casaltopbessa - Fim da lista de videos.
2022-04-23 08:09:39,439 - thots.thots - WARNING - ---------------| Iniciando tarefa elaquer, 7 de 17
2022-04-23 08:09:39,439 - thots.thot_parse - INFO - Definindo o padrão de regex...
2022-04-23 08:09:39,702 - Utils.utils - INFO - Requisição <<GET>> realizada com sucesso, status code: 200
2022-04-23 08:09:39,702 - thots.thot_parse - INFO - Segundo padrão de regex definido com sucesso!
2022-04-23 08:09:39,976 - Utils.utils - INFO - Requisição <<GET>> realizada com sucesso, status code: 200
2022-04-23 08:09:39,978 - thots.thot_parse - INFO - Usando método alternativo para encontrar a quantidade de videos.
2022-04-23 08:09:40,253 - Utils.utils - INFO - Requisição <<GET>> realizada com sucesso, status code: 200
2022-04-23 08:09:40,595 - Utils.utils - INFO - Requisição <<GET>> realizada com sucesso, status code: 200
2022-04-23 08:09:40,795 - Utils.utils - INFO - Requisição <<GET>> realizada com sucesso, status code: 200
2022-04-23 08:09:41,013 - Utils.utils - INFO - Requisição <<GET>> realizada com sucesso, status code: 200
2022-04-23 08:09:41,015 - thots.thot_parse - INFO - Foi encontrado um total de : 0 videos restantes.
2022-04-23 08:09:41,015 - thots.thots - WARNING - ---------------| elaquer - Fim da lista de videos.
2022-04-23 08:09:41,015 - thots.thots - WARNING - ---------------| Iniciando tarefa emilysales, 8 de 17
2022-04-23 08:09:41,015 - thots.thot_parse - INFO - Definindo o padrão de regex...
2022-04-23 08:09:41,213 - Utils.utils - INFO - Requisição <<GET>> realizada com sucesso, status code: 200
2022-04-23 08:09:41,214 - thots.thot_parse - INFO - Segundo padrão de regex definido com sucesso!
2022-04-23 08:09:41,418 - Utils.utils - INFO - Requisição <<GET>> realizada com sucesso, status code: 200
2022-04-23 08:09:41,419 - thots.thot_parse - INFO - Usando método alternativo para encontrar a quantidade de videos.
2022-04-23 08:09:41,648 - Utils.utils - INFO - Requisição <<GET>> realizada com sucesso, status code: 200
2022-04-23 08:09:41,846 - Utils.utils - INFO - Requisição <<GET>> realizada com sucesso, status code: 200
2022-04-23 08:09:42,044 - Utils.utils - INFO - Requisição <<GET>> realizada com sucesso, status code: 200
2022-04-23 08:09:42,259 - Utils.utils - INFO - Requisição <<GET>> realizada com sucesso, status code: 200
2022-04-23 08:09:42,457 - Utils.utils - INFO - Requisição <<GET>> realizada com sucesso, status code: 200
2022-04-23 08:09:42,460 - thots.thot_parse - INFO - Foi encontrado um total de : 0 videos restantes.
2022-04-23 08:09:42,460 - thots.thots - WARNING - ---------------| emilysales - Fim da lista de videos.
2022-04-23 08:09:42,461 - thots.thots - WARNING - ---------------| Iniciando tarefa esposagulosinha, 9 de 17
2022-04-23 08:09:42,461 - thots.thot_parse - INFO - Definindo o padrão de regex...
2022-04-23 08:09:42,815 - Utils.utils - INFO - Requisição <<GET>> realizada com sucesso, status code: 200
2022-04-23 08:09:42,815 - thots.thot_parse - INFO - Segundo padrão de regex definido com sucesso!
2022-04-23 08:09:42,985 - Utils.utils - INFO - Requisição <<GET>> realizada com sucesso, status code: 200
2022-04-23 08:09:42,987 - thots.thot_parse - INFO - Usando método alternativo para encontrar a quantidade de videos.
2022-04-23 08:09:43,195 - Utils.utils - INFO - Requisição <<GET>> realizada com sucesso, status code: 200
2022-04-23 08:09:43,385 - Utils.utils - INFO - Requisição <<GET>> realizada com sucesso, status code: 200
2022-04-23 08:09:43,543 - Utils.utils - INFO - Requisição <<GET>> realizada com sucesso, status code: 200
2022-04-23 08:09:43,718 - Utils.utils - INFO - Requisição <<GET>> realizada com sucesso, status code: 200
2022-04-23 08:09:43,925 - Utils.utils - INFO - Requisição <<GET>> realizada com sucesso, status code: 200
2022-04-23 08:09:44,085 - Utils.utils - INFO - Requisição <<GET>> realizada com sucesso, status code: 200
2022-04-23 08:09:44,245 - Utils.utils - INFO - Requisição <<GET>> realizada com sucesso, status code: 200
2022-04-23 08:09:44,399 - Utils.utils - INFO - Requisição <<GET>> realizada com sucesso, status code: 200
2022-04-23 08:09:44,403 - thots.thot_parse - INFO - Foi encontrado um total de : 0 videos restantes.
2022-04-23 08:09:44,403 - thots.thots - WARNING - ---------------| esposagulosinha - Fim da lista de videos.
2022-04-23 08:09:44,404 - thots.thots - WARNING - ---------------| Iniciando tarefa fabioeanaes, 10 de 17
2022-04-23 08:09:44,404 - thots.thot_parse - INFO - Definindo o padrão de regex...
2022-04-23 08:09:44,894 - Utils.utils - INFO - Requisição <<GET>> realizada com sucesso, status code: 200
2022-04-23 08:09:44,895 - thots.thot_parse - INFO - Segundo padrão de regex definido com sucesso!
2022-04-23 08:09:45,059 - Utils.utils - INFO - Requisição <<GET>> realizada com sucesso, status code: 200
2022-04-23 08:09:45,062 - thots.thot_parse - INFO - Usando método alternativo para encontrar a quantidade de videos.
2022-04-23 08:09:45,215 - Utils.utils - INFO - Requisição <<GET>> realizada com sucesso, status code: 200
2022-04-23 08:09:45,373 - Utils.utils - INFO - Requisição <<GET>> realizada com sucesso, status code: 200
2022-04-23 08:09:45,589 - Utils.utils - INFO - Requisição <<GET>> realizada com sucesso, status code: 200
2022-04-23 08:09:45,744 - Utils.utils - INFO - Requisição <<GET>> realizada com sucesso, status code: 200
2022-04-23 08:09:45,902 - Utils.utils - INFO - Requisição <<GET>> realizada com sucesso, status code: 200
2022-04-23 08:09:45,905 - thots.thot_parse - INFO - Foi encontrado um total de : 0 videos restantes.
2022-04-23 08:09:45,906 - thots.thots - WARNING - ---------------| fabioeanaes - Fim da lista de videos.
2022-04-23 08:09:45,906 - thots.thots - WARNING - ---------------| Iniciando tarefa helenafilmes, 11 de 17
2022-04-23 08:09:45,907 - thots.thot_parse - INFO - Definindo o padrão de regex...
2022-04-23 08:09:46,302 - Utils.utils - INFO - Requisição <<GET>> realizada com sucesso, status code: 200
2022-04-23 08:09:46,302 - thots.thot_parse - INFO - Segundo padrão de regex definido com sucesso!
2022-04-23 08:09:46,487 - Utils.utils - INFO - Requisição <<GET>> realizada com sucesso, status code: 200
2022-04-23 08:09:46,489 - thots.thot_parse - INFO - Usando método alternativo para encontrar a quantidade de videos.
2022-04-23 08:09:46,817 - Utils.utils - INFO - Requisição <<GET>> realizada com sucesso, status code: 200
2022-04-23 08:09:46,995 - Utils.utils - INFO - Requisição <<GET>> realizada com sucesso, status code: 200
2022-04-23 08:09:46,997 - thots.thot_parse - INFO - Foi encontrado um total de : 0 videos restantes.
2022-04-23 08:09:46,997 - thots.thots - WARNING - ---------------| helenafilmes - Fim da lista de videos.
2022-04-23 08:09:46,998 - thots.thots - WARNING - ---------------| Iniciando tarefa lualencar11, 12 de 17
2022-04-23 08:09:46,998 - thots.thot_parse - INFO - Definindo o padrão de regex...
2022-04-23 08:09:47,220 - Utils.utils - INFO - Requisição <<GET>> realizada com sucesso, status code: 200
2022-04-23 08:09:47,221 - thots.thot_parse - INFO - Segundo padrão de regex definido com sucesso!
2022-04-23 08:09:47,438 - Utils.utils - INFO - Requisição <<GET>> realizada com sucesso, status code: 200
2022-04-23 08:09:47,440 - thots.thot_parse - INFO - Usando método alternativo para encontrar a quantidade de videos.
2022-04-23 08:09:47,691 - Utils.utils - INFO - Requisição <<GET>> realizada com sucesso, status code: 200
2022-04-23 08:09:47,692 - thots.thot_parse - INFO - Foi encontrado um total de : 0 videos restantes.
2022-04-23 08:09:47,692 - thots.thots - WARNING - ---------------| lualencar11 - Fim da lista de videos.
2022-04-23 08:09:47,693 - thots.thots - WARNING - ---------------| Iniciando tarefa melissadias, 13 de 17
2022-04-23 08:09:47,693 - thots.thot_parse - INFO - Definindo o padrão de regex...
2022-04-23 08:09:47,935 - Utils.utils - INFO - Requisição <<GET>> realizada com sucesso, status code: 200
2022-04-23 08:09:47,936 - thots.thot_parse - INFO - Segundo padrão de regex definido com sucesso!
2022-04-23 08:09:48,245 - Utils.utils - INFO - Requisição <<GET>> realizada com sucesso, status code: 200
2022-04-23 08:09:48,248 - thots.thot_parse - INFO - Usando método alternativo para encontrar a quantidade de videos.
2022-04-23 08:09:48,468 - Utils.utils - INFO - Requisição <<GET>> realizada com sucesso, status code: 200
2022-04-23 08:09:48,699 - Utils.utils - INFO - Requisição <<GET>> realizada com sucesso, status code: 200
2022-04-23 08:09:48,895 - Utils.utils - INFO - Requisição <<GET>> realizada com sucesso, status code: 200
2022-04-23 08:09:49,098 - Utils.utils - INFO - Requisição <<GET>> realizada com sucesso, status code: 200
2022-04-23 08:09:49,298 - Utils.utils - INFO - Requisição <<GET>> realizada com sucesso, status code: 200
2022-04-23 08:09:49,521 - Utils.utils - INFO - Requisição <<GET>> realizada com sucesso, status code: 200
2022-04-23 08:09:49,749 - Utils.utils - INFO - Requisição <<GET>> realizada com sucesso, status code: 200
2022-04-23 08:09:49,753 - thots.thot_parse - INFO - Foi encontrado um total de : 0 videos restantes.
2022-04-23 08:09:49,753 - thots.thots - WARNING - ---------------| melissadias - Fim da lista de videos.
2022-04-23 08:09:49,754 - thots.thots - WARNING - ---------------| Iniciando tarefa nicoleballs_trans, 14 de 17
2022-04-23 08:09:49,754 - thots.thot_parse - INFO - Definindo o padrão de regex...
2022-04-23 08:09:49,966 - Utils.utils - INFO - Requisição <<GET>> realizada com sucesso, status code: 200
2022-04-23 08:09:49,967 - thots.thot_parse - INFO - Segundo padrão de regex definido com sucesso!
2022-04-23 08:09:50,200 - Utils.utils - INFO - Requisição <<GET>> realizada com sucesso, status code: 200
2022-04-23 08:09:50,202 - thots.thot_parse - INFO - Usando método alternativo para encontrar a quantidade de videos.
2022-04-23 08:09:50,401 - Utils.utils - INFO - Requisição <<GET>> realizada com sucesso, status code: 200
2022-04-23 08:09:50,597 - Utils.utils - INFO - Requisição <<GET>> realizada com sucesso, status code: 200
2022-04-23 08:09:50,598 - thots.thot_parse - INFO - Foi encontrado um total de : 0 videos restantes.
2022-04-23 08:09:50,598 - thots.thots - WARNING - ---------------| nicoleballs_trans - Fim da lista de videos.
2022-04-23 08:09:50,598 - thots.thots - WARNING - ---------------| Iniciando tarefa nikkecasada, 15 de 17
2022-04-23 08:09:50,599 - thots.thot_parse - INFO - Definindo o padrão de regex...
2022-04-23 08:09:51,033 - Utils.utils - INFO - Requisição <<GET>> realizada com sucesso, status code: 200
2022-04-23 08:09:51,034 - thots.thot_parse - INFO - Segundo padrão de regex definido com sucesso!
2022-04-23 08:09:51,195 - Utils.utils - INFO - Requisição <<GET>> realizada com sucesso, status code: 200
2022-04-23 08:09:51,197 - thots.thot_parse - INFO - Usando método alternativo para encontrar a quantidade de videos.
2022-04-23 08:09:51,374 - Utils.utils - INFO - Requisição <<GET>> realizada com sucesso, status code: 200
2022-04-23 08:09:51,559 - Utils.utils - INFO - Requisição <<GET>> realizada com sucesso, status code: 200
2022-04-23 08:09:51,718 - Utils.utils - INFO - Requisição <<GET>> realizada com sucesso, status code: 200
2022-04-23 08:09:51,892 - Utils.utils - INFO - Requisição <<GET>> realizada com sucesso, status code: 200
2022-04-23 08:09:52,073 - Utils.utils - INFO - Requisição <<GET>> realizada com sucesso, status code: 200
2022-04-23 08:09:52,075 - thots.thot_parse - INFO - Foi encontrado um total de : 0 videos restantes.
2022-04-23 08:09:52,075 - thots.thots - WARNING - ---------------| nikkecasada - Fim da lista de videos.
2022-04-23 08:09:52,075 - thots.thots - WARNING - ---------------| Iniciando tarefa tatycasadinha, 16 de 17
2022-04-23 08:09:52,359 - thots.thots - WARNING - ---------------| tatycasadinha - Fim da lista de videos.
2022-04-23 08:09:52,360 - thots.thots - WARNING - ---------------| Iniciando tarefa vidasafada, 17 de 17
2022-04-23 08:09:52,360 - thots.thot_parse - INFO - Definindo o padrão de regex...
2022-04-23 08:09:52,660 - Utils.utils - INFO - Requisição <<GET>> realizada com sucesso, status code: 200
2022-04-23 08:09:52,661 - thots.thot_parse - INFO - Segundo padrão de regex definido com sucesso!
2022-04-23 08:09:52,808 - Utils.utils - INFO - Requisição <<GET>> realizada com sucesso, status code: 200
2022-04-23 08:09:52,809 - thots.thot_parse - INFO - Usando método alternativo para encontrar a quantidade de videos.
2022-04-23 08:09:52,960 - Utils.utils - INFO - Requisição <<GET>> realizada com sucesso, status code: 200
2022-04-23 08:09:53,137 - Utils.utils - INFO - Requisição <<GET>> realizada com sucesso, status code: 200
2022-04-23 08:09:53,295 - Utils.utils - INFO - Requisição <<GET>> realizada com sucesso, status code: 200
2022-04-23 08:09:53,445 - Utils.utils - INFO - Requisição <<GET>> realizada com sucesso, status code: 200
2022-04-23 08:09:53,609 - Utils.utils - INFO - Requisição <<GET>> realizada com sucesso, status code: 200
2022-04-23 08:09:53,753 - Utils.utils - INFO - Requisição <<GET>> realizada com sucesso, status code: 200
2022-04-23 08:09:53,755 - thots.thot_parse - INFO - Foi encontrado um total de : 0 videos restantes.
2022-04-23 08:09:53,755 - thots.thots - WARNING - ---------------| vidasafada - Fim da lista de videos.
2022-04-23 08:09:53,756 - __main__ - INFO - Fazendo backup dos IDs na API backup...
2022-04-23 08:09:53,756 - __main__ - INFO - Salvando ID's da API localmente....
2022-04-23 08:09:54,036 - Utils.utils - INFO - Requisição <<GET>> realizada com sucesso, status code: 200
2022-04-23 08:09:54,639 - Utils.utils - INFO - Requisição <<GET>> realizada com sucesso, status code: 200
2022-04-23 16:07:47,941 - Utils.utils - INFO - Ambiente de produção ativado
2022-04-23 16:07:48,107 - Utils.utils - INFO - Requisição <<GET>> realizada com sucesso, status code: 200
2022-04-23 16:07:48,157 - __main__ - INFO - Checando thotsbay forum...
2022-04-23 16:07:48,157 - Utils.thotshub - INFO - Autorizando...
2022-04-23 16:07:48,288 - Utils.utils - INFO - Requisição <<GET>> realizada com sucesso, status code: 200
2022-04-23 16:07:48,841 - Utils.utils - INFO - Requisição <<POST>> realizada com sucesso, status code: 200
2022-04-23 16:07:48,842 - Utils.thotshub - INFO - Autorizado
2022-04-23 16:07:48,842 - Utils.thotshub - INFO - Logado no thotsbay com sucesso.
2022-04-23 16:07:48,842 - __main__ - INFO - Checando colab...
2022-04-23 16:07:48,843 - Utils.utils - INFO - COLAB enviorement not detected
2022-04-23 16:07:48,843 - __main__ - INFO - Checando config...
2022-04-23 16:07:49,145 - Utils.utils - INFO - Requisição <<GET>> realizada com sucesso, status code: 200
2022-04-23 16:07:50,147 - __main__ - INFO - Checando ids...
2022-04-23 16:07:50,425 - Utils.utils - INFO - Requisição <<GET>> realizada com sucesso, status code: 200
2022-04-23 16:07:50,425 - thots.thots - WARNING - ---------------| Iniciando tarefa afroditehotwife, 1 de 17
2022-04-23 16:07:50,426 - thots.thot_parse - INFO - Definindo o padrão de regex...
2022-04-23 16:07:50,619 - Utils.utils - INFO - Requisição <<GET>> realizada com sucesso, status code: 200
2022-04-23 16:07:50,620 - thots.thot_parse - INFO - Segundo padrão de regex definido com sucesso!
2022-04-23 16:07:50,731 - Utils.utils - INFO - Requisição <<GET>> realizada com sucesso, status code: 200
2022-04-23 16:07:50,733 - thots.thot_parse - INFO - Usando método alternativo para encontrar a quantidade de videos.
2022-04-23 16:07:50,852 - Utils.utils - INFO - Requisição <<GET>> realizada com sucesso, status code: 200
2022-04-23 16:07:51,013 - Utils.utils - INFO - Requisição <<GET>> realizada com sucesso, status code: 200
2022-04-23 16:07:51,177 - Utils.utils - INFO - Requisição <<GET>> realizada com sucesso, status code: 200
2022-04-23 16:07:51,296 - Utils.utils - INFO - Requisição <<GET>> realizada com sucesso, status code: 200
2022-04-23 16:07:51,413 - Utils.utils - INFO - Requisição <<GET>> realizada com sucesso, status code: 200
2022-04-23 16:07:51,533 - Utils.utils - INFO - Requisição <<GET>> realizada com sucesso, status code: 200
2022-04-23 16:07:51,656 - Utils.utils - INFO - Requisição <<GET>> realizada com sucesso, status code: 200
2022-04-23 16:07:51,995 - Utils.utils - INFO - Requisição <<GET>> realizada com sucesso, status code: 200
2022-04-23 16:07:52,119 - Utils.utils - INFO - Requisição <<GET>> realizada com sucesso, status code: 200
2022-04-23 16:07:52,230 - Utils.utils - INFO - Requisição <<GET>> realizada com sucesso, status code: 200
2022-04-23 16:07:52,348 - Utils.utils - INFO - Requisição <<GET>> realizada com sucesso, status code: 200
2022-04-23 16:07:52,469 - Utils.utils - INFO - Requisição <<GET>> realizada com sucesso, status code: 200
2022-04-23 16:07:52,610 - Utils.utils - INFO - Requisição <<GET>> realizada com sucesso, status code: 200
2022-04-23 16:07:52,728 - Utils.utils - INFO - Requisição <<GET>> realizada com sucesso, status code: 200
2022-04-23 16:07:52,744 - thots.thot_parse - INFO - Foi encontrado um total de : 0 videos restantes.
2022-04-23 16:07:52,744 - thots.thots - WARNING - ---------------| afroditehotwife - Fim da lista de videos.
2022-04-23 16:07:52,744 - thots.thots - WARNING - ---------------| Iniciando tarefa agathalira, 2 de 17
2022-04-23 16:07:52,745 - thots.thot_parse - INFO - Definindo o padrão de regex...
2022-04-23 16:07:53,832 - Utils.utils - INFO - Requisição <<GET>> realizada com sucesso, status code: 200
2022-04-23 16:07:53,833 - thots.thot_parse - INFO - Primeiro padrão de regex definido com sucesso!
2022-04-23 16:07:54,308 - Utils.utils - INFO - Requisição <<GET>> realizada com sucesso, status code: 200
2022-04-23 16:07:54,310 - thots.thot_parse - INFO - Usando método alternativo para encontrar a quantidade de videos.
2022-04-23 16:07:54,695 - Utils.utils - INFO - Requisição <<GET>> realizada com sucesso, status code: 200
2022-04-23 16:07:55,114 - Utils.utils - INFO - Requisição <<GET>> realizada com sucesso, status code: 200
2022-04-23 16:07:55,600 - Utils.utils - INFO - Requisição <<GET>> realizada com sucesso, status code: 200
2022-04-23 16:07:56,166 - Utils.utils - INFO - Requisição <<GET>> realizada com sucesso, status code: 200
2022-04-23 16:07:56,638 - Utils.utils - INFO - Requisição <<GET>> realizada com sucesso, status code: 200
2022-04-23 16:07:57,127 - Utils.utils - INFO - Requisição <<GET>> realizada com sucesso, status code: 200
2022-04-23 16:07:57,557 - Utils.utils - INFO - Requisição <<GET>> realizada com sucesso, status code: 200
2022-04-23 16:07:58,100 - Utils.utils - INFO - Requisição <<GET>> realizada com sucesso, status code: 200
2022-04-23 16:07:58,435 - Utils.utils - INFO - Requisição <<GET>> realizada com sucesso, status code: 200
2022-04-23 16:07:58,755 - Utils.utils - INFO - Requisição <<GET>> realizada com sucesso, status code: 200
2022-04-23 16:07:59,063 - Utils.utils - INFO - Requisição <<GET>> realizada com sucesso, status code: 200
2022-04-23 16:07:59,419 - Utils.utils - INFO - Requisição <<GET>> realizada com sucesso, status code: 200
2022-04-23 16:07:59,658 - Utils.utils - INFO - Requisição <<GET>> realizada com sucesso, status code: 200
2022-04-23 16:07:59,670 - thots.thot_parse - INFO - Foi encontrado um total de : 0 videos restantes.
2022-04-23 16:07:59,671 - thots.thots - WARNING - ---------------| agathalira - Fim da lista de videos.
2022-04-23 16:07:59,671 - thots.thots - WARNING - ---------------| Iniciando tarefa barbaracastroo, 3 de 17
2022-04-23 16:07:59,671 - thots.thot_parse - INFO - Definindo o padrão de regex...
2022-04-23 16:07:59,986 - Utils.utils - INFO - Requisição <<GET>> realizada com sucesso, status code: 200
2022-04-23 16:07:59,986 - thots.thot_parse - INFO - Segundo padrão de regex definido com sucesso!
2022-04-23 16:08:00,460 - Utils.utils - INFO - Requisição <<GET>> realizada com sucesso, status code: 200
2022-04-23 16:08:00,462 - thots.thot_parse - INFO - Usando método alternativo para encontrar a quantidade de videos.
2022-04-23 16:08:00,636 - Utils.utils - INFO - Requisição <<GET>> realizada com sucesso, status code: 200
2022-04-23 16:08:00,637 - thots.thot_parse - INFO - Foi encontrado um total de : 0 videos restantes.
2022-04-23 16:08:00,637 - thots.thots - WARNING - ---------------| barbaracastroo - Fim da lista de videos.
2022-04-23 16:08:00,638 - thots.thots - WARNING - ---------------| Iniciando tarefa bellacasada, 4 de 17
2022-04-23 16:08:00,638 - thots.thot_parse - INFO - Definindo o padrão de regex...
2022-04-23 16:08:00,847 - Utils.utils - INFO - Requisição <<GET>> realizada com sucesso, status code: 200
2022-04-23 16:08:00,848 - thots.thot_parse - INFO - Segundo padrão de regex definido com sucesso!
2022-04-23 16:08:00,977 - Utils.utils - INFO - Requisição <<GET>> realizada com sucesso, status code: 200
2022-04-23 16:08:00,979 - thots.thot_parse - INFO - Usando método alternativo para encontrar a quantidade de videos.
2022-04-23 16:08:01,139 - Utils.utils - INFO - Requisição <<GET>> realizada com sucesso, status code: 200
2022-04-23 16:08:01,261 - Utils.utils - INFO - Requisição <<GET>> realizada com sucesso, status code: 200
2022-04-23 16:08:01,424 - Utils.utils - INFO - Requisição <<GET>> realizada com sucesso, status code: 200
2022-04-23 16:08:01,647 - Utils.utils - INFO - Requisição <<GET>> realizada com sucesso, status code: 200
2022-04-23 16:08:01,831 - Utils.utils - INFO - Requisição <<GET>> realizada com sucesso, status code: 200
2022-04-23 16:08:02,008 - Utils.utils - INFO - Requisição <<GET>> realizada com sucesso, status code: 200
2022-04-23 16:08:02,012 - thots.thot_parse - INFO - Foi encontrado um total de : 0 videos restantes.
2022-04-23 16:08:02,012 - thots.thots - WARNING - ---------------| bellacasada - Fim da lista de videos.
2022-04-23 16:08:02,012 - thots.thots - WARNING - ---------------| Iniciando tarefa casalruivaecornooficial, 5 de 17
2022-04-23 16:08:02,012 - thots.thot_parse - INFO - Definindo o padrão de regex...
2022-04-23 16:08:02,235 - Utils.utils - INFO - Requisição <<GET>> realizada com sucesso, status code: 200
2022-04-23 16:08:02,236 - thots.thot_parse - INFO - Segundo padrão de regex definido com sucesso!
2022-04-23 16:08:02,498 - Utils.utils - INFO - Requisição <<GET>> realizada com sucesso, status code: 200
2022-04-23 16:08:02,500 - thots.thot_parse - INFO - Usando método alternativo para encontrar a quantidade de videos.
2022-04-23 16:08:02,623 - Utils.utils - INFO - Requisição <<GET>> realizada com sucesso, status code: 200
2022-04-23 16:08:02,793 - Utils.utils - INFO - Requisição <<GET>> realizada com sucesso, status code: 200
2022-04-23 16:08:03,020 - Utils.utils - INFO - Requisição <<GET>> realizada com sucesso, status code: 200
2022-04-23 16:08:03,127 - Utils.utils - INFO - Requisição <<GET>> realizada com sucesso, status code: 200
2022-04-23 16:08:03,293 - Utils.utils - INFO - Requisição <<GET>> realizada com sucesso, status code: 200
2022-04-23 16:08:03,525 - Utils.utils - INFO - Requisição <<GET>> realizada com sucesso, status code: 200
2022-04-23 16:08:03,528 - thots.thot_parse - INFO - Foi encontrado um total de : 0 videos restantes.
2022-04-23 16:08:03,528 - thots.thots - WARNING - ---------------| casalruivaecornooficial - Fim da lista de videos.
2022-04-23 16:08:03,528 - thots.thots - WARNING - ---------------| Iniciando tarefa casaltopbessa, 6 de 17
2022-04-23 16:08:03,528 - thots.thot_parse - INFO - Definindo o padrão de regex...
2022-04-23 16:08:03,669 - Utils.utils - INFO - Requisição <<GET>> realizada com sucesso, status code: 200
2022-04-23 16:08:03,669 - thots.thot_parse - INFO - Segundo padrão de regex definido com sucesso!
2022-04-23 16:08:03,831 - Utils.utils - INFO - Requisição <<GET>> realizada com sucesso, status code: 200
2022-04-23 16:08:03,832 - thots.thot_parse - INFO - Usando método alternativo para encontrar a quantidade de videos.
2022-04-23 16:08:04,042 - Utils.utils - INFO - Requisição <<GET>> realizada com sucesso, status code: 200
2022-04-23 16:08:04,217 - Utils.utils - INFO - Requisição <<GET>> realizada com sucesso, status code: 200
2022-04-23 16:08:04,218 - thots.thot_parse - INFO - Foi encontrado um total de : 0 videos restantes.
2022-04-23 16:08:04,218 - thots.thots - WARNING - ---------------| casaltopbessa - Fim da lista de videos.
2022-04-23 16:08:04,219 - thots.thots - WARNING - ---------------| Iniciando tarefa elaquer, 7 de 17
2022-04-23 16:08:04,219 - thots.thot_parse - INFO - Definindo o padrão de regex...
2022-04-23 16:08:04,409 - Utils.utils - INFO - Requisição <<GET>> realizada com sucesso, status code: 200
2022-04-23 16:08:04,410 - thots.thot_parse - INFO - Segundo padrão de regex definido com sucesso!
2022-04-23 16:08:04,548 - Utils.utils - INFO - Requisição <<GET>> realizada com sucesso, status code: 200
2022-04-23 16:08:04,551 - thots.thot_parse - INFO - Usando método alternativo para encontrar a quantidade de videos.
2022-04-23 16:08:04,721 - Utils.utils - INFO - Requisição <<GET>> realizada com sucesso, status code: 200
2022-04-23 16:08:04,862 - Utils.utils - INFO - Requisição <<GET>> realizada com sucesso, status code: 200
2022-04-23 16:08:05,014 - Utils.utils - INFO - Requisição <<GET>> realizada com sucesso, status code: 200
2022-04-23 16:08:05,178 - Utils.utils - INFO - Requisição <<GET>> realizada com sucesso, status code: 200
2022-04-23 16:08:05,180 - thots.thot_parse - INFO - Foi encontrado um total de : 0 videos restantes.
2022-04-23 16:08:05,181 - thots.thots - WARNING - ---------------| elaquer - Fim da lista de videos.
2022-04-23 16:08:05,181 - thots.thots - WARNING - ---------------| Iniciando tarefa emilysales, 8 de 17
2022-04-23 16:08:05,182 - thots.thot_parse - INFO - Definindo o padrão de regex...
2022-04-23 16:08:05,339 - Utils.utils - INFO - Requisição <<GET>> realizada com sucesso, status code: 200
2022-04-23 16:08:05,340 - thots.thot_parse - INFO - Segundo padrão de regex definido com sucesso!
2022-04-23 16:08:05,465 - Utils.utils - INFO - Requisição <<GET>> realizada com sucesso, status code: 200
2022-04-23 16:08:05,467 - thots.thot_parse - INFO - Usando método alternativo para encontrar a quantidade de videos.
2022-04-23 16:08:05,647 - Utils.utils - INFO - Requisição <<GET>> realizada com sucesso, status code: 200
2022-04-23 16:08:05,804 - Utils.utils - INFO - Requisição <<GET>> realizada com sucesso, status code: 200
2022-04-23 16:08:05,945 - Utils.utils - INFO - Requisição <<GET>> realizada com sucesso, status code: 200
2022-04-23 16:08:06,108 - Utils.utils - INFO - Requisição <<GET>> realizada com sucesso, status code: 200
2022-04-23 16:08:06,297 - Utils.utils - INFO - Requisição <<GET>> realizada com sucesso, status code: 200
2022-04-23 16:08:06,299 - thots.thot_parse - INFO - Foi encontrado um total de : 0 videos restantes.
2022-04-23 16:08:06,300 - thots.thots - WARNING - ---------------| emilysales - Fim da lista de videos.
2022-04-23 16:08:06,301 - thots.thots - WARNING - ---------------| Iniciando tarefa esposagulosinha, 9 de 17
2022-04-23 16:08:06,301 - thots.thot_parse - INFO - Definindo o padrão de regex...
2022-04-23 16:08:06,791 - Utils.utils - INFO - Requisição <<GET>> realizada com sucesso, status code: 200
2022-04-23 16:08:06,792 - thots.thot_parse - INFO - Segundo padrão de regex definido com sucesso!
2022-04-23 16:08:06,981 - Utils.utils - INFO - Requisição <<GET>> realizada com sucesso, status code: 200
2022-04-23 16:08:06,984 - thots.thot_parse - INFO - Usando método alternativo para encontrar a quantidade de videos.
2022-04-23 16:08:07,234 - Utils.utils - INFO - Requisição <<GET>> realizada com sucesso, status code: 200
2022-04-23 16:08:07,426 - Utils.utils - INFO - Requisição <<GET>> realizada com sucesso, status code: 200
2022-04-23 16:08:07,689 - Utils.utils - INFO - Requisição <<GET>> realizada com sucesso, status code: 200
2022-04-23 16:08:07,941 - Utils.utils - INFO - Requisição <<GET>> realizada com sucesso, status code: 200
2022-04-23 16:08:08,137 - Utils.utils - INFO - Requisição <<GET>> realizada com sucesso, status code: 200
2022-04-23 16:08:08,354 - Utils.utils - INFO - Requisição <<GET>> realizada com sucesso, status code: 200
2022-04-23 16:08:08,587 - Utils.utils - INFO - Requisição <<GET>> realizada com sucesso, status code: 200
2022-04-23 16:08:08,856 - Utils.utils - INFO - Requisição <<GET>> realizada com sucesso, status code: 200
2022-04-23 16:08:08,861 - thots.thot_parse - INFO - Foi encontrado um total de : 0 videos restantes.
2022-04-23 16:08:08,862 - thots.thots - WARNING - ---------------| esposagulosinha - Fim da lista de videos.
2022-04-23 16:08:08,862 - thots.thots - WARNING - ---------------| Iniciando tarefa fabioeanaes, 10 de 17
2022-04-23 16:08:08,862 - thots.thot_parse - INFO - Definindo o padrão de regex...
2022-04-23 16:08:09,178 - Utils.utils - INFO - Requisição <<GET>> realizada com sucesso, status code: 200
2022-04-23 16:08:09,179 - thots.thot_parse - INFO - Segundo padrão de regex definido com sucesso!
2022-04-23 16:08:09,296 - Utils.utils - INFO - Requisição <<GET>> realizada com sucesso, status code: 200
2022-04-23 16:08:09,298 - thots.thot_parse - INFO - Usando método alternativo para encontrar a quantidade de videos.
2022-04-23 16:08:09,437 - Utils.utils - INFO - Requisição <<GET>> realizada com sucesso, status code: 200
2022-04-23 16:08:09,561 - Utils.utils - INFO - Requisição <<GET>> realizada com sucesso, status code: 200
2022-04-23 16:08:09,713 - Utils.utils - INFO - Requisição <<GET>> realizada com sucesso, status code: 200
2022-04-23 16:08:09,852 - Utils.utils - INFO - Requisição <<GET>> realizada com sucesso, status code: 200
2022-04-23 16:08:09,962 - Utils.utils - INFO - Requisição <<GET>> realizada com sucesso, status code: 200
2022-04-23 16:08:09,965 - thots.thot_parse - INFO - Foi encontrado um total de : 0 videos restantes.
2022-04-23 16:08:09,965 - thots.thots - WARNING - ---------------| fabioeanaes - Fim da lista de videos.
2022-04-23 16:08:09,965 - thots.thots - WARNING - ---------------| Iniciando tarefa helenafilmes, 11 de 17
2022-04-23 16:08:09,965 - thots.thot_parse - INFO - Definindo o padrão de regex...
2022-04-23 16:08:10,148 - Utils.utils - INFO - Requisição <<GET>> realizada com sucesso, status code: 200
2022-04-23 16:08:10,149 - thots.thot_parse - INFO - Segundo padrão de regex definido com sucesso!
2022-04-23 16:08:10,266 - Utils.utils - INFO - Requisição <<GET>> realizada com sucesso, status code: 200
2022-04-23 16:08:10,269 - thots.thot_parse - INFO - Usando método alternativo para encontrar a quantidade de videos.
2022-04-23 16:08:10,425 - Utils.utils - INFO - Requisição <<GET>> realizada com sucesso, status code: 200
2022-04-23 16:08:10,534 - Utils.utils - INFO - Requisição <<GET>> realizada com sucesso, status code: 200
2022-04-23 16:08:10,535 - thots.thot_parse - INFO - Foi encontrado um total de : 0 videos restantes.
2022-04-23 16:08:10,536 - thots.thots - WARNING - ---------------| helenafilmes - Fim da lista de videos.
2022-04-23 16:08:10,536 - thots.thots - WARNING - ---------------| Iniciando tarefa lualencar11, 12 de 17
2022-04-23 16:08:10,536 - thots.thot_parse - INFO - Definindo o padrão de regex...
2022-04-23 16:08:10,643 - Utils.utils - INFO - Requisição <<GET>> realizada com sucesso, status code: 200
2022-04-23 16:08:10,643 - thots.thot_parse - INFO - Segundo padrão de regex definido com sucesso!
2022-04-23 16:08:10,759 - Utils.utils - INFO - Requisição <<GET>> realizada com sucesso, status code: 200
2022-04-23 16:08:10,760 - thots.thot_parse - INFO - Usando método alternativo para encontrar a quantidade de videos.
2022-04-23 16:08:10,872 - Utils.utils - INFO - Requisição <<GET>> realizada com sucesso, status code: 200
2022-04-23 16:08:10,873 - thots.thot_parse - INFO - Foi encontrado um total de : 0 videos restantes.
2022-04-23 16:08:10,873 - thots.thots - WARNING - ---------------| lualencar11 - Fim da lista de videos.
2022-04-23 16:08:10,874 - thots.thots - WARNING - ---------------| Iniciando tarefa melissadias, 13 de 17
2022-04-23 16:08:10,874 - thots.thot_parse - INFO - Definindo o padrão de regex...
2022-04-23 16:08:10,998 - Utils.utils - INFO - Requisição <<GET>> realizada com sucesso, status code: 200
2022-04-23 16:08:10,999 - thots.thot_parse - INFO - Segundo padrão de regex definido com sucesso!
2022-04-23 16:08:11,153 - Utils.utils - INFO - Requisição <<GET>> realizada com sucesso, status code: 200
2022-04-23 16:08:11,154 - thots.thot_parse - INFO - Usando método alternativo para encontrar a quantidade de videos.
2022-04-23 16:08:11,266 - Utils.utils - INFO - Requisição <<GET>> realizada com sucesso, status code: 200
2022-04-23 16:08:11,374 - Utils.utils - INFO - Requisição <<GET>> realizada com sucesso, status code: 200
2022-04-23 16:08:11,488 - Utils.utils - INFO - Requisição <<GET>> realizada com sucesso, status code: 200
2022-04-23 16:08:11,608 - Utils.utils - INFO - Requisição <<GET>> realizada com sucesso, status code: 200
2022-04-23 16:08:11,830 - Utils.utils - INFO - Requisição <<GET>> realizada com sucesso, status code: 200
2022-04-23 16:08:11,973 - Utils.utils - INFO - Requisição <<GET>> realizada com sucesso, status code: 200
2022-04-23 16:08:12,126 - Utils.utils - INFO - Requisição <<GET>> realizada com sucesso, status code: 200
2022-04-23 16:08:12,129 - thots.thot_parse - INFO - Foi encontrado um total de : 0 videos restantes.
2022-04-23 16:08:12,129 - thots.thots - WARNING - ---------------| melissadias - Fim da lista de videos.
2022-04-23 16:08:12,130 - thots.thots - WARNING - ---------------| Iniciando tarefa nicoleballs_trans, 14 de 17
2022-04-23 16:08:12,130 - thots.thot_parse - INFO - Definindo o padrão de regex...
2022-04-23 16:08:12,252 - Utils.utils - INFO - Requisição <<GET>> realizada com sucesso, status code: 200
2022-04-23 16:08:12,252 - thots.thot_parse - INFO - Segundo padrão de regex definido com sucesso!
2022-04-23 16:08:12,364 - Utils.utils - INFO - Requisição <<GET>> realizada com sucesso, status code: 200
2022-04-23 16:08:12,366 - thots.thot_parse - INFO - Usando método alternativo para encontrar a quantidade de videos.
2022-04-23 16:08:12,507 - Utils.utils - INFO - Requisição <<GET>> realizada com sucesso, status code: 200
2022-04-23 16:08:12,643 - Utils.utils - INFO - Requisição <<GET>> realizada com sucesso, status code: 200
2022-04-23 16:08:12,643 - thots.thot_parse - INFO - Foi encontrado um total de : 0 videos restantes.
2022-04-23 16:08:12,644 - thots.thots - WARNING - ---------------| nicoleballs_trans - Fim da lista de videos.
2022-04-23 16:08:12,644 - thots.thots - WARNING - ---------------| Iniciando tarefa nikkecasada, 15 de 17
2022-04-23 16:08:12,644 - thots.thot_parse - INFO - Definindo o padrão de regex...
2022-04-23 16:08:12,816 - Utils.utils - INFO - Requisição <<GET>> realizada com sucesso, status code: 200
2022-04-23 16:08:12,817 - thots.thot_parse - INFO - Segundo padrão de regex definido com sucesso!
2022-04-23 16:08:12,942 - Utils.utils - INFO - Requisição <<GET>> realizada com sucesso, status code: 200
2022-04-23 16:08:12,944 - thots.thot_parse - INFO - Usando método alternativo para encontrar a quantidade de videos.
2022-04-23 16:08:13,072 - Utils.utils - INFO - Requisição <<GET>> realizada com sucesso, status code: 200
2022-04-23 16:08:13,190 - Utils.utils - INFO - Requisição <<GET>> realizada com sucesso, status code: 200
2022-04-23 16:08:13,304 - Utils.utils - INFO - Requisição <<GET>> realizada com sucesso, status code: 200
2022-04-23 16:08:13,418 - Utils.utils - INFO - Requisição <<GET>> realizada com sucesso, status code: 200
2022-04-23 16:08:13,614 - Utils.utils - INFO - Requisição <<GET>> realizada com sucesso, status code: 200
2022-04-23 16:08:13,616 - thots.thot_parse - INFO - Foi encontrado um total de : 0 videos restantes.
2022-04-23 16:08:13,617 - thots.thots - WARNING - ---------------| nikkecasada - Fim da lista de videos.
2022-04-23 16:08:13,617 - thots.thots - WARNING - ---------------| Iniciando tarefa tatycasadinha, 16 de 17
2022-04-23 16:08:13,754 - thots.thots - WARNING - ---------------| tatycasadinha - Fim da lista de videos.
2022-04-23 16:08:13,754 - thots.thots - WARNING - ---------------| Iniciando tarefa vidasafada, 17 de 17
2022-04-23 16:08:13,755 - thots.thot_parse - INFO - Definindo o padrão de regex...
2022-04-23 16:08:13,990 - Utils.utils - INFO - Requisição <<GET>> realizada com sucesso, status code: 200
2022-04-23 16:08:13,991 - thots.thot_parse - INFO - Segundo padrão de regex definido com sucesso!
2022-04-23 16:08:14,230 - Utils.utils - INFO - Requisição <<GET>> realizada com sucesso, status code: 200
2022-04-23 16:08:14,232 - thots.thot_parse - INFO - Usando método alternativo para encontrar a quantidade de videos.
2022-04-23 16:08:14,356 - Utils.utils - INFO - Requisição <<GET>> realizada com sucesso, status code: 200
2022-04-23 16:08:14,493 - Utils.utils - INFO - Requisição <<GET>> realizada com sucesso, status code: 200
2022-04-23 16:08:14,615 - Utils.utils - INFO - Requisição <<GET>> realizada com sucesso, status code: 200
2022-04-23 16:08:14,739 - Utils.utils - INFO - Requisição <<GET>> realizada com sucesso, status code: 200
2022-04-23 16:08:14,900 - Utils.utils - INFO - Requisição <<GET>> realizada com sucesso, status code: 200
2022-04-23 16:08:15,019 - Utils.utils - INFO - Requisição <<GET>> realizada com sucesso, status code: 200
2022-04-23 16:08:15,022 - thots.thot_parse - INFO - Foi encontrado um total de : 0 videos restantes.
2022-04-23 16:08:15,023 - thots.thots - WARNING - ---------------| vidasafada - Fim da lista de videos.
2022-04-23 16:08:15,023 - __main__ - INFO - Fazendo backup dos IDs na API backup...
2022-04-23 16:08:15,024 - __main__ - INFO - Salvando ID's da API localmente....
2022-04-23 16:08:15,326 - Utils.utils - INFO - Requisição <<GET>> realizada com sucesso, status code: 200
2022-04-23 16:08:15,926 - Utils.utils - INFO - Requisição <<GET>> realizada com sucesso, status code: 200
2022-04-23 20:17:47,662 - Utils.utils - INFO - Ambiente de produção ativado
2022-04-23 20:17:48,462 - Utils.utils - INFO - Requisição <<GET>> realizada com sucesso, status code: 200
2022-04-23 20:17:48,507 - __main__ - INFO - Checando thotsbay forum...
2022-04-23 20:17:48,507 - Utils.thotshub - INFO - Autorizando...
2022-04-23 20:17:48,736 - Utils.utils - INFO - Requisição <<GET>> realizada com sucesso, status code: 200
2022-04-23 20:17:49,649 - Utils.utils - INFO - Requisição <<POST>> realizada com sucesso, status code: 200
2022-04-23 20:17:49,651 - Utils.thotshub - INFO - Autorizado
2022-04-23 20:17:49,651 - Utils.thotshub - INFO - Logado no thotsbay com sucesso.
2022-04-23 20:17:49,651 - __main__ - INFO - Checando colab...
2022-04-23 20:17:49,652 - Utils.utils - INFO - COLAB enviorement not detected
2022-04-23 20:17:49,652 - __main__ - INFO - Checando config...
2022-04-23 20:17:50,205 - Utils.utils - INFO - Requisição <<GET>> realizada com sucesso, status code: 200
2022-04-23 20:17:51,207 - __main__ - INFO - Checando ids...
2022-04-23 20:17:51,473 - Utils.utils - INFO - Requisição <<GET>> realizada com sucesso, status code: 200
2022-04-23 20:17:51,474 - thots.thots - WARNING - ---------------| Iniciando tarefa afroditehotwife, 1 de 17
2022-04-23 20:17:51,475 - thots.thot_parse - INFO - Definindo o padrão de regex...
2022-04-23 20:17:51,805 - Utils.utils - INFO - Requisição <<GET>> realizada com sucesso, status code: 200
2022-04-23 20:17:51,807 - thots.thot_parse - INFO - Segundo padrão de regex definido com sucesso!
2022-04-23 20:17:51,983 - Utils.utils - INFO - Requisição <<GET>> realizada com sucesso, status code: 200
2022-04-23 20:17:51,985 - thots.thot_parse - INFO - Usando método alternativo para encontrar a quantidade de videos.
2022-04-23 20:17:52,133 - Utils.utils - INFO - Requisição <<GET>> realizada com sucesso, status code: 200
2022-04-23 20:17:52,500 - Utils.utils - INFO - Requisição <<GET>> realizada com sucesso, status code: 200
2022-04-23 20:17:52,903 - Utils.utils - INFO - Requisição <<GET>> realizada com sucesso, status code: 200
2022-04-23 20:17:53,290 - Utils.utils - INFO - Requisição <<GET>> realizada com sucesso, status code: 200
2022-04-23 20:17:53,455 - Utils.utils - INFO - Requisição <<GET>> realizada com sucesso, status code: 200
2022-04-23 20:17:53,699 - Utils.utils - INFO - Requisição <<GET>> realizada com sucesso, status code: 200
2022-04-23 20:17:53,881 - Utils.utils - INFO - Requisição <<GET>> realizada com sucesso, status code: 200
2022-04-23 20:17:54,024 - Utils.utils - INFO - Requisição <<GET>> realizada com sucesso, status code: 200
2022-04-23 20:17:54,200 - Utils.utils - INFO - Requisição <<GET>> realizada com sucesso, status code: 200
2022-04-23 20:17:54,345 - Utils.utils - INFO - Requisição <<GET>> realizada com sucesso, status code: 200
2022-04-23 20:17:54,488 - Utils.utils - INFO - Requisição <<GET>> realizada com sucesso, status code: 200
2022-04-23 20:17:54,690 - Utils.utils - INFO - Requisição <<GET>> realizada com sucesso, status code: 200
2022-04-23 20:17:54,931 - Utils.utils - INFO - Requisição <<GET>> realizada com sucesso, status code: 200
2022-04-23 20:17:55,232 - Utils.utils - INFO - Requisição <<GET>> realizada com sucesso, status code: 200
2022-04-23 20:17:55,246 - thots.thot_parse - INFO - Foi encontrado um total de : 0 videos restantes.
2022-04-23 20:17:55,246 - thots.thots - WARNING - ---------------| afroditehotwife - Fim da lista de videos.
2022-04-23 20:17:55,246 - thots.thots - WARNING - ---------------| Iniciando tarefa agathalira, 2 de 17
2022-04-23 20:17:55,246 - thots.thot_parse - INFO - Definindo o padrão de regex...
2022-04-23 20:17:56,201 - Utils.utils - INFO - Requisição <<GET>> realizada com sucesso, status code: 200
2022-04-23 20:17:56,202 - thots.thot_parse - INFO - Primeiro padrão de regex definido com sucesso!
2022-04-23 20:17:56,617 - Utils.utils - INFO - Requisição <<GET>> realizada com sucesso, status code: 200
2022-04-23 20:17:56,620 - thots.thot_parse - INFO - Usando método alternativo para encontrar a quantidade de videos.
2022-04-23 20:17:56,993 - Utils.utils - INFO - Requisição <<GET>> realizada com sucesso, status code: 200
2022-04-23 20:17:57,577 - Utils.utils - INFO - Requisição <<GET>> realizada com sucesso, status code: 200
2022-04-23 20:17:58,272 - Utils.utils - INFO - Requisição <<GET>> realizada com sucesso, status code: 200
2022-04-23 20:17:58,648 - Utils.utils - INFO - Requisição <<GET>> realizada com sucesso, status code: 200
2022-04-23 20:17:58,919 - Utils.utils - INFO - Requisição <<GET>> realizada com sucesso, status code: 200
2022-04-23 20:17:59,338 - Utils.utils - INFO - Requisição <<GET>> realizada com sucesso, status code: 200
2022-04-23 20:17:59,604 - Utils.utils - INFO - Requisição <<GET>> realizada com sucesso, status code: 200
2022-04-23 20:18:00,033 - Utils.utils - INFO - Requisição <<GET>> realizada com sucesso, status code: 200
2022-04-23 20:18:00,738 - Utils.utils - INFO - Requisição <<GET>> realizada com sucesso, status code: 200
2022-04-23 20:18:01,474 - Utils.utils - INFO - Requisição <<GET>> realizada com sucesso, status code: 200
2022-04-23 20:18:01,898 - Utils.utils - INFO - Requisição <<GET>> realizada com sucesso, status code: 200
2022-04-23 20:18:02,216 - Utils.utils - INFO - Requisição <<GET>> realizada com sucesso, status code: 200
2022-04-23 20:18:02,403 - Utils.utils - INFO - Requisição <<GET>> realizada com sucesso, status code: 200
2022-04-23 20:18:02,416 - thots.thot_parse - INFO - Foi encontrado um total de : 0 videos restantes.
2022-04-23 20:18:02,416 - thots.thots - WARNING - ---------------| agathalira - Fim da lista de videos.
2022-04-23 20:18:02,416 - thots.thots - WARNING - ---------------| Iniciando tarefa barbaracastroo, 3 de 17
2022-04-23 20:18:02,417 - thots.thot_parse - INFO - Definindo o padrão de regex...
2022-04-23 20:18:02,901 - Utils.utils - INFO - Requisição <<GET>> realizada com sucesso, status code: 200
2022-04-23 20:18:02,902 - thots.thot_parse - INFO - Segundo padrão de regex definido com sucesso!
2022-04-23 20:18:03,095 - Utils.utils - INFO - Requisição <<GET>> realizada com sucesso, status code: 200
2022-04-23 20:18:03,096 - thots.thot_parse - INFO - Usando método alternativo para encontrar a quantidade de videos.
2022-04-23 20:18:03,297 - Utils.utils - INFO - Requisição <<GET>> realizada com sucesso, status code: 200
2022-04-23 20:18:03,298 - thots.thot_parse - INFO - Foi encontrado um total de : 0 videos restantes.
2022-04-23 20:18:03,298 - thots.thots - WARNING - ---------------| barbaracastroo - Fim da lista de videos.
2022-04-23 20:18:03,299 - thots.thots - WARNING - ---------------| Iniciando tarefa bellacasada, 4 de 17
2022-04-23 20:18:03,299 - thots.thot_parse - INFO - Definindo o padrão de regex...
2022-04-23 20:18:03,678 - Utils.utils - INFO - Requisição <<GET>> realizada com sucesso, status code: 200
2022-04-23 20:18:03,678 - thots.thot_parse - INFO - Segundo padrão de regex definido com sucesso!
2022-04-23 20:18:03,828 - Utils.utils - INFO - Requisição <<GET>> realizada com sucesso, status code: 200
2022-04-23 20:18:03,830 - thots.thot_parse - INFO - Usando método alternativo para encontrar a quantidade de videos.
2022-04-23 20:18:04,005 - Utils.utils - INFO - Requisição <<GET>> realizada com sucesso, status code: 200
2022-04-23 20:18:04,184 - Utils.utils - INFO - Requisição <<GET>> realizada com sucesso, status code: 200
2022-04-23 20:18:04,348 - Utils.utils - INFO - Requisição <<GET>> realizada com sucesso, status code: 200
2022-04-23 20:18:04,595 - Utils.utils - INFO - Requisição <<GET>> realizada com sucesso, status code: 200
2022-04-23 20:18:04,759 - Utils.utils - INFO - Requisição <<GET>> realizada com sucesso, status code: 200
2022-04-23 20:18:04,912 - Utils.utils - INFO - Requisição <<GET>> realizada com sucesso, status code: 200
2022-04-23 20:18:04,916 - thots.thot_parse - INFO - Foi encontrado um total de : 0 videos restantes.
2022-04-23 20:18:04,916 - thots.thots - WARNING - ---------------| bellacasada - Fim da lista de videos.
2022-04-23 20:18:04,917 - thots.thots - WARNING - ---------------| Iniciando tarefa casalruivaecornooficial, 5 de 17
2022-04-23 20:18:04,917 - thots.thot_parse - INFO - Definindo o padrão de regex...
2022-04-23 20:18:05,263 - Utils.utils - INFO - Requisição <<GET>> realizada com sucesso, status code: 200
2022-04-23 20:18:05,264 - thots.thot_parse - INFO - Segundo padrão de regex definido com sucesso!
2022-04-23 20:18:05,486 - Utils.utils - INFO - Requisição <<GET>> realizada com sucesso, status code: 200
2022-04-23 20:18:05,488 - thots.thot_parse - INFO - Usando método alternativo para encontrar a quantidade de videos.
2022-04-23 20:18:05,753 - Utils.utils - INFO - Requisição <<GET>> realizada com sucesso, status code: 200
2022-04-23 20:18:05,947 - Utils.utils - INFO - Requisição <<GET>> realizada com sucesso, status code: 200
2022-04-23 20:18:06,179 - Utils.utils - INFO - Requisição <<GET>> realizada com sucesso, status code: 200
2022-04-23 20:18:06,438 - Utils.utils - INFO - Requisição <<GET>> realizada com sucesso, status code: 200
2022-04-23 20:18:06,637 - Utils.utils - INFO - Requisição <<GET>> realizada com sucesso, status code: 200
2022-04-23 20:18:06,833 - Utils.utils - INFO - Requisição <<GET>> realizada com sucesso, status code: 200
2022-04-23 20:18:06,837 - thots.thot_parse - INFO - Foi encontrado um total de : 0 videos restantes.
2022-04-23 20:18:06,838 - thots.thots - WARNING - ---------------| casalruivaecornooficial - Fim da lista de videos.
2022-04-23 20:18:06,838 - thots.thots - WARNING - ---------------| Iniciando tarefa casaltopbessa, 6 de 17
2022-04-23 20:18:06,839 - thots.thot_parse - INFO - Definindo o padrão de regex...
2022-04-23 20:18:07,041 - Utils.utils - INFO - Requisição <<GET>> realizada com sucesso, status code: 200
2022-04-23 20:18:07,042 - thots.thot_parse - INFO - Segundo padrão de regex definido com sucesso!
2022-04-23 20:18:07,281 - Utils.utils - INFO - Requisição <<GET>> realizada com sucesso, status code: 200
2022-04-23 20:18:07,284 - thots.thot_parse - INFO - Usando método alternativo para encontrar a quantidade de videos.
2022-04-23 20:18:07,553 - Utils.utils - INFO - Requisição <<GET>> realizada com sucesso, status code: 200
2022-04-23 20:18:07,757 - Utils.utils - INFO - Requisição <<GET>> realizada com sucesso, status code: 200
2022-04-23 20:18:07,759 - thots.thot_parse - INFO - Foi encontrado um total de : 0 videos restantes.
2022-04-23 20:18:07,759 - thots.thots - WARNING - ---------------| casaltopbessa - Fim da lista de videos.
2022-04-23 20:18:07,760 - thots.thots - WARNING - ---------------| Iniciando tarefa elaquer, 7 de 17
2022-04-23 20:18:07,760 - thots.thot_parse - INFO - Definindo o padrão de regex...
2022-04-23 20:18:07,974 - Utils.utils - INFO - Requisição <<GET>> realizada com sucesso, status code: 200
2022-04-23 20:18:07,975 - thots.thot_parse - INFO - Segundo padrão de regex definido com sucesso!
2022-04-23 20:18:08,222 - Utils.utils - INFO - Requisição <<GET>> realizada com sucesso, status code: 200
2022-04-23 20:18:08,224 - thots.thot_parse - INFO - Usando método alternativo para encontrar a quantidade de videos.
2022-04-23 20:18:08,679 - Utils.utils - INFO - Requisição <<GET>> realizada com sucesso, status code: 200
2022-04-23 20:18:08,932 - Utils.utils - INFO - Requisição <<GET>> realizada com sucesso, status code: 200
2022-04-23 20:18:09,152 - Utils.utils - INFO - Requisição <<GET>> realizada com sucesso, status code: 200
2022-04-23 20:18:09,438 - Utils.utils - INFO - Requisição <<GET>> realizada com sucesso, status code: 200
2022-04-23 20:18:09,440 - thots.thot_parse - INFO - Foi encontrado um total de : 0 videos restantes.
2022-04-23 20:18:09,440 - thots.thots - WARNING - ---------------| elaquer - Fim da lista de videos.
2022-04-23 20:18:09,440 - thots.thots - WARNING - ---------------| Iniciando tarefa emilysales, 8 de 17
2022-04-23 20:18:09,441 - thots.thot_parse - INFO - Definindo o padrão de regex...
2022-04-23 20:18:09,663 - Utils.utils - INFO - Requisição <<GET>> realizada com sucesso, status code: 200
2022-04-23 20:18:09,664 - thots.thot_parse - INFO - Segundo padrão de regex definido com sucesso!
2022-04-23 20:18:09,923 - Utils.utils - INFO - Requisição <<GET>> realizada com sucesso, status code: 200
2022-04-23 20:18:09,925 - thots.thot_parse - INFO - Usando método alternativo para encontrar a quantidade de videos.
2022-04-23 20:18:10,168 - Utils.utils - INFO - Requisição <<GET>> realizada com sucesso, status code: 200
2022-04-23 20:18:10,367 - Utils.utils - INFO - Requisição <<GET>> realizada com sucesso, status code: 200
2022-04-23 20:18:10,590 - Utils.utils - INFO - Requisição <<GET>> realizada com sucesso, status code: 200
2022-04-23 20:18:10,849 - Utils.utils - INFO - Requisição <<GET>> realizada com sucesso, status code: 200
2022-04-23 20:18:11,096 - Utils.utils - INFO - Requisição <<GET>> realizada com sucesso, status code: 200
2022-04-23 20:18:11,100 - thots.thot_parse - INFO - Foi encontrado um total de : 0 videos restantes.
2022-04-23 20:18:11,101 - thots.thots - WARNING - ---------------| emilysales - Fim da lista de videos.
2022-04-23 20:18:11,101 - thots.thots - WARNING - ---------------| Iniciando tarefa esposagulosinha, 9 de 17
2022-04-23 20:18:11,102 - thots.thot_parse - INFO - Definindo o padrão de regex...
2022-04-23 20:18:11,527 - Utils.utils - INFO - Requisição <<GET>> realizada com sucesso, status code: 200
2022-04-23 20:18:11,528 - thots.thot_parse - INFO - Segundo padrão de regex definido com sucesso!
2022-04-23 20:18:11,698 - Utils.utils - INFO - Requisição <<GET>> realizada com sucesso, status code: 200
2022-04-23 20:18:11,700 - thots.thot_parse - INFO - Usando método alternativo para encontrar a quantidade de videos.
2022-04-23 20:18:11,922 - Utils.utils - INFO - Requisição <<GET>> realizada com sucesso, status code: 200
2022-04-23 20:18:12,095 - Utils.utils - INFO - Requisição <<GET>> realizada com sucesso, status code: 200
2022-04-23 20:18:12,266 - Utils.utils - INFO - Requisição <<GET>> realizada com sucesso, status code: 200
2022-04-23 20:18:12,533 - Utils.utils - INFO - Requisição <<GET>> realizada com sucesso, status code: 200
2022-04-23 20:18:12,683 - Utils.utils - INFO - Requisição <<GET>> realizada com sucesso, status code: 200
2022-04-23 20:18:12,905 - Utils.utils - INFO - Requisição <<GET>> realizada com sucesso, status code: 200
2022-04-23 20:18:13,075 - Utils.utils - INFO - Requisição <<GET>> realizada com sucesso, status code: 200
2022-04-23 20:18:13,246 - Utils.utils - INFO - Requisição <<GET>> realizada com sucesso, status code: 200
2022-04-23 20:18:13,251 - thots.thot_parse - INFO - Foi encontrado um total de : 0 videos restantes.
2022-04-23 20:18:13,252 - thots.thots - WARNING - ---------------| esposagulosinha - Fim da lista de videos.
2022-04-23 20:18:13,252 - thots.thots - WARNING - ---------------| Iniciando tarefa fabioeanaes, 10 de 17
2022-04-23 20:18:13,252 - thots.thot_parse - INFO - Definindo o padrão de regex...
2022-04-23 20:18:13,754 - Utils.utils - INFO - Requisição <<GET>> realizada com sucesso, status code: 200
2022-04-23 20:18:13,755 - thots.thot_parse - INFO - Segundo padrão de regex definido com sucesso!
2022-04-23 20:18:13,956 - Utils.utils - INFO - Requisição <<GET>> realizada com sucesso, status code: 200
2022-04-23 20:18:13,959 - thots.thot_parse - INFO - Usando método alternativo para encontrar a quantidade de videos.
2022-04-23 20:18:14,108 - Utils.utils - INFO - Requisição <<GET>> realizada com sucesso, status code: 200
2022-04-23 20:18:14,274 - Utils.utils - INFO - Requisição <<GET>> realizada com sucesso, status code: 200
2022-04-23 20:18:14,423 - Utils.utils - INFO - Requisição <<GET>> realizada com sucesso, status code: 200
2022-04-23 20:18:14,571 - Utils.utils - INFO - Requisição <<GET>> realizada com sucesso, status code: 200
2022-04-23 20:18:14,759 - Utils.utils - INFO - Requisição <<GET>> realizada com sucesso, status code: 200
2022-04-23 20:18:14,762 - thots.thot_parse - INFO - Foi encontrado um total de : 0 videos restantes.
2022-04-23 20:18:14,762 - thots.thots - WARNING - ---------------| fabioeanaes - Fim da lista de videos.
2022-04-23 20:18:14,762 - thots.thots - WARNING - ---------------| Iniciando tarefa helenafilmes, 11 de 17
2022-04-23 20:18:14,762 - thots.thot_parse - INFO - Definindo o padrão de regex...
2022-04-23 20:18:15,269 - Utils.utils - INFO - Requisição <<GET>> realizada com sucesso, status code: 200
2022-04-23 20:18:15,270 - thots.thot_parse - INFO - Segundo padrão de regex definido com sucesso!
2022-04-23 20:18:15,464 - Utils.utils - INFO - Requisição <<GET>> realizada com sucesso, status code: 200
2022-04-23 20:18:15,466 - thots.thot_parse - INFO - Usando método alternativo para encontrar a quantidade de videos.
2022-04-23 20:18:15,714 - Utils.utils - INFO - Requisição <<GET>> realizada com sucesso, status code: 200
2022-04-23 20:18:15,908 - Utils.utils - INFO - Requisição <<GET>> realizada com sucesso, status code: 200
2022-04-23 20:18:15,908 - thots.thot_parse - INFO - Foi encontrado um total de : 0 videos restantes.
2022-04-23 20:18:15,909 - thots.thots - WARNING - ---------------| helenafilmes - Fim da lista de videos.
2022-04-23 20:18:15,909 - thots.thots - WARNING - ---------------| Iniciando tarefa lualencar11, 12 de 17
2022-04-23 20:18:15,909 - thots.thot_parse - INFO - Definindo o padrão de regex...
2022-04-23 20:18:16,101 - Utils.utils - INFO - Requisição <<GET>> realizada com sucesso, status code: 200
2022-04-23 20:18:16,102 - thots.thot_parse - INFO - Segundo padrão de regex definido com sucesso!
2022-04-23 20:18:16,323 - Utils.utils - INFO - Requisição <<GET>> realizada com sucesso, status code: 200
2022-04-23 20:18:16,325 - thots.thot_parse - INFO - Usando método alternativo para encontrar a quantidade de videos.
2022-04-23 20:18:16,641 - Utils.utils - INFO - Requisição <<GET>> realizada com sucesso, status code: 200
2022-04-23 20:18:16,642 - thots.thot_parse - INFO - Foi encontrado um total de : 0 videos restantes.
2022-04-23 20:18:16,643 - thots.thots - WARNING - ---------------| lualencar11 - Fim da lista de videos.
2022-04-23 20:18:16,643 - thots.thots - WARNING - ---------------| Iniciando tarefa melissadias, 13 de 17
2022-04-23 20:18:16,643 - thots.thot_parse - INFO - Definindo o padrão de regex...
2022-04-23 20:18:16,886 - Utils.utils - INFO - Requisição <<GET>> realizada com sucesso, status code: 200
2022-04-23 20:18:16,887 - thots.thot_parse - INFO - Segundo padrão de regex definido com sucesso!
2022-04-23 20:18:17,285 - Utils.utils - INFO - Requisição <<GET>> realizada com sucesso, status code: 200
2022-04-23 20:18:17,286 - thots.thot_parse - INFO - Usando método alternativo para encontrar a quantidade de videos.
2022-04-23 20:18:17,687 - Utils.utils - INFO - Requisição <<GET>> realizada com sucesso, status code: 200
2022-04-23 20:18:17,879 - Utils.utils - INFO - Requisição <<GET>> realizada com sucesso, status code: 200
2022-04-23 20:18:18,087 - Utils.utils - INFO - Requisição <<GET>> realizada com sucesso, status code: 200
2022-04-23 20:18:18,290 - Utils.utils - INFO - Requisição <<GET>> realizada com sucesso, status code: 200
2022-04-23 20:18:18,481 - Utils.utils - INFO - Requisição <<GET>> realizada com sucesso, status code: 200
2022-04-23 20:18:18,695 - Utils.utils - INFO - Requisição <<GET>> realizada com sucesso, status code: 200
2022-04-23 20:18:18,888 - Utils.utils - INFO - Requisição <<GET>> realizada com sucesso, status code: 200
2022-04-23 20:18:18,892 - thots.thot_parse - INFO - Foi encontrado um total de : 0 videos restantes.
2022-04-23 20:18:18,892 - thots.thots - WARNING - ---------------| melissadias - Fim da lista de videos.
2022-04-23 20:18:18,892 - thots.thots - WARNING - ---------------| Iniciando tarefa nicoleballs_trans, 14 de 17
2022-04-23 20:18:18,893 - thots.thot_parse - INFO - Definindo o padrão de regex...
2022-04-23 20:18:19,107 - Utils.utils - INFO - Requisição <<GET>> realizada com sucesso, status code: 200
2022-04-23 20:18:19,108 - thots.thot_parse - INFO - Segundo padrão de regex definido com sucesso!
2022-04-23 20:18:19,312 - Utils.utils - INFO - Requisição <<GET>> realizada com sucesso, status code: 200
2022-04-23 20:18:19,314 - thots.thot_parse - INFO - Usando método alternativo para encontrar a quantidade de videos.
2022-04-23 20:18:19,549 - Utils.utils - INFO - Requisição <<GET>> realizada com sucesso, status code: 200
2022-04-23 20:18:19,747 - Utils.utils - INFO - Requisição <<GET>> realizada com sucesso, status code: 200
2022-04-23 20:18:19,748 - thots.thot_parse - INFO - Foi encontrado um total de : 0 videos restantes.
2022-04-23 20:18:19,748 - thots.thots - WARNING - ---------------| nicoleballs_trans - Fim da lista de videos.
2022-04-23 20:18:19,748 - thots.thots - WARNING - ---------------| Iniciando tarefa nikkecasada, 15 de 17
2022-04-23 20:18:19,748 - thots.thot_parse - INFO - Definindo o padrão de regex...
2022-04-23 20:18:20,083 - Utils.utils - INFO - Requisição <<GET>> realizada com sucesso, status code: 200
2022-04-23 20:18:20,084 - thots.thot_parse - INFO - Segundo padrão de regex definido com sucesso!
2022-04-23 20:18:20,320 - Utils.utils - INFO - Requisição <<GET>> realizada com sucesso, status code: 200
2022-04-23 20:18:20,322 - thots.thot_parse - INFO - Usando método alternativo para encontrar a quantidade de videos.
2022-04-23 20:18:20,596 - Utils.utils - INFO - Requisição <<GET>> realizada com sucesso, status code: 200
2022-04-23 20:18:20,815 - Utils.utils - INFO - Requisição <<GET>> realizada com sucesso, status code: 200
2022-04-23 20:18:20,985 - Utils.utils - INFO - Requisição <<GET>> realizada com sucesso, status code: 200
2022-04-23 20:18:21,150 - Utils.utils - INFO - Requisição <<GET>> realizada com sucesso, status code: 200
2022-04-23 20:18:21,326 - Utils.utils - INFO - Requisição <<GET>> realizada com sucesso, status code: 200
2022-04-23 20:18:21,328 - thots.thot_parse - INFO - Foi encontrado um total de : 0 videos restantes.
2022-04-23 20:18:21,328 - thots.thots - WARNING - ---------------| nikkecasada - Fim da lista de videos.
2022-04-23 20:18:21,328 - thots.thots - WARNING - ---------------| Iniciando tarefa tatycasadinha, 16 de 17
2022-04-23 20:18:21,620 - thots.thots - WARNING - ---------------| tatycasadinha - Fim da lista de videos.
2022-04-23 20:18:21,621 - thots.thots - WARNING - ---------------| Iniciando tarefa vidasafada, 17 de 17
2022-04-23 20:18:21,621 - thots.thot_parse - INFO - Definindo o padrão de regex...
2022-04-23 20:18:22,221 - Utils.utils - INFO - Requisição <<GET>> realizada com sucesso, status code: 200
2022-04-23 20:18:22,222 - thots.thot_parse - INFO - Segundo padrão de regex definido com sucesso!
2022-04-23 20:18:22,401 - Utils.utils - INFO - Requisição <<GET>> realizada com sucesso, status code: 200
2022-04-23 20:18:22,403 - thots.thot_parse - INFO - Usando método alternativo para encontrar a quantidade de videos.
2022-04-23 20:18:22,619 - Utils.utils - INFO - Requisição <<GET>> realizada com sucesso, status code: 200
2022-04-23 20:18:22,781 - Utils.utils - INFO - Requisição <<GET>> realizada com sucesso, status code: 200
2022-04-23 20:18:22,961 - Utils.utils - INFO - Requisição <<GET>> realizada com sucesso, status code: 200
2022-04-23 20:18:23,105 - Utils.utils - INFO - Requisição <<GET>> realizada com sucesso, status code: 200
2022-04-23 20:18:23,263 - Utils.utils - INFO - Requisição <<GET>> realizada com sucesso, status code: 200
2022-04-23 20:18:23,452 - Utils.utils - INFO - Requisição <<GET>> realizada com sucesso, status code: 200
2022-04-23 20:18:23,456 - thots.thot_parse - INFO - Foi encontrado um total de : 0 videos restantes.
2022-04-23 20:18:23,456 - thots.thots - WARNING - ---------------| vidasafada - Fim da lista de videos.
2022-04-23 20:18:23,457 - __main__ - INFO - Fazendo backup dos IDs na API backup...
2022-04-23 20:18:23,457 - __main__ - INFO - Salvando ID's da API localmente....
2022-04-23 20:18:23,759 - Utils.utils - INFO - Requisição <<GET>> realizada com sucesso, status code: 200
2022-04-23 20:18:24,356 - Utils.utils - INFO - Requisição <<GET>> realizada com sucesso, status code: 200
2022-04-23 20:42:15,671 - Utils.utils - INFO - Ambiente de produção ativado
2022-04-23 20:42:15,886 - Utils.utils - INFO - Requisição <<GET>> realizada com sucesso, status code: 200
2022-04-23 20:42:15,931 - __main__ - INFO - Checando thotsbay forum...
2022-04-23 20:42:15,931 - Utils.thotshub - INFO - Autorizando...
2022-04-23 20:42:16,078 - Utils.utils - INFO - Requisição <<GET>> realizada com sucesso, status code: 200
2022-04-23 20:42:16,831 - Utils.utils - INFO - Requisição <<POST>> realizada com sucesso, status code: 200
2022-04-23 20:42:16,833 - Utils.thotshub - INFO - Autorizado
2022-04-23 20:42:16,833 - Utils.thotshub - INFO - Logado no thotsbay com sucesso.
2022-04-23 20:42:16,834 - __main__ - INFO - Checando colab...
2022-04-23 20:42:16,835 - Utils.utils - INFO - COLAB enviorement not detected
2022-04-23 20:42:16,835 - __main__ - INFO - Checando config...
2022-04-23 20:42:17,148 - Utils.utils - INFO - Requisição <<GET>> realizada com sucesso, status code: 200
2022-04-23 20:42:18,150 - __main__ - INFO - Checando ids...
2022-04-23 20:42:18,445 - Utils.utils - INFO - Requisição <<GET>> realizada com sucesso, status code: 200
2022-04-23 20:42:18,446 - thots.thots - WARNING - ---------------| Iniciando tarefa afroditehotwife, 1 de 17
2022-04-23 20:42:18,447 - thots.thot_parse - INFO - Definindo o padrão de regex...
2022-04-23 20:42:18,650 - Utils.utils - INFO - Requisição <<GET>> realizada com sucesso, status code: 200
2022-04-23 20:42:18,651 - thots.thot_parse - INFO - Segundo padrão de regex definido com sucesso!
2022-04-23 20:42:18,808 - Utils.utils - INFO - Requisição <<GET>> realizada com sucesso, status code: 200
2022-04-23 20:42:18,810 - thots.thot_parse - INFO - Usando método alternativo para encontrar a quantidade de videos.
2022-04-23 20:42:18,985 - Utils.utils - INFO - Requisição <<GET>> realizada com sucesso, status code: 200
2022-04-23 20:42:19,183 - Utils.utils - INFO - Requisição <<GET>> realizada com sucesso, status code: 200
2022-04-23 20:42:19,435 - Utils.utils - INFO - Requisição <<GET>> realizada com sucesso, status code: 200
2022-04-23 20:42:19,605 - Utils.utils - INFO - Requisição <<GET>> realizada com sucesso, status code: 200
2022-04-23 20:42:19,798 - Utils.utils - INFO - Requisição <<GET>> realizada com sucesso, status code: 200
2022-04-23 20:42:19,953 - Utils.utils - INFO - Requisição <<GET>> realizada com sucesso, status code: 200
2022-04-23 20:42:20,085 - Utils.utils - INFO - Requisição <<GET>> realizada com sucesso, status code: 200
2022-04-23 20:42:20,261 - Utils.utils - INFO - Requisição <<GET>> realizada com sucesso, status code: 200
2022-04-23 20:42:20,494 - Utils.utils - INFO - Requisição <<GET>> realizada com sucesso, status code: 200
2022-04-23 20:42:20,686 - Utils.utils - INFO - Requisição <<GET>> realizada com sucesso, status code: 200
2022-04-23 20:42:20,814 - Utils.utils - INFO - Requisição <<GET>> realizada com sucesso, status code: 200
2022-04-23 20:42:20,983 - Utils.utils - INFO - Requisição <<GET>> realizada com sucesso, status code: 200
2022-04-23 20:42:21,122 - Utils.utils - INFO - Requisição <<GET>> realizada com sucesso, status code: 200
2022-04-23 20:42:21,302 - Utils.utils - INFO - Requisição <<GET>> realizada com sucesso, status code: 200
2022-04-23 20:42:21,316 - thots.thot_parse - INFO - Foi encontrado um total de : 0 videos restantes.
2022-04-23 20:42:21,316 - thots.thots - WARNING - ---------------| afroditehotwife - Fim da lista de videos.
2022-04-23 20:42:21,316 - thots.thots - WARNING - ---------------| Iniciando tarefa agathalira, 2 de 17
2022-04-23 20:42:21,316 - thots.thot_parse - INFO - Definindo o padrão de regex...
2022-04-23 20:42:21,753 - Utils.utils - INFO - Requisição <<GET>> realizada com sucesso, status code: 200
2022-04-23 20:42:21,754 - thots.thot_parse - INFO - Primeiro padrão de regex definido com sucesso!
2022-04-23 20:42:22,116 - Utils.utils - INFO - Requisição <<GET>> realizada com sucesso, status code: 200
2022-04-23 20:42:22,118 - thots.thot_parse - INFO - Usando método alternativo para encontrar a quantidade de videos.
2022-04-23 20:42:22,466 - Utils.utils - INFO - Requisição <<GET>> realizada com sucesso, status code: 200
2022-04-23 20:42:22,786 - Utils.utils - INFO - Requisição <<GET>> realizada com sucesso, status code: 200
2022-04-23 20:42:23,403 - Utils.utils - INFO - Requisição <<GET>> realizada com sucesso, status code: 200
2022-04-23 20:42:24,147 - Utils.utils - INFO - Requisição <<GET>> realizada com sucesso, status code: 200
2022-04-23 20:42:24,536 - Utils.utils - INFO - Requisição <<GET>> realizada com sucesso, status code: 200
2022-04-23 20:42:24,968 - Utils.utils - INFO - Requisição <<GET>> realizada com sucesso, status code: 200
2022-04-23 20:42:25,534 - Utils.utils - INFO - Requisição <<GET>> realizada com sucesso, status code: 200
2022-04-23 20:42:26,018 - Utils.utils - INFO - Requisição <<GET>> realizada com sucesso, status code: 200
2022-04-23 20:42:26,614 - Utils.utils - INFO - Requisição <<GET>> realizada com sucesso, status code: 200
2022-04-23 20:42:27,158 - Utils.utils - INFO - Requisição <<GET>> realizada com sucesso, status code: 200
2022-04-23 20:42:27,767 - Utils.utils - INFO - Requisição <<GET>> realizada com sucesso, status code: 200
2022-04-23 20:42:28,144 - Utils.utils - INFO - Requisição <<GET>> realizada com sucesso, status code: 200
2022-04-23 20:42:28,463 - Utils.utils - INFO - Requisição <<GET>> realizada com sucesso, status code: 200
2022-04-23 20:42:28,475 - thots.thot_parse - INFO - Foi encontrado um total de : 0 videos restantes.
2022-04-23 20:42:28,475 - thots.thots - WARNING - ---------------| agathalira - Fim da lista de videos.
2022-04-23 20:42:28,475 - thots.thots - WARNING - ---------------| Iniciando tarefa barbaracastroo, 3 de 17
2022-04-23 20:42:28,476 - thots.thot_parse - INFO - Definindo o padrão de regex...
2022-04-23 20:42:28,663 - Utils.utils - INFO - Requisição <<GET>> realizada com sucesso, status code: 200
2022-04-23 20:42:28,664 - thots.thot_parse - INFO - Segundo padrão de regex definido com sucesso!
2022-04-23 20:42:28,787 - Utils.utils - INFO - Requisição <<GET>> realizada com sucesso, status code: 200
2022-04-23 20:42:28,789 - thots.thot_parse - INFO - Usando método alternativo para encontrar a quantidade de videos.
2022-04-23 20:42:28,983 - Utils.utils - INFO - Requisição <<GET>> realizada com sucesso, status code: 200
2022-04-23 20:42:28,984 - thots.thot_parse - INFO - Foi encontrado um total de : 0 videos restantes.
2022-04-23 20:42:28,984 - thots.thots - WARNING - ---------------| barbaracastroo - Fim da lista de videos.
2022-04-23 20:42:28,984 - thots.thots - WARNING - ---------------| Iniciando tarefa bellacasada, 4 de 17
2022-04-23 20:42:28,984 - thots.thot_parse - INFO - Definindo o padrão de regex...
2022-04-23 20:42:29,269 - Utils.utils - INFO - Requisição <<GET>> realizada com sucesso, status code: 200
2022-04-23 20:42:29,270 - thots.thot_parse - INFO - Segundo padrão de regex definido com sucesso!
2022-04-23 20:42:29,462 - Utils.utils - INFO - Requisição <<GET>> realizada com sucesso, status code: 200
2022-04-23 20:42:29,463 - thots.thot_parse - INFO - Usando método alternativo para encontrar a quantidade de videos.
2022-04-23 20:42:29,583 - Utils.utils - INFO - Requisição <<GET>> realizada com sucesso, status code: 200
2022-04-23 20:42:29,767 - Utils.utils - INFO - Requisição <<GET>> realizada com sucesso, status code: 200
2022-04-23 20:42:30,169 - Utils.utils - INFO - Requisição <<GET>> realizada com sucesso, status code: 200
2022-04-23 20:42:30,574 - Utils.utils - INFO - Requisição <<GET>> realizada com sucesso, status code: 200
2022-04-23 20:42:30,790 - Utils.utils - INFO - Requisição <<GET>> realizada com sucesso, status code: 200
2022-04-23 20:42:31,045 - Utils.utils - INFO - Requisição <<GET>> realizada com sucesso, status code: 200
2022-04-23 20:42:31,048 - thots.thot_parse - INFO - Foi encontrado um total de : 0 videos restantes.
2022-04-23 20:42:31,048 - thots.thots - WARNING - ---------------| bellacasada - Fim da lista de videos.
2022-04-23 20:42:31,049 - thots.thots - WARNING - ---------------| Iniciando tarefa casalruivaecornooficial, 5 de 17
2022-04-23 20:42:31,049 - thots.thot_parse - INFO - Definindo o padrão de regex...
2022-04-23 20:42:31,165 - Utils.utils - INFO - Requisição <<GET>> realizada com sucesso, status code: 200
2022-04-23 20:42:31,166 - thots.thot_parse - INFO - Segundo padrão de regex definido com sucesso!
2022-04-23 20:42:31,340 - Utils.utils - INFO - Requisição <<GET>> realizada com sucesso, status code: 200
2022-04-23 20:42:31,342 - thots.thot_parse - INFO - Usando método alternativo para encontrar a quantidade de videos.
2022-04-23 20:42:31,564 - Utils.utils - INFO - Requisição <<GET>> realizada com sucesso, status code: 200
2022-04-23 20:42:31,776 - Utils.utils - INFO - Requisição <<GET>> realizada com sucesso, status code: 200
2022-04-23 20:42:32,040 - Utils.utils - INFO - Requisição <<GET>> realizada com sucesso, status code: 200
2022-04-23 20:42:32,310 - Utils.utils - INFO - Requisição <<GET>> realizada com sucesso, status code: 200
2022-04-23 20:42:32,683 - Utils.utils - INFO - Requisição <<GET>> realizada com sucesso, status code: 200
2022-04-23 20:42:33,058 - Utils.utils - INFO - Requisição <<GET>> realizada com sucesso, status code: 200
2022-04-23 20:42:33,062 - thots.thot_parse - INFO - Foi encontrado um total de : 0 videos restantes.
2022-04-23 20:42:33,062 - thots.thots - WARNING - ---------------| casalruivaecornooficial - Fim da lista de videos.
2022-04-23 20:42:33,062 - thots.thots - WARNING - ---------------| Iniciando tarefa casaltopbessa, 6 de 17
2022-04-23 20:42:33,063 - thots.thot_parse - INFO - Definindo o padrão de regex...
2022-04-23 20:42:33,467 - Utils.utils - INFO - Requisição <<GET>> realizada com sucesso, status code: 200
2022-04-23 20:42:33,467 - thots.thot_parse - INFO - Segundo padrão de regex definido com sucesso!
2022-04-23 20:42:33,986 - Utils.utils - INFO - Requisição <<GET>> realizada com sucesso, status code: 200
2022-04-23 20:42:33,989 - thots.thot_parse - INFO - Usando método alternativo para encontrar a quantidade de videos.
2022-04-23 20:42:34,547 - Utils.utils - INFO - Requisição <<GET>> realizada com sucesso, status code: 200
2022-04-23 20:42:34,920 - Utils.utils - INFO - Requisição <<GET>> realizada com sucesso, status code: 200
2022-04-23 20:42:34,921 - thots.thot_parse - INFO - Foi encontrado um total de : 0 videos restantes.
2022-04-23 20:42:34,921 - thots.thots - WARNING - ---------------| casaltopbessa - Fim da lista de videos.
2022-04-23 20:42:34,922 - thots.thots - WARNING - ---------------| Iniciando tarefa elaquer, 7 de 17
2022-04-23 20:42:34,922 - thots.thot_parse - INFO - Definindo o padrão de regex...
2022-04-23 20:42:35,239 - Utils.utils - INFO - Requisição <<GET>> realizada com sucesso, status code: 200
2022-04-23 20:42:35,240 - thots.thot_parse - INFO - Segundo padrão de regex definido com sucesso!
2022-04-23 20:42:35,784 - Utils.utils - INFO - Requisição <<GET>> realizada com sucesso, status code: 200
2022-04-23 20:42:35,786 - thots.thot_parse - INFO - Usando método alternativo para encontrar a quantidade de videos.
2022-04-23 20:42:36,263 - Utils.utils - INFO - Requisição <<GET>> realizada com sucesso, status code: 200
2022-04-23 20:42:36,703 - Utils.utils - INFO - Requisição <<GET>> realizada com sucesso, status code: 200
2022-04-23 20:42:37,031 - Utils.utils - INFO - Requisição <<GET>> realizada com sucesso, status code: 200
2022-04-23 20:42:37,434 - Utils.utils - INFO - Requisição <<GET>> realizada com sucesso, status code: 200
2022-04-23 20:42:37,436 - thots.thot_parse - INFO - Foi encontrado um total de : 0 videos restantes.
2022-04-23 20:42:37,436 - thots.thots - WARNING - ---------------| elaquer - Fim da lista de videos.
2022-04-23 20:42:37,437 - thots.thots - WARNING - ---------------| Iniciando tarefa emilysales, 8 de 17
2022-04-23 20:42:37,437 - thots.thot_parse - INFO - Definindo o padrão de regex...
2022-04-23 20:42:37,847 - Utils.utils - INFO - Requisição <<GET>> realizada com sucesso, status code: 200
2022-04-23 20:42:37,848 - thots.thot_parse - INFO - Segundo padrão de regex definido com sucesso!
2022-04-23 20:42:38,151 - Utils.utils - INFO - Requisição <<GET>> realizada com sucesso, status code: 200
2022-04-23 20:42:38,153 - thots.thot_parse - INFO - Usando método alternativo para encontrar a quantidade de videos.
2022-04-23 20:42:38,406 - Utils.utils - INFO - Requisição <<GET>> realizada com sucesso, status code: 200
2022-04-23 20:42:38,632 - Utils.utils - INFO - Requisição <<GET>> realizada com sucesso, status code: 200
2022-04-23 20:42:38,855 - Utils.utils - INFO - Requisição <<GET>> realizada com sucesso, status code: 200
2022-04-23 20:42:39,153 - Utils.utils - INFO - Requisição <<GET>> realizada com sucesso, status code: 200
2022-04-23 20:42:39,498 - Utils.utils - INFO - Requisição <<GET>> realizada com sucesso, status code: 200
2022-04-23 20:42:39,501 - thots.thot_parse - INFO - Foi encontrado um total de : 0 videos restantes.
2022-04-23 20:42:39,501 - thots.thots - WARNING - ---------------| emilysales - Fim da lista de videos.
2022-04-23 20:42:39,501 - thots.thots - WARNING - ---------------| Iniciando tarefa esposagulosinha, 9 de 17
2022-04-23 20:42:39,501 - thots.thot_parse - INFO - Definindo o padrão de regex...
2022-04-23 20:42:39,826 - Utils.utils - INFO - Requisição <<GET>> realizada com sucesso, status code: 200
2022-04-23 20:42:39,827 - thots.thot_parse - INFO - Segundo padrão de regex definido com sucesso!
2022-04-23 20:42:40,100 - Utils.utils - INFO - Requisição <<GET>> realizada com sucesso, status code: 200
2022-04-23 20:42:40,102 - thots.thot_parse - INFO - Usando método alternativo para encontrar a quantidade de videos.
2022-04-23 20:42:40,286 - Utils.utils - INFO - Requisição <<GET>> realizada com sucesso, status code: 200
2022-04-23 20:42:40,492 - Utils.utils - INFO - Requisição <<GET>> realizada com sucesso, status code: 200
2022-04-23 20:42:40,691 - Utils.utils - INFO - Requisição <<GET>> realizada com sucesso, status code: 200
2022-04-23 20:42:40,931 - Utils.utils - INFO - Requisição <<GET>> realizada com sucesso, status code: 200
2022-04-23 20:42:41,171 - Utils.utils - INFO - Requisição <<GET>> realizada com sucesso, status code: 200
2022-04-23 20:42:41,349 - Utils.utils - INFO - Requisição <<GET>> realizada com sucesso, status code: 200
2022-04-23 20:42:41,520 - Utils.utils - INFO - Requisição <<GET>> realizada com sucesso, status code: 200
2022-04-23 20:42:41,691 - Utils.utils - INFO - Requisição <<GET>> realizada com sucesso, status code: 200
2022-04-23 20:42:41,695 - thots.thot_parse - INFO - Foi encontrado um total de : 0 videos restantes.
2022-04-23 20:42:41,695 - thots.thots - WARNING - ---------------| esposagulosinha - Fim da lista de videos.
2022-04-23 20:42:41,696 - thots.thots - WARNING - ---------------| Iniciando tarefa fabioeanaes, 10 de 17
2022-04-23 20:42:41,697 - thots.thot_parse - INFO - Definindo o padrão de regex...
2022-04-23 20:42:42,163 - Utils.utils - INFO - Requisição <<GET>> realizada com sucesso, status code: 200
2022-04-23 20:42:42,164 - thots.thot_parse - INFO - Segundo padrão de regex definido com sucesso!
2022-04-23 20:42:42,319 - Utils.utils - INFO - Requisição <<GET>> realizada com sucesso, status code: 200
2022-04-23 20:42:42,321 - thots.thot_parse - INFO - Usando método alternativo para encontrar a quantidade de videos.
2022-04-23 20:42:42,438 - Utils.utils - INFO - Requisição <<GET>> realizada com sucesso, status code: 200
2022-04-23 20:42:42,562 - Utils.utils - INFO - Requisição <<GET>> realizada com sucesso, status code: 200
2022-04-23 20:42:42,685 - Utils.utils - INFO - Requisição <<GET>> realizada com sucesso, status code: 200
2022-04-23 20:42:42,792 - Utils.utils - INFO - Requisição <<GET>> realizada com sucesso, status code: 200
2022-04-23 20:42:42,951 - Utils.utils - INFO - Requisição <<GET>> realizada com sucesso, status code: 200
2022-04-23 20:42:42,954 - thots.thot_parse - INFO - Foi encontrado um total de : 0 videos restantes.
2022-04-23 20:42:42,954 - thots.thots - WARNING - ---------------| fabioeanaes - Fim da lista de videos.
2022-04-23 20:42:42,954 - thots.thots - WARNING - ---------------| Iniciando tarefa helenafilmes, 11 de 17
2022-04-23 20:42:42,954 - thots.thot_parse - INFO - Definindo o padrão de regex...
2022-04-23 20:42:43,123 - Utils.utils - INFO - Requisição <<GET>> realizada com sucesso, status code: 200
2022-04-23 20:42:43,123 - thots.thot_parse - INFO - Segundo padrão de regex definido com sucesso!
2022-04-23 20:42:43,284 - Utils.utils - INFO - Requisição <<GET>> realizada com sucesso, status code: 200
2022-04-23 20:42:43,286 - thots.thot_parse - INFO - Usando método alternativo para encontrar a quantidade de videos.
2022-04-23 20:42:43,390 - Utils.utils - INFO - Requisição <<GET>> realizada com sucesso, status code: 200
2022-04-23 20:42:43,553 - Utils.utils - INFO - Requisição <<GET>> realizada com sucesso, status code: 200
2022-04-23 20:42:43,554 - thots.thot_parse - INFO - Foi encontrado um total de : 0 videos restantes.
2022-04-23 20:42:43,554 - thots.thots - WARNING - ---------------| helenafilmes - Fim da lista de videos.
2022-04-23 20:42:43,555 - thots.thots - WARNING - ---------------| Iniciando tarefa lualencar11, 12 de 17
2022-04-23 20:42:43,555 - thots.thot_parse - INFO - Definindo o padrão de regex...
2022-04-23 20:42:43,669 - Utils.utils - INFO - Requisição <<GET>> realizada com sucesso, status code: 200
2022-04-23 20:42:43,669 - thots.thot_parse - INFO - Segundo padrão de regex definido com sucesso!
2022-04-23 20:42:43,794 - Utils.utils - INFO - Requisição <<GET>> realizada com sucesso, status code: 200
2022-04-23 20:42:43,796 - thots.thot_parse - INFO - Usando método alternativo para encontrar a quantidade de videos.
2022-04-23 20:42:43,900 - Utils.utils - INFO - Requisição <<GET>> realizada com sucesso, status code: 200
2022-04-23 20:42:43,901 - thots.thot_parse - INFO - Foi encontrado um total de : 0 videos restantes.
2022-04-23 20:42:43,901 - thots.thots - WARNING - ---------------| lualencar11 - Fim da lista de videos.
2022-04-23 20:42:43,902 - thots.thots - WARNING - ---------------| Iniciando tarefa melissadias, 13 de 17
2022-04-23 20:42:43,902 - thots.thot_parse - INFO - Definindo o padrão de regex...
2022-04-23 20:42:44,016 - Utils.utils - INFO - Requisição <<GET>> realizada com sucesso, status code: 200
2022-04-23 20:42:44,017 - thots.thot_parse - INFO - Segundo padrão de regex definido com sucesso!
2022-04-23 20:42:44,173 - Utils.utils - INFO - Requisição <<GET>> realizada com sucesso, status code: 200
2022-04-23 20:42:44,175 - thots.thot_parse - INFO - Usando método alternativo para encontrar a quantidade de videos.
2022-04-23 20:42:44,308 - Utils.utils - INFO - Requisição <<GET>> realizada com sucesso, status code: 200
2022-04-23 20:42:44,433 - Utils.utils - INFO - Requisição <<GET>> realizada com sucesso, status code: 200
2022-04-23 20:42:44,561 - Utils.utils - INFO - Requisição <<GET>> realizada com sucesso, status code: 200
2022-04-23 20:42:44,684 - Utils.utils - INFO - Requisição <<GET>> realizada com sucesso, status code: 200
2022-04-23 20:42:44,791 - Utils.utils - INFO - Requisição <<GET>> realizada com sucesso, status code: 200
2022-04-23 20:42:44,960 - Utils.utils - INFO - Requisição <<GET>> realizada com sucesso, status code: 200
2022-04-23 20:42:45,115 - Utils.utils - INFO - Requisição <<GET>> realizada com sucesso, status code: 200
2022-04-23 20:42:45,119 - thots.thot_parse - INFO - Foi encontrado um total de : 0 videos restantes.
2022-04-23 20:42:45,119 - thots.thots - WARNING - ---------------| melissadias - Fim da lista de videos.
2022-04-23 20:42:45,119 - thots.thots - WARNING - ---------------| Iniciando tarefa nicoleballs_trans, 14 de 17
2022-04-23 20:42:45,119 - thots.thot_parse - INFO - Definindo o padrão de regex...
2022-04-23 20:42:45,248 - Utils.utils - INFO - Requisição <<GET>> realizada com sucesso, status code: 200
2022-04-23 20:42:45,249 - thots.thot_parse - INFO - Segundo padrão de regex definido com sucesso!
2022-04-23 20:42:45,429 - Utils.utils - INFO - Requisição <<GET>> realizada com sucesso, status code: 200
2022-04-23 20:42:45,431 - thots.thot_parse - INFO - Usando método alternativo para encontrar a quantidade de videos.
2022-04-23 20:42:45,540 - Utils.utils - INFO - Requisição <<GET>> realizada com sucesso, status code: 200
2022-04-23 20:42:45,660 - Utils.utils - INFO - Requisição <<GET>> realizada com sucesso, status code: 200
2022-04-23 20:42:45,661 - thots.thot_parse - INFO - Foi encontrado um total de : 0 videos restantes.
2022-04-23 20:42:45,662 - thots.thots - WARNING - ---------------| nicoleballs_trans - Fim da lista de videos.
2022-04-23 20:42:45,662 - thots.thots - WARNING - ---------------| Iniciando tarefa nikkecasada, 15 de 17
2022-04-23 20:42:45,662 - thots.thot_parse - INFO - Definindo o padrão de regex...
2022-04-23 20:42:46,086 - Utils.utils - INFO - Requisição <<GET>> realizada com sucesso, status code: 200
2022-04-23 20:42:46,087 - thots.thot_parse - INFO - Segundo padrão de regex definido com sucesso!
2022-04-23 20:42:46,208 - Utils.utils - INFO - Requisição <<GET>> realizada com sucesso, status code: 200
2022-04-23 20:42:46,210 - thots.thot_parse - INFO - Usando método alternativo para encontrar a quantidade de videos.
2022-04-23 20:42:46,367 - Utils.utils - INFO - Requisição <<GET>> realizada com sucesso, status code: 200
2022-04-23 20:42:46,504 - Utils.utils - INFO - Requisição <<GET>> realizada com sucesso, status code: 200
2022-04-23 20:42:46,615 - Utils.utils - INFO - Requisição <<GET>> realizada com sucesso, status code: 200
2022-04-23 20:42:46,727 - Utils.utils - INFO - Requisição <<GET>> realizada com sucesso, status code: 200
2022-04-23 20:42:46,882 - Utils.utils - INFO - Requisição <<GET>> realizada com sucesso, status code: 200
2022-04-23 20:42:46,884 - thots.thot_parse - INFO - Foi encontrado um total de : 0 videos restantes.
2022-04-23 20:42:46,884 - thots.thots - WARNING - ---------------| nikkecasada - Fim da lista de videos.
2022-04-23 20:42:46,884 - thots.thots - WARNING - ---------------| Iniciando tarefa tatycasadinha, 16 de 17
2022-04-23 20:42:46,995 - thots.thots - WARNING - ---------------| tatycasadinha - Fim da lista de videos.
2022-04-23 20:42:46,995 - thots.thots - WARNING - ---------------| Iniciando tarefa vidasafada, 17 de 17
2022-04-23 20:42:46,996 - thots.thot_parse - INFO - Definindo o padrão de regex...
2022-04-23 20:42:47,655 - Utils.utils - INFO - Requisição <<GET>> realizada com sucesso, status code: 200
2022-04-23 20:42:47,656 - thots.thot_parse - INFO - Segundo padrão de regex definido com sucesso!
2022-04-23 20:42:47,812 - Utils.utils - INFO - Requisição <<GET>> realizada com sucesso, status code: 200
2022-04-23 20:42:47,814 - thots.thot_parse - INFO - Usando método alternativo para encontrar a quantidade de videos.
2022-04-23 20:42:47,959 - Utils.utils - INFO - Requisição <<GET>> realizada com sucesso, status code: 200
2022-04-23 20:42:48,400 - Utils.utils - INFO - Requisição <<GET>> realizada com sucesso, status code: 200
2022-04-23 20:42:48,553 - Utils.utils - INFO - Requisição <<GET>> realizada com sucesso, status code: 200
2022-04-23 20:42:48,687 - Utils.utils - INFO - Requisição <<GET>> realizada com sucesso, status code: 200
2022-04-23 20:42:48,827 - Utils.utils - INFO - Requisição <<GET>> realizada com sucesso, status code: 200
2022-04-23 20:42:48,959 - Utils.utils - INFO - Requisição <<GET>> realizada com sucesso, status code: 200
2022-04-23 20:42:48,963 - thots.thot_parse - INFO - Foi encontrado um total de : 0 videos restantes.
2022-04-23 20:42:48,963 - thots.thots - WARNING - ---------------| vidasafada - Fim da lista de videos.
2022-04-23 20:42:48,963 - __main__ - INFO - Fazendo backup dos IDs na API backup...
2022-04-23 20:42:48,963 - __main__ - INFO - Salvando ID's da API localmente....
2022-04-23 20:42:49,525 - Utils.utils - INFO - Requisição <<GET>> realizada com sucesso, status code: 200
2022-04-23 20:42:50,126 - Utils.utils - INFO - Requisição <<GET>> realizada com sucesso, status code: 200
