2022-04-25 00:26:38,978 - Utils.utils - INFO - Ambiente de produção ativado
2022-04-25 00:26:39,254 - Utils.utils - INFO - Requisição <<GET>> realizada com sucesso, status code: 200
2022-04-25 00:26:39,295 - __main__ - INFO - Checando thotsbay forum...
2022-04-25 00:26:39,295 - Utils.thotshub - INFO - Autorizando...
2022-04-25 00:26:39,516 - Utils.utils - INFO - Requisição <<GET>> realizada com sucesso, status code: 200
2022-04-25 00:26:40,340 - Utils.utils - INFO - Requisição <<POST>> realizada com sucesso, status code: 200
2022-04-25 00:26:40,341 - Utils.thotshub - INFO - Autorizado
2022-04-25 00:26:40,342 - Utils.thotshub - INFO - Logado no thotsbay com sucesso.
2022-04-25 00:26:40,342 - __main__ - INFO - Checando colab...
2022-04-25 00:26:40,342 - Utils.utils - INFO - COLAB enviorement not detected
2022-04-25 00:26:40,342 - __main__ - INFO - Checando config...
2022-04-25 00:26:40,795 - Utils.utils - INFO - Requisição <<GET>> realizada com sucesso, status code: 200
2022-04-25 00:26:41,796 - __main__ - INFO - Checando ids...
2022-04-25 00:26:42,012 - Utils.utils - INFO - Requisição <<GET>> realizada com sucesso, status code: 200
2022-04-25 00:26:42,013 - thots.thots - WARNING - ---------------| Iniciando tarefa afroditehotwife, 1 de 17
2022-04-25 00:26:42,013 - thots.thot_parse - INFO - Definindo o padrão de regex...
2022-04-25 00:26:42,440 - Utils.utils - INFO - Requisição <<GET>> realizada com sucesso, status code: 200
2022-04-25 00:26:42,441 - thots.thot_parse - INFO - Segundo padrão de regex definido com sucesso!
2022-04-25 00:26:42,642 - Utils.utils - INFO - Requisição <<GET>> realizada com sucesso, status code: 200
2022-04-25 00:26:42,644 - thots.thot_parse - INFO - Usando método alternativo para encontrar a quantidade de videos.
2022-04-25 00:26:42,837 - Utils.utils - INFO - Requisição <<GET>> realizada com sucesso, status code: 200
2022-04-25 00:26:43,049 - Utils.utils - INFO - Requisição <<GET>> realizada com sucesso, status code: 200
2022-04-25 00:26:43,244 - Utils.utils - INFO - Requisição <<GET>> realizada com sucesso, status code: 200
2022-04-25 00:26:43,428 - Utils.utils - INFO - Requisição <<GET>> realizada com sucesso, status code: 200
2022-04-25 00:26:43,613 - Utils.utils - INFO - Requisição <<GET>> realizada com sucesso, status code: 200
2022-04-25 00:26:43,796 - Utils.utils - INFO - Requisição <<GET>> realizada com sucesso, status code: 200
2022-04-25 00:26:44,015 - Utils.utils - INFO - Requisição <<GET>> realizada com sucesso, status code: 200
2022-04-25 00:26:44,241 - Utils.utils - INFO - Requisição <<GET>> realizada com sucesso, status code: 200
2022-04-25 00:26:44,499 - Utils.utils - INFO - Requisição <<GET>> realizada com sucesso, status code: 200
2022-04-25 00:26:44,694 - Utils.utils - INFO - Requisição <<GET>> realizada com sucesso, status code: 200
2022-04-25 00:26:44,900 - Utils.utils - INFO - Requisição <<GET>> realizada com sucesso, status code: 200
2022-04-25 00:26:45,105 - Utils.utils - INFO - Requisição <<GET>> realizada com sucesso, status code: 200
2022-04-25 00:26:45,304 - Utils.utils - INFO - Requisição <<GET>> realizada com sucesso, status code: 200
2022-04-25 00:26:45,518 - Utils.utils - INFO - Requisição <<GET>> realizada com sucesso, status code: 200
2022-04-25 00:26:45,532 - thots.thot_parse - INFO - Foi encontrado um total de : 0 videos restantes.
2022-04-25 00:26:45,532 - thots.thots - WARNING - ---------------| afroditehotwife - Fim da lista de videos.
2022-04-25 00:26:45,532 - thots.thots - WARNING - ---------------| Iniciando tarefa agathalira, 2 de 17
2022-04-25 00:26:45,533 - thots.thot_parse - INFO - Definindo o padrão de regex...
2022-04-25 00:26:46,278 - Utils.utils - INFO - Requisição <<GET>> realizada com sucesso, status code: 200
2022-04-25 00:26:46,279 - thots.thot_parse - INFO - Primeiro padrão de regex definido com sucesso!
2022-04-25 00:26:46,723 - Utils.utils - INFO - Requisição <<GET>> realizada com sucesso, status code: 200
2022-04-25 00:26:46,725 - thots.thot_parse - INFO - Usando método alternativo para encontrar a quantidade de videos.
2022-04-25 00:26:47,076 - Utils.utils - INFO - Requisição <<GET>> realizada com sucesso, status code: 200
2022-04-25 00:26:47,397 - Utils.utils - INFO - Requisição <<GET>> realizada com sucesso, status code: 200
2022-04-25 00:26:47,742 - Utils.utils - INFO - Requisição <<GET>> realizada com sucesso, status code: 200
2022-04-25 00:26:48,130 - Utils.utils - INFO - Requisição <<GET>> realizada com sucesso, status code: 200
2022-04-25 00:26:48,437 - Utils.utils - INFO - Requisição <<GET>> realizada com sucesso, status code: 200
2022-04-25 00:26:48,729 - Utils.utils - INFO - Requisição <<GET>> realizada com sucesso, status code: 200
2022-04-25 00:26:49,033 - Utils.utils - INFO - Requisição <<GET>> realizada com sucesso, status code: 200
2022-04-25 00:26:49,379 - Utils.utils - INFO - Requisição <<GET>> realizada com sucesso, status code: 200
2022-04-25 00:26:49,708 - Utils.utils - INFO - Requisição <<GET>> realizada com sucesso, status code: 200
2022-04-25 00:26:50,001 - Utils.utils - INFO - Requisição <<GET>> realizada com sucesso, status code: 200
2022-04-25 00:26:50,290 - Utils.utils - INFO - Requisição <<GET>> realizada com sucesso, status code: 200
2022-04-25 00:26:50,659 - Utils.utils - INFO - Requisição <<GET>> realizada com sucesso, status code: 200
2022-04-25 00:26:50,910 - Utils.utils - INFO - Requisição <<GET>> realizada com sucesso, status code: 200
2022-04-25 00:26:50,921 - thots.thot_parse - INFO - Foi encontrado um total de : 0 videos restantes.
2022-04-25 00:26:50,921 - thots.thots - WARNING - ---------------| agathalira - Fim da lista de videos.
2022-04-25 00:26:50,922 - thots.thots - WARNING - ---------------| Iniciando tarefa barbaracastroo, 3 de 17
2022-04-25 00:26:50,922 - thots.thot_parse - INFO - Definindo o padrão de regex...
2022-04-25 00:26:51,368 - Utils.utils - INFO - Requisição <<GET>> realizada com sucesso, status code: 200
2022-04-25 00:26:51,369 - thots.thot_parse - INFO - Segundo padrão de regex definido com sucesso!
2022-04-25 00:26:51,552 - Utils.utils - INFO - Requisição <<GET>> realizada com sucesso, status code: 200
2022-04-25 00:26:51,554 - thots.thot_parse - INFO - Usando método alternativo para encontrar a quantidade de videos.
2022-04-25 00:26:51,743 - Utils.utils - INFO - Requisição <<GET>> realizada com sucesso, status code: 200
2022-04-25 00:26:51,744 - thots.thot_parse - INFO - Foi encontrado um total de : 0 videos restantes.
2022-04-25 00:26:51,744 - thots.thots - WARNING - ---------------| barbaracastroo - Fim da lista de videos.
2022-04-25 00:26:51,744 - thots.thots - WARNING - ---------------| Iniciando tarefa bellacasada, 4 de 17
2022-04-25 00:26:51,744 - thots.thot_parse - INFO - Definindo o padrão de regex...
2022-04-25 00:26:52,142 - Utils.utils - INFO - Requisição <<GET>> realizada com sucesso, status code: 200
2022-04-25 00:26:52,142 - thots.thot_parse - INFO - Segundo padrão de regex definido com sucesso!
2022-04-25 00:26:52,352 - Utils.utils - INFO - Requisição <<GET>> realizada com sucesso, status code: 200
2022-04-25 00:26:52,354 - thots.thot_parse - INFO - Usando método alternativo para encontrar a quantidade de videos.
2022-04-25 00:26:52,578 - Utils.utils - INFO - Requisição <<GET>> realizada com sucesso, status code: 200
2022-04-25 00:26:52,850 - Utils.utils - INFO - Requisição <<GET>> realizada com sucesso, status code: 200
2022-04-25 00:26:53,035 - Utils.utils - INFO - Requisição <<GET>> realizada com sucesso, status code: 200
2022-04-25 00:26:53,252 - Utils.utils - INFO - Requisição <<GET>> realizada com sucesso, status code: 200
2022-04-25 00:26:53,558 - Utils.utils - INFO - Requisição <<GET>> realizada com sucesso, status code: 200
2022-04-25 00:26:53,762 - Utils.utils - INFO - Requisição <<GET>> realizada com sucesso, status code: 200
2022-04-25 00:26:53,765 - thots.thot_parse - INFO - Foi encontrado um total de : 0 videos restantes.
2022-04-25 00:26:53,765 - thots.thots - WARNING - ---------------| bellacasada - Fim da lista de videos.
2022-04-25 00:26:53,766 - thots.thots - WARNING - ---------------| Iniciando tarefa casalruivaecornooficial, 5 de 17
2022-04-25 00:26:53,766 - thots.thot_parse - INFO - Definindo o padrão de regex...
2022-04-25 00:26:54,034 - Utils.utils - INFO - Requisição <<GET>> realizada com sucesso, status code: 200
2022-04-25 00:26:54,034 - thots.thot_parse - INFO - Segundo padrão de regex definido com sucesso!
2022-04-25 00:26:54,217 - Utils.utils - INFO - Requisição <<GET>> realizada com sucesso, status code: 200
2022-04-25 00:26:54,219 - thots.thot_parse - INFO - Usando método alternativo para encontrar a quantidade de videos.
2022-04-25 00:26:54,454 - Utils.utils - INFO - Requisição <<GET>> realizada com sucesso, status code: 200
2022-04-25 00:26:54,694 - Utils.utils - INFO - Requisição <<GET>> realizada com sucesso, status code: 200
2022-04-25 00:26:54,885 - Utils.utils - INFO - Requisição <<GET>> realizada com sucesso, status code: 200
2022-04-25 00:26:55,093 - Utils.utils - INFO - Requisição <<GET>> realizada com sucesso, status code: 200
2022-04-25 00:26:55,290 - Utils.utils - INFO - Requisição <<GET>> realizada com sucesso, status code: 200
2022-04-25 00:26:55,489 - Utils.utils - INFO - Requisição <<GET>> realizada com sucesso, status code: 200
2022-04-25 00:26:55,493 - thots.thot_parse - INFO - Foi encontrado um total de : 0 videos restantes.
2022-04-25 00:26:55,493 - thots.thots - WARNING - ---------------| casalruivaecornooficial - Fim da lista de videos.
2022-04-25 00:26:55,493 - thots.thots - WARNING - ---------------| Iniciando tarefa casaltopbessa, 6 de 17
2022-04-25 00:26:55,493 - thots.thot_parse - INFO - Definindo o padrão de regex...
2022-04-25 00:26:55,681 - Utils.utils - INFO - Requisição <<GET>> realizada com sucesso, status code: 200
2022-04-25 00:26:55,682 - thots.thot_parse - INFO - Segundo padrão de regex definido com sucesso!
2022-04-25 00:26:55,913 - Utils.utils - INFO - Requisição <<GET>> realizada com sucesso, status code: 200
2022-04-25 00:26:55,915 - thots.thot_parse - INFO - Usando método alternativo para encontrar a quantidade de videos.
2022-04-25 00:26:56,102 - Utils.utils - INFO - Requisição <<GET>> realizada com sucesso, status code: 200
2022-04-25 00:26:56,369 - Utils.utils - INFO - Requisição <<GET>> realizada com sucesso, status code: 200
2022-04-25 00:26:56,370 - thots.thot_parse - INFO - Foi encontrado um total de : 0 videos restantes.
2022-04-25 00:26:56,370 - thots.thots - WARNING - ---------------| casaltopbessa - Fim da lista de videos.
2022-04-25 00:26:56,370 - thots.thots - WARNING - ---------------| Iniciando tarefa elaquer, 7 de 17
2022-04-25 00:26:56,370 - thots.thot_parse - INFO - Definindo o padrão de regex...
2022-04-25 00:26:56,610 - Utils.utils - INFO - Requisição <<GET>> realizada com sucesso, status code: 200
2022-04-25 00:26:56,610 - thots.thot_parse - INFO - Segundo padrão de regex definido com sucesso!
2022-04-25 00:26:56,853 - Utils.utils - INFO - Requisição <<GET>> realizada com sucesso, status code: 200
2022-04-25 00:26:56,854 - thots.thot_parse - INFO - Usando método alternativo para encontrar a quantidade de videos.
2022-04-25 00:26:57,049 - Utils.utils - INFO - Requisição <<GET>> realizada com sucesso, status code: 200
2022-04-25 00:26:57,259 - Utils.utils - INFO - Requisição <<GET>> realizada com sucesso, status code: 200
2022-04-25 00:26:57,459 - Utils.utils - INFO - Requisição <<GET>> realizada com sucesso, status code: 200
2022-04-25 00:26:57,649 - Utils.utils - INFO - Requisição <<GET>> realizada com sucesso, status code: 200
2022-04-25 00:26:57,651 - thots.thot_parse - INFO - Foi encontrado um total de : 0 videos restantes.
2022-04-25 00:26:57,651 - thots.thots - WARNING - ---------------| elaquer - Fim da lista de videos.
2022-04-25 00:26:57,651 - thots.thots - WARNING - ---------------| Iniciando tarefa emilysales, 8 de 17
2022-04-25 00:26:57,652 - thots.thot_parse - INFO - Definindo o padrão de regex...
2022-04-25 00:26:57,843 - Utils.utils - INFO - Requisição <<GET>> realizada com sucesso, status code: 200
2022-04-25 00:26:57,843 - thots.thot_parse - INFO - Segundo padrão de regex definido com sucesso!
2022-04-25 00:26:58,036 - Utils.utils - INFO - Requisição <<GET>> realizada com sucesso, status code: 200
2022-04-25 00:26:58,038 - thots.thot_parse - INFO - Usando método alternativo para encontrar a quantidade de videos.
2022-04-25 00:26:58,252 - Utils.utils - INFO - Requisição <<GET>> realizada com sucesso, status code: 200
2022-04-25 00:26:58,443 - Utils.utils - INFO - Requisição <<GET>> realizada com sucesso, status code: 200
2022-04-25 00:26:58,680 - Utils.utils - INFO - Requisição <<GET>> realizada com sucesso, status code: 200
2022-04-25 00:26:58,934 - Utils.utils - INFO - Requisição <<GET>> realizada com sucesso, status code: 200
2022-04-25 00:26:59,177 - Utils.utils - INFO - Requisição <<GET>> realizada com sucesso, status code: 200
2022-04-25 00:26:59,179 - thots.thot_parse - INFO - Foi encontrado um total de : 0 videos restantes.
2022-04-25 00:26:59,179 - thots.thots - WARNING - ---------------| emilysales - Fim da lista de videos.
2022-04-25 00:26:59,179 - thots.thots - WARNING - ---------------| Iniciando tarefa esposagulosinha, 9 de 17
2022-04-25 00:26:59,179 - thots.thot_parse - INFO - Definindo o padrão de regex...
2022-04-25 00:26:59,667 - Utils.utils - INFO - Requisição <<GET>> realizada com sucesso, status code: 200
2022-04-25 00:26:59,667 - thots.thot_parse - INFO - Segundo padrão de regex definido com sucesso!
2022-04-25 00:26:59,855 - Utils.utils - INFO - Requisição <<GET>> realizada com sucesso, status code: 200
2022-04-25 00:26:59,857 - thots.thot_parse - INFO - Usando método alternativo para encontrar a quantidade de videos.
2022-04-25 00:27:00,032 - Utils.utils - INFO - Requisição <<GET>> realizada com sucesso, status code: 200
2022-04-25 00:27:00,310 - Utils.utils - INFO - Requisição <<GET>> realizada com sucesso, status code: 200
2022-04-25 00:27:00,503 - Utils.utils - INFO - Requisição <<GET>> realizada com sucesso, status code: 200
2022-04-25 00:27:00,685 - Utils.utils - INFO - Requisição <<GET>> realizada com sucesso, status code: 200
2022-04-25 00:27:00,882 - Utils.utils - INFO - Requisição <<GET>> realizada com sucesso, status code: 200
2022-04-25 00:27:01,062 - Utils.utils - INFO - Requisição <<GET>> realizada com sucesso, status code: 200
2022-04-25 00:27:01,266 - Utils.utils - INFO - Requisição <<GET>> realizada com sucesso, status code: 200
2022-04-25 00:27:01,489 - Utils.utils - INFO - Requisição <<GET>> realizada com sucesso, status code: 200
2022-04-25 00:27:01,493 - thots.thot_parse - INFO - Foi encontrado um total de : 0 videos restantes.
2022-04-25 00:27:01,493 - thots.thots - WARNING - ---------------| esposagulosinha - Fim da lista de videos.
2022-04-25 00:27:01,493 - thots.thots - WARNING - ---------------| Iniciando tarefa fabioeanaes, 10 de 17
2022-04-25 00:27:01,494 - thots.thot_parse - INFO - Definindo o padrão de regex...
2022-04-25 00:27:02,123 - Utils.utils - INFO - Requisição <<GET>> realizada com sucesso, status code: 200
2022-04-25 00:27:02,124 - thots.thot_parse - INFO - Segundo padrão de regex definido com sucesso!
2022-04-25 00:27:02,440 - Utils.utils - INFO - Requisição <<GET>> realizada com sucesso, status code: 200
2022-04-25 00:27:02,445 - thots.thot_parse - INFO - Usando método alternativo para encontrar a quantidade de videos.
2022-04-25 00:27:02,646 - Utils.utils - INFO - Requisição <<GET>> realizada com sucesso, status code: 200
2022-04-25 00:27:02,828 - Utils.utils - INFO - Requisição <<GET>> realizada com sucesso, status code: 200
2022-04-25 00:27:03,009 - Utils.utils - INFO - Requisição <<GET>> realizada com sucesso, status code: 200
2022-04-25 00:27:03,193 - Utils.utils - INFO - Requisição <<GET>> realizada com sucesso, status code: 200
2022-04-25 00:27:03,395 - Utils.utils - INFO - Requisição <<GET>> realizada com sucesso, status code: 200
2022-04-25 00:27:03,397 - thots.thot_parse - INFO - Foi encontrado um total de : 0 videos restantes.
2022-04-25 00:27:03,397 - thots.thots - WARNING - ---------------| fabioeanaes - Fim da lista de videos.
2022-04-25 00:27:03,397 - thots.thots - WARNING - ---------------| Iniciando tarefa helenafilmes, 11 de 17
2022-04-25 00:27:03,397 - thots.thot_parse - INFO - Definindo o padrão de regex...
2022-04-25 00:27:03,901 - Utils.utils - INFO - Requisição <<GET>> realizada com sucesso, status code: 200
2022-04-25 00:27:03,902 - thots.thot_parse - INFO - Segundo padrão de regex definido com sucesso!
2022-04-25 00:27:04,109 - Utils.utils - INFO - Requisição <<GET>> realizada com sucesso, status code: 200
2022-04-25 00:27:04,112 - thots.thot_parse - INFO - Usando método alternativo para encontrar a quantidade de videos.
2022-04-25 00:27:04,319 - Utils.utils - INFO - Requisição <<GET>> realizada com sucesso, status code: 200
2022-04-25 00:27:04,532 - Utils.utils - INFO - Requisição <<GET>> realizada com sucesso, status code: 200
2022-04-25 00:27:04,533 - thots.thot_parse - INFO - Foi encontrado um total de : 0 videos restantes.
2022-04-25 00:27:04,533 - thots.thots - WARNING - ---------------| helenafilmes - Fim da lista de videos.
2022-04-25 00:27:04,533 - thots.thots - WARNING - ---------------| Iniciando tarefa lualencar11, 12 de 17
2022-04-25 00:27:04,533 - thots.thot_parse - INFO - Definindo o padrão de regex...
2022-04-25 00:27:04,938 - Utils.utils - INFO - Requisição <<GET>> realizada com sucesso, status code: 200
2022-04-25 00:27:04,938 - thots.thot_parse - INFO - Segundo padrão de regex definido com sucesso!
2022-04-25 00:27:05,141 - Utils.utils - INFO - Requisição <<GET>> realizada com sucesso, status code: 200
2022-04-25 00:27:05,143 - thots.thot_parse - INFO - Usando método alternativo para encontrar a quantidade de videos.
2022-04-25 00:27:05,352 - Utils.utils - INFO - Requisição <<GET>> realizada com sucesso, status code: 200
2022-04-25 00:27:05,353 - thots.thot_parse - INFO - Foi encontrado um total de : 0 videos restantes.
2022-04-25 00:27:05,353 - thots.thots - WARNING - ---------------| lualencar11 - Fim da lista de videos.
2022-04-25 00:27:05,353 - thots.thots - WARNING - ---------------| Iniciando tarefa melissadias, 13 de 17
2022-04-25 00:27:05,353 - thots.thot_parse - INFO - Definindo o padrão de regex...
2022-04-25 00:27:05,548 - Utils.utils - INFO - Requisição <<GET>> realizada com sucesso, status code: 200
2022-04-25 00:27:05,548 - thots.thot_parse - INFO - Segundo padrão de regex definido com sucesso!
2022-04-25 00:27:05,746 - Utils.utils - INFO - Requisição <<GET>> realizada com sucesso, status code: 200
2022-04-25 00:27:05,748 - thots.thot_parse - INFO - Usando método alternativo para encontrar a quantidade de videos.
2022-04-25 00:27:05,944 - Utils.utils - INFO - Requisição <<GET>> realizada com sucesso, status code: 200
2022-04-25 00:27:06,235 - Utils.utils - INFO - Requisição <<GET>> realizada com sucesso, status code: 200
2022-04-25 00:27:06,430 - Utils.utils - INFO - Requisição <<GET>> realizada com sucesso, status code: 200
2022-04-25 00:27:06,623 - Utils.utils - INFO - Requisição <<GET>> realizada com sucesso, status code: 200
2022-04-25 00:27:06,812 - Utils.utils - INFO - Requisição <<GET>> realizada com sucesso, status code: 200
2022-04-25 00:27:07,005 - Utils.utils - INFO - Requisição <<GET>> realizada com sucesso, status code: 200
2022-04-25 00:27:07,202 - Utils.utils - INFO - Requisição <<GET>> realizada com sucesso, status code: 200
2022-04-25 00:27:07,205 - thots.thot_parse - INFO - Foi encontrado um total de : 0 videos restantes.
2022-04-25 00:27:07,205 - thots.thots - WARNING - ---------------| melissadias - Fim da lista de videos.
2022-04-25 00:27:07,206 - thots.thots - WARNING - ---------------| Iniciando tarefa nicoleballs_trans, 14 de 17
2022-04-25 00:27:07,206 - thots.thot_parse - INFO - Definindo o padrão de regex...
2022-04-25 00:27:07,428 - Utils.utils - INFO - Requisição <<GET>> realizada com sucesso, status code: 200
2022-04-25 00:27:07,428 - thots.thot_parse - INFO - Segundo padrão de regex definido com sucesso!
2022-04-25 00:27:07,621 - Utils.utils - INFO - Requisição <<GET>> realizada com sucesso, status code: 200
2022-04-25 00:27:07,622 - thots.thot_parse - INFO - Usando método alternativo para encontrar a quantidade de videos.
2022-04-25 00:27:07,846 - Utils.utils - INFO - Requisição <<GET>> realizada com sucesso, status code: 200
2022-04-25 00:27:08,049 - Utils.utils - INFO - Requisição <<GET>> realizada com sucesso, status code: 200
2022-04-25 00:27:08,050 - thots.thot_parse - INFO - Foi encontrado um total de : 0 videos restantes.
2022-04-25 00:27:08,050 - thots.thots - WARNING - ---------------| nicoleballs_trans - Fim da lista de videos.
2022-04-25 00:27:08,050 - thots.thots - WARNING - ---------------| Iniciando tarefa nikkecasada, 15 de 17
2022-04-25 00:27:08,051 - thots.thot_parse - INFO - Definindo o padrão de regex...
2022-04-25 00:27:08,445 - Utils.utils - INFO - Requisição <<GET>> realizada com sucesso, status code: 200
2022-04-25 00:27:08,446 - thots.thot_parse - INFO - Segundo padrão de regex definido com sucesso!
2022-04-25 00:27:08,632 - Utils.utils - INFO - Requisição <<GET>> realizada com sucesso, status code: 200
2022-04-25 00:27:08,634 - thots.thot_parse - INFO - Usando método alternativo para encontrar a quantidade de videos.
2022-04-25 00:27:08,819 - Utils.utils - INFO - Requisição <<GET>> realizada com sucesso, status code: 200
2022-04-25 00:27:09,018 - Utils.utils - INFO - Requisição <<GET>> realizada com sucesso, status code: 200
2022-04-25 00:27:09,215 - Utils.utils - INFO - Requisição <<GET>> realizada com sucesso, status code: 200
2022-04-25 00:27:09,421 - Utils.utils - INFO - Requisição <<GET>> realizada com sucesso, status code: 200
2022-04-25 00:27:09,613 - Utils.utils - INFO - Requisição <<GET>> realizada com sucesso, status code: 200
2022-04-25 00:27:09,615 - thots.thot_parse - INFO - Foi encontrado um total de : 0 videos restantes.
2022-04-25 00:27:09,615 - thots.thots - WARNING - ---------------| nikkecasada - Fim da lista de videos.
2022-04-25 00:27:09,616 - thots.thots - WARNING - ---------------| Iniciando tarefa tatycasadinha, 16 de 17
2022-04-25 00:27:10,033 - thots.thots - WARNING - ---------------| tatycasadinha - Fim da lista de videos.
2022-04-25 00:27:10,033 - thots.thots - WARNING - ---------------| Iniciando tarefa vidasafada, 17 de 17
2022-04-25 00:27:10,034 - thots.thot_parse - INFO - Definindo o padrão de regex...
2022-04-25 00:27:10,474 - Utils.utils - INFO - Requisição <<GET>> realizada com sucesso, status code: 200
2022-04-25 00:27:10,474 - thots.thot_parse - INFO - Segundo padrão de regex definido com sucesso!
2022-04-25 00:27:10,669 - Utils.utils - INFO - Requisição <<GET>> realizada com sucesso, status code: 200
2022-04-25 00:27:10,671 - thots.thot_parse - INFO - Usando método alternativo para encontrar a quantidade de videos.
2022-04-25 00:27:10,848 - Utils.utils - INFO - Requisição <<GET>> realizada com sucesso, status code: 200
2022-04-25 00:27:11,028 - Utils.utils - INFO - Requisição <<GET>> realizada com sucesso, status code: 200
2022-04-25 00:27:11,205 - Utils.utils - INFO - Requisição <<GET>> realizada com sucesso, status code: 200
2022-04-25 00:27:11,387 - Utils.utils - INFO - Requisição <<GET>> realizada com sucesso, status code: 200
2022-04-25 00:27:11,561 - Utils.utils - INFO - Requisição <<GET>> realizada com sucesso, status code: 200
2022-04-25 00:27:11,836 - Utils.utils - INFO - Requisição <<GET>> realizada com sucesso, status code: 200
2022-04-25 00:27:11,838 - thots.thot_parse - INFO - Foi encontrado um total de : 0 videos restantes.
2022-04-25 00:27:11,838 - thots.thots - WARNING - ---------------| vidasafada - Fim da lista de videos.
2022-04-25 00:27:11,839 - __main__ - INFO - Fazendo backup dos IDs na API backup...
2022-04-25 00:27:11,839 - __main__ - INFO - Salvando ID's da API localmente....
2022-04-25 00:27:12,093 - Utils.utils - INFO - Requisição <<GET>> realizada com sucesso, status code: 200
2022-04-25 00:27:12,692 - Utils.utils - INFO - Requisição <<GET>> realizada com sucesso, status code: 200
2022-04-25 04:15:05,264 - Utils.utils - INFO - Ambiente de produção ativado
2022-04-25 04:15:05,484 - Utils.utils - INFO - Requisição <<GET>> realizada com sucesso, status code: 200
2022-04-25 04:15:05,531 - __main__ - INFO - Checando thotsbay forum...
2022-04-25 04:15:05,531 - Utils.thotshub - INFO - Autorizando...
2022-04-25 04:15:05,681 - Utils.utils - INFO - Requisição <<GET>> realizada com sucesso, status code: 200
2022-04-25 04:15:06,259 - Utils.utils - INFO - Requisição <<POST>> realizada com sucesso, status code: 200
2022-04-25 04:15:06,261 - Utils.thotshub - INFO - Autorizado
2022-04-25 04:15:06,261 - Utils.thotshub - INFO - Logado no thotsbay com sucesso.
2022-04-25 04:15:06,261 - __main__ - INFO - Checando colab...
2022-04-25 04:15:06,262 - Utils.utils - INFO - COLAB enviorement not detected
2022-04-25 04:15:06,262 - __main__ - INFO - Checando config...
2022-04-25 04:15:06,564 - Utils.utils - INFO - Requisição <<GET>> realizada com sucesso, status code: 200
2022-04-25 04:15:07,566 - __main__ - INFO - Checando ids...
2022-04-25 04:15:07,849 - Utils.utils - INFO - Requisição <<GET>> realizada com sucesso, status code: 200
2022-04-25 04:15:07,850 - thots.thots - WARNING - ---------------| Iniciando tarefa afroditehotwife, 1 de 17
2022-04-25 04:15:07,851 - thots.thot_parse - INFO - Definindo o padrão de regex...
2022-04-25 04:15:08,015 - Utils.utils - INFO - Requisição <<GET>> realizada com sucesso, status code: 200
2022-04-25 04:15:08,016 - thots.thot_parse - INFO - Segundo padrão de regex definido com sucesso!
2022-04-25 04:15:08,141 - Utils.utils - INFO - Requisição <<GET>> realizada com sucesso, status code: 200
2022-04-25 04:15:08,144 - thots.thot_parse - INFO - Usando método alternativo para encontrar a quantidade de videos.
2022-04-25 04:15:08,255 - Utils.utils - INFO - Requisição <<GET>> realizada com sucesso, status code: 200
2022-04-25 04:15:08,368 - Utils.utils - INFO - Requisição <<GET>> realizada com sucesso, status code: 200
2022-04-25 04:15:08,481 - Utils.utils - INFO - Requisição <<GET>> realizada com sucesso, status code: 200
2022-04-25 04:15:08,605 - Utils.utils - INFO - Requisição <<GET>> realizada com sucesso, status code: 200
2022-04-25 04:15:08,716 - Utils.utils - INFO - Requisição <<GET>> realizada com sucesso, status code: 200
2022-04-25 04:15:08,876 - Utils.utils - INFO - Requisição <<GET>> realizada com sucesso, status code: 200
2022-04-25 04:15:08,998 - Utils.utils - INFO - Requisição <<GET>> realizada com sucesso, status code: 200
2022-04-25 04:15:09,112 - Utils.utils - INFO - Requisição <<GET>> realizada com sucesso, status code: 200
2022-04-25 04:15:09,252 - Utils.utils - INFO - Requisição <<GET>> realizada com sucesso, status code: 200
2022-04-25 04:15:09,438 - Utils.utils - INFO - Requisição <<GET>> realizada com sucesso, status code: 200
2022-04-25 04:15:09,557 - Utils.utils - INFO - Requisição <<GET>> realizada com sucesso, status code: 200
2022-04-25 04:15:09,667 - Utils.utils - INFO - Requisição <<GET>> realizada com sucesso, status code: 200
2022-04-25 04:15:09,813 - Utils.utils - INFO - Requisição <<GET>> realizada com sucesso, status code: 200
2022-04-25 04:15:09,938 - Utils.utils - INFO - Requisição <<GET>> realizada com sucesso, status code: 200
2022-04-25 04:15:09,954 - thots.thot_parse - INFO - Foi encontrado um total de : 0 videos restantes.
2022-04-25 04:15:09,955 - thots.thots - WARNING - ---------------| afroditehotwife - Fim da lista de videos.
2022-04-25 04:15:09,955 - thots.thots - WARNING - ---------------| Iniciando tarefa agathalira, 2 de 17
2022-04-25 04:15:09,955 - thots.thot_parse - INFO - Definindo o padrão de regex...
2022-04-25 04:15:10,335 - Utils.utils - INFO - Requisição <<GET>> realizada com sucesso, status code: 200
2022-04-25 04:15:10,336 - thots.thot_parse - INFO - Primeiro padrão de regex definido com sucesso!
2022-04-25 04:15:10,555 - Utils.utils - INFO - Requisição <<GET>> realizada com sucesso, status code: 200
2022-04-25 04:15:10,558 - thots.thot_parse - INFO - Usando método alternativo para encontrar a quantidade de videos.
2022-04-25 04:15:10,824 - Utils.utils - INFO - Requisição <<GET>> realizada com sucesso, status code: 200
2022-04-25 04:15:11,046 - Utils.utils - INFO - Requisição <<GET>> realizada com sucesso, status code: 200
2022-04-25 04:15:11,272 - Utils.utils - INFO - Requisição <<GET>> realizada com sucesso, status code: 200
2022-04-25 04:15:11,501 - Utils.utils - INFO - Requisição <<GET>> realizada com sucesso, status code: 200
2022-04-25 04:15:11,753 - Utils.utils - INFO - Requisição <<GET>> realizada com sucesso, status code: 200
2022-04-25 04:15:11,966 - Utils.utils - INFO - Requisição <<GET>> realizada com sucesso, status code: 200
2022-04-25 04:15:12,271 - Utils.utils - INFO - Requisição <<GET>> realizada com sucesso, status code: 200
2022-04-25 04:15:12,574 - Utils.utils - INFO - Requisição <<GET>> realizada com sucesso, status code: 200
2022-04-25 04:15:12,832 - Utils.utils - INFO - Requisição <<GET>> realizada com sucesso, status code: 200
2022-04-25 04:15:13,150 - Utils.utils - INFO - Requisição <<GET>> realizada com sucesso, status code: 200
2022-04-25 04:15:13,479 - Utils.utils - INFO - Requisição <<GET>> realizada com sucesso, status code: 200
2022-04-25 04:15:13,710 - Utils.utils - INFO - Requisição <<GET>> realizada com sucesso, status code: 200
2022-04-25 04:15:13,851 - Utils.utils - INFO - Requisição <<GET>> realizada com sucesso, status code: 200
2022-04-25 04:15:13,864 - thots.thot_parse - INFO - Foi encontrado um total de : 0 videos restantes.
2022-04-25 04:15:13,864 - thots.thots - WARNING - ---------------| agathalira - Fim da lista de videos.
2022-04-25 04:15:13,865 - thots.thots - WARNING - ---------------| Iniciando tarefa barbaracastroo, 3 de 17
2022-04-25 04:15:13,865 - thots.thot_parse - INFO - Definindo o padrão de regex...
2022-04-25 04:15:14,081 - Utils.utils - INFO - Requisição <<GET>> realizada com sucesso, status code: 200
2022-04-25 04:15:14,081 - thots.thot_parse - INFO - Segundo padrão de regex definido com sucesso!
2022-04-25 04:15:14,322 - Utils.utils - INFO - Requisição <<GET>> realizada com sucesso, status code: 200
2022-04-25 04:15:14,323 - thots.thot_parse - INFO - Usando método alternativo para encontrar a quantidade de videos.
2022-04-25 04:15:14,550 - Utils.utils - INFO - Requisição <<GET>> realizada com sucesso, status code: 200
2022-04-25 04:15:14,551 - thots.thot_parse - INFO - Foi encontrado um total de : 0 videos restantes.
2022-04-25 04:15:14,552 - thots.thots - WARNING - ---------------| barbaracastroo - Fim da lista de videos.
2022-04-25 04:15:14,552 - thots.thots - WARNING - ---------------| Iniciando tarefa bellacasada, 4 de 17
2022-04-25 04:15:14,552 - thots.thot_parse - INFO - Definindo o padrão de regex...
2022-04-25 04:15:14,777 - Utils.utils - INFO - Requisição <<GET>> realizada com sucesso, status code: 200
2022-04-25 04:15:14,778 - thots.thot_parse - INFO - Segundo padrão de regex definido com sucesso!
2022-04-25 04:15:14,891 - Utils.utils - INFO - Requisição <<GET>> realizada com sucesso, status code: 200
2022-04-25 04:15:14,893 - thots.thot_parse - INFO - Usando método alternativo para encontrar a quantidade de videos.
2022-04-25 04:15:15,007 - Utils.utils - INFO - Requisição <<GET>> realizada com sucesso, status code: 200
2022-04-25 04:15:15,153 - Utils.utils - INFO - Requisição <<GET>> realizada com sucesso, status code: 200
2022-04-25 04:15:15,349 - Utils.utils - INFO - Requisição <<GET>> realizada com sucesso, status code: 200
2022-04-25 04:15:15,478 - Utils.utils - INFO - Requisição <<GET>> realizada com sucesso, status code: 200
2022-04-25 04:15:15,615 - Utils.utils - INFO - Requisição <<GET>> realizada com sucesso, status code: 200
2022-04-25 04:15:15,774 - Utils.utils - INFO - Requisição <<GET>> realizada com sucesso, status code: 200
2022-04-25 04:15:15,778 - thots.thot_parse - INFO - Foi encontrado um total de : 0 videos restantes.
2022-04-25 04:15:15,779 - thots.thots - WARNING - ---------------| bellacasada - Fim da lista de videos.
2022-04-25 04:15:15,779 - thots.thots - WARNING - ---------------| Iniciando tarefa casalruivaecornooficial, 5 de 17
2022-04-25 04:15:15,780 - thots.thot_parse - INFO - Definindo o padrão de regex...
2022-04-25 04:15:15,947 - Utils.utils - INFO - Requisição <<GET>> realizada com sucesso, status code: 200
2022-04-25 04:15:15,948 - thots.thot_parse - INFO - Segundo padrão de regex definido com sucesso!
2022-04-25 04:15:16,112 - Utils.utils - INFO - Requisição <<GET>> realizada com sucesso, status code: 200
2022-04-25 04:15:16,114 - thots.thot_parse - INFO - Usando método alternativo para encontrar a quantidade de videos.
2022-04-25 04:15:16,258 - Utils.utils - INFO - Requisição <<GET>> realizada com sucesso, status code: 200
2022-04-25 04:15:16,380 - Utils.utils - INFO - Requisição <<GET>> realizada com sucesso, status code: 200
2022-04-25 04:15:16,518 - Utils.utils - INFO - Requisição <<GET>> realizada com sucesso, status code: 200
2022-04-25 04:15:16,660 - Utils.utils - INFO - Requisição <<GET>> realizada com sucesso, status code: 200
2022-04-25 04:15:16,772 - Utils.utils - INFO - Requisição <<GET>> realizada com sucesso, status code: 200
2022-04-25 04:15:16,909 - Utils.utils - INFO - Requisição <<GET>> realizada com sucesso, status code: 200
2022-04-25 04:15:16,914 - thots.thot_parse - INFO - Foi encontrado um total de : 0 videos restantes.
2022-04-25 04:15:16,914 - thots.thots - WARNING - ---------------| casalruivaecornooficial - Fim da lista de videos.
2022-04-25 04:15:16,914 - thots.thots - WARNING - ---------------| Iniciando tarefa casaltopbessa, 6 de 17
2022-04-25 04:15:16,914 - thots.thot_parse - INFO - Definindo o padrão de regex...
2022-04-25 04:15:17,025 - Utils.utils - INFO - Requisição <<GET>> realizada com sucesso, status code: 200
2022-04-25 04:15:17,025 - thots.thot_parse - INFO - Segundo padrão de regex definido com sucesso!
2022-04-25 04:15:17,323 - Utils.utils - INFO - Requisição <<GET>> realizada com sucesso, status code: 200
2022-04-25 04:15:17,325 - thots.thot_parse - INFO - Usando método alternativo para encontrar a quantidade de videos.
2022-04-25 04:15:17,446 - Utils.utils - INFO - Requisição <<GET>> realizada com sucesso, status code: 200
2022-04-25 04:15:17,555 - Utils.utils - INFO - Requisição <<GET>> realizada com sucesso, status code: 200
2022-04-25 04:15:17,556 - thots.thot_parse - INFO - Foi encontrado um total de : 0 videos restantes.
2022-04-25 04:15:17,556 - thots.thots - WARNING - ---------------| casaltopbessa - Fim da lista de videos.
2022-04-25 04:15:17,556 - thots.thots - WARNING - ---------------| Iniciando tarefa elaquer, 7 de 17
2022-04-25 04:15:17,556 - thots.thot_parse - INFO - Definindo o padrão de regex...
2022-04-25 04:15:17,673 - Utils.utils - INFO - Requisição <<GET>> realizada com sucesso, status code: 200
2022-04-25 04:15:17,674 - thots.thot_parse - INFO - Segundo padrão de regex definido com sucesso!
2022-04-25 04:15:17,814 - Utils.utils - INFO - Requisição <<GET>> realizada com sucesso, status code: 200
2022-04-25 04:15:17,815 - thots.thot_parse - INFO - Usando método alternativo para encontrar a quantidade de videos.
2022-04-25 04:15:17,954 - Utils.utils - INFO - Requisição <<GET>> realizada com sucesso, status code: 200
2022-04-25 04:15:18,074 - Utils.utils - INFO - Requisição <<GET>> realizada com sucesso, status code: 200
2022-04-25 04:15:18,192 - Utils.utils - INFO - Requisição <<GET>> realizada com sucesso, status code: 200
2022-04-25 04:15:18,304 - Utils.utils - INFO - Requisição <<GET>> realizada com sucesso, status code: 200
2022-04-25 04:15:18,306 - thots.thot_parse - INFO - Foi encontrado um total de : 0 videos restantes.
2022-04-25 04:15:18,306 - thots.thots - WARNING - ---------------| elaquer - Fim da lista de videos.
2022-04-25 04:15:18,306 - thots.thots - WARNING - ---------------| Iniciando tarefa emilysales, 8 de 17
2022-04-25 04:15:18,306 - thots.thot_parse - INFO - Definindo o padrão de regex...
2022-04-25 04:15:18,445 - Utils.utils - INFO - Requisição <<GET>> realizada com sucesso, status code: 200
2022-04-25 04:15:18,446 - thots.thot_parse - INFO - Segundo padrão de regex definido com sucesso!
2022-04-25 04:15:18,584 - Utils.utils - INFO - Requisição <<GET>> realizada com sucesso, status code: 200
2022-04-25 04:15:18,586 - thots.thot_parse - INFO - Usando método alternativo para encontrar a quantidade de videos.
2022-04-25 04:15:18,691 - Utils.utils - INFO - Requisição <<GET>> realizada com sucesso, status code: 200
2022-04-25 04:15:18,817 - Utils.utils - INFO - Requisição <<GET>> realizada com sucesso, status code: 200
2022-04-25 04:15:18,944 - Utils.utils - INFO - Requisição <<GET>> realizada com sucesso, status code: 200
2022-04-25 04:15:19,070 - Utils.utils - INFO - Requisição <<GET>> realizada com sucesso, status code: 200
2022-04-25 04:15:19,189 - Utils.utils - INFO - Requisição <<GET>> realizada com sucesso, status code: 200
2022-04-25 04:15:19,191 - thots.thot_parse - INFO - Foi encontrado um total de : 0 videos restantes.
2022-04-25 04:15:19,191 - thots.thots - WARNING - ---------------| emilysales - Fim da lista de videos.
2022-04-25 04:15:19,191 - thots.thots - WARNING - ---------------| Iniciando tarefa esposagulosinha, 9 de 17
2022-04-25 04:15:19,191 - thots.thot_parse - INFO - Definindo o padrão de regex...
2022-04-25 04:15:19,456 - Utils.utils - INFO - Requisição <<GET>> realizada com sucesso, status code: 200
2022-04-25 04:15:19,457 - thots.thot_parse - INFO - Segundo padrão de regex definido com sucesso!
2022-04-25 04:15:19,644 - Utils.utils - INFO - Requisição <<GET>> realizada com sucesso, status code: 200
2022-04-25 04:15:19,647 - thots.thot_parse - INFO - Usando método alternativo para encontrar a quantidade de videos.
2022-04-25 04:15:19,764 - Utils.utils - INFO - Requisição <<GET>> realizada com sucesso, status code: 200
2022-04-25 04:15:19,936 - Utils.utils - INFO - Requisição <<GET>> realizada com sucesso, status code: 200
2022-04-25 04:15:20,047 - Utils.utils - INFO - Requisição <<GET>> realizada com sucesso, status code: 200
2022-04-25 04:15:20,151 - Utils.utils - INFO - Requisição <<GET>> realizada com sucesso, status code: 200
2022-04-25 04:15:20,265 - Utils.utils - INFO - Requisição <<GET>> realizada com sucesso, status code: 200
2022-04-25 04:15:20,373 - Utils.utils - INFO - Requisição <<GET>> realizada com sucesso, status code: 200
2022-04-25 04:15:20,483 - Utils.utils - INFO - Requisição <<GET>> realizada com sucesso, status code: 200
2022-04-25 04:15:20,597 - Utils.utils - INFO - Requisição <<GET>> realizada com sucesso, status code: 200
2022-04-25 04:15:20,607 - thots.thot_parse - INFO - Foi encontrado um total de : 0 videos restantes.
2022-04-25 04:15:20,607 - thots.thots - WARNING - ---------------| esposagulosinha - Fim da lista de videos.
2022-04-25 04:15:20,607 - thots.thots - WARNING - ---------------| Iniciando tarefa fabioeanaes, 10 de 17
2022-04-25 04:15:20,607 - thots.thot_parse - INFO - Definindo o padrão de regex...
2022-04-25 04:15:20,861 - Utils.utils - INFO - Requisição <<GET>> realizada com sucesso, status code: 200
2022-04-25 04:15:20,862 - thots.thot_parse - INFO - Segundo padrão de regex definido com sucesso!
2022-04-25 04:15:20,975 - Utils.utils - INFO - Requisição <<GET>> realizada com sucesso, status code: 200
2022-04-25 04:15:20,978 - thots.thot_parse - INFO - Usando método alternativo para encontrar a quantidade de videos.
2022-04-25 04:15:21,145 - Utils.utils - INFO - Requisição <<GET>> realizada com sucesso, status code: 200
2022-04-25 04:15:21,251 - Utils.utils - INFO - Requisição <<GET>> realizada com sucesso, status code: 200
2022-04-25 04:15:21,369 - Utils.utils - INFO - Requisição <<GET>> realizada com sucesso, status code: 200
2022-04-25 04:15:21,528 - Utils.utils - INFO - Requisição <<GET>> realizada com sucesso, status code: 200
2022-04-25 04:15:21,677 - Utils.utils - INFO - Requisição <<GET>> realizada com sucesso, status code: 200
2022-04-25 04:15:21,681 - thots.thot_parse - INFO - Foi encontrado um total de : 0 videos restantes.
2022-04-25 04:15:21,682 - thots.thots - WARNING - ---------------| fabioeanaes - Fim da lista de videos.
2022-04-25 04:15:21,682 - thots.thots - WARNING - ---------------| Iniciando tarefa helenafilmes, 11 de 17
2022-04-25 04:15:21,682 - thots.thot_parse - INFO - Definindo o padrão de regex...
2022-04-25 04:15:21,847 - Utils.utils - INFO - Requisição <<GET>> realizada com sucesso, status code: 200
2022-04-25 04:15:21,848 - thots.thot_parse - INFO - Segundo padrão de regex definido com sucesso!
2022-04-25 04:15:21,959 - Utils.utils - INFO - Requisição <<GET>> realizada com sucesso, status code: 200
2022-04-25 04:15:21,962 - thots.thot_parse - INFO - Usando método alternativo para encontrar a quantidade de videos.
2022-04-25 04:15:22,141 - Utils.utils - INFO - Requisição <<GET>> realizada com sucesso, status code: 200
2022-04-25 04:15:22,311 - Utils.utils - INFO - Requisição <<GET>> realizada com sucesso, status code: 200
2022-04-25 04:15:22,312 - thots.thot_parse - INFO - Foi encontrado um total de : 0 videos restantes.
2022-04-25 04:15:22,312 - thots.thots - WARNING - ---------------| helenafilmes - Fim da lista de videos.
2022-04-25 04:15:22,313 - thots.thots - WARNING - ---------------| Iniciando tarefa lualencar11, 12 de 17
2022-04-25 04:15:22,313 - thots.thot_parse - INFO - Definindo o padrão de regex...
2022-04-25 04:15:22,428 - Utils.utils - INFO - Requisição <<GET>> realizada com sucesso, status code: 200
2022-04-25 04:15:22,429 - thots.thot_parse - INFO - Segundo padrão de regex definido com sucesso!
2022-04-25 04:15:22,576 - Utils.utils - INFO - Requisição <<GET>> realizada com sucesso, status code: 200
2022-04-25 04:15:22,578 - thots.thot_parse - INFO - Usando método alternativo para encontrar a quantidade de videos.
2022-04-25 04:15:22,689 - Utils.utils - INFO - Requisição <<GET>> realizada com sucesso, status code: 200
2022-04-25 04:15:22,690 - thots.thot_parse - INFO - Foi encontrado um total de : 0 videos restantes.
2022-04-25 04:15:22,691 - thots.thots - WARNING - ---------------| lualencar11 - Fim da lista de videos.
2022-04-25 04:15:22,692 - thots.thots - WARNING - ---------------| Iniciando tarefa melissadias, 13 de 17
2022-04-25 04:15:22,692 - thots.thot_parse - INFO - Definindo o padrão de regex...
2022-04-25 04:15:22,856 - Utils.utils - INFO - Requisição <<GET>> realizada com sucesso, status code: 200
2022-04-25 04:15:22,857 - thots.thot_parse - INFO - Segundo padrão de regex definido com sucesso!
2022-04-25 04:15:23,053 - Utils.utils - INFO - Requisição <<GET>> realizada com sucesso, status code: 200
2022-04-25 04:15:23,056 - thots.thot_parse - INFO - Usando método alternativo para encontrar a quantidade de videos.
2022-04-25 04:15:23,192 - Utils.utils - INFO - Requisição <<GET>> realizada com sucesso, status code: 200
2022-04-25 04:15:23,379 - Utils.utils - INFO - Requisição <<GET>> realizada com sucesso, status code: 200
2022-04-25 04:15:23,495 - Utils.utils - INFO - Requisição <<GET>> realizada com sucesso, status code: 200
2022-04-25 04:15:23,646 - Utils.utils - INFO - Requisição <<GET>> realizada com sucesso, status code: 200
2022-04-25 04:15:23,763 - Utils.utils - INFO - Requisição <<GET>> realizada com sucesso, status code: 200
2022-04-25 04:15:23,877 - Utils.utils - INFO - Requisição <<GET>> realizada com sucesso, status code: 200
2022-04-25 04:15:24,034 - Utils.utils - INFO - Requisição <<GET>> realizada com sucesso, status code: 200
2022-04-25 04:15:24,038 - thots.thot_parse - INFO - Foi encontrado um total de : 0 videos restantes.
2022-04-25 04:15:24,039 - thots.thots - WARNING - ---------------| melissadias - Fim da lista de videos.
2022-04-25 04:15:24,039 - thots.thots - WARNING - ---------------| Iniciando tarefa nicoleballs_trans, 14 de 17
2022-04-25 04:15:24,039 - thots.thot_parse - INFO - Definindo o padrão de regex...
2022-04-25 04:15:24,213 - Utils.utils - INFO - Requisição <<GET>> realizada com sucesso, status code: 200
2022-04-25 04:15:24,214 - thots.thot_parse - INFO - Segundo padrão de regex definido com sucesso!
2022-04-25 04:15:24,333 - Utils.utils - INFO - Requisição <<GET>> realizada com sucesso, status code: 200
2022-04-25 04:15:24,334 - thots.thot_parse - INFO - Usando método alternativo para encontrar a quantidade de videos.
2022-04-25 04:15:24,490 - Utils.utils - INFO - Requisição <<GET>> realizada com sucesso, status code: 200
2022-04-25 04:15:24,600 - Utils.utils - INFO - Requisição <<GET>> realizada com sucesso, status code: 200
2022-04-25 04:15:24,601 - thots.thot_parse - INFO - Foi encontrado um total de : 0 videos restantes.
2022-04-25 04:15:24,601 - thots.thots - WARNING - ---------------| nicoleballs_trans - Fim da lista de videos.
2022-04-25 04:15:24,601 - thots.thots - WARNING - ---------------| Iniciando tarefa nikkecasada, 15 de 17
2022-04-25 04:15:24,602 - thots.thot_parse - INFO - Definindo o padrão de regex...
2022-04-25 04:15:24,764 - Utils.utils - INFO - Requisição <<GET>> realizada com sucesso, status code: 200
2022-04-25 04:15:24,764 - thots.thot_parse - INFO - Segundo padrão de regex definido com sucesso!
2022-04-25 04:15:24,887 - Utils.utils - INFO - Requisição <<GET>> realizada com sucesso, status code: 200
2022-04-25 04:15:24,890 - thots.thot_parse - INFO - Usando método alternativo para encontrar a quantidade de videos.
2022-04-25 04:15:25,055 - Utils.utils - INFO - Requisição <<GET>> realizada com sucesso, status code: 200
2022-04-25 04:15:25,181 - Utils.utils - INFO - Requisição <<GET>> realizada com sucesso, status code: 200
2022-04-25 04:15:25,295 - Utils.utils - INFO - Requisição <<GET>> realizada com sucesso, status code: 200
2022-04-25 04:15:25,410 - Utils.utils - INFO - Requisição <<GET>> realizada com sucesso, status code: 200
2022-04-25 04:15:25,522 - Utils.utils - INFO - Requisição <<GET>> realizada com sucesso, status code: 200
2022-04-25 04:15:25,525 - thots.thot_parse - INFO - Foi encontrado um total de : 0 videos restantes.
2022-04-25 04:15:25,525 - thots.thots - WARNING - ---------------| nikkecasada - Fim da lista de videos.
2022-04-25 04:15:25,526 - thots.thots - WARNING - ---------------| Iniciando tarefa tatycasadinha, 16 de 17
2022-04-25 04:15:25,670 - thots.thots - WARNING - ---------------| tatycasadinha - Fim da lista de videos.
2022-04-25 04:15:25,671 - thots.thots - WARNING - ---------------| Iniciando tarefa vidasafada, 17 de 17
2022-04-25 04:15:25,671 - thots.thot_parse - INFO - Definindo o padrão de regex...
2022-04-25 04:15:25,932 - Utils.utils - INFO - Requisição <<GET>> realizada com sucesso, status code: 200
2022-04-25 04:15:25,933 - thots.thot_parse - INFO - Segundo padrão de regex definido com sucesso!
2022-04-25 04:15:26,088 - Utils.utils - INFO - Requisição <<GET>> realizada com sucesso, status code: 200
2022-04-25 04:15:26,091 - thots.thot_parse - INFO - Usando método alternativo para encontrar a quantidade de videos.
2022-04-25 04:15:26,375 - Utils.utils - INFO - Requisição <<GET>> realizada com sucesso, status code: 200
2022-04-25 04:15:26,613 - Utils.utils - INFO - Requisição <<GET>> realizada com sucesso, status code: 200
2022-04-25 04:15:26,730 - Utils.utils - INFO - Requisição <<GET>> realizada com sucesso, status code: 200
2022-04-25 04:15:26,850 - Utils.utils - INFO - Requisição <<GET>> realizada com sucesso, status code: 200
2022-04-25 04:15:26,960 - Utils.utils - INFO - Requisição <<GET>> realizada com sucesso, status code: 200
2022-04-25 04:15:27,076 - Utils.utils - INFO - Requisição <<GET>> realizada com sucesso, status code: 200
2022-04-25 04:15:27,080 - thots.thot_parse - INFO - Foi encontrado um total de : 0 videos restantes.
2022-04-25 04:15:27,080 - thots.thots - WARNING - ---------------| vidasafada - Fim da lista de videos.
2022-04-25 04:15:27,081 - __main__ - INFO - Fazendo backup dos IDs na API backup...
2022-04-25 04:15:27,082 - __main__ - INFO - Salvando ID's da API localmente....
2022-04-25 04:15:27,379 - Utils.utils - INFO - Requisição <<GET>> realizada com sucesso, status code: 200
2022-04-25 04:15:27,976 - Utils.utils - INFO - Requisição <<GET>> realizada com sucesso, status code: 200
