2022-04-27 00:34:44,032 - Utils.utils - INFO - Ambiente de produção ativado
2022-04-27 00:34:44,238 - Utils.utils - INFO - Requisição <<GET>> realizada com sucesso, status code: 200
2022-04-27 00:34:44,280 - __main__ - INFO - Checando thotsbay forum...
2022-04-27 00:34:44,281 - Utils.thotshub - INFO - Autorizando...
2022-04-27 00:34:44,423 - Utils.utils - INFO - Requisição <<GET>> realizada com sucesso, status code: 200
2022-04-27 00:34:45,305 - Utils.utils - INFO - Requisição <<POST>> realizada com sucesso, status code: 200
2022-04-27 00:34:45,307 - Utils.thotshub - INFO - Autorizado
2022-04-27 00:34:45,307 - Utils.thotshub - INFO - Logado no thotsbay com sucesso.
2022-04-27 00:34:45,308 - __main__ - INFO - Checando colab...
2022-04-27 00:34:45,308 - Utils.utils - INFO - COLAB enviorement not detected
2022-04-27 00:34:45,308 - __main__ - INFO - Checando config...
2022-04-27 00:34:46,051 - Utils.utils - INFO - Requisição <<GET>> realizada com sucesso, status code: 200
2022-04-27 00:34:47,053 - __main__ - INFO - Checando ids...
2022-04-27 00:34:47,359 - Utils.utils - INFO - Requisição <<GET>> realizada com sucesso, status code: 200
2022-04-27 00:34:47,360 - thots.thots - WARNING - ---------------| Iniciando tarefa afroditehotwife, 1 de 17
2022-04-27 00:34:47,361 - thots.thot_parse - INFO - Definindo o padrão de regex...
2022-04-27 00:34:47,612 - Utils.utils - INFO - Requisição <<GET>> realizada com sucesso, status code: 200
2022-04-27 00:34:47,614 - thots.thot_parse - INFO - Segundo padrão de regex definido com sucesso!
2022-04-27 00:34:47,802 - Utils.utils - INFO - Requisição <<GET>> realizada com sucesso, status code: 200
2022-04-27 00:34:47,805 - thots.thot_parse - INFO - Usando método alternativo para encontrar a quantidade de videos.
2022-04-27 00:34:47,991 - Utils.utils - INFO - Requisição <<GET>> realizada com sucesso, status code: 200
2022-04-27 00:34:48,206 - Utils.utils - INFO - Requisição <<GET>> realizada com sucesso, status code: 200
2022-04-27 00:34:48,328 - Utils.utils - INFO - Requisição <<GET>> realizada com sucesso, status code: 200
2022-04-27 00:34:48,447 - Utils.utils - INFO - Requisição <<GET>> realizada com sucesso, status code: 200
2022-04-27 00:34:48,565 - Utils.utils - INFO - Requisição <<GET>> realizada com sucesso, status code: 200
2022-04-27 00:34:48,751 - Utils.utils - INFO - Requisição <<GET>> realizada com sucesso, status code: 200
2022-04-27 00:34:48,892 - Utils.utils - INFO - Requisição <<GET>> realizada com sucesso, status code: 200
2022-04-27 00:34:49,005 - Utils.utils - INFO - Requisição <<GET>> realizada com sucesso, status code: 200
2022-04-27 00:34:49,121 - Utils.utils - INFO - Requisição <<GET>> realizada com sucesso, status code: 200
2022-04-27 00:34:49,238 - Utils.utils - INFO - Requisição <<GET>> realizada com sucesso, status code: 200
2022-04-27 00:34:49,353 - Utils.utils - INFO - Requisição <<GET>> realizada com sucesso, status code: 200
2022-04-27 00:34:49,478 - Utils.utils - INFO - Requisição <<GET>> realizada com sucesso, status code: 200
2022-04-27 00:34:49,598 - Utils.utils - INFO - Requisição <<GET>> realizada com sucesso, status code: 200
2022-04-27 00:34:49,752 - Utils.utils - INFO - Requisição <<GET>> realizada com sucesso, status code: 200
2022-04-27 00:34:49,768 - thots.thot_parse - INFO - Foi encontrado um total de : 0 videos restantes.
2022-04-27 00:34:49,769 - thots.thots - WARNING - ---------------| afroditehotwife - Fim da lista de videos.
2022-04-27 00:34:49,769 - thots.thots - WARNING - ---------------| Iniciando tarefa agathalira, 2 de 17
2022-04-27 00:34:49,769 - thots.thot_parse - INFO - Definindo o padrão de regex...
2022-04-27 00:34:50,163 - Utils.utils - INFO - Requisição <<GET>> realizada com sucesso, status code: 200
2022-04-27 00:34:50,163 - thots.thot_parse - INFO - Primeiro padrão de regex definido com sucesso!
2022-04-27 00:34:50,407 - Utils.utils - INFO - Requisição <<GET>> realizada com sucesso, status code: 200
2022-04-27 00:34:50,410 - thots.thot_parse - INFO - Usando método alternativo para encontrar a quantidade de videos.
2022-04-27 00:34:50,639 - Utils.utils - INFO - Requisição <<GET>> realizada com sucesso, status code: 200
2022-04-27 00:34:50,874 - Utils.utils - INFO - Requisição <<GET>> realizada com sucesso, status code: 200
2022-04-27 00:34:51,105 - Utils.utils - INFO - Requisição <<GET>> realizada com sucesso, status code: 200
2022-04-27 00:34:51,338 - Utils.utils - INFO - Requisição <<GET>> realizada com sucesso, status code: 200
2022-04-27 00:34:51,612 - Utils.utils - INFO - Requisição <<GET>> realizada com sucesso, status code: 200
2022-04-27 00:34:51,870 - Utils.utils - INFO - Requisição <<GET>> realizada com sucesso, status code: 200
2022-04-27 00:34:52,258 - Utils.utils - INFO - Requisição <<GET>> realizada com sucesso, status code: 200
2022-04-27 00:34:52,486 - Utils.utils - INFO - Requisição <<GET>> realizada com sucesso, status code: 200
2022-04-27 00:34:52,735 - Utils.utils - INFO - Requisição <<GET>> realizada com sucesso, status code: 200
2022-04-27 00:34:53,021 - Utils.utils - INFO - Requisição <<GET>> realizada com sucesso, status code: 200
2022-04-27 00:34:53,325 - Utils.utils - INFO - Requisição <<GET>> realizada com sucesso, status code: 200
2022-04-27 00:34:53,881 - Utils.utils - INFO - Requisição <<GET>> realizada com sucesso, status code: 200
2022-04-27 00:34:54,127 - Utils.utils - INFO - Requisição <<GET>> realizada com sucesso, status code: 200
2022-04-27 00:34:54,141 - thots.thot_parse - INFO - Foi encontrado um total de : 0 videos restantes.
2022-04-27 00:34:54,141 - thots.thots - WARNING - ---------------| agathalira - Fim da lista de videos.
2022-04-27 00:34:54,141 - thots.thots - WARNING - ---------------| Iniciando tarefa barbaracastroo, 3 de 17
2022-04-27 00:34:54,141 - thots.thot_parse - INFO - Definindo o padrão de regex...
2022-04-27 00:34:54,599 - Utils.utils - INFO - Requisição <<GET>> realizada com sucesso, status code: 200
2022-04-27 00:34:54,600 - thots.thot_parse - INFO - Segundo padrão de regex definido com sucesso!
2022-04-27 00:34:54,904 - Utils.utils - INFO - Requisição <<GET>> realizada com sucesso, status code: 200
2022-04-27 00:34:54,907 - thots.thot_parse - INFO - Usando método alternativo para encontrar a quantidade de videos.
2022-04-27 00:34:55,143 - Utils.utils - INFO - Requisição <<GET>> realizada com sucesso, status code: 200
2022-04-27 00:34:55,144 - thots.thot_parse - INFO - Foi encontrado um total de : 0 videos restantes.
2022-04-27 00:34:55,145 - thots.thots - WARNING - ---------------| barbaracastroo - Fim da lista de videos.
2022-04-27 00:34:55,145 - thots.thots - WARNING - ---------------| Iniciando tarefa bellacasada, 4 de 17
2022-04-27 00:34:55,146 - thots.thot_parse - INFO - Definindo o padrão de regex...
2022-04-27 00:34:55,851 - Utils.utils - INFO - Requisição <<GET>> realizada com sucesso, status code: 200
2022-04-27 00:34:55,853 - thots.thot_parse - INFO - Segundo padrão de regex definido com sucesso!
2022-04-27 00:34:56,216 - Utils.utils - INFO - Requisição <<GET>> realizada com sucesso, status code: 200
2022-04-27 00:34:56,218 - thots.thot_parse - INFO - Usando método alternativo para encontrar a quantidade de videos.
2022-04-27 00:34:56,460 - Utils.utils - INFO - Requisição <<GET>> realizada com sucesso, status code: 200
2022-04-27 00:34:56,730 - Utils.utils - INFO - Requisição <<GET>> realizada com sucesso, status code: 200
2022-04-27 00:34:56,991 - Utils.utils - INFO - Requisição <<GET>> realizada com sucesso, status code: 200
2022-04-27 00:34:57,241 - Utils.utils - INFO - Requisição <<GET>> realizada com sucesso, status code: 200
2022-04-27 00:34:57,511 - Utils.utils - INFO - Requisição <<GET>> realizada com sucesso, status code: 200
2022-04-27 00:34:57,781 - Utils.utils - INFO - Requisição <<GET>> realizada com sucesso, status code: 200
2022-04-27 00:34:57,786 - thots.thot_parse - INFO - Foi encontrado um total de : 0 videos restantes.
2022-04-27 00:34:57,786 - thots.thots - WARNING - ---------------| bellacasada - Fim da lista de videos.
2022-04-27 00:34:57,786 - thots.thots - WARNING - ---------------| Iniciando tarefa casalruivaecornooficial, 5 de 17
2022-04-27 00:34:57,787 - thots.thot_parse - INFO - Definindo o padrão de regex...
2022-04-27 00:34:57,901 - Utils.utils - INFO - Requisição <<GET>> realizada com sucesso, status code: 200
2022-04-27 00:34:57,902 - thots.thot_parse - INFO - Segundo padrão de regex definido com sucesso!
2022-04-27 00:34:58,024 - Utils.utils - INFO - Requisição <<GET>> realizada com sucesso, status code: 200
2022-04-27 00:34:58,027 - thots.thot_parse - INFO - Usando método alternativo para encontrar a quantidade de videos.
2022-04-27 00:34:58,160 - Utils.utils - INFO - Requisição <<GET>> realizada com sucesso, status code: 200
2022-04-27 00:34:58,378 - Utils.utils - INFO - Requisição <<GET>> realizada com sucesso, status code: 200
2022-04-27 00:34:58,532 - Utils.utils - INFO - Requisição <<GET>> realizada com sucesso, status code: 200
2022-04-27 00:34:58,671 - Utils.utils - INFO - Requisição <<GET>> realizada com sucesso, status code: 200
2022-04-27 00:34:58,804 - Utils.utils - INFO - Requisição <<GET>> realizada com sucesso, status code: 200
2022-04-27 00:34:58,935 - Utils.utils - INFO - Requisição <<GET>> realizada com sucesso, status code: 200
2022-04-27 00:34:58,939 - thots.thot_parse - INFO - Foi encontrado um total de : 0 videos restantes.
2022-04-27 00:34:58,939 - thots.thots - WARNING - ---------------| casalruivaecornooficial - Fim da lista de videos.
2022-04-27 00:34:58,939 - thots.thots - WARNING - ---------------| Iniciando tarefa casaltopbessa, 6 de 17
2022-04-27 00:34:58,939 - thots.thot_parse - INFO - Definindo o padrão de regex...
2022-04-27 00:34:59,085 - Utils.utils - INFO - Requisição <<GET>> realizada com sucesso, status code: 200
2022-04-27 00:34:59,086 - thots.thot_parse - INFO - Segundo padrão de regex definido com sucesso!
2022-04-27 00:34:59,197 - Utils.utils - INFO - Requisição <<GET>> realizada com sucesso, status code: 200
2022-04-27 00:34:59,199 - thots.thot_parse - INFO - Usando método alternativo para encontrar a quantidade de videos.
2022-04-27 00:34:59,317 - Utils.utils - INFO - Requisição <<GET>> realizada com sucesso, status code: 200
2022-04-27 00:34:59,427 - Utils.utils - INFO - Requisição <<GET>> realizada com sucesso, status code: 200
2022-04-27 00:34:59,429 - thots.thot_parse - INFO - Foi encontrado um total de : 0 videos restantes.
2022-04-27 00:34:59,430 - thots.thots - WARNING - ---------------| casaltopbessa - Fim da lista de videos.
2022-04-27 00:34:59,430 - thots.thots - WARNING - ---------------| Iniciando tarefa elaquer, 7 de 17
2022-04-27 00:34:59,430 - thots.thot_parse - INFO - Definindo o padrão de regex...
2022-04-27 00:34:59,574 - Utils.utils - INFO - Requisição <<GET>> realizada com sucesso, status code: 200
2022-04-27 00:34:59,575 - thots.thot_parse - INFO - Segundo padrão de regex definido com sucesso!
2022-04-27 00:34:59,713 - Utils.utils - INFO - Requisição <<GET>> realizada com sucesso, status code: 200
2022-04-27 00:34:59,716 - thots.thot_parse - INFO - Usando método alternativo para encontrar a quantidade de videos.
2022-04-27 00:34:59,845 - Utils.utils - INFO - Requisição <<GET>> realizada com sucesso, status code: 200
2022-04-27 00:34:59,953 - Utils.utils - INFO - Requisição <<GET>> realizada com sucesso, status code: 200
2022-04-27 00:35:00,196 - Utils.utils - INFO - Requisição <<GET>> realizada com sucesso, status code: 200
2022-04-27 00:35:00,346 - Utils.utils - INFO - Requisição <<GET>> realizada com sucesso, status code: 200
2022-04-27 00:35:00,349 - thots.thot_parse - INFO - Foi encontrado um total de : 0 videos restantes.
2022-04-27 00:35:00,349 - thots.thots - WARNING - ---------------| elaquer - Fim da lista de videos.
2022-04-27 00:35:00,349 - thots.thots - WARNING - ---------------| Iniciando tarefa emilysales, 8 de 17
2022-04-27 00:35:00,349 - thots.thot_parse - INFO - Definindo o padrão de regex...
2022-04-27 00:35:00,461 - Utils.utils - INFO - Requisição <<GET>> realizada com sucesso, status code: 200
2022-04-27 00:35:00,462 - thots.thot_parse - INFO - Segundo padrão de regex definido com sucesso!
2022-04-27 00:35:00,572 - Utils.utils - INFO - Requisição <<GET>> realizada com sucesso, status code: 200
2022-04-27 00:35:00,575 - thots.thot_parse - INFO - Usando método alternativo para encontrar a quantidade de videos.
2022-04-27 00:35:00,684 - Utils.utils - INFO - Requisição <<GET>> realizada com sucesso, status code: 200
2022-04-27 00:35:00,795 - Utils.utils - INFO - Requisição <<GET>> realizada com sucesso, status code: 200
2022-04-27 00:35:00,905 - Utils.utils - INFO - Requisição <<GET>> realizada com sucesso, status code: 200
2022-04-27 00:35:01,045 - Utils.utils - INFO - Requisição <<GET>> realizada com sucesso, status code: 200
2022-04-27 00:35:01,165 - Utils.utils - INFO - Requisição <<GET>> realizada com sucesso, status code: 200
2022-04-27 00:35:01,168 - thots.thot_parse - INFO - Foi encontrado um total de : 0 videos restantes.
2022-04-27 00:35:01,168 - thots.thots - WARNING - ---------------| emilysales - Fim da lista de videos.
2022-04-27 00:35:01,169 - thots.thots - WARNING - ---------------| Iniciando tarefa esposagulosinha, 9 de 17
2022-04-27 00:35:01,169 - thots.thot_parse - INFO - Definindo o padrão de regex...
2022-04-27 00:35:01,557 - Utils.utils - INFO - Requisição <<GET>> realizada com sucesso, status code: 200
2022-04-27 00:35:01,559 - thots.thot_parse - INFO - Segundo padrão de regex definido com sucesso!
2022-04-27 00:35:01,824 - Utils.utils - INFO - Requisição <<GET>> realizada com sucesso, status code: 200
2022-04-27 00:35:01,828 - thots.thot_parse - INFO - Usando método alternativo para encontrar a quantidade de videos.
2022-04-27 00:35:02,111 - Utils.utils - INFO - Requisição <<GET>> realizada com sucesso, status code: 200
2022-04-27 00:35:02,371 - Utils.utils - INFO - Requisição <<GET>> realizada com sucesso, status code: 200
2022-04-27 00:35:02,549 - Utils.utils - INFO - Requisição <<GET>> realizada com sucesso, status code: 200
2022-04-27 00:35:02,742 - Utils.utils - INFO - Requisição <<GET>> realizada com sucesso, status code: 200
2022-04-27 00:35:02,857 - Utils.utils - INFO - Requisição <<GET>> realizada com sucesso, status code: 200
2022-04-27 00:35:02,977 - Utils.utils - INFO - Requisição <<GET>> realizada com sucesso, status code: 200
2022-04-27 00:35:03,094 - Utils.utils - INFO - Requisição <<GET>> realizada com sucesso, status code: 200
2022-04-27 00:35:03,213 - Utils.utils - INFO - Requisição <<GET>> realizada com sucesso, status code: 200
2022-04-27 00:35:03,220 - thots.thot_parse - INFO - Foi encontrado um total de : 0 videos restantes.
2022-04-27 00:35:03,220 - thots.thots - WARNING - ---------------| esposagulosinha - Fim da lista de videos.
2022-04-27 00:35:03,221 - thots.thots - WARNING - ---------------| Iniciando tarefa fabioeanaes, 10 de 17
2022-04-27 00:35:03,221 - thots.thot_parse - INFO - Definindo o padrão de regex...
2022-04-27 00:35:03,541 - Utils.utils - INFO - Requisição <<GET>> realizada com sucesso, status code: 200
2022-04-27 00:35:03,542 - thots.thot_parse - INFO - Segundo padrão de regex definido com sucesso!
2022-04-27 00:35:03,724 - Utils.utils - INFO - Requisição <<GET>> realizada com sucesso, status code: 200
2022-04-27 00:35:03,726 - thots.thot_parse - INFO - Usando método alternativo para encontrar a quantidade de videos.
2022-04-27 00:35:03,910 - Utils.utils - INFO - Requisição <<GET>> realizada com sucesso, status code: 200
2022-04-27 00:35:04,142 - Utils.utils - INFO - Requisição <<GET>> realizada com sucesso, status code: 200
2022-04-27 00:35:04,332 - Utils.utils - INFO - Requisição <<GET>> realizada com sucesso, status code: 200
2022-04-27 00:35:04,458 - Utils.utils - INFO - Requisição <<GET>> realizada com sucesso, status code: 200
2022-04-27 00:35:04,658 - Utils.utils - INFO - Requisição <<GET>> realizada com sucesso, status code: 200
2022-04-27 00:35:04,660 - thots.thot_parse - INFO - Foi encontrado um total de : 0 videos restantes.
2022-04-27 00:35:04,660 - thots.thots - WARNING - ---------------| fabioeanaes - Fim da lista de videos.
2022-04-27 00:35:04,661 - thots.thots - WARNING - ---------------| Iniciando tarefa helenafilmes, 11 de 17
2022-04-27 00:35:04,662 - thots.thot_parse - INFO - Definindo o padrão de regex...
2022-04-27 00:35:04,858 - Utils.utils - INFO - Requisição <<GET>> realizada com sucesso, status code: 200
2022-04-27 00:35:04,859 - thots.thot_parse - INFO - Segundo padrão de regex definido com sucesso!
2022-04-27 00:35:04,978 - Utils.utils - INFO - Requisição <<GET>> realizada com sucesso, status code: 200
2022-04-27 00:35:04,982 - thots.thot_parse - INFO - Usando método alternativo para encontrar a quantidade de videos.
2022-04-27 00:35:05,123 - Utils.utils - INFO - Requisição <<GET>> realizada com sucesso, status code: 200
2022-04-27 00:35:05,250 - Utils.utils - INFO - Requisição <<GET>> realizada com sucesso, status code: 200
2022-04-27 00:35:05,251 - thots.thot_parse - INFO - Foi encontrado um total de : 0 videos restantes.
2022-04-27 00:35:05,252 - thots.thots - WARNING - ---------------| helenafilmes - Fim da lista de videos.
2022-04-27 00:35:05,252 - thots.thots - WARNING - ---------------| Iniciando tarefa lualencar11, 12 de 17
2022-04-27 00:35:05,252 - thots.thot_parse - INFO - Definindo o padrão de regex...
2022-04-27 00:35:05,435 - Utils.utils - INFO - Requisição <<GET>> realizada com sucesso, status code: 200
2022-04-27 00:35:05,436 - thots.thot_parse - INFO - Segundo padrão de regex definido com sucesso!
2022-04-27 00:35:05,546 - Utils.utils - INFO - Requisição <<GET>> realizada com sucesso, status code: 200
2022-04-27 00:35:05,549 - thots.thot_parse - INFO - Usando método alternativo para encontrar a quantidade de videos.
2022-04-27 00:35:05,667 - Utils.utils - INFO - Requisição <<GET>> realizada com sucesso, status code: 200
2022-04-27 00:35:05,668 - thots.thot_parse - INFO - Foi encontrado um total de : 0 videos restantes.
2022-04-27 00:35:05,668 - thots.thots - WARNING - ---------------| lualencar11 - Fim da lista de videos.
2022-04-27 00:35:05,668 - thots.thots - WARNING - ---------------| Iniciando tarefa melissadias, 13 de 17
2022-04-27 00:35:05,668 - thots.thot_parse - INFO - Definindo o padrão de regex...
2022-04-27 00:35:05,792 - Utils.utils - INFO - Requisição <<GET>> realizada com sucesso, status code: 200
2022-04-27 00:35:05,794 - thots.thot_parse - INFO - Segundo padrão de regex definido com sucesso!
2022-04-27 00:35:05,932 - Utils.utils - INFO - Requisição <<GET>> realizada com sucesso, status code: 200
2022-04-27 00:35:05,935 - thots.thot_parse - INFO - Usando método alternativo para encontrar a quantidade de videos.
2022-04-27 00:35:06,067 - Utils.utils - INFO - Requisição <<GET>> realizada com sucesso, status code: 200
2022-04-27 00:35:06,178 - Utils.utils - INFO - Requisição <<GET>> realizada com sucesso, status code: 200
2022-04-27 00:35:06,326 - Utils.utils - INFO - Requisição <<GET>> realizada com sucesso, status code: 200
2022-04-27 00:35:06,463 - Utils.utils - INFO - Requisição <<GET>> realizada com sucesso, status code: 200
2022-04-27 00:35:06,657 - Utils.utils - INFO - Requisição <<GET>> realizada com sucesso, status code: 200
2022-04-27 00:35:06,778 - Utils.utils - INFO - Requisição <<GET>> realizada com sucesso, status code: 200
2022-04-27 00:35:06,893 - Utils.utils - INFO - Requisição <<GET>> realizada com sucesso, status code: 200
2022-04-27 00:35:06,897 - thots.thot_parse - INFO - Foi encontrado um total de : 0 videos restantes.
2022-04-27 00:35:06,897 - thots.thots - WARNING - ---------------| melissadias - Fim da lista de videos.
2022-04-27 00:35:06,898 - thots.thots - WARNING - ---------------| Iniciando tarefa nicoleballs_trans, 14 de 17
2022-04-27 00:35:06,898 - thots.thot_parse - INFO - Definindo o padrão de regex...
2022-04-27 00:35:07,019 - Utils.utils - INFO - Requisição <<GET>> realizada com sucesso, status code: 200
2022-04-27 00:35:07,021 - thots.thot_parse - INFO - Segundo padrão de regex definido com sucesso!
2022-04-27 00:35:07,149 - Utils.utils - INFO - Requisição <<GET>> realizada com sucesso, status code: 200
2022-04-27 00:35:07,152 - thots.thot_parse - INFO - Usando método alternativo para encontrar a quantidade de videos.
2022-04-27 00:35:07,272 - Utils.utils - INFO - Requisição <<GET>> realizada com sucesso, status code: 200
2022-04-27 00:35:07,380 - Utils.utils - INFO - Requisição <<GET>> realizada com sucesso, status code: 200
2022-04-27 00:35:07,382 - thots.thot_parse - INFO - Foi encontrado um total de : 0 videos restantes.
2022-04-27 00:35:07,383 - thots.thots - WARNING - ---------------| nicoleballs_trans - Fim da lista de videos.
2022-04-27 00:35:07,384 - thots.thots - WARNING - ---------------| Iniciando tarefa nikkecasada, 15 de 17
2022-04-27 00:35:07,385 - thots.thot_parse - INFO - Definindo o padrão de regex...
2022-04-27 00:35:07,577 - Utils.utils - INFO - Requisição <<GET>> realizada com sucesso, status code: 200
2022-04-27 00:35:07,578 - thots.thot_parse - INFO - Segundo padrão de regex definido com sucesso!
2022-04-27 00:35:07,687 - Utils.utils - INFO - Requisição <<GET>> realizada com sucesso, status code: 200
2022-04-27 00:35:07,689 - thots.thot_parse - INFO - Usando método alternativo para encontrar a quantidade de videos.
2022-04-27 00:35:07,821 - Utils.utils - INFO - Requisição <<GET>> realizada com sucesso, status code: 200
2022-04-27 00:35:08,070 - Utils.utils - INFO - Requisição <<GET>> realizada com sucesso, status code: 200
2022-04-27 00:35:08,186 - Utils.utils - INFO - Requisição <<GET>> realizada com sucesso, status code: 200
2022-04-27 00:35:08,307 - Utils.utils - INFO - Requisição <<GET>> realizada com sucesso, status code: 200
2022-04-27 00:35:08,418 - Utils.utils - INFO - Requisição <<GET>> realizada com sucesso, status code: 200
2022-04-27 00:35:08,421 - thots.thot_parse - INFO - Foi encontrado um total de : 0 videos restantes.
2022-04-27 00:35:08,422 - thots.thots - WARNING - ---------------| nikkecasada - Fim da lista de videos.
2022-04-27 00:35:08,422 - thots.thots - WARNING - ---------------| Iniciando tarefa tatycasadinha, 16 de 17
2022-04-27 00:35:08,551 - thots.thots - WARNING - ---------------| tatycasadinha - Fim da lista de videos.
2022-04-27 00:35:08,551 - thots.thots - WARNING - ---------------| Iniciando tarefa vidasafada, 17 de 17
2022-04-27 00:35:08,552 - thots.thot_parse - INFO - Definindo o padrão de regex...
2022-04-27 00:35:08,736 - Utils.utils - INFO - Requisição <<GET>> realizada com sucesso, status code: 200
2022-04-27 00:35:08,737 - thots.thot_parse - INFO - Segundo padrão de regex definido com sucesso!
2022-04-27 00:35:08,867 - Utils.utils - INFO - Requisição <<GET>> realizada com sucesso, status code: 200
2022-04-27 00:35:08,870 - thots.thot_parse - INFO - Usando método alternativo para encontrar a quantidade de videos.
2022-04-27 00:35:08,992 - Utils.utils - INFO - Requisição <<GET>> realizada com sucesso, status code: 200
2022-04-27 00:35:09,122 - Utils.utils - INFO - Requisição <<GET>> realizada com sucesso, status code: 200
2022-04-27 00:35:09,284 - Utils.utils - INFO - Requisição <<GET>> realizada com sucesso, status code: 200
2022-04-27 00:35:09,412 - Utils.utils - INFO - Requisição <<GET>> realizada com sucesso, status code: 200
2022-04-27 00:35:09,530 - Utils.utils - INFO - Requisição <<GET>> realizada com sucesso, status code: 200
2022-04-27 00:35:09,657 - Utils.utils - INFO - Requisição <<GET>> realizada com sucesso, status code: 200
2022-04-27 00:35:09,660 - thots.thot_parse - INFO - Foi encontrado um total de : 0 videos restantes.
2022-04-27 00:35:09,660 - thots.thots - WARNING - ---------------| vidasafada - Fim da lista de videos.
2022-04-27 00:35:09,661 - __main__ - INFO - Fazendo backup dos IDs na API backup...
2022-04-27 00:35:09,661 - __main__ - INFO - Salvando ID's da API localmente....
2022-04-27 00:35:10,227 - Utils.utils - INFO - Requisição <<GET>> realizada com sucesso, status code: 200
2022-04-27 00:35:10,830 - Utils.utils - INFO - Requisição <<GET>> realizada com sucesso, status code: 200
2022-04-27 04:32:30,899 - Utils.utils - INFO - Ambiente de produção ativado
2022-04-27 04:32:31,225 - Utils.utils - INFO - Requisição <<GET>> realizada com sucesso, status code: 200
2022-04-27 04:32:31,270 - __main__ - INFO - Checando thotsbay forum...
2022-04-27 04:32:31,270 - Utils.thotshub - INFO - Autorizando...
2022-04-27 04:32:31,506 - Utils.utils - INFO - Requisição <<GET>> realizada com sucesso, status code: 200
2022-04-27 04:32:32,392 - Utils.utils - INFO - Requisição <<POST>> realizada com sucesso, status code: 200
2022-04-27 04:32:32,393 - Utils.thotshub - INFO - Autorizado
2022-04-27 04:32:32,393 - Utils.thotshub - INFO - Logado no thotsbay com sucesso.
2022-04-27 04:32:32,394 - __main__ - INFO - Checando colab...
2022-04-27 04:32:32,394 - Utils.utils - INFO - COLAB enviorement not detected
2022-04-27 04:32:32,394 - __main__ - INFO - Checando config...
2022-04-27 04:32:32,843 - Utils.utils - INFO - Requisição <<GET>> realizada com sucesso, status code: 200
2022-04-27 04:32:33,845 - __main__ - INFO - Checando ids...
2022-04-27 04:32:34,058 - Utils.utils - INFO - Requisição <<GET>> realizada com sucesso, status code: 200
2022-04-27 04:32:34,059 - thots.thots - WARNING - ---------------| Iniciando tarefa afroditehotwife, 1 de 17
2022-04-27 04:32:34,059 - thots.thot_parse - INFO - Definindo o padrão de regex...
2022-04-27 04:32:34,540 - Utils.utils - INFO - Requisição <<GET>> realizada com sucesso, status code: 200
2022-04-27 04:32:34,542 - thots.thot_parse - INFO - Segundo padrão de regex definido com sucesso!
2022-04-27 04:32:34,735 - Utils.utils - INFO - Requisição <<GET>> realizada com sucesso, status code: 200
2022-04-27 04:32:34,737 - thots.thot_parse - INFO - Usando método alternativo para encontrar a quantidade de videos.
2022-04-27 04:32:34,938 - Utils.utils - INFO - Requisição <<GET>> realizada com sucesso, status code: 200
2022-04-27 04:32:35,142 - Utils.utils - INFO - Requisição <<GET>> realizada com sucesso, status code: 200
2022-04-27 04:32:35,349 - Utils.utils - INFO - Requisição <<GET>> realizada com sucesso, status code: 200
2022-04-27 04:32:35,571 - Utils.utils - INFO - Requisição <<GET>> realizada com sucesso, status code: 200
2022-04-27 04:32:35,903 - Utils.utils - INFO - Requisição <<GET>> realizada com sucesso, status code: 200
2022-04-27 04:32:36,160 - Utils.utils - INFO - Requisição <<GET>> realizada com sucesso, status code: 200
2022-04-27 04:32:36,451 - Utils.utils - INFO - Requisição <<GET>> realizada com sucesso, status code: 200
2022-04-27 04:32:36,744 - Utils.utils - INFO - Requisição <<GET>> realizada com sucesso, status code: 200
2022-04-27 04:32:36,966 - Utils.utils - INFO - Requisição <<GET>> realizada com sucesso, status code: 200
2022-04-27 04:32:37,169 - Utils.utils - INFO - Requisição <<GET>> realizada com sucesso, status code: 200
2022-04-27 04:32:37,368 - Utils.utils - INFO - Requisição <<GET>> realizada com sucesso, status code: 200
2022-04-27 04:32:37,715 - Utils.utils - INFO - Requisição <<GET>> realizada com sucesso, status code: 200
2022-04-27 04:32:37,980 - Utils.utils - INFO - Requisição <<GET>> realizada com sucesso, status code: 200
2022-04-27 04:32:38,431 - Utils.utils - INFO - Requisição <<GET>> realizada com sucesso, status code: 200
2022-04-27 04:32:38,445 - thots.thot_parse - INFO - Foi encontrado um total de : 0 videos restantes.
2022-04-27 04:32:38,446 - thots.thots - WARNING - ---------------| afroditehotwife - Fim da lista de videos.
2022-04-27 04:32:38,446 - thots.thots - WARNING - ---------------| Iniciando tarefa agathalira, 2 de 17
2022-04-27 04:32:38,446 - thots.thot_parse - INFO - Definindo o padrão de regex...
2022-04-27 04:32:39,316 - Utils.utils - INFO - Requisição <<GET>> realizada com sucesso, status code: 200
2022-04-27 04:32:39,317 - thots.thot_parse - INFO - Primeiro padrão de regex definido com sucesso!
2022-04-27 04:32:39,789 - Utils.utils - INFO - Requisição <<GET>> realizada com sucesso, status code: 200
2022-04-27 04:32:39,791 - thots.thot_parse - INFO - Usando método alternativo para encontrar a quantidade de videos.
2022-04-27 04:32:40,266 - Utils.utils - INFO - Requisição <<GET>> realizada com sucesso, status code: 200
2022-04-27 04:32:40,774 - Utils.utils - INFO - Requisição <<GET>> realizada com sucesso, status code: 200
2022-04-27 04:32:41,090 - Utils.utils - INFO - Requisição <<GET>> realizada com sucesso, status code: 200
2022-04-27 04:32:41,471 - Utils.utils - INFO - Requisição <<GET>> realizada com sucesso, status code: 200
2022-04-27 04:32:41,798 - Utils.utils - INFO - Requisição <<GET>> realizada com sucesso, status code: 200
2022-04-27 04:32:42,106 - Utils.utils - INFO - Requisição <<GET>> realizada com sucesso, status code: 200
2022-04-27 04:32:42,414 - Utils.utils - INFO - Requisição <<GET>> realizada com sucesso, status code: 200
2022-04-27 04:32:42,749 - Utils.utils - INFO - Requisição <<GET>> realizada com sucesso, status code: 200
2022-04-27 04:32:43,096 - Utils.utils - INFO - Requisição <<GET>> realizada com sucesso, status code: 200
2022-04-27 04:32:43,481 - Utils.utils - INFO - Requisição <<GET>> realizada com sucesso, status code: 200
2022-04-27 04:32:43,899 - Utils.utils - INFO - Requisição <<GET>> realizada com sucesso, status code: 200
2022-04-27 04:32:44,250 - Utils.utils - INFO - Requisição <<GET>> realizada com sucesso, status code: 200
2022-04-27 04:32:44,456 - Utils.utils - INFO - Requisição <<GET>> realizada com sucesso, status code: 200
2022-04-27 04:32:44,468 - thots.thot_parse - INFO - Foi encontrado um total de : 0 videos restantes.
2022-04-27 04:32:44,468 - thots.thots - WARNING - ---------------| agathalira - Fim da lista de videos.
2022-04-27 04:32:44,469 - thots.thots - WARNING - ---------------| Iniciando tarefa barbaracastroo, 3 de 17
2022-04-27 04:32:44,469 - thots.thot_parse - INFO - Definindo o padrão de regex...
2022-04-27 04:32:44,747 - Utils.utils - INFO - Requisição <<GET>> realizada com sucesso, status code: 200
2022-04-27 04:32:44,748 - thots.thot_parse - INFO - Segundo padrão de regex definido com sucesso!
2022-04-27 04:32:44,938 - Utils.utils - INFO - Requisição <<GET>> realizada com sucesso, status code: 200
2022-04-27 04:32:44,940 - thots.thot_parse - INFO - Usando método alternativo para encontrar a quantidade de videos.
2022-04-27 04:32:45,161 - Utils.utils - INFO - Requisição <<GET>> realizada com sucesso, status code: 200
2022-04-27 04:32:45,163 - thots.thot_parse - INFO - Foi encontrado um total de : 0 videos restantes.
2022-04-27 04:32:45,163 - thots.thots - WARNING - ---------------| barbaracastroo - Fim da lista de videos.
2022-04-27 04:32:45,164 - thots.thots - WARNING - ---------------| Iniciando tarefa bellacasada, 4 de 17
2022-04-27 04:32:45,164 - thots.thot_parse - INFO - Definindo o padrão de regex...
2022-04-27 04:32:45,617 - Utils.utils - INFO - Requisição <<GET>> realizada com sucesso, status code: 200
2022-04-27 04:32:45,618 - thots.thot_parse - INFO - Segundo padrão de regex definido com sucesso!
2022-04-27 04:32:45,865 - Utils.utils - INFO - Requisição <<GET>> realizada com sucesso, status code: 200
2022-04-27 04:32:45,867 - thots.thot_parse - INFO - Usando método alternativo para encontrar a quantidade de videos.
2022-04-27 04:32:46,214 - Utils.utils - INFO - Requisição <<GET>> realizada com sucesso, status code: 200
2022-04-27 04:32:46,398 - Utils.utils - INFO - Requisição <<GET>> realizada com sucesso, status code: 200
2022-04-27 04:32:46,584 - Utils.utils - INFO - Requisição <<GET>> realizada com sucesso, status code: 200
2022-04-27 04:32:46,774 - Utils.utils - INFO - Requisição <<GET>> realizada com sucesso, status code: 200
2022-04-27 04:32:46,992 - Utils.utils - INFO - Requisição <<GET>> realizada com sucesso, status code: 200
2022-04-27 04:32:47,198 - Utils.utils - INFO - Requisição <<GET>> realizada com sucesso, status code: 200
2022-04-27 04:32:47,201 - thots.thot_parse - INFO - Foi encontrado um total de : 0 videos restantes.
2022-04-27 04:32:47,201 - thots.thots - WARNING - ---------------| bellacasada - Fim da lista de videos.
2022-04-27 04:32:47,202 - thots.thots - WARNING - ---------------| Iniciando tarefa casalruivaecornooficial, 5 de 17
2022-04-27 04:32:47,202 - thots.thot_parse - INFO - Definindo o padrão de regex...
2022-04-27 04:32:47,623 - Utils.utils - INFO - Requisição <<GET>> realizada com sucesso, status code: 200
2022-04-27 04:32:47,624 - thots.thot_parse - INFO - Segundo padrão de regex definido com sucesso!
2022-04-27 04:32:47,906 - Utils.utils - INFO - Requisição <<GET>> realizada com sucesso, status code: 200
2022-04-27 04:32:47,908 - thots.thot_parse - INFO - Usando método alternativo para encontrar a quantidade de videos.
2022-04-27 04:32:48,270 - Utils.utils - INFO - Requisição <<GET>> realizada com sucesso, status code: 200
2022-04-27 04:32:48,638 - Utils.utils - INFO - Requisição <<GET>> realizada com sucesso, status code: 200
2022-04-27 04:32:48,981 - Utils.utils - INFO - Requisição <<GET>> realizada com sucesso, status code: 200
2022-04-27 04:32:49,260 - Utils.utils - INFO - Requisição <<GET>> realizada com sucesso, status code: 200
2022-04-27 04:32:49,516 - Utils.utils - INFO - Requisição <<GET>> realizada com sucesso, status code: 200
2022-04-27 04:32:49,767 - Utils.utils - INFO - Requisição <<GET>> realizada com sucesso, status code: 200
2022-04-27 04:32:49,771 - thots.thot_parse - INFO - Foi encontrado um total de : 0 videos restantes.
2022-04-27 04:32:49,771 - thots.thots - WARNING - ---------------| casalruivaecornooficial - Fim da lista de videos.
2022-04-27 04:32:49,771 - thots.thots - WARNING - ---------------| Iniciando tarefa casaltopbessa, 6 de 17
2022-04-27 04:32:49,771 - thots.thot_parse - INFO - Definindo o padrão de regex...
2022-04-27 04:32:50,018 - Utils.utils - INFO - Requisição <<GET>> realizada com sucesso, status code: 200
2022-04-27 04:32:50,019 - thots.thot_parse - INFO - Segundo padrão de regex definido com sucesso!
2022-04-27 04:32:50,248 - Utils.utils - INFO - Requisição <<GET>> realizada com sucesso, status code: 200
2022-04-27 04:32:50,250 - thots.thot_parse - INFO - Usando método alternativo para encontrar a quantidade de videos.
2022-04-27 04:32:50,482 - Utils.utils - INFO - Requisição <<GET>> realizada com sucesso, status code: 200
2022-04-27 04:32:50,697 - Utils.utils - INFO - Requisição <<GET>> realizada com sucesso, status code: 200
2022-04-27 04:32:50,698 - thots.thot_parse - INFO - Foi encontrado um total de : 0 videos restantes.
2022-04-27 04:32:50,698 - thots.thots - WARNING - ---------------| casaltopbessa - Fim da lista de videos.
2022-04-27 04:32:50,698 - thots.thots - WARNING - ---------------| Iniciando tarefa elaquer, 7 de 17
2022-04-27 04:32:50,698 - thots.thot_parse - INFO - Definindo o padrão de regex...
2022-04-27 04:32:51,056 - Utils.utils - INFO - Requisição <<GET>> realizada com sucesso, status code: 200
2022-04-27 04:32:51,057 - thots.thot_parse - INFO - Segundo padrão de regex definido com sucesso!
2022-04-27 04:32:51,300 - Utils.utils - INFO - Requisição <<GET>> realizada com sucesso, status code: 200
2022-04-27 04:32:51,302 - thots.thot_parse - INFO - Usando método alternativo para encontrar a quantidade de videos.
2022-04-27 04:32:51,610 - Utils.utils - INFO - Requisição <<GET>> realizada com sucesso, status code: 200
2022-04-27 04:32:51,862 - Utils.utils - INFO - Requisição <<GET>> realizada com sucesso, status code: 200
2022-04-27 04:32:52,114 - Utils.utils - INFO - Requisição <<GET>> realizada com sucesso, status code: 200
2022-04-27 04:32:52,346 - Utils.utils - INFO - Requisição <<GET>> realizada com sucesso, status code: 200
2022-04-27 04:32:52,349 - thots.thot_parse - INFO - Foi encontrado um total de : 0 videos restantes.
2022-04-27 04:32:52,349 - thots.thots - WARNING - ---------------| elaquer - Fim da lista de videos.
2022-04-27 04:32:52,349 - thots.thots - WARNING - ---------------| Iniciando tarefa emilysales, 8 de 17
2022-04-27 04:32:52,349 - thots.thot_parse - INFO - Definindo o padrão de regex...
2022-04-27 04:32:52,597 - Utils.utils - INFO - Requisição <<GET>> realizada com sucesso, status code: 200
2022-04-27 04:32:52,598 - thots.thot_parse - INFO - Segundo padrão de regex definido com sucesso!
2022-04-27 04:32:52,862 - Utils.utils - INFO - Requisição <<GET>> realizada com sucesso, status code: 200
2022-04-27 04:32:52,864 - thots.thot_parse - INFO - Usando método alternativo para encontrar a quantidade de videos.
2022-04-27 04:32:53,183 - Utils.utils - INFO - Requisição <<GET>> realizada com sucesso, status code: 200
2022-04-27 04:32:53,375 - Utils.utils - INFO - Requisição <<GET>> realizada com sucesso, status code: 200
2022-04-27 04:32:53,603 - Utils.utils - INFO - Requisição <<GET>> realizada com sucesso, status code: 200
2022-04-27 04:32:53,816 - Utils.utils - INFO - Requisição <<GET>> realizada com sucesso, status code: 200
2022-04-27 04:32:54,025 - Utils.utils - INFO - Requisição <<GET>> realizada com sucesso, status code: 200
2022-04-27 04:32:54,027 - thots.thot_parse - INFO - Foi encontrado um total de : 0 videos restantes.
2022-04-27 04:32:54,027 - thots.thots - WARNING - ---------------| emilysales - Fim da lista de videos.
2022-04-27 04:32:54,027 - thots.thots - WARNING - ---------------| Iniciando tarefa esposagulosinha, 9 de 17
2022-04-27 04:32:54,027 - thots.thot_parse - INFO - Definindo o padrão de regex...
2022-04-27 04:32:54,547 - Utils.utils - INFO - Requisição <<GET>> realizada com sucesso, status code: 200
2022-04-27 04:32:54,548 - thots.thot_parse - INFO - Segundo padrão de regex definido com sucesso!
2022-04-27 04:32:54,741 - Utils.utils - INFO - Requisição <<GET>> realizada com sucesso, status code: 200
2022-04-27 04:32:54,744 - thots.thot_parse - INFO - Usando método alternativo para encontrar a quantidade de videos.
2022-04-27 04:32:54,938 - Utils.utils - INFO - Requisição <<GET>> realizada com sucesso, status code: 200
2022-04-27 04:32:55,129 - Utils.utils - INFO - Requisição <<GET>> realizada com sucesso, status code: 200
2022-04-27 04:32:55,313 - Utils.utils - INFO - Requisição <<GET>> realizada com sucesso, status code: 200
2022-04-27 04:32:55,498 - Utils.utils - INFO - Requisição <<GET>> realizada com sucesso, status code: 200
2022-04-27 04:32:55,699 - Utils.utils - INFO - Requisição <<GET>> realizada com sucesso, status code: 200
2022-04-27 04:32:55,882 - Utils.utils - INFO - Requisição <<GET>> realizada com sucesso, status code: 200
2022-04-27 04:32:56,075 - Utils.utils - INFO - Requisição <<GET>> realizada com sucesso, status code: 200
2022-04-27 04:32:56,258 - Utils.utils - INFO - Requisição <<GET>> realizada com sucesso, status code: 200
2022-04-27 04:32:56,263 - thots.thot_parse - INFO - Foi encontrado um total de : 0 videos restantes.
2022-04-27 04:32:56,263 - thots.thots - WARNING - ---------------| esposagulosinha - Fim da lista de videos.
2022-04-27 04:32:56,264 - thots.thots - WARNING - ---------------| Iniciando tarefa fabioeanaes, 10 de 17
2022-04-27 04:32:56,264 - thots.thot_parse - INFO - Definindo o padrão de regex...
2022-04-27 04:32:56,891 - Utils.utils - INFO - Requisição <<GET>> realizada com sucesso, status code: 200
2022-04-27 04:32:56,892 - thots.thot_parse - INFO - Segundo padrão de regex definido com sucesso!
2022-04-27 04:32:57,082 - Utils.utils - INFO - Requisição <<GET>> realizada com sucesso, status code: 200
2022-04-27 04:32:57,084 - thots.thot_parse - INFO - Usando método alternativo para encontrar a quantidade de videos.
2022-04-27 04:32:57,276 - Utils.utils - INFO - Requisição <<GET>> realizada com sucesso, status code: 200
2022-04-27 04:32:57,469 - Utils.utils - INFO - Requisição <<GET>> realizada com sucesso, status code: 200
2022-04-27 04:32:57,668 - Utils.utils - INFO - Requisição <<GET>> realizada com sucesso, status code: 200
2022-04-27 04:32:57,864 - Utils.utils - INFO - Requisição <<GET>> realizada com sucesso, status code: 200
2022-04-27 04:32:58,071 - Utils.utils - INFO - Requisição <<GET>> realizada com sucesso, status code: 200
2022-04-27 04:32:58,074 - thots.thot_parse - INFO - Foi encontrado um total de : 0 videos restantes.
2022-04-27 04:32:58,074 - thots.thots - WARNING - ---------------| fabioeanaes - Fim da lista de videos.
2022-04-27 04:32:58,074 - thots.thots - WARNING - ---------------| Iniciando tarefa helenafilmes, 11 de 17
2022-04-27 04:32:58,074 - thots.thot_parse - INFO - Definindo o padrão de regex...
2022-04-27 04:32:58,549 - Utils.utils - INFO - Requisição <<GET>> realizada com sucesso, status code: 200
2022-04-27 04:32:58,549 - thots.thot_parse - INFO - Segundo padrão de regex definido com sucesso!
2022-04-27 04:32:58,766 - Utils.utils - INFO - Requisição <<GET>> realizada com sucesso, status code: 200
2022-04-27 04:32:58,768 - thots.thot_parse - INFO - Usando método alternativo para encontrar a quantidade de videos.
2022-04-27 04:32:58,962 - Utils.utils - INFO - Requisição <<GET>> realizada com sucesso, status code: 200
2022-04-27 04:32:59,233 - Utils.utils - INFO - Requisição <<GET>> realizada com sucesso, status code: 200
2022-04-27 04:32:59,234 - thots.thot_parse - INFO - Foi encontrado um total de : 0 videos restantes.
2022-04-27 04:32:59,234 - thots.thots - WARNING - ---------------| helenafilmes - Fim da lista de videos.
2022-04-27 04:32:59,234 - thots.thots - WARNING - ---------------| Iniciando tarefa lualencar11, 12 de 17
2022-04-27 04:32:59,234 - thots.thot_parse - INFO - Definindo o padrão de regex...
2022-04-27 04:32:59,657 - Utils.utils - INFO - Requisição <<GET>> realizada com sucesso, status code: 200
2022-04-27 04:32:59,658 - thots.thot_parse - INFO - Segundo padrão de regex definido com sucesso!
2022-04-27 04:32:59,873 - Utils.utils - INFO - Requisição <<GET>> realizada com sucesso, status code: 200
2022-04-27 04:32:59,875 - thots.thot_parse - INFO - Usando método alternativo para encontrar a quantidade de videos.
2022-04-27 04:33:00,128 - Utils.utils - INFO - Requisição <<GET>> realizada com sucesso, status code: 200
2022-04-27 04:33:00,129 - thots.thot_parse - INFO - Foi encontrado um total de : 0 videos restantes.
2022-04-27 04:33:00,129 - thots.thots - WARNING - ---------------| lualencar11 - Fim da lista de videos.
2022-04-27 04:33:00,129 - thots.thots - WARNING - ---------------| Iniciando tarefa melissadias, 13 de 17
2022-04-27 04:33:00,129 - thots.thot_parse - INFO - Definindo o padrão de regex...
2022-04-27 04:33:00,336 - Utils.utils - INFO - Requisição <<GET>> realizada com sucesso, status code: 200
2022-04-27 04:33:00,336 - thots.thot_parse - INFO - Segundo padrão de regex definido com sucesso!
2022-04-27 04:33:00,547 - Utils.utils - INFO - Requisição <<GET>> realizada com sucesso, status code: 200
2022-04-27 04:33:00,549 - thots.thot_parse - INFO - Usando método alternativo para encontrar a quantidade de videos.
2022-04-27 04:33:00,738 - Utils.utils - INFO - Requisição <<GET>> realizada com sucesso, status code: 200
2022-04-27 04:33:00,938 - Utils.utils - INFO - Requisição <<GET>> realizada com sucesso, status code: 200
2022-04-27 04:33:01,159 - Utils.utils - INFO - Requisição <<GET>> realizada com sucesso, status code: 200
2022-04-27 04:33:01,354 - Utils.utils - INFO - Requisição <<GET>> realizada com sucesso, status code: 200
2022-04-27 04:33:01,677 - Utils.utils - INFO - Requisição <<GET>> realizada com sucesso, status code: 200
2022-04-27 04:33:01,958 - Utils.utils - INFO - Requisição <<GET>> realizada com sucesso, status code: 200
2022-04-27 04:33:02,288 - Utils.utils - INFO - Requisição <<GET>> realizada com sucesso, status code: 200
2022-04-27 04:33:02,292 - thots.thot_parse - INFO - Foi encontrado um total de : 0 videos restantes.
2022-04-27 04:33:02,292 - thots.thots - WARNING - ---------------| melissadias - Fim da lista de videos.
2022-04-27 04:33:02,292 - thots.thots - WARNING - ---------------| Iniciando tarefa nicoleballs_trans, 14 de 17
2022-04-27 04:33:02,292 - thots.thot_parse - INFO - Definindo o padrão de regex...
2022-04-27 04:33:02,498 - Utils.utils - INFO - Requisição <<GET>> realizada com sucesso, status code: 200
2022-04-27 04:33:02,498 - thots.thot_parse - INFO - Segundo padrão de regex definido com sucesso!
2022-04-27 04:33:02,730 - Utils.utils - INFO - Requisição <<GET>> realizada com sucesso, status code: 200
2022-04-27 04:33:02,731 - thots.thot_parse - INFO - Usando método alternativo para encontrar a quantidade de videos.
2022-04-27 04:33:03,012 - Utils.utils - INFO - Requisição <<GET>> realizada com sucesso, status code: 200
2022-04-27 04:33:03,304 - Utils.utils - INFO - Requisição <<GET>> realizada com sucesso, status code: 200
2022-04-27 04:33:03,305 - thots.thot_parse - INFO - Foi encontrado um total de : 0 videos restantes.
2022-04-27 04:33:03,306 - thots.thots - WARNING - ---------------| nicoleballs_trans - Fim da lista de videos.
2022-04-27 04:33:03,306 - thots.thots - WARNING - ---------------| Iniciando tarefa nikkecasada, 15 de 17
2022-04-27 04:33:03,306 - thots.thot_parse - INFO - Definindo o padrão de regex...
2022-04-27 04:33:03,917 - Utils.utils - INFO - Requisição <<GET>> realizada com sucesso, status code: 200
2022-04-27 04:33:03,918 - thots.thot_parse - INFO - Segundo padrão de regex definido com sucesso!
2022-04-27 04:33:04,129 - Utils.utils - INFO - Requisição <<GET>> realizada com sucesso, status code: 200
2022-04-27 04:33:04,131 - thots.thot_parse - INFO - Usando método alternativo para encontrar a quantidade de videos.
2022-04-27 04:33:04,319 - Utils.utils - INFO - Requisição <<GET>> realizada com sucesso, status code: 200
2022-04-27 04:33:04,573 - Utils.utils - INFO - Requisição <<GET>> realizada com sucesso, status code: 200
2022-04-27 04:33:04,769 - Utils.utils - INFO - Requisição <<GET>> realizada com sucesso, status code: 200
2022-04-27 04:33:04,979 - Utils.utils - INFO - Requisição <<GET>> realizada com sucesso, status code: 200
2022-04-27 04:33:05,168 - Utils.utils - INFO - Requisição <<GET>> realizada com sucesso, status code: 200
2022-04-27 04:33:05,170 - thots.thot_parse - INFO - Foi encontrado um total de : 0 videos restantes.
2022-04-27 04:33:05,170 - thots.thots - WARNING - ---------------| nikkecasada - Fim da lista de videos.
2022-04-27 04:33:05,170 - thots.thots - WARNING - ---------------| Iniciando tarefa tatycasadinha, 16 de 17
2022-04-27 04:33:05,598 - thots.thots - WARNING - ---------------| tatycasadinha - Fim da lista de videos.
2022-04-27 04:33:05,599 - thots.thots - WARNING - ---------------| Iniciando tarefa vidasafada, 17 de 17
2022-04-27 04:33:05,600 - thots.thot_parse - INFO - Definindo o padrão de regex...
2022-04-27 04:33:06,010 - Utils.utils - INFO - Requisição <<GET>> realizada com sucesso, status code: 200
2022-04-27 04:33:06,011 - thots.thot_parse - INFO - Segundo padrão de regex definido com sucesso!
2022-04-27 04:33:06,220 - Utils.utils - INFO - Requisição <<GET>> realizada com sucesso, status code: 200
2022-04-27 04:33:06,222 - thots.thot_parse - INFO - Usando método alternativo para encontrar a quantidade de videos.
2022-04-27 04:33:06,446 - Utils.utils - INFO - Requisição <<GET>> realizada com sucesso, status code: 200
2022-04-27 04:33:06,648 - Utils.utils - INFO - Requisição <<GET>> realizada com sucesso, status code: 200
2022-04-27 04:33:06,858 - Utils.utils - INFO - Requisição <<GET>> realizada com sucesso, status code: 200
2022-04-27 04:33:07,072 - Utils.utils - INFO - Requisição <<GET>> realizada com sucesso, status code: 200
2022-04-27 04:33:07,291 - Utils.utils - INFO - Requisição <<GET>> realizada com sucesso, status code: 200
2022-04-27 04:33:07,609 - Utils.utils - INFO - Requisição <<GET>> realizada com sucesso, status code: 200
2022-04-27 04:33:07,612 - thots.thot_parse - INFO - Foi encontrado um total de : 0 videos restantes.
2022-04-27 04:33:07,613 - thots.thots - WARNING - ---------------| vidasafada - Fim da lista de videos.
2022-04-27 04:33:07,613 - __main__ - INFO - Fazendo backup dos IDs na API backup...
2022-04-27 04:33:07,613 - __main__ - INFO - Salvando ID's da API localmente....
2022-04-27 04:33:08,041 - Utils.utils - INFO - Requisição <<GET>> realizada com sucesso, status code: 200
2022-04-27 04:33:08,636 - Utils.utils - INFO - Requisição <<GET>> realizada com sucesso, status code: 200
2022-04-27 08:08:34,415 - Utils.utils - INFO - Ambiente de produção ativado
2022-04-27 08:08:34,738 - Utils.utils - INFO - Requisição <<GET>> realizada com sucesso, status code: 200
2022-04-27 08:08:34,786 - __main__ - INFO - Checando thotsbay forum...
2022-04-27 08:08:34,786 - Utils.thotshub - INFO - Autorizando...
2022-04-27 08:08:34,995 - Utils.utils - INFO - Requisição <<GET>> realizada com sucesso, status code: 200
2022-04-27 08:08:35,732 - Utils.utils - INFO - Requisição <<POST>> realizada com sucesso, status code: 200
2022-04-27 08:08:35,734 - Utils.thotshub - INFO - Autorizado
2022-04-27 08:08:35,735 - Utils.thotshub - INFO - Logado no thotsbay com sucesso.
2022-04-27 08:08:35,735 - __main__ - INFO - Checando colab...
2022-04-27 08:08:35,736 - Utils.utils - INFO - COLAB enviorement not detected
2022-04-27 08:08:35,736 - __main__ - INFO - Checando config...
2022-04-27 08:08:36,189 - Utils.utils - INFO - Requisição <<GET>> realizada com sucesso, status code: 200
2022-04-27 08:08:37,191 - __main__ - INFO - Checando ids...
2022-04-27 08:08:37,410 - Utils.utils - INFO - Requisição <<GET>> realizada com sucesso, status code: 200
2022-04-27 08:08:37,412 - thots.thots - WARNING - ---------------| Iniciando tarefa afroditehotwife, 1 de 17
2022-04-27 08:08:37,413 - thots.thot_parse - INFO - Definindo o padrão de regex...
2022-04-27 08:08:37,961 - Utils.utils - INFO - Requisição <<GET>> realizada com sucesso, status code: 200
2022-04-27 08:08:37,963 - thots.thot_parse - INFO - Segundo padrão de regex definido com sucesso!
2022-04-27 08:08:38,145 - Utils.utils - INFO - Requisição <<GET>> realizada com sucesso, status code: 200
2022-04-27 08:08:38,149 - thots.thot_parse - INFO - Usando método alternativo para encontrar a quantidade de videos.
2022-04-27 08:08:38,381 - Utils.utils - INFO - Requisição <<GET>> realizada com sucesso, status code: 200
2022-04-27 08:08:38,569 - Utils.utils - INFO - Requisição <<GET>> realizada com sucesso, status code: 200
2022-04-27 08:08:38,750 - Utils.utils - INFO - Requisição <<GET>> realizada com sucesso, status code: 200
2022-04-27 08:08:38,958 - Utils.utils - INFO - Requisição <<GET>> realizada com sucesso, status code: 200
2022-04-27 08:08:39,241 - Utils.utils - INFO - Requisição <<GET>> realizada com sucesso, status code: 200
2022-04-27 08:08:39,446 - Utils.utils - INFO - Requisição <<GET>> realizada com sucesso, status code: 200
2022-04-27 08:08:39,688 - Utils.utils - INFO - Requisição <<GET>> realizada com sucesso, status code: 200
2022-04-27 08:08:39,885 - Utils.utils - INFO - Requisição <<GET>> realizada com sucesso, status code: 200
2022-04-27 08:08:40,078 - Utils.utils - INFO - Requisição <<GET>> realizada com sucesso, status code: 200
2022-04-27 08:08:40,263 - Utils.utils - INFO - Requisição <<GET>> realizada com sucesso, status code: 200
2022-04-27 08:08:40,477 - Utils.utils - INFO - Requisição <<GET>> realizada com sucesso, status code: 200
2022-04-27 08:08:40,692 - Utils.utils - INFO - Requisição <<GET>> realizada com sucesso, status code: 200
2022-04-27 08:08:40,891 - Utils.utils - INFO - Requisição <<GET>> realizada com sucesso, status code: 200
2022-04-27 08:08:41,105 - Utils.utils - INFO - Requisição <<GET>> realizada com sucesso, status code: 200
2022-04-27 08:08:41,119 - thots.thot_parse - INFO - Foi encontrado um total de : 0 videos restantes.
2022-04-27 08:08:41,120 - thots.thots - WARNING - ---------------| afroditehotwife - Fim da lista de videos.
2022-04-27 08:08:41,120 - thots.thots - WARNING - ---------------| Iniciando tarefa agathalira, 2 de 17
2022-04-27 08:08:41,120 - thots.thot_parse - INFO - Definindo o padrão de regex...
2022-04-27 08:08:41,787 - Utils.utils - INFO - Requisição <<GET>> realizada com sucesso, status code: 200
2022-04-27 08:08:41,789 - thots.thot_parse - INFO - Primeiro padrão de regex definido com sucesso!
2022-04-27 08:08:42,096 - Utils.utils - INFO - Requisição <<GET>> realizada com sucesso, status code: 200
2022-04-27 08:08:42,098 - thots.thot_parse - INFO - Usando método alternativo para encontrar a quantidade de videos.
2022-04-27 08:08:42,463 - Utils.utils - INFO - Requisição <<GET>> realizada com sucesso, status code: 200
2022-04-27 08:08:42,805 - Utils.utils - INFO - Requisição <<GET>> realizada com sucesso, status code: 200
2022-04-27 08:08:43,133 - Utils.utils - INFO - Requisição <<GET>> realizada com sucesso, status code: 200
2022-04-27 08:08:43,485 - Utils.utils - INFO - Requisição <<GET>> realizada com sucesso, status code: 200
2022-04-27 08:08:43,779 - Utils.utils - INFO - Requisição <<GET>> realizada com sucesso, status code: 200
2022-04-27 08:08:44,128 - Utils.utils - INFO - Requisição <<GET>> realizada com sucesso, status code: 200
2022-04-27 08:08:44,427 - Utils.utils - INFO - Requisição <<GET>> realizada com sucesso, status code: 200
2022-04-27 08:08:44,777 - Utils.utils - INFO - Requisição <<GET>> realizada com sucesso, status code: 200
2022-04-27 08:08:45,112 - Utils.utils - INFO - Requisição <<GET>> realizada com sucesso, status code: 200
2022-04-27 08:08:45,465 - Utils.utils - INFO - Requisição <<GET>> realizada com sucesso, status code: 200
2022-04-27 08:08:45,774 - Utils.utils - INFO - Requisição <<GET>> realizada com sucesso, status code: 200
2022-04-27 08:08:46,118 - Utils.utils - INFO - Requisição <<GET>> realizada com sucesso, status code: 200
2022-04-27 08:08:46,376 - Utils.utils - INFO - Requisição <<GET>> realizada com sucesso, status code: 200
2022-04-27 08:08:46,388 - thots.thot_parse - INFO - Foi encontrado um total de : 1 videos restantes.
2022-04-27 08:08:46,388 - thots.thot_parse - INFO - A lista de ID's já foi definida
2022-04-27 08:08:46,718 - Utils.utils - INFO - Requisição <<GET>> realizada com sucesso, status code: 200
2022-04-27 08:08:47,051 - Utils.utils - INFO - Requisição <<GET>> realizada com sucesso, status code: 200
2022-04-27 08:08:47,413 - Utils.utils - INFO - Requisição <<GET>> realizada com sucesso, status code: 200
2022-04-27 08:08:47,786 - Utils.utils - INFO - Requisição <<GET>> realizada com sucesso, status code: 200
2022-04-27 08:08:48,161 - Utils.utils - INFO - Requisição <<GET>> realizada com sucesso, status code: 200
2022-04-27 08:08:48,472 - Utils.utils - INFO - Requisição <<GET>> realizada com sucesso, status code: 200
2022-04-27 08:08:48,786 - Utils.utils - INFO - Requisição <<GET>> realizada com sucesso, status code: 200
2022-04-27 08:08:49,083 - Utils.utils - INFO - Requisição <<GET>> realizada com sucesso, status code: 200
2022-04-27 08:08:49,384 - Utils.utils - INFO - Requisição <<GET>> realizada com sucesso, status code: 200
2022-04-27 08:08:49,684 - Utils.utils - INFO - Requisição <<GET>> realizada com sucesso, status code: 200
2022-04-27 08:08:50,067 - Utils.utils - INFO - Requisição <<GET>> realizada com sucesso, status code: 200
2022-04-27 08:08:50,430 - Utils.utils - INFO - Requisição <<GET>> realizada com sucesso, status code: 200
2022-04-27 08:08:50,663 - Utils.utils - INFO - Requisição <<GET>> realizada com sucesso, status code: 200
2022-04-27 08:08:50,665 - thots.thot_parse - INFO - Download: 1 of 1
2022-04-27 08:08:50,666 - Utils.download - INFO - Baixando Downloads/agathalira/100366-gozamos-juntos-ele-dentro-do-meu-rabo-e-eu-em-cima-da-barriga-dele.mp4
2022-04-27 08:11:05,446 - Utils.download - INFO - Arquivo 100366-gozamos-juntos-ele-dentro-do-meu-rabo-e-eu-em-cima-da-barriga-dele baixado com sucesso! Agora...Enviando...
2022-04-27 08:11:48,033 - Utils.download - INFO - Arquivo 100366-gozamos-juntos-ele-dentro-do-meu-rabo-e-eu-em-cima-da-barriga-dele enviado com sucesso, ainda faltam: 0
2022-04-27 08:11:48,474 - Utils.utils - INFO - Requisição <<PUT>> realizada com sucesso, status code: 200
2022-04-27 08:11:48,597 - Utils.utils - INFO - Requisição <<GET>> realizada com sucesso, status code: 200
2022-04-27 08:11:49,029 - Utils.utils - INFO - Requisição <<PUT>> realizada com sucesso, status code: 200
2022-04-27 08:11:49,030 - Utils.download - INFO - Prosseguindo com a postagem...
2022-04-27 08:11:49,030 - Utils.download - INFO - A última postagem foi em 2020-04-05 19:38:48.279762 a diferença é: 1082193 minutos
2022-04-27 08:11:49,938 - Utils.utils - INFO - Enviando imagem 1 de 3 : Thumbnails/agathalira000679.jpg
2022-04-27 08:11:51,487 - Utils.utils - INFO - Requisição <<POST>> realizada com sucesso, status code: 200
2022-04-27 08:11:51,488 - Utils.utils - INFO - Thumbnails/agathalira000679.jpg enviado com sucesso
2022-04-27 08:11:51,488 - Utils.utils - INFO - Enviando imagem 2 de 3 : Thumbnails/agathalira000094.jpg
2022-04-27 08:11:53,003 - Utils.utils - INFO - Requisição <<POST>> realizada com sucesso, status code: 200
2022-04-27 08:11:53,004 - Utils.utils - INFO - Thumbnails/agathalira000094.jpg enviado com sucesso
2022-04-27 08:11:53,004 - Utils.utils - INFO - Enviando imagem 3 de 3 : Thumbnails/agathalira000430.jpg
2022-04-27 08:11:54,572 - Utils.utils - INFO - Requisição <<POST>> realizada com sucesso, status code: 200
2022-04-27 08:11:54,573 - Utils.utils - INFO - Thumbnails/agathalira000430.jpg enviado com sucesso
2022-04-27 08:11:54,574 - Utils.thotshub - INFO - Autorizando...
2022-04-27 08:11:54,797 - Utils.utils - INFO - Requisição <<GET>> realizada com sucesso, status code: 200
2022-04-27 08:11:55,038 - Utils.utils - INFO - Requisição <<POST>> realizada com sucesso, status code: 200
2022-04-27 08:11:55,039 - Utils.thotshub - INFO - Autorizado
2022-04-27 08:11:55,040 - Utils.thotshub - INFO - Logado no thotsbay com sucesso.
2022-04-27 08:11:55,040 - Utils.download - INFO - Atualizando tópico agora...
2022-04-27 08:11:55,235 - Utils.utils - INFO - Requisição <<GET>> realizada com sucesso, status code: 200
2022-04-27 08:11:56,049 - Utils.utils - INFO - Requisição <<POST>> realizada com sucesso, status code: 200
2022-04-27 08:11:56,364 - Utils.utils - INFO - Requisição <<PUT>> realizada com sucesso, status code: 200
2022-04-27 08:11:56,366 - thots.thots - WARNING - ---------------| agathalira - Fim da lista de videos.
2022-04-27 08:11:56,366 - thots.thots - WARNING - ---------------| Iniciando tarefa barbaracastroo, 3 de 17
2022-04-27 08:11:56,366 - thots.thot_parse - INFO - Definindo o padrão de regex...
2022-04-27 08:11:56,798 - Utils.utils - INFO - Requisição <<GET>> realizada com sucesso, status code: 200
2022-04-27 08:11:56,799 - thots.thot_parse - INFO - Segundo padrão de regex definido com sucesso!
2022-04-27 08:11:57,094 - Utils.utils - INFO - Requisição <<GET>> realizada com sucesso, status code: 200
2022-04-27 08:11:57,096 - thots.thot_parse - INFO - Usando método alternativo para encontrar a quantidade de videos.
2022-04-27 08:11:57,278 - Utils.utils - INFO - Requisição <<GET>> realizada com sucesso, status code: 200
2022-04-27 08:11:57,279 - thots.thot_parse - INFO - Foi encontrado um total de : 0 videos restantes.
2022-04-27 08:11:57,280 - thots.thots - WARNING - ---------------| barbaracastroo - Fim da lista de videos.
2022-04-27 08:11:57,280 - thots.thots - WARNING - ---------------| Iniciando tarefa bellacasada, 4 de 17
2022-04-27 08:11:57,280 - thots.thot_parse - INFO - Definindo o padrão de regex...
2022-04-27 08:11:57,711 - Utils.utils - INFO - Requisição <<GET>> realizada com sucesso, status code: 200
2022-04-27 08:11:57,712 - thots.thot_parse - INFO - Segundo padrão de regex definido com sucesso!
2022-04-27 08:11:57,954 - Utils.utils - INFO - Requisição <<GET>> realizada com sucesso, status code: 200
2022-04-27 08:11:57,957 - thots.thot_parse - INFO - Usando método alternativo para encontrar a quantidade de videos.
2022-04-27 08:11:58,134 - Utils.utils - INFO - Requisição <<GET>> realizada com sucesso, status code: 200
2022-04-27 08:11:58,328 - Utils.utils - INFO - Requisição <<GET>> realizada com sucesso, status code: 200
2022-04-27 08:11:58,589 - Utils.utils - INFO - Requisição <<GET>> realizada com sucesso, status code: 200
2022-04-27 08:11:58,775 - Utils.utils - INFO - Requisição <<GET>> realizada com sucesso, status code: 200
2022-04-27 08:11:58,957 - Utils.utils - INFO - Requisição <<GET>> realizada com sucesso, status code: 200
2022-04-27 08:11:59,141 - Utils.utils - INFO - Requisição <<GET>> realizada com sucesso, status code: 200
2022-04-27 08:11:59,146 - thots.thot_parse - INFO - Foi encontrado um total de : 0 videos restantes.
2022-04-27 08:11:59,146 - thots.thots - WARNING - ---------------| bellacasada - Fim da lista de videos.
2022-04-27 08:11:59,146 - thots.thots - WARNING - ---------------| Iniciando tarefa casalruivaecornooficial, 5 de 17
2022-04-27 08:11:59,146 - thots.thot_parse - INFO - Definindo o padrão de regex...
2022-04-27 08:11:59,403 - Utils.utils - INFO - Requisição <<GET>> realizada com sucesso, status code: 200
2022-04-27 08:11:59,404 - thots.thot_parse - INFO - Segundo padrão de regex definido com sucesso!
2022-04-27 08:11:59,594 - Utils.utils - INFO - Requisição <<GET>> realizada com sucesso, status code: 200
2022-04-27 08:11:59,597 - thots.thot_parse - INFO - Usando método alternativo para encontrar a quantidade de videos.
2022-04-27 08:11:59,786 - Utils.utils - INFO - Requisição <<GET>> realizada com sucesso, status code: 200
2022-04-27 08:11:59,971 - Utils.utils - INFO - Requisição <<GET>> realizada com sucesso, status code: 200
2022-04-27 08:12:00,222 - Utils.utils - INFO - Requisição <<GET>> realizada com sucesso, status code: 200
2022-04-27 08:12:00,411 - Utils.utils - INFO - Requisição <<GET>> realizada com sucesso, status code: 200
2022-04-27 08:12:00,603 - Utils.utils - INFO - Requisição <<GET>> realizada com sucesso, status code: 200
2022-04-27 08:12:00,795 - Utils.utils - INFO - Requisição <<GET>> realizada com sucesso, status code: 200
2022-04-27 08:12:00,799 - thots.thot_parse - INFO - Foi encontrado um total de : 0 videos restantes.
2022-04-27 08:12:00,799 - thots.thots - WARNING - ---------------| casalruivaecornooficial - Fim da lista de videos.
2022-04-27 08:12:00,799 - thots.thots - WARNING - ---------------| Iniciando tarefa casaltopbessa, 6 de 17
2022-04-27 08:12:00,799 - thots.thot_parse - INFO - Definindo o padrão de regex...
2022-04-27 08:12:01,002 - Utils.utils - INFO - Requisição <<GET>> realizada com sucesso, status code: 200
2022-04-27 08:12:01,003 - thots.thot_parse - INFO - Segundo padrão de regex definido com sucesso!
2022-04-27 08:12:01,192 - Utils.utils - INFO - Requisição <<GET>> realizada com sucesso, status code: 200
2022-04-27 08:12:01,194 - thots.thot_parse - INFO - Usando método alternativo para encontrar a quantidade de videos.
2022-04-27 08:12:01,394 - Utils.utils - INFO - Requisição <<GET>> realizada com sucesso, status code: 200
2022-04-27 08:12:01,596 - Utils.utils - INFO - Requisição <<GET>> realizada com sucesso, status code: 200
2022-04-27 08:12:01,597 - thots.thot_parse - INFO - Foi encontrado um total de : 0 videos restantes.
2022-04-27 08:12:01,598 - thots.thots - WARNING - ---------------| casaltopbessa - Fim da lista de videos.
2022-04-27 08:12:01,598 - thots.thots - WARNING - ---------------| Iniciando tarefa elaquer, 7 de 17
2022-04-27 08:12:01,598 - thots.thot_parse - INFO - Definindo o padrão de regex...
2022-04-27 08:12:01,788 - Utils.utils - INFO - Requisição <<GET>> realizada com sucesso, status code: 200
2022-04-27 08:12:01,789 - thots.thot_parse - INFO - Segundo padrão de regex definido com sucesso!
2022-04-27 08:12:02,001 - Utils.utils - INFO - Requisição <<GET>> realizada com sucesso, status code: 200
2022-04-27 08:12:02,004 - thots.thot_parse - INFO - Usando método alternativo para encontrar a quantidade de videos.
2022-04-27 08:12:02,209 - Utils.utils - INFO - Requisição <<GET>> realizada com sucesso, status code: 200
2022-04-27 08:12:02,421 - Utils.utils - INFO - Requisição <<GET>> realizada com sucesso, status code: 200
2022-04-27 08:12:02,612 - Utils.utils - INFO - Requisição <<GET>> realizada com sucesso, status code: 200
2022-04-27 08:12:02,828 - Utils.utils - INFO - Requisição <<GET>> realizada com sucesso, status code: 200
2022-04-27 08:12:02,831 - thots.thot_parse - INFO - Foi encontrado um total de : 0 videos restantes.
2022-04-27 08:12:02,832 - thots.thots - WARNING - ---------------| elaquer - Fim da lista de videos.
2022-04-27 08:12:02,832 - thots.thots - WARNING - ---------------| Iniciando tarefa emilysales, 8 de 17
2022-04-27 08:12:02,832 - thots.thot_parse - INFO - Definindo o padrão de regex...
2022-04-27 08:12:03,013 - Utils.utils - INFO - Requisição <<GET>> realizada com sucesso, status code: 200
2022-04-27 08:12:03,014 - thots.thot_parse - INFO - Segundo padrão de regex definido com sucesso!
2022-04-27 08:12:03,199 - Utils.utils - INFO - Requisição <<GET>> realizada com sucesso, status code: 200
2022-04-27 08:12:03,202 - thots.thot_parse - INFO - Usando método alternativo para encontrar a quantidade de videos.
2022-04-27 08:12:03,395 - Utils.utils - INFO - Requisição <<GET>> realizada com sucesso, status code: 200
2022-04-27 08:12:03,590 - Utils.utils - INFO - Requisição <<GET>> realizada com sucesso, status code: 200
2022-04-27 08:12:03,785 - Utils.utils - INFO - Requisição <<GET>> realizada com sucesso, status code: 200
2022-04-27 08:12:03,973 - Utils.utils - INFO - Requisição <<GET>> realizada com sucesso, status code: 200
2022-04-27 08:12:04,178 - Utils.utils - INFO - Requisição <<GET>> realizada com sucesso, status code: 200
2022-04-27 08:12:04,181 - thots.thot_parse - INFO - Foi encontrado um total de : 0 videos restantes.
2022-04-27 08:12:04,182 - thots.thots - WARNING - ---------------| emilysales - Fim da lista de videos.
2022-04-27 08:12:04,182 - thots.thots - WARNING - ---------------| Iniciando tarefa esposagulosinha, 9 de 17
2022-04-27 08:12:04,182 - thots.thot_parse - INFO - Definindo o padrão de regex...
2022-04-27 08:12:04,575 - Utils.utils - INFO - Requisição <<GET>> realizada com sucesso, status code: 200
2022-04-27 08:12:04,576 - thots.thot_parse - INFO - Segundo padrão de regex definido com sucesso!
2022-04-27 08:12:04,792 - Utils.utils - INFO - Requisição <<GET>> realizada com sucesso, status code: 200
2022-04-27 08:12:04,795 - thots.thot_parse - INFO - Usando método alternativo para encontrar a quantidade de videos.
2022-04-27 08:12:05,000 - Utils.utils - INFO - Requisição <<GET>> realizada com sucesso, status code: 200
2022-04-27 08:12:05,202 - Utils.utils - INFO - Requisição <<GET>> realizada com sucesso, status code: 200
2022-04-27 08:12:05,446 - Utils.utils - INFO - Requisição <<GET>> realizada com sucesso, status code: 200
2022-04-27 08:12:05,649 - Utils.utils - INFO - Requisição <<GET>> realizada com sucesso, status code: 200
2022-04-27 08:12:05,876 - Utils.utils - INFO - Requisição <<GET>> realizada com sucesso, status code: 200
2022-04-27 08:12:06,069 - Utils.utils - INFO - Requisição <<GET>> realizada com sucesso, status code: 200
2022-04-27 08:12:06,259 - Utils.utils - INFO - Requisição <<GET>> realizada com sucesso, status code: 200
2022-04-27 08:12:06,441 - Utils.utils - INFO - Requisição <<GET>> realizada com sucesso, status code: 200
2022-04-27 08:12:06,446 - thots.thot_parse - INFO - Foi encontrado um total de : 0 videos restantes.
2022-04-27 08:12:06,446 - thots.thots - WARNING - ---------------| esposagulosinha - Fim da lista de videos.
2022-04-27 08:12:06,447 - thots.thots - WARNING - ---------------| Iniciando tarefa fabioeanaes, 10 de 17
2022-04-27 08:12:06,447 - thots.thot_parse - INFO - Definindo o padrão de regex...
2022-04-27 08:12:07,036 - Utils.utils - INFO - Requisição <<GET>> realizada com sucesso, status code: 200
2022-04-27 08:12:07,037 - thots.thot_parse - INFO - Segundo padrão de regex definido com sucesso!
2022-04-27 08:12:07,229 - Utils.utils - INFO - Requisição <<GET>> realizada com sucesso, status code: 200
2022-04-27 08:12:07,232 - thots.thot_parse - INFO - Usando método alternativo para encontrar a quantidade de videos.
2022-04-27 08:12:07,420 - Utils.utils - INFO - Requisição <<GET>> realizada com sucesso, status code: 200
2022-04-27 08:12:07,626 - Utils.utils - INFO - Requisição <<GET>> realizada com sucesso, status code: 200
2022-04-27 08:12:07,835 - Utils.utils - INFO - Requisição <<GET>> realizada com sucesso, status code: 200
2022-04-27 08:12:08,028 - Utils.utils - INFO - Requisição <<GET>> realizada com sucesso, status code: 200
2022-04-27 08:12:08,227 - Utils.utils - INFO - Requisição <<GET>> realizada com sucesso, status code: 200
2022-04-27 08:12:08,230 - thots.thot_parse - INFO - Foi encontrado um total de : 0 videos restantes.
2022-04-27 08:12:08,230 - thots.thots - WARNING - ---------------| fabioeanaes - Fim da lista de videos.
2022-04-27 08:12:08,230 - thots.thots - WARNING - ---------------| Iniciando tarefa helenafilmes, 11 de 17
2022-04-27 08:12:08,230 - thots.thot_parse - INFO - Definindo o padrão de regex...
2022-04-27 08:12:08,664 - Utils.utils - INFO - Requisição <<GET>> realizada com sucesso, status code: 200
2022-04-27 08:12:08,665 - thots.thot_parse - INFO - Segundo padrão de regex definido com sucesso!
2022-04-27 08:12:08,849 - Utils.utils - INFO - Requisição <<GET>> realizada com sucesso, status code: 200
2022-04-27 08:12:08,851 - thots.thot_parse - INFO - Usando método alternativo para encontrar a quantidade de videos.
2022-04-27 08:12:09,047 - Utils.utils - INFO - Requisição <<GET>> realizada com sucesso, status code: 200
2022-04-27 08:12:09,241 - Utils.utils - INFO - Requisição <<GET>> realizada com sucesso, status code: 200
2022-04-27 08:12:09,242 - thots.thot_parse - INFO - Foi encontrado um total de : 0 videos restantes.
2022-04-27 08:12:09,243 - thots.thots - WARNING - ---------------| helenafilmes - Fim da lista de videos.
2022-04-27 08:12:09,243 - thots.thots - WARNING - ---------------| Iniciando tarefa lualencar11, 12 de 17
2022-04-27 08:12:09,243 - thots.thot_parse - INFO - Definindo o padrão de regex...
2022-04-27 08:12:09,635 - Utils.utils - INFO - Requisição <<GET>> realizada com sucesso, status code: 200
2022-04-27 08:12:09,636 - thots.thot_parse - INFO - Segundo padrão de regex definido com sucesso!
2022-04-27 08:12:09,850 - Utils.utils - INFO - Requisição <<GET>> realizada com sucesso, status code: 200
2022-04-27 08:12:09,853 - thots.thot_parse - INFO - Usando método alternativo para encontrar a quantidade de videos.
2022-04-27 08:12:10,078 - Utils.utils - INFO - Requisição <<GET>> realizada com sucesso, status code: 200
2022-04-27 08:12:10,079 - thots.thot_parse - INFO - Foi encontrado um total de : 0 videos restantes.
2022-04-27 08:12:10,079 - thots.thots - WARNING - ---------------| lualencar11 - Fim da lista de videos.
2022-04-27 08:12:10,079 - thots.thots - WARNING - ---------------| Iniciando tarefa melissadias, 13 de 17
2022-04-27 08:12:10,080 - thots.thot_parse - INFO - Definindo o padrão de regex...
2022-04-27 08:12:10,275 - Utils.utils - INFO - Requisição <<GET>> realizada com sucesso, status code: 200
2022-04-27 08:12:10,276 - thots.thot_parse - INFO - Segundo padrão de regex definido com sucesso!
2022-04-27 08:12:10,490 - Utils.utils - INFO - Requisição <<GET>> realizada com sucesso, status code: 200
2022-04-27 08:12:10,492 - thots.thot_parse - INFO - Usando método alternativo para encontrar a quantidade de videos.
2022-04-27 08:12:10,681 - Utils.utils - INFO - Requisição <<GET>> realizada com sucesso, status code: 200
2022-04-27 08:12:10,872 - Utils.utils - INFO - Requisição <<GET>> realizada com sucesso, status code: 200
2022-04-27 08:12:11,058 - Utils.utils - INFO - Requisição <<GET>> realizada com sucesso, status code: 200
2022-04-27 08:12:11,251 - Utils.utils - INFO - Requisição <<GET>> realizada com sucesso, status code: 200
2022-04-27 08:12:11,515 - Utils.utils - INFO - Requisição <<GET>> realizada com sucesso, status code: 200
2022-04-27 08:12:11,737 - Utils.utils - INFO - Requisição <<GET>> realizada com sucesso, status code: 200
2022-04-27 08:12:11,954 - Utils.utils - INFO - Requisição <<GET>> realizada com sucesso, status code: 200
2022-04-27 08:12:11,960 - thots.thot_parse - INFO - Foi encontrado um total de : 0 videos restantes.
2022-04-27 08:12:11,961 - thots.thots - WARNING - ---------------| melissadias - Fim da lista de videos.
2022-04-27 08:12:11,961 - thots.thots - WARNING - ---------------| Iniciando tarefa nicoleballs_trans, 14 de 17
2022-04-27 08:12:11,961 - thots.thot_parse - INFO - Definindo o padrão de regex...
2022-04-27 08:12:12,157 - Utils.utils - INFO - Requisição <<GET>> realizada com sucesso, status code: 200
2022-04-27 08:12:12,158 - thots.thot_parse - INFO - Segundo padrão de regex definido com sucesso!
2022-04-27 08:12:12,346 - Utils.utils - INFO - Requisição <<GET>> realizada com sucesso, status code: 200
2022-04-27 08:12:12,349 - thots.thot_parse - INFO - Usando método alternativo para encontrar a quantidade de videos.
2022-04-27 08:12:12,530 - Utils.utils - INFO - Requisição <<GET>> realizada com sucesso, status code: 200
2022-04-27 08:12:12,718 - Utils.utils - INFO - Requisição <<GET>> realizada com sucesso, status code: 200
2022-04-27 08:12:12,719 - thots.thot_parse - INFO - Foi encontrado um total de : 0 videos restantes.
2022-04-27 08:12:12,720 - thots.thots - WARNING - ---------------| nicoleballs_trans - Fim da lista de videos.
2022-04-27 08:12:12,720 - thots.thots - WARNING - ---------------| Iniciando tarefa nikkecasada, 15 de 17
2022-04-27 08:12:12,720 - thots.thot_parse - INFO - Definindo o padrão de regex...
2022-04-27 08:12:13,338 - Utils.utils - INFO - Requisição <<GET>> realizada com sucesso, status code: 200
2022-04-27 08:12:13,339 - thots.thot_parse - INFO - Segundo padrão de regex definido com sucesso!
2022-04-27 08:12:13,523 - Utils.utils - INFO - Requisição <<GET>> realizada com sucesso, status code: 200
2022-04-27 08:12:13,525 - thots.thot_parse - INFO - Usando método alternativo para encontrar a quantidade de videos.
2022-04-27 08:12:13,705 - Utils.utils - INFO - Requisição <<GET>> realizada com sucesso, status code: 200
2022-04-27 08:12:13,886 - Utils.utils - INFO - Requisição <<GET>> realizada com sucesso, status code: 200
2022-04-27 08:12:14,070 - Utils.utils - INFO - Requisição <<GET>> realizada com sucesso, status code: 200
2022-04-27 08:12:14,260 - Utils.utils - INFO - Requisição <<GET>> realizada com sucesso, status code: 200
2022-04-27 08:12:14,451 - Utils.utils - INFO - Requisição <<GET>> realizada com sucesso, status code: 200
2022-04-27 08:12:14,453 - thots.thot_parse - INFO - Foi encontrado um total de : 0 videos restantes.
2022-04-27 08:12:14,453 - thots.thots - WARNING - ---------------| nikkecasada - Fim da lista de videos.
2022-04-27 08:12:14,453 - thots.thots - WARNING - ---------------| Iniciando tarefa tatycasadinha, 16 de 17
2022-04-27 08:12:14,833 - thots.thots - WARNING - ---------------| tatycasadinha - Fim da lista de videos.
2022-04-27 08:12:14,834 - thots.thots - WARNING - ---------------| Iniciando tarefa vidasafada, 17 de 17
2022-04-27 08:12:14,834 - thots.thot_parse - INFO - Definindo o padrão de regex...
2022-04-27 08:12:15,243 - Utils.utils - INFO - Requisição <<GET>> realizada com sucesso, status code: 200
2022-04-27 08:12:15,244 - thots.thot_parse - INFO - Segundo padrão de regex definido com sucesso!
2022-04-27 08:12:15,425 - Utils.utils - INFO - Requisição <<GET>> realizada com sucesso, status code: 200
2022-04-27 08:12:15,427 - thots.thot_parse - INFO - Usando método alternativo para encontrar a quantidade de videos.
2022-04-27 08:12:15,607 - Utils.utils - INFO - Requisição <<GET>> realizada com sucesso, status code: 200
2022-04-27 08:12:15,796 - Utils.utils - INFO - Requisição <<GET>> realizada com sucesso, status code: 200
2022-04-27 08:12:15,993 - Utils.utils - INFO - Requisição <<GET>> realizada com sucesso, status code: 200
2022-04-27 08:12:16,179 - Utils.utils - INFO - Requisição <<GET>> realizada com sucesso, status code: 200
2022-04-27 08:12:16,376 - Utils.utils - INFO - Requisição <<GET>> realizada com sucesso, status code: 200
2022-04-27 08:12:16,588 - Utils.utils - INFO - Requisição <<GET>> realizada com sucesso, status code: 200
2022-04-27 08:12:16,591 - thots.thot_parse - INFO - Foi encontrado um total de : 0 videos restantes.
2022-04-27 08:12:16,592 - thots.thots - WARNING - ---------------| vidasafada - Fim da lista de videos.
2022-04-27 08:12:16,592 - __main__ - INFO - Fazendo backup dos IDs na API backup...
2022-04-27 08:12:16,592 - __main__ - INFO - Salvando ID's da API localmente....
2022-04-27 08:12:16,844 - Utils.utils - INFO - Requisição <<GET>> realizada com sucesso, status code: 200
2022-04-27 08:12:17,438 - Utils.utils - INFO - Requisição <<GET>> realizada com sucesso, status code: 200
