2022-05-27 00:35:06,666 - Utils.utils - INFO - Ambiente de produção ativado
2022-05-27 00:35:07,320 - Utils.utils - INFO - Requisição <<GET>> realizada com sucesso, status code: 200
2022-05-27 00:35:07,355 - __main__ - INFO - Checando thotsbay forum...
2022-05-27 00:35:07,356 - Utils.thotshub - INFO - Autorizando...
2022-05-27 00:35:07,534 - Utils.utils - INFO - Requisição <<GET>> realizada com sucesso, status code: 200
2022-05-27 00:35:08,292 - Utils.utils - INFO - Requisição <<POST>> realizada com sucesso, status code: 200
2022-05-27 00:35:08,294 - Utils.thotshub - INFO - Autorizado
2022-05-27 00:35:08,294 - Utils.thotshub - INFO - Logado no thotsbay com sucesso.
2022-05-27 00:35:08,295 - __main__ - INFO - Checando colab...
2022-05-27 00:35:08,295 - Utils.utils - INFO - COLAB enviorement not detected
2022-05-27 00:35:08,295 - __main__ - INFO - Checando config...
2022-05-27 00:35:08,871 - Utils.utils - INFO - Requisição <<GET>> realizada com sucesso, status code: 200
2022-05-27 00:35:09,873 - __main__ - INFO - Checando ids...
2022-05-27 00:35:10,134 - Utils.utils - INFO - Requisição <<GET>> realizada com sucesso, status code: 200
2022-05-27 00:35:10,135 - thots.thots - WARNING - ---------------| Iniciando tarefa afroditehotwife, 1 de 17
2022-05-27 00:35:10,136 - thots.thot_parse - INFO - Definindo o padrão de regex...
2022-05-27 00:35:10,808 - Utils.utils - INFO - Requisição <<GET>> realizada com sucesso, status code: 200
2022-05-27 00:35:10,809 - thots.thot_parse - INFO - Segundo padrão de regex definido com sucesso!
2022-05-27 00:35:11,133 - Utils.utils - INFO - Requisição <<GET>> realizada com sucesso, status code: 200
2022-05-27 00:35:11,138 - thots.thot_parse - INFO - Usando método alternativo para encontrar a quantidade de videos.
2022-05-27 00:35:11,403 - Utils.utils - INFO - Requisição <<GET>> realizada com sucesso, status code: 200
2022-05-27 00:35:11,665 - Utils.utils - INFO - Requisição <<GET>> realizada com sucesso, status code: 200
2022-05-27 00:35:11,932 - Utils.utils - INFO - Requisição <<GET>> realizada com sucesso, status code: 200
2022-05-27 00:35:12,187 - Utils.utils - INFO - Requisição <<GET>> realizada com sucesso, status code: 200
2022-05-27 00:35:12,477 - Utils.utils - INFO - Requisição <<GET>> realizada com sucesso, status code: 200
2022-05-27 00:35:12,750 - Utils.utils - INFO - Requisição <<GET>> realizada com sucesso, status code: 200
2022-05-27 00:35:13,066 - Utils.utils - INFO - Requisição <<GET>> realizada com sucesso, status code: 200
2022-05-27 00:35:13,336 - Utils.utils - INFO - Requisição <<GET>> realizada com sucesso, status code: 200
2022-05-27 00:35:13,621 - Utils.utils - INFO - Requisição <<GET>> realizada com sucesso, status code: 200
2022-05-27 00:35:13,921 - Utils.utils - INFO - Requisição <<GET>> realizada com sucesso, status code: 200
2022-05-27 00:35:14,201 - Utils.utils - INFO - Requisição <<GET>> realizada com sucesso, status code: 200
2022-05-27 00:35:14,519 - Utils.utils - INFO - Requisição <<GET>> realizada com sucesso, status code: 200
2022-05-27 00:35:14,529 - thots.thot_parse - INFO - Foi encontrado um total de : 0 videos restantes.
2022-05-27 00:35:14,529 - thots.thots - WARNING - ---------------| afroditehotwife - Fim da lista de videos.
2022-05-27 00:35:14,529 - thots.thots - WARNING - ---------------| Iniciando tarefa agathalira, 2 de 17
2022-05-27 00:35:14,530 - thots.thot_parse - INFO - Definindo o padrão de regex...
2022-05-27 00:35:15,169 - Utils.utils - INFO - Requisição <<GET>> realizada com sucesso, status code: 200
2022-05-27 00:35:15,169 - thots.thot_parse - INFO - Primeiro padrão de regex definido com sucesso!
2022-05-27 00:35:15,874 - Utils.utils - INFO - Requisição <<GET>> realizada com sucesso, status code: 200
2022-05-27 00:35:15,876 - thots.thot_parse - INFO - Usando método alternativo para encontrar a quantidade de videos.
2022-05-27 00:35:16,551 - Utils.utils - INFO - Requisição <<GET>> realizada com sucesso, status code: 200
2022-05-27 00:35:16,857 - Utils.utils - INFO - Requisição <<GET>> realizada com sucesso, status code: 200
2022-05-27 00:35:17,184 - Utils.utils - INFO - Requisição <<GET>> realizada com sucesso, status code: 200
2022-05-27 00:35:17,512 - Utils.utils - INFO - Requisição <<GET>> realizada com sucesso, status code: 200
2022-05-27 00:35:17,837 - Utils.utils - INFO - Requisição <<GET>> realizada com sucesso, status code: 200
2022-05-27 00:35:18,168 - Utils.utils - INFO - Requisição <<GET>> realizada com sucesso, status code: 200
2022-05-27 00:35:18,807 - Utils.utils - INFO - Requisição <<GET>> realizada com sucesso, status code: 200
2022-05-27 00:35:19,211 - Utils.utils - INFO - Requisição <<GET>> realizada com sucesso, status code: 200
2022-05-27 00:35:19,891 - Utils.utils - INFO - Requisição <<GET>> realizada com sucesso, status code: 200
2022-05-27 00:35:20,553 - Utils.utils - INFO - Requisição <<GET>> realizada com sucesso, status code: 200
2022-05-27 00:35:21,235 - Utils.utils - INFO - Requisição <<GET>> realizada com sucesso, status code: 200
2022-05-27 00:35:21,770 - Utils.utils - INFO - Requisição <<GET>> realizada com sucesso, status code: 200
2022-05-27 00:35:22,330 - Utils.utils - INFO - Requisição <<GET>> realizada com sucesso, status code: 200
2022-05-27 00:35:22,339 - thots.thot_parse - INFO - Foi encontrado um total de : -5 videos restantes.
2022-05-27 00:35:22,340 - thots.thots - WARNING - ---------------| agathalira - Fim da lista de videos.
2022-05-27 00:35:22,340 - thots.thots - WARNING - ---------------| Iniciando tarefa barbaracastroo, 3 de 17
2022-05-27 00:35:22,340 - thots.thot_parse - INFO - Definindo o padrão de regex...
2022-05-27 00:35:22,901 - Utils.utils - INFO - Requisição <<GET>> realizada com sucesso, status code: 200
2022-05-27 00:35:22,902 - thots.thot_parse - INFO - Segundo padrão de regex definido com sucesso!
2022-05-27 00:35:23,302 - Utils.utils - INFO - Requisição <<GET>> realizada com sucesso, status code: 200
2022-05-27 00:35:23,304 - thots.thot_parse - INFO - Usando método alternativo para encontrar a quantidade de videos.
2022-05-27 00:35:23,598 - Utils.utils - INFO - Requisição <<GET>> realizada com sucesso, status code: 200
2022-05-27 00:35:23,599 - thots.thot_parse - INFO - Foi encontrado um total de : 0 videos restantes.
2022-05-27 00:35:23,599 - thots.thots - WARNING - ---------------| barbaracastroo - Fim da lista de videos.
2022-05-27 00:35:23,599 - thots.thots - WARNING - ---------------| Iniciando tarefa bellacasada, 4 de 17
2022-05-27 00:35:23,599 - thots.thot_parse - INFO - Definindo o padrão de regex...
2022-05-27 00:35:24,413 - Utils.utils - INFO - Requisição <<GET>> realizada com sucesso, status code: 200
2022-05-27 00:35:24,414 - thots.thot_parse - INFO - Segundo padrão de regex definido com sucesso!
2022-05-27 00:35:25,193 - Utils.utils - INFO - Requisição <<GET>> realizada com sucesso, status code: 200
2022-05-27 00:35:25,195 - thots.thot_parse - INFO - Usando método alternativo para encontrar a quantidade de videos.
2022-05-27 00:35:25,659 - Utils.utils - INFO - Requisição <<GET>> realizada com sucesso, status code: 200
2022-05-27 00:35:26,161 - Utils.utils - INFO - Requisição <<GET>> realizada com sucesso, status code: 200
2022-05-27 00:35:26,472 - Utils.utils - INFO - Requisição <<GET>> realizada com sucesso, status code: 200
2022-05-27 00:35:26,795 - Utils.utils - INFO - Requisição <<GET>> realizada com sucesso, status code: 200
2022-05-27 00:35:27,058 - Utils.utils - INFO - Requisição <<GET>> realizada com sucesso, status code: 200
2022-05-27 00:35:27,454 - Utils.utils - INFO - Requisição <<GET>> realizada com sucesso, status code: 200
2022-05-27 00:35:27,458 - thots.thot_parse - INFO - Foi encontrado um total de : 0 videos restantes.
2022-05-27 00:35:27,458 - thots.thots - WARNING - ---------------| bellacasada - Fim da lista de videos.
2022-05-27 00:35:27,458 - thots.thots - WARNING - ---------------| Iniciando tarefa casalruivaecornooficial, 5 de 17
2022-05-27 00:35:27,458 - thots.thot_parse - INFO - Definindo o padrão de regex...
2022-05-27 00:35:27,929 - Utils.utils - INFO - Requisição <<GET>> realizada com sucesso, status code: 200
2022-05-27 00:35:27,930 - thots.thot_parse - INFO - Segundo padrão de regex definido com sucesso!
2022-05-27 00:35:28,182 - Utils.utils - INFO - Requisição <<GET>> realizada com sucesso, status code: 200
2022-05-27 00:35:28,184 - thots.thot_parse - INFO - Usando método alternativo para encontrar a quantidade de videos.
2022-05-27 00:35:28,557 - Utils.utils - INFO - Requisição <<GET>> realizada com sucesso, status code: 200
2022-05-27 00:35:29,042 - Utils.utils - INFO - Requisição <<GET>> realizada com sucesso, status code: 200
2022-05-27 00:35:29,269 - Utils.utils - INFO - Requisição <<GET>> realizada com sucesso, status code: 200
2022-05-27 00:35:29,533 - Utils.utils - INFO - Requisição <<GET>> realizada com sucesso, status code: 200
2022-05-27 00:35:29,688 - Utils.utils - INFO - Requisição <<GET>> realizada com sucesso, status code: 200
2022-05-27 00:35:29,872 - Utils.utils - INFO - Requisição <<GET>> realizada com sucesso, status code: 200
2022-05-27 00:35:29,875 - thots.thot_parse - INFO - Foi encontrado um total de : 0 videos restantes.
2022-05-27 00:35:29,876 - thots.thots - WARNING - ---------------| casalruivaecornooficial - Fim da lista de videos.
2022-05-27 00:35:29,876 - thots.thots - WARNING - ---------------| Iniciando tarefa casaltopbessa, 6 de 17
2022-05-27 00:35:29,876 - thots.thot_parse - INFO - Definindo o padrão de regex...
2022-05-27 00:35:30,043 - Utils.utils - INFO - Requisição <<GET>> realizada com sucesso, status code: 200
2022-05-27 00:35:30,044 - thots.thot_parse - INFO - Segundo padrão de regex definido com sucesso!
2022-05-27 00:35:30,209 - Utils.utils - INFO - Requisição <<GET>> realizada com sucesso, status code: 200
2022-05-27 00:35:30,211 - thots.thot_parse - INFO - Usando método alternativo para encontrar a quantidade de videos.
2022-05-27 00:35:30,376 - Utils.utils - INFO - Requisição <<GET>> realizada com sucesso, status code: 200
2022-05-27 00:35:30,540 - Utils.utils - INFO - Requisição <<GET>> realizada com sucesso, status code: 200
2022-05-27 00:35:30,541 - thots.thot_parse - INFO - Foi encontrado um total de : -2 videos restantes.
2022-05-27 00:35:30,541 - thots.thots - WARNING - ---------------| casaltopbessa - Fim da lista de videos.
2022-05-27 00:35:30,542 - thots.thots - WARNING - ---------------| Iniciando tarefa elaquer, 7 de 17
2022-05-27 00:35:30,542 - thots.thot_parse - INFO - Definindo o padrão de regex...
2022-05-27 00:35:30,718 - Utils.utils - INFO - Requisição <<GET>> realizada com sucesso, status code: 200
2022-05-27 00:35:30,718 - thots.thot_parse - INFO - Segundo padrão de regex definido com sucesso!
2022-05-27 00:35:30,882 - Utils.utils - INFO - Requisição <<GET>> realizada com sucesso, status code: 200
2022-05-27 00:35:30,884 - thots.thot_parse - INFO - Usando método alternativo para encontrar a quantidade de videos.
2022-05-27 00:35:31,116 - Utils.utils - INFO - Requisição <<GET>> realizada com sucesso, status code: 200
2022-05-27 00:35:31,415 - Utils.utils - INFO - Requisição <<GET>> realizada com sucesso, status code: 200
2022-05-27 00:35:31,777 - Utils.utils - INFO - Requisição <<GET>> realizada com sucesso, status code: 200
2022-05-27 00:35:32,002 - Utils.utils - INFO - Requisição <<GET>> realizada com sucesso, status code: 200
2022-05-27 00:35:32,004 - thots.thot_parse - INFO - Foi encontrado um total de : 0 videos restantes.
2022-05-27 00:35:32,004 - thots.thots - WARNING - ---------------| elaquer - Fim da lista de videos.
2022-05-27 00:35:32,004 - thots.thots - WARNING - ---------------| Iniciando tarefa emilysales, 8 de 17
2022-05-27 00:35:32,004 - thots.thot_parse - INFO - Definindo o padrão de regex...
2022-05-27 00:35:32,230 - Utils.utils - INFO - Requisição <<GET>> realizada com sucesso, status code: 200
2022-05-27 00:35:32,230 - thots.thot_parse - INFO - Segundo padrão de regex definido com sucesso!
2022-05-27 00:35:32,468 - Utils.utils - INFO - Requisição <<GET>> realizada com sucesso, status code: 200
2022-05-27 00:35:32,470 - thots.thot_parse - INFO - Usando método alternativo para encontrar a quantidade de videos.
2022-05-27 00:35:32,626 - Utils.utils - INFO - Requisição <<GET>> realizada com sucesso, status code: 200
2022-05-27 00:35:32,786 - Utils.utils - INFO - Requisição <<GET>> realizada com sucesso, status code: 200
2022-05-27 00:35:33,037 - Utils.utils - INFO - Requisição <<GET>> realizada com sucesso, status code: 200
2022-05-27 00:35:33,831 - Utils.utils - INFO - Requisição <<GET>> realizada com sucesso, status code: 200
2022-05-27 00:35:34,199 - Utils.utils - INFO - Requisição <<GET>> realizada com sucesso, status code: 200
2022-05-27 00:35:34,202 - thots.thot_parse - INFO - Foi encontrado um total de : 0 videos restantes.
2022-05-27 00:35:34,202 - thots.thots - WARNING - ---------------| emilysales - Fim da lista de videos.
2022-05-27 00:35:34,202 - thots.thots - WARNING - ---------------| Iniciando tarefa esposagulosinha, 9 de 17
2022-05-27 00:35:34,203 - thots.thot_parse - INFO - Definindo o padrão de regex...
2022-05-27 00:35:34,738 - Utils.utils - INFO - Requisição <<GET>> realizada com sucesso, status code: 200
2022-05-27 00:35:34,739 - thots.thot_parse - INFO - Segundo padrão de regex definido com sucesso!
2022-05-27 00:35:35,001 - Utils.utils - INFO - Requisição <<GET>> realizada com sucesso, status code: 200
2022-05-27 00:35:35,003 - thots.thot_parse - INFO - Usando método alternativo para encontrar a quantidade de videos.
2022-05-27 00:35:35,347 - Utils.utils - INFO - Requisição <<GET>> realizada com sucesso, status code: 200
2022-05-27 00:35:35,599 - Utils.utils - INFO - Requisição <<GET>> realizada com sucesso, status code: 200
2022-05-27 00:35:35,898 - Utils.utils - INFO - Requisição <<GET>> realizada com sucesso, status code: 200
2022-05-27 00:35:36,157 - Utils.utils - INFO - Requisição <<GET>> realizada com sucesso, status code: 200
2022-05-27 00:35:36,405 - Utils.utils - INFO - Requisição <<GET>> realizada com sucesso, status code: 200
2022-05-27 00:35:36,755 - Utils.utils - INFO - Requisição <<GET>> realizada com sucesso, status code: 200
2022-05-27 00:35:36,944 - Utils.utils - INFO - Requisição <<GET>> realizada com sucesso, status code: 200
2022-05-27 00:35:37,189 - Utils.utils - INFO - Requisição <<GET>> realizada com sucesso, status code: 200
2022-05-27 00:35:37,193 - thots.thot_parse - INFO - Foi encontrado um total de : -2 videos restantes.
2022-05-27 00:35:37,194 - thots.thots - WARNING - ---------------| esposagulosinha - Fim da lista de videos.
2022-05-27 00:35:37,194 - thots.thots - WARNING - ---------------| Iniciando tarefa fabioeanaes, 10 de 17
2022-05-27 00:35:37,194 - thots.thot_parse - INFO - Definindo o padrão de regex...
2022-05-27 00:35:37,704 - Utils.utils - INFO - Requisição <<GET>> realizada com sucesso, status code: 200
2022-05-27 00:35:37,705 - thots.thot_parse - INFO - Segundo padrão de regex definido com sucesso!
2022-05-27 00:35:37,878 - Utils.utils - INFO - Requisição <<GET>> realizada com sucesso, status code: 200
2022-05-27 00:35:37,880 - thots.thot_parse - INFO - Usando método alternativo para encontrar a quantidade de videos.
2022-05-27 00:35:38,106 - Utils.utils - INFO - Requisição <<GET>> realizada com sucesso, status code: 200
2022-05-27 00:35:38,343 - Utils.utils - INFO - Requisição <<GET>> realizada com sucesso, status code: 200
2022-05-27 00:35:38,585 - Utils.utils - INFO - Requisição <<GET>> realizada com sucesso, status code: 200
2022-05-27 00:35:38,835 - Utils.utils - INFO - Requisição <<GET>> realizada com sucesso, status code: 200
2022-05-27 00:35:39,083 - Utils.utils - INFO - Requisição <<GET>> realizada com sucesso, status code: 200
2022-05-27 00:35:39,326 - Utils.utils - INFO - Requisição <<GET>> realizada com sucesso, status code: 200
2022-05-27 00:35:39,329 - thots.thot_parse - INFO - Foi encontrado um total de : -1 videos restantes.
2022-05-27 00:35:39,329 - thots.thots - WARNING - ---------------| fabioeanaes - Fim da lista de videos.
2022-05-27 00:35:39,329 - thots.thots - WARNING - ---------------| Iniciando tarefa helenafilmes, 11 de 17
2022-05-27 00:35:39,330 - thots.thot_parse - INFO - Definindo o padrão de regex...
2022-05-27 00:35:39,985 - Utils.utils - INFO - Requisição <<GET>> realizada com sucesso, status code: 200
2022-05-27 00:35:39,986 - thots.thot_parse - INFO - Segundo padrão de regex definido com sucesso!
2022-05-27 00:35:40,531 - Utils.utils - INFO - Requisição <<GET>> realizada com sucesso, status code: 200
2022-05-27 00:35:40,534 - thots.thot_parse - INFO - Usando método alternativo para encontrar a quantidade de videos.
2022-05-27 00:35:40,799 - Utils.utils - INFO - Requisição <<GET>> realizada com sucesso, status code: 200
2022-05-27 00:35:41,056 - Utils.utils - INFO - Requisição <<GET>> realizada com sucesso, status code: 200
2022-05-27 00:35:41,058 - thots.thot_parse - INFO - Foi encontrado um total de : 0 videos restantes.
2022-05-27 00:35:41,058 - thots.thots - WARNING - ---------------| helenafilmes - Fim da lista de videos.
2022-05-27 00:35:41,058 - thots.thots - WARNING - ---------------| Iniciando tarefa lualencar11, 12 de 17
2022-05-27 00:35:41,058 - thots.thot_parse - INFO - Definindo o padrão de regex...
2022-05-27 00:35:41,377 - Utils.utils - INFO - Requisição <<GET>> realizada com sucesso, status code: 200
2022-05-27 00:35:41,377 - thots.thot_parse - INFO - Segundo padrão de regex definido com sucesso!
2022-05-27 00:35:41,686 - Utils.utils - INFO - Requisição <<GET>> realizada com sucesso, status code: 200
2022-05-27 00:35:41,688 - thots.thot_parse - INFO - Usando método alternativo para encontrar a quantidade de videos.
2022-05-27 00:35:41,915 - Utils.utils - INFO - Requisição <<GET>> realizada com sucesso, status code: 200
2022-05-27 00:35:41,916 - thots.thot_parse - INFO - Foi encontrado um total de : 0 videos restantes.
2022-05-27 00:35:41,916 - thots.thots - WARNING - ---------------| lualencar11 - Fim da lista de videos.
2022-05-27 00:35:41,917 - thots.thots - WARNING - ---------------| Iniciando tarefa melissadias, 13 de 17
2022-05-27 00:35:41,917 - thots.thot_parse - INFO - Definindo o padrão de regex...
2022-05-27 00:35:42,159 - Utils.utils - INFO - Requisição <<GET>> realizada com sucesso, status code: 200
2022-05-27 00:35:42,160 - thots.thot_parse - INFO - Segundo padrão de regex definido com sucesso!
2022-05-27 00:35:42,416 - Utils.utils - INFO - Requisição <<GET>> realizada com sucesso, status code: 200
2022-05-27 00:35:42,418 - thots.thot_parse - INFO - Usando método alternativo para encontrar a quantidade de videos.
2022-05-27 00:35:42,764 - Utils.utils - INFO - Requisição <<GET>> realizada com sucesso, status code: 200
2022-05-27 00:35:43,058 - Utils.utils - INFO - Requisição <<GET>> realizada com sucesso, status code: 200
2022-05-27 00:35:43,257 - Utils.utils - INFO - Requisição <<GET>> realizada com sucesso, status code: 200
2022-05-27 00:35:43,411 - Utils.utils - INFO - Requisição <<GET>> realizada com sucesso, status code: 200
2022-05-27 00:35:43,566 - Utils.utils - INFO - Requisição <<GET>> realizada com sucesso, status code: 200
2022-05-27 00:35:43,733 - Utils.utils - INFO - Requisição <<GET>> realizada com sucesso, status code: 200
2022-05-27 00:35:43,943 - Utils.utils - INFO - Requisição <<GET>> realizada com sucesso, status code: 200
2022-05-27 00:35:43,947 - thots.thot_parse - INFO - Foi encontrado um total de : 0 videos restantes.
2022-05-27 00:35:43,947 - thots.thots - WARNING - ---------------| melissadias - Fim da lista de videos.
2022-05-27 00:35:43,947 - thots.thots - WARNING - ---------------| Iniciando tarefa nicoleballs_trans, 14 de 17
2022-05-27 00:35:43,947 - thots.thot_parse - INFO - Definindo o padrão de regex...
2022-05-27 00:35:44,107 - Utils.utils - INFO - Requisição <<GET>> realizada com sucesso, status code: 200
2022-05-27 00:35:44,107 - thots.thot_parse - INFO - Segundo padrão de regex definido com sucesso!
2022-05-27 00:35:44,270 - Utils.utils - INFO - Requisição <<GET>> realizada com sucesso, status code: 200
2022-05-27 00:35:44,271 - thots.thot_parse - INFO - Usando método alternativo para encontrar a quantidade de videos.
2022-05-27 00:35:44,432 - Utils.utils - INFO - Requisição <<GET>> realizada com sucesso, status code: 200
2022-05-27 00:35:44,644 - Utils.utils - INFO - Requisição <<GET>> realizada com sucesso, status code: 200
2022-05-27 00:35:44,645 - thots.thot_parse - INFO - Foi encontrado um total de : 0 videos restantes.
2022-05-27 00:35:44,645 - thots.thots - WARNING - ---------------| nicoleballs_trans - Fim da lista de videos.
2022-05-27 00:35:44,646 - thots.thots - WARNING - ---------------| Iniciando tarefa nikkecasada, 15 de 17
2022-05-27 00:35:44,646 - thots.thot_parse - INFO - Definindo o padrão de regex...
2022-05-27 00:35:45,113 - Utils.utils - INFO - Requisição <<GET>> realizada com sucesso, status code: 200
2022-05-27 00:35:45,113 - thots.thot_parse - INFO - Segundo padrão de regex definido com sucesso!
2022-05-27 00:35:45,361 - Utils.utils - INFO - Requisição <<GET>> realizada com sucesso, status code: 200
2022-05-27 00:35:45,364 - thots.thot_parse - INFO - Usando método alternativo para encontrar a quantidade de videos.
2022-05-27 00:35:45,591 - Utils.utils - INFO - Requisição <<GET>> realizada com sucesso, status code: 200
2022-05-27 00:35:45,814 - Utils.utils - INFO - Requisição <<GET>> realizada com sucesso, status code: 200
2022-05-27 00:35:46,001 - Utils.utils - INFO - Requisição <<GET>> realizada com sucesso, status code: 200
2022-05-27 00:35:46,195 - Utils.utils - INFO - Requisição <<GET>> realizada com sucesso, status code: 200
2022-05-27 00:35:46,387 - Utils.utils - INFO - Requisição <<GET>> realizada com sucesso, status code: 200
2022-05-27 00:35:46,388 - thots.thot_parse - INFO - Foi encontrado um total de : 0 videos restantes.
2022-05-27 00:35:46,389 - thots.thots - WARNING - ---------------| nikkecasada - Fim da lista de videos.
2022-05-27 00:35:46,389 - thots.thots - WARNING - ---------------| Iniciando tarefa tatycasadinha, 16 de 17
2022-05-27 00:35:46,740 - thots.thots - WARNING - ---------------| tatycasadinha - Fim da lista de videos.
2022-05-27 00:35:46,740 - thots.thots - WARNING - ---------------| Iniciando tarefa vidasafada, 17 de 17
2022-05-27 00:35:46,741 - thots.thot_parse - INFO - Definindo o padrão de regex...
2022-05-27 00:35:47,122 - Utils.utils - INFO - Requisição <<GET>> realizada com sucesso, status code: 200
2022-05-27 00:35:47,122 - thots.thot_parse - INFO - Segundo padrão de regex definido com sucesso!
2022-05-27 00:35:47,315 - Utils.utils - INFO - Requisição <<GET>> realizada com sucesso, status code: 200
2022-05-27 00:35:47,318 - thots.thot_parse - INFO - Usando método alternativo para encontrar a quantidade de videos.
2022-05-27 00:35:47,517 - Utils.utils - INFO - Requisição <<GET>> realizada com sucesso, status code: 200
2022-05-27 00:35:47,708 - Utils.utils - INFO - Requisição <<GET>> realizada com sucesso, status code: 200
2022-05-27 00:35:47,991 - Utils.utils - INFO - Requisição <<GET>> realizada com sucesso, status code: 200
2022-05-27 00:35:48,194 - Utils.utils - INFO - Requisição <<GET>> realizada com sucesso, status code: 200
2022-05-27 00:35:48,382 - Utils.utils - INFO - Requisição <<GET>> realizada com sucesso, status code: 200
2022-05-27 00:35:48,642 - Utils.utils - INFO - Requisição <<GET>> realizada com sucesso, status code: 200
2022-05-27 00:35:48,886 - Utils.utils - INFO - Requisição <<GET>> realizada com sucesso, status code: 200
2022-05-27 00:35:48,889 - thots.thot_parse - INFO - Foi encontrado um total de : 0 videos restantes.
2022-05-27 00:35:48,890 - thots.thots - WARNING - ---------------| vidasafada - Fim da lista de videos.
2022-05-27 00:35:48,890 - __main__ - INFO - Fazendo backup dos IDs na API backup...
2022-05-27 00:35:48,890 - __main__ - INFO - Salvando ID's da API localmente....
2022-05-27 00:35:49,234 - Utils.utils - INFO - Requisição <<GET>> realizada com sucesso, status code: 200
2022-05-27 00:35:49,835 - Utils.utils - INFO - Requisição <<GET>> realizada com sucesso, status code: 200
