2022-05-30 00:36:23,770 - Utils.utils - INFO - Ambiente de produção ativado
2022-05-30 00:36:24,205 - Utils.utils - INFO - Requisição <<GET>> realizada com sucesso, status code: 200
2022-05-30 00:36:24,244 - __main__ - INFO - Checando thotsbay forum...
2022-05-30 00:36:24,245 - Utils.thotshub - INFO - Autorizando...
2022-05-30 00:36:24,615 - Utils.utils - INFO - Requisição <<GET>> realizada com sucesso, status code: 200
2022-05-30 00:36:25,595 - Utils.utils - INFO - Requisição <<POST>> realizada com sucesso, status code: 200
2022-05-30 00:36:25,597 - Utils.thotshub - INFO - Autorizado
2022-05-30 00:36:25,597 - Utils.thotshub - INFO - Logado no thotsbay com sucesso.
2022-05-30 00:36:25,597 - __main__ - INFO - Checando colab...
2022-05-30 00:36:25,597 - Utils.utils - INFO - COLAB enviorement not detected
2022-05-30 00:36:25,598 - __main__ - INFO - Checando config...
2022-05-30 00:36:26,189 - Utils.utils - INFO - Requisição <<GET>> realizada com sucesso, status code: 200
2022-05-30 00:36:27,190 - __main__ - INFO - Checando ids...
2022-05-30 00:36:27,477 - Utils.utils - INFO - Requisição <<GET>> realizada com sucesso, status code: 200
2022-05-30 00:36:27,478 - thots.thots - WARNING - ---------------| Iniciando tarefa afroditehotwife, 1 de 17
2022-05-30 00:36:27,478 - thots.thot_parse - INFO - Definindo o padrão de regex...
2022-05-30 00:36:27,778 - Utils.utils - INFO - Requisição <<GET>> realizada com sucesso, status code: 200
2022-05-30 00:36:27,779 - thots.thot_parse - INFO - Segundo padrão de regex definido com sucesso!
2022-05-30 00:36:27,975 - Utils.utils - INFO - Requisição <<GET>> realizada com sucesso, status code: 200
2022-05-30 00:36:27,977 - thots.thot_parse - INFO - Usando método alternativo para encontrar a quantidade de videos.
2022-05-30 00:36:28,510 - Utils.utils - INFO - Requisição <<GET>> realizada com sucesso, status code: 200
2022-05-30 00:36:28,862 - Utils.utils - INFO - Requisição <<GET>> realizada com sucesso, status code: 200
2022-05-30 00:36:29,129 - Utils.utils - INFO - Requisição <<GET>> realizada com sucesso, status code: 200
2022-05-30 00:36:29,367 - Utils.utils - INFO - Requisição <<GET>> realizada com sucesso, status code: 200
2022-05-30 00:36:29,546 - Utils.utils - INFO - Requisição <<GET>> realizada com sucesso, status code: 200
2022-05-30 00:36:29,760 - Utils.utils - INFO - Requisição <<GET>> realizada com sucesso, status code: 200
2022-05-30 00:36:30,202 - Utils.utils - INFO - Requisição <<GET>> realizada com sucesso, status code: 200
2022-05-30 00:36:30,599 - Utils.utils - INFO - Requisição <<GET>> realizada com sucesso, status code: 200
2022-05-30 00:36:30,812 - Utils.utils - INFO - Requisição <<GET>> realizada com sucesso, status code: 200
2022-05-30 00:36:31,026 - Utils.utils - INFO - Requisição <<GET>> realizada com sucesso, status code: 200
2022-05-30 00:36:31,251 - Utils.utils - INFO - Requisição <<GET>> realizada com sucesso, status code: 200
2022-05-30 00:36:31,488 - Utils.utils - INFO - Requisição <<GET>> realizada com sucesso, status code: 200
2022-05-30 00:36:31,498 - thots.thot_parse - INFO - Foi encontrado um total de : 0 videos restantes.
2022-05-30 00:36:31,498 - thots.thots - WARNING - ---------------| afroditehotwife - Fim da lista de videos.
2022-05-30 00:36:31,498 - thots.thots - WARNING - ---------------| Iniciando tarefa agathalira, 2 de 17
2022-05-30 00:36:31,499 - thots.thot_parse - INFO - Definindo o padrão de regex...
2022-05-30 00:36:32,099 - Utils.utils - INFO - Requisição <<GET>> realizada com sucesso, status code: 200
2022-05-30 00:36:32,100 - thots.thot_parse - INFO - Primeiro padrão de regex definido com sucesso!
2022-05-30 00:36:32,744 - Utils.utils - INFO - Requisição <<GET>> realizada com sucesso, status code: 200
2022-05-30 00:36:32,746 - thots.thot_parse - INFO - Usando método alternativo para encontrar a quantidade de videos.
2022-05-30 00:36:33,234 - Utils.utils - INFO - Requisição <<GET>> realizada com sucesso, status code: 200
2022-05-30 00:36:33,798 - Utils.utils - INFO - Requisição <<GET>> realizada com sucesso, status code: 200
2022-05-30 00:36:34,517 - Utils.utils - INFO - Requisição <<GET>> realizada com sucesso, status code: 200
2022-05-30 00:36:35,026 - Utils.utils - INFO - Requisição <<GET>> realizada com sucesso, status code: 200
2022-05-30 00:36:35,485 - Utils.utils - INFO - Requisição <<GET>> realizada com sucesso, status code: 200
2022-05-30 00:36:35,745 - Utils.utils - INFO - Requisição <<GET>> realizada com sucesso, status code: 200
2022-05-30 00:36:36,003 - Utils.utils - INFO - Requisição <<GET>> realizada com sucesso, status code: 200
2022-05-30 00:36:36,249 - Utils.utils - INFO - Requisição <<GET>> realizada com sucesso, status code: 200
2022-05-30 00:36:36,529 - Utils.utils - INFO - Requisição <<GET>> realizada com sucesso, status code: 200
2022-05-30 00:36:42,632 - Utils.utils - INFO - Ambiente de produção ativado
2022-05-30 00:36:42,826 - Utils.utils - INFO - Requisição <<GET>> realizada com sucesso, status code: 200
2022-05-30 00:36:42,863 - __main__ - INFO - Checando thotsbay forum...
2022-05-30 00:36:42,863 - Utils.thotshub - INFO - Autorizando...
2022-05-30 00:36:43,038 - Utils.utils - INFO - Requisição <<GET>> realizada com sucesso, status code: 200
2022-05-30 00:36:43,658 - Utils.utils - INFO - Requisição <<POST>> realizada com sucesso, status code: 200
2022-05-30 00:36:43,660 - Utils.thotshub - INFO - Autorizado
2022-05-30 00:36:43,660 - Utils.thotshub - INFO - Logado no thotsbay com sucesso.
2022-05-30 00:36:43,661 - __main__ - INFO - Checando colab...
2022-05-30 00:36:43,661 - Utils.utils - INFO - COLAB enviorement not detected
2022-05-30 00:36:43,662 - __main__ - INFO - Checando config...
2022-05-30 00:36:43,960 - Utils.utils - INFO - Requisição <<GET>> realizada com sucesso, status code: 200
2022-05-30 00:36:44,961 - __main__ - INFO - Checando ids...
2022-05-30 00:36:45,238 - Utils.utils - INFO - Requisição <<GET>> realizada com sucesso, status code: 200
2022-05-30 00:36:45,239 - thots.thots - WARNING - ---------------| Iniciando tarefa afroditehotwife, 1 de 17
2022-05-30 00:36:45,239 - thots.thot_parse - INFO - Definindo o padrão de regex...
2022-05-30 00:36:45,619 - Utils.utils - INFO - Requisição <<GET>> realizada com sucesso, status code: 200
2022-05-30 00:36:45,619 - thots.thot_parse - INFO - Segundo padrão de regex definido com sucesso!
2022-05-30 00:36:46,015 - Utils.utils - INFO - Requisição <<GET>> realizada com sucesso, status code: 200
2022-05-30 00:36:46,017 - thots.thot_parse - INFO - Usando método alternativo para encontrar a quantidade de videos.
2022-05-30 00:36:46,380 - Utils.utils - INFO - Requisição <<GET>> realizada com sucesso, status code: 200
2022-05-30 00:36:46,622 - Utils.utils - INFO - Requisição <<GET>> realizada com sucesso, status code: 200
2022-05-30 00:36:46,928 - Utils.utils - INFO - Requisição <<GET>> realizada com sucesso, status code: 200
2022-05-30 00:36:47,165 - Utils.utils - INFO - Requisição <<GET>> realizada com sucesso, status code: 200
2022-05-30 00:36:47,391 - Utils.utils - INFO - Requisição <<GET>> realizada com sucesso, status code: 200
2022-05-30 00:36:47,638 - Utils.utils - INFO - Requisição <<GET>> realizada com sucesso, status code: 200
2022-05-30 00:36:47,964 - Utils.utils - INFO - Requisição <<GET>> realizada com sucesso, status code: 200
2022-05-30 00:36:48,207 - Utils.utils - INFO - Requisição <<GET>> realizada com sucesso, status code: 200
2022-05-30 00:36:48,468 - Utils.utils - INFO - Requisição <<GET>> realizada com sucesso, status code: 200
2022-05-30 00:36:48,899 - Utils.utils - INFO - Requisição <<GET>> realizada com sucesso, status code: 200
2022-05-30 00:36:49,271 - Utils.utils - INFO - Requisição <<GET>> realizada com sucesso, status code: 200
2022-05-30 00:36:49,630 - Utils.utils - INFO - Requisição <<GET>> realizada com sucesso, status code: 200
2022-05-30 00:36:49,641 - thots.thot_parse - INFO - Foi encontrado um total de : 0 videos restantes.
2022-05-30 00:36:49,641 - thots.thots - WARNING - ---------------| afroditehotwife - Fim da lista de videos.
2022-05-30 00:36:49,641 - thots.thots - WARNING - ---------------| Iniciando tarefa agathalira, 2 de 17
2022-05-30 00:36:49,641 - thots.thot_parse - INFO - Definindo o padrão de regex...
2022-05-30 00:36:50,113 - Utils.utils - INFO - Requisição <<GET>> realizada com sucesso, status code: 200
2022-05-30 00:36:50,114 - thots.thot_parse - INFO - Primeiro padrão de regex definido com sucesso!
2022-05-30 00:36:50,382 - Utils.utils - INFO - Requisição <<GET>> realizada com sucesso, status code: 200
2022-05-30 00:36:50,384 - thots.thot_parse - INFO - Usando método alternativo para encontrar a quantidade de videos.
2022-05-30 00:36:50,668 - Utils.utils - INFO - Requisição <<GET>> realizada com sucesso, status code: 200
2022-05-30 00:36:50,965 - Utils.utils - INFO - Requisição <<GET>> realizada com sucesso, status code: 200
2022-05-30 00:36:51,282 - Utils.utils - INFO - Requisição <<GET>> realizada com sucesso, status code: 200
2022-05-30 00:36:51,533 - Utils.utils - INFO - Requisição <<GET>> realizada com sucesso, status code: 200
2022-05-30 00:36:51,805 - Utils.utils - INFO - Requisição <<GET>> realizada com sucesso, status code: 200
2022-05-30 00:36:52,101 - Utils.utils - INFO - Requisição <<GET>> realizada com sucesso, status code: 200
2022-05-30 00:36:52,376 - Utils.utils - INFO - Requisição <<GET>> realizada com sucesso, status code: 200
2022-05-30 00:36:52,664 - Utils.utils - INFO - Requisição <<GET>> realizada com sucesso, status code: 200
2022-05-30 00:36:52,916 - Utils.utils - INFO - Requisição <<GET>> realizada com sucesso, status code: 200
2022-05-30 00:36:53,396 - Utils.utils - INFO - Requisição <<GET>> realizada com sucesso, status code: 200
2022-05-30 00:36:53,738 - Utils.utils - INFO - Requisição <<GET>> realizada com sucesso, status code: 200
2022-05-30 00:36:53,997 - Utils.utils - INFO - Requisição <<GET>> realizada com sucesso, status code: 200
2022-05-30 00:36:54,166 - Utils.utils - INFO - Requisição <<GET>> realizada com sucesso, status code: 200
2022-05-30 00:36:54,177 - thots.thot_parse - INFO - Foi encontrado um total de : -5 videos restantes.
2022-05-30 00:36:54,177 - thots.thots - WARNING - ---------------| agathalira - Fim da lista de videos.
2022-05-30 00:36:54,177 - thots.thots - WARNING - ---------------| Iniciando tarefa barbaracastroo, 3 de 17
2022-05-30 00:36:54,177 - thots.thot_parse - INFO - Definindo o padrão de regex...
2022-05-30 00:36:54,407 - Utils.utils - INFO - Requisição <<GET>> realizada com sucesso, status code: 200
2022-05-30 00:36:54,407 - thots.thot_parse - INFO - Segundo padrão de regex definido com sucesso!
2022-05-30 00:36:54,558 - Utils.utils - INFO - Requisição <<GET>> realizada com sucesso, status code: 200
2022-05-30 00:36:54,560 - thots.thot_parse - INFO - Usando método alternativo para encontrar a quantidade de videos.
2022-05-30 00:36:54,742 - Utils.utils - INFO - Requisição <<GET>> realizada com sucesso, status code: 200
2022-05-30 00:36:54,742 - thots.thot_parse - INFO - Foi encontrado um total de : 0 videos restantes.
2022-05-30 00:36:54,743 - thots.thots - WARNING - ---------------| barbaracastroo - Fim da lista de videos.
2022-05-30 00:36:54,743 - thots.thots - WARNING - ---------------| Iniciando tarefa bellacasada, 4 de 17
2022-05-30 00:36:54,743 - thots.thot_parse - INFO - Definindo o padrão de regex...
2022-05-30 00:36:55,065 - Utils.utils - INFO - Requisição <<GET>> realizada com sucesso, status code: 200
2022-05-30 00:36:55,066 - thots.thot_parse - INFO - Segundo padrão de regex definido com sucesso!
2022-05-30 00:36:55,262 - Utils.utils - INFO - Requisição <<GET>> realizada com sucesso, status code: 200
2022-05-30 00:36:55,264 - thots.thot_parse - INFO - Usando método alternativo para encontrar a quantidade de videos.
2022-05-30 00:36:55,453 - Utils.utils - INFO - Requisição <<GET>> realizada com sucesso, status code: 200
2022-05-30 00:36:55,665 - Utils.utils - INFO - Requisição <<GET>> realizada com sucesso, status code: 200
2022-05-30 00:36:55,825 - Utils.utils - INFO - Requisição <<GET>> realizada com sucesso, status code: 200
2022-05-30 00:36:55,998 - Utils.utils - INFO - Requisição <<GET>> realizada com sucesso, status code: 200
2022-05-30 00:36:56,162 - Utils.utils - INFO - Requisição <<GET>> realizada com sucesso, status code: 200
2022-05-30 00:36:56,346 - Utils.utils - INFO - Requisição <<GET>> realizada com sucesso, status code: 200
2022-05-30 00:36:56,349 - thots.thot_parse - INFO - Foi encontrado um total de : 0 videos restantes.
2022-05-30 00:36:56,350 - thots.thots - WARNING - ---------------| bellacasada - Fim da lista de videos.
2022-05-30 00:36:56,350 - thots.thots - WARNING - ---------------| Iniciando tarefa casalruivaecornooficial, 5 de 17
2022-05-30 00:36:56,351 - thots.thot_parse - INFO - Definindo o padrão de regex...
2022-05-30 00:36:56,691 - Utils.utils - INFO - Requisição <<GET>> realizada com sucesso, status code: 200
2022-05-30 00:36:56,691 - thots.thot_parse - INFO - Segundo padrão de regex definido com sucesso!
2022-05-30 00:36:57,000 - Utils.utils - INFO - Requisição <<GET>> realizada com sucesso, status code: 200
2022-05-30 00:36:57,002 - thots.thot_parse - INFO - Usando método alternativo para encontrar a quantidade de videos.
2022-05-30 00:36:57,296 - Utils.utils - INFO - Requisição <<GET>> realizada com sucesso, status code: 200
2022-05-30 00:36:57,517 - Utils.utils - INFO - Requisição <<GET>> realizada com sucesso, status code: 200
2022-05-30 00:36:57,690 - Utils.utils - INFO - Requisição <<GET>> realizada com sucesso, status code: 200
2022-05-30 00:36:57,908 - Utils.utils - INFO - Requisição <<GET>> realizada com sucesso, status code: 200
2022-05-30 00:36:58,039 - Utils.utils - INFO - Requisição <<GET>> realizada com sucesso, status code: 200
2022-05-30 00:36:58,169 - Utils.utils - INFO - Requisição <<GET>> realizada com sucesso, status code: 200
2022-05-30 00:36:58,172 - thots.thot_parse - INFO - Foi encontrado um total de : 0 videos restantes.
2022-05-30 00:36:58,172 - thots.thots - WARNING - ---------------| casalruivaecornooficial - Fim da lista de videos.
2022-05-30 00:36:58,173 - thots.thots - WARNING - ---------------| Iniciando tarefa casaltopbessa, 6 de 17
2022-05-30 00:36:58,174 - thots.thot_parse - INFO - Definindo o padrão de regex...
2022-05-30 00:36:58,306 - Utils.utils - INFO - Requisição <<GET>> realizada com sucesso, status code: 200
2022-05-30 00:36:58,307 - thots.thot_parse - INFO - Segundo padrão de regex definido com sucesso!
2022-05-30 00:36:58,508 - Utils.utils - INFO - Requisição <<GET>> realizada com sucesso, status code: 200
2022-05-30 00:36:58,510 - thots.thot_parse - INFO - Usando método alternativo para encontrar a quantidade de videos.
2022-05-30 00:36:58,646 - Utils.utils - INFO - Requisição <<GET>> realizada com sucesso, status code: 200
2022-05-30 00:36:58,781 - Utils.utils - INFO - Requisição <<GET>> realizada com sucesso, status code: 200
2022-05-30 00:36:58,782 - thots.thot_parse - INFO - Foi encontrado um total de : -2 videos restantes.
2022-05-30 00:36:58,783 - thots.thots - WARNING - ---------------| casaltopbessa - Fim da lista de videos.
2022-05-30 00:36:58,783 - thots.thots - WARNING - ---------------| Iniciando tarefa elaquer, 7 de 17
2022-05-30 00:36:58,783 - thots.thot_parse - INFO - Definindo o padrão de regex...
2022-05-30 00:36:58,938 - Utils.utils - INFO - Requisição <<GET>> realizada com sucesso, status code: 200
2022-05-30 00:36:58,938 - thots.thot_parse - INFO - Segundo padrão de regex definido com sucesso!
2022-05-30 00:36:59,076 - Utils.utils - INFO - Requisição <<GET>> realizada com sucesso, status code: 200
2022-05-30 00:36:59,078 - thots.thot_parse - INFO - Usando método alternativo para encontrar a quantidade de videos.
2022-05-30 00:36:59,209 - Utils.utils - INFO - Requisição <<GET>> realizada com sucesso, status code: 200
2022-05-30 00:36:59,392 - Utils.utils - INFO - Requisição <<GET>> realizada com sucesso, status code: 200
2022-05-30 00:36:59,610 - Utils.utils - INFO - Requisição <<GET>> realizada com sucesso, status code: 200
2022-05-30 00:36:59,910 - Utils.utils - INFO - Requisição <<GET>> realizada com sucesso, status code: 200
2022-05-30 00:36:59,911 - thots.thot_parse - INFO - Foi encontrado um total de : 0 videos restantes.
2022-05-30 00:36:59,911 - thots.thots - WARNING - ---------------| elaquer - Fim da lista de videos.
2022-05-30 00:36:59,912 - thots.thots - WARNING - ---------------| Iniciando tarefa emilysales, 8 de 17
2022-05-30 00:36:59,912 - thots.thot_parse - INFO - Definindo o padrão de regex...
2022-05-30 00:37:00,525 - Utils.utils - INFO - Requisição <<GET>> realizada com sucesso, status code: 200
2022-05-30 00:37:00,525 - thots.thot_parse - INFO - Segundo padrão de regex definido com sucesso!
2022-05-30 00:37:00,836 - Utils.utils - INFO - Requisição <<GET>> realizada com sucesso, status code: 200
2022-05-30 00:37:00,838 - thots.thot_parse - INFO - Usando método alternativo para encontrar a quantidade de videos.
2022-05-30 00:37:01,092 - Utils.utils - INFO - Requisição <<GET>> realizada com sucesso, status code: 200
2022-05-30 00:37:01,410 - Utils.utils - INFO - Requisição <<GET>> realizada com sucesso, status code: 200
2022-05-30 00:37:01,588 - Utils.utils - INFO - Requisição <<GET>> realizada com sucesso, status code: 200
2022-05-30 00:37:01,718 - Utils.utils - INFO - Requisição <<GET>> realizada com sucesso, status code: 200
2022-05-30 00:37:01,858 - Utils.utils - INFO - Requisição <<GET>> realizada com sucesso, status code: 200
2022-05-30 00:37:01,860 - thots.thot_parse - INFO - Foi encontrado um total de : 0 videos restantes.
2022-05-30 00:37:01,860 - thots.thots - WARNING - ---------------| emilysales - Fim da lista de videos.
2022-05-30 00:37:01,860 - thots.thots - WARNING - ---------------| Iniciando tarefa esposagulosinha, 9 de 17
2022-05-30 00:37:01,860 - thots.thot_parse - INFO - Definindo o padrão de regex...
2022-05-30 00:37:02,193 - Utils.utils - INFO - Requisição <<GET>> realizada com sucesso, status code: 200
2022-05-30 00:37:02,194 - thots.thot_parse - INFO - Segundo padrão de regex definido com sucesso!
2022-05-30 00:37:02,476 - Utils.utils - INFO - Requisição <<GET>> realizada com sucesso, status code: 200
2022-05-30 00:37:02,478 - thots.thot_parse - INFO - Usando método alternativo para encontrar a quantidade de videos.
2022-05-30 00:37:02,721 - Utils.utils - INFO - Requisição <<GET>> realizada com sucesso, status code: 200
2022-05-30 00:37:02,853 - Utils.utils - INFO - Requisição <<GET>> realizada com sucesso, status code: 200
2022-05-30 00:37:02,987 - Utils.utils - INFO - Requisição <<GET>> realizada com sucesso, status code: 200
2022-05-30 00:37:03,192 - Utils.utils - INFO - Requisição <<GET>> realizada com sucesso, status code: 200
2022-05-30 00:37:03,471 - Utils.utils - INFO - Requisição <<GET>> realizada com sucesso, status code: 200
2022-05-30 00:37:03,731 - Utils.utils - INFO - Requisição <<GET>> realizada com sucesso, status code: 200
2022-05-30 00:37:04,056 - Utils.utils - INFO - Requisição <<GET>> realizada com sucesso, status code: 200
2022-05-30 00:37:04,406 - Utils.utils - INFO - Requisição <<GET>> realizada com sucesso, status code: 200
2022-05-30 00:37:04,410 - thots.thot_parse - INFO - Foi encontrado um total de : -2 videos restantes.
2022-05-30 00:37:04,410 - thots.thots - WARNING - ---------------| esposagulosinha - Fim da lista de videos.
2022-05-30 00:37:04,411 - thots.thots - WARNING - ---------------| Iniciando tarefa fabioeanaes, 10 de 17
2022-05-30 00:37:04,411 - thots.thot_parse - INFO - Definindo o padrão de regex...
2022-05-30 00:37:04,844 - Utils.utils - INFO - Requisição <<GET>> realizada com sucesso, status code: 200
2022-05-30 00:37:04,844 - thots.thot_parse - INFO - Segundo padrão de regex definido com sucesso!
2022-05-30 00:37:05,136 - Utils.utils - INFO - Requisição <<GET>> realizada com sucesso, status code: 200
2022-05-30 00:37:05,138 - thots.thot_parse - INFO - Usando método alternativo para encontrar a quantidade de videos.
2022-05-30 00:37:05,806 - Utils.utils - INFO - Requisição <<GET>> realizada com sucesso, status code: 200
2022-05-30 00:37:06,218 - Utils.utils - INFO - Requisição <<GET>> realizada com sucesso, status code: 200
2022-05-30 00:37:06,478 - Utils.utils - INFO - Requisição <<GET>> realizada com sucesso, status code: 200
2022-05-30 00:37:06,771 - Utils.utils - INFO - Requisição <<GET>> realizada com sucesso, status code: 200
2022-05-30 00:37:06,930 - Utils.utils - INFO - Requisição <<GET>> realizada com sucesso, status code: 200
2022-05-30 00:37:07,070 - Utils.utils - INFO - Requisição <<GET>> realizada com sucesso, status code: 200
2022-05-30 00:37:07,073 - thots.thot_parse - INFO - Foi encontrado um total de : -1 videos restantes.
2022-05-30 00:37:07,073 - thots.thots - WARNING - ---------------| fabioeanaes - Fim da lista de videos.
2022-05-30 00:37:07,073 - thots.thots - WARNING - ---------------| Iniciando tarefa helenafilmes, 11 de 17
2022-05-30 00:37:07,073 - thots.thot_parse - INFO - Definindo o padrão de regex...
2022-05-30 00:37:07,301 - Utils.utils - INFO - Requisição <<GET>> realizada com sucesso, status code: 200
2022-05-30 00:37:07,302 - thots.thot_parse - INFO - Segundo padrão de regex definido com sucesso!
2022-05-30 00:37:07,429 - Utils.utils - INFO - Requisição <<GET>> realizada com sucesso, status code: 200
2022-05-30 00:37:07,431 - thots.thot_parse - INFO - Usando método alternativo para encontrar a quantidade de videos.
2022-05-30 00:37:07,572 - Utils.utils - INFO - Requisição <<GET>> realizada com sucesso, status code: 200
2022-05-30 00:37:07,707 - Utils.utils - INFO - Requisição <<GET>> realizada com sucesso, status code: 200
2022-05-30 00:37:07,708 - thots.thot_parse - INFO - Foi encontrado um total de : 0 videos restantes.
2022-05-30 00:37:07,708 - thots.thots - WARNING - ---------------| helenafilmes - Fim da lista de videos.
2022-05-30 00:37:07,708 - thots.thots - WARNING - ---------------| Iniciando tarefa lualencar11, 12 de 17
2022-05-30 00:37:07,708 - thots.thot_parse - INFO - Definindo o padrão de regex...
2022-05-30 00:37:07,868 - Utils.utils - INFO - Requisição <<GET>> realizada com sucesso, status code: 200
2022-05-30 00:37:07,869 - thots.thot_parse - INFO - Segundo padrão de regex definido com sucesso!
2022-05-30 00:37:08,070 - Utils.utils - INFO - Requisição <<GET>> realizada com sucesso, status code: 200
2022-05-30 00:37:08,071 - thots.thot_parse - INFO - Usando método alternativo para encontrar a quantidade de videos.
2022-05-30 00:37:08,402 - Utils.utils - INFO - Requisição <<GET>> realizada com sucesso, status code: 200
2022-05-30 00:37:08,403 - thots.thot_parse - INFO - Foi encontrado um total de : 0 videos restantes.
2022-05-30 00:37:08,403 - thots.thots - WARNING - ---------------| lualencar11 - Fim da lista de videos.
2022-05-30 00:37:08,403 - thots.thots - WARNING - ---------------| Iniciando tarefa melissadias, 13 de 17
2022-05-30 00:37:08,403 - thots.thot_parse - INFO - Definindo o padrão de regex...
2022-05-30 00:37:08,677 - Utils.utils - INFO - Requisição <<GET>> realizada com sucesso, status code: 200
2022-05-30 00:37:08,678 - thots.thot_parse - INFO - Segundo padrão de regex definido com sucesso!
2022-05-30 00:37:08,988 - Utils.utils - INFO - Requisição <<GET>> realizada com sucesso, status code: 200
2022-05-30 00:37:08,989 - thots.thot_parse - INFO - Usando método alternativo para encontrar a quantidade de videos.
2022-05-30 00:37:09,283 - Utils.utils - INFO - Requisição <<GET>> realizada com sucesso, status code: 200
2022-05-30 00:37:09,624 - Utils.utils - INFO - Requisição <<GET>> realizada com sucesso, status code: 200
2022-05-30 00:37:09,977 - Utils.utils - INFO - Requisição <<GET>> realizada com sucesso, status code: 200
2022-05-30 00:37:10,221 - Utils.utils - INFO - Requisição <<GET>> realizada com sucesso, status code: 200
2022-05-30 00:37:10,376 - Utils.utils - INFO - Requisição <<GET>> realizada com sucesso, status code: 200
2022-05-30 00:37:10,533 - Utils.utils - INFO - Requisição <<GET>> realizada com sucesso, status code: 200
2022-05-30 00:37:10,764 - Utils.utils - INFO - Requisição <<GET>> realizada com sucesso, status code: 200
2022-05-30 00:37:10,768 - thots.thot_parse - INFO - Foi encontrado um total de : 1 videos restantes.
2022-05-30 00:37:10,768 - thots.thot_parse - INFO - A lista de ID's já foi definida
2022-05-30 00:37:10,933 - Utils.utils - INFO - Requisição <<GET>> realizada com sucesso, status code: 200
2022-05-30 00:37:11,114 - Utils.utils - INFO - Requisição <<GET>> realizada com sucesso, status code: 200
2022-05-30 00:37:11,248 - Utils.utils - INFO - Requisição <<GET>> realizada com sucesso, status code: 200
2022-05-30 00:37:11,418 - Utils.utils - INFO - Requisição <<GET>> realizada com sucesso, status code: 200
2022-05-30 00:37:11,564 - Utils.utils - INFO - Requisição <<GET>> realizada com sucesso, status code: 200
2022-05-30 00:37:11,713 - Utils.utils - INFO - Requisição <<GET>> realizada com sucesso, status code: 200
2022-05-30 00:37:11,838 - Utils.utils - INFO - Requisição <<GET>> realizada com sucesso, status code: 200
2022-05-30 00:37:11,839 - thots.thot_parse - INFO - Download: 1 of 1
2022-05-30 00:37:11,840 - Utils.download - INFO - Baixando Downloads/melissadias/108504-sexo-na-varanda.mp4
2022-05-30 00:37:19,642 - Utils.download - INFO - Arquivo 108504-sexo-na-varanda baixado com sucesso! Agora...Enviando...
2022-05-30 00:37:26,815 - Utils.download - INFO - Arquivo 108504-sexo-na-varanda enviado com sucesso, ainda faltam: 0
2022-05-30 00:37:27,040 - Utils.utils - INFO - Requisição <<PUT>> realizada com sucesso, status code: 200
2022-05-30 00:37:27,111 - Utils.utils - INFO - Requisição <<GET>> realizada com sucesso, status code: 200
2022-05-30 00:37:27,433 - Utils.utils - INFO - Requisição <<PUT>> realizada com sucesso, status code: 200
2022-05-30 00:37:27,433 - Utils.download - INFO - Prosseguindo com a postagem...
2022-05-30 00:37:27,434 - Utils.download - INFO - A última postagem foi em 2022-04-08 02:11:06.007147 a diferença é: 74786 minutos
2022-05-30 00:37:28,093 - Utils.utils - INFO - Enviando imagem 1 de 3 : Thumbnails/melissadias000093.jpg
2022-05-30 00:37:29,334 - Utils.utils - INFO - Requisição <<POST>> realizada com sucesso, status code: 200
2022-05-30 00:37:29,335 - Utils.utils - INFO - Thumbnails/melissadias000093.jpg enviado com sucesso
2022-05-30 00:37:29,335 - Utils.utils - INFO - Enviando imagem 2 de 3 : Thumbnails/melissadias000079.jpg
2022-05-30 00:37:30,665 - Utils.utils - INFO - Requisição <<POST>> realizada com sucesso, status code: 200
2022-05-30 00:37:30,666 - Utils.utils - INFO - Thumbnails/melissadias000079.jpg enviado com sucesso
2022-05-30 00:37:30,667 - Utils.utils - INFO - Enviando imagem 3 de 3 : Thumbnails/melissadias000010.jpg
2022-05-30 00:37:31,939 - Utils.utils - INFO - Requisição <<POST>> realizada com sucesso, status code: 200
2022-05-30 00:37:31,940 - Utils.utils - INFO - Thumbnails/melissadias000010.jpg enviado com sucesso
2022-05-30 00:37:31,940 - Utils.thotshub - INFO - Autorizando...
2022-05-30 00:37:32,123 - Utils.utils - INFO - Requisição <<GET>> realizada com sucesso, status code: 200
2022-05-30 00:37:32,301 - Utils.utils - INFO - Requisição <<POST>> realizada com sucesso, status code: 200
2022-05-30 00:37:32,302 - Utils.thotshub - INFO - Autorizado
2022-05-30 00:37:32,302 - Utils.thotshub - INFO - Logado no thotsbay com sucesso.
2022-05-30 00:37:32,302 - Utils.download - INFO - Atualizando tópico agora...
2022-05-30 00:37:32,428 - Utils.utils - INFO - Requisição <<GET>> realizada com sucesso, status code: 200
2022-05-30 00:37:32,806 - Utils.utils - INFO - Requisição <<POST>> realizada com sucesso, status code: 200
2022-05-30 00:37:32,988 - Utils.utils - INFO - Requisição <<PUT>> realizada com sucesso, status code: 200
2022-05-30 00:37:32,989 - thots.thots - WARNING - ---------------| melissadias - Fim da lista de videos.
2022-05-30 00:37:32,989 - thots.thots - WARNING - ---------------| Iniciando tarefa nicoleballs_trans, 14 de 17
2022-05-30 00:37:32,989 - thots.thot_parse - INFO - Definindo o padrão de regex...
2022-05-30 00:37:33,312 - Utils.utils - INFO - Requisição <<GET>> realizada com sucesso, status code: 200
2022-05-30 00:37:33,313 - thots.thot_parse - INFO - Segundo padrão de regex definido com sucesso!
2022-05-30 00:37:33,461 - Utils.utils - INFO - Requisição <<GET>> realizada com sucesso, status code: 200
2022-05-30 00:37:33,463 - thots.thot_parse - INFO - Usando método alternativo para encontrar a quantidade de videos.
2022-05-30 00:37:33,610 - Utils.utils - INFO - Requisição <<GET>> realizada com sucesso, status code: 200
2022-05-30 00:37:33,746 - Utils.utils - INFO - Requisição <<GET>> realizada com sucesso, status code: 200
2022-05-30 00:37:33,747 - thots.thot_parse - INFO - Foi encontrado um total de : 0 videos restantes.
2022-05-30 00:37:33,747 - thots.thots - WARNING - ---------------| nicoleballs_trans - Fim da lista de videos.
2022-05-30 00:37:33,747 - thots.thots - WARNING - ---------------| Iniciando tarefa nikkecasada, 15 de 17
2022-05-30 00:37:33,748 - thots.thot_parse - INFO - Definindo o padrão de regex...
2022-05-30 00:37:33,968 - Utils.utils - INFO - Requisição <<GET>> realizada com sucesso, status code: 200
2022-05-30 00:37:33,969 - thots.thot_parse - INFO - Segundo padrão de regex definido com sucesso!
2022-05-30 00:37:34,187 - Utils.utils - INFO - Requisição <<GET>> realizada com sucesso, status code: 200
2022-05-30 00:37:34,190 - thots.thot_parse - INFO - Usando método alternativo para encontrar a quantidade de videos.
2022-05-30 00:37:34,453 - Utils.utils - INFO - Requisição <<GET>> realizada com sucesso, status code: 200
2022-05-30 00:37:34,862 - Utils.utils - INFO - Requisição <<GET>> realizada com sucesso, status code: 200
2022-05-30 00:37:35,202 - Utils.utils - INFO - Requisição <<GET>> realizada com sucesso, status code: 200
2022-05-30 00:37:35,474 - Utils.utils - INFO - Requisição <<GET>> realizada com sucesso, status code: 200
2022-05-30 00:37:35,615 - Utils.utils - INFO - Requisição <<GET>> realizada com sucesso, status code: 200
2022-05-30 00:37:35,617 - thots.thot_parse - INFO - Foi encontrado um total de : 0 videos restantes.
2022-05-30 00:37:35,617 - thots.thots - WARNING - ---------------| nikkecasada - Fim da lista de videos.
2022-05-30 00:37:35,617 - thots.thots - WARNING - ---------------| Iniciando tarefa tatycasadinha, 16 de 17
2022-05-30 00:37:35,769 - thots.thots - WARNING - ---------------| tatycasadinha - Fim da lista de videos.
2022-05-30 00:37:35,769 - thots.thots - WARNING - ---------------| Iniciando tarefa vidasafada, 17 de 17
2022-05-30 00:37:35,770 - thots.thot_parse - INFO - Definindo o padrão de regex...
2022-05-30 00:37:35,979 - Utils.utils - INFO - Requisição <<GET>> realizada com sucesso, status code: 200
2022-05-30 00:37:35,980 - thots.thot_parse - INFO - Segundo padrão de regex definido com sucesso!
2022-05-30 00:37:36,138 - Utils.utils - INFO - Requisição <<GET>> realizada com sucesso, status code: 200
2022-05-30 00:37:36,140 - thots.thot_parse - INFO - Usando método alternativo para encontrar a quantidade de videos.
2022-05-30 00:37:36,273 - Utils.utils - INFO - Requisição <<GET>> realizada com sucesso, status code: 200
2022-05-30 00:37:36,405 - Utils.utils - INFO - Requisição <<GET>> realizada com sucesso, status code: 200
2022-05-30 00:37:36,544 - Utils.utils - INFO - Requisição <<GET>> realizada com sucesso, status code: 200
2022-05-30 00:37:36,682 - Utils.utils - INFO - Requisição <<GET>> realizada com sucesso, status code: 200
2022-05-30 00:37:36,866 - Utils.utils - INFO - Requisição <<GET>> realizada com sucesso, status code: 200
2022-05-30 00:37:37,087 - Utils.utils - INFO - Requisição <<GET>> realizada com sucesso, status code: 200
2022-05-30 00:37:37,322 - Utils.utils - INFO - Requisição <<GET>> realizada com sucesso, status code: 200
2022-05-30 00:37:37,325 - thots.thot_parse - INFO - Foi encontrado um total de : 0 videos restantes.
2022-05-30 00:37:37,325 - thots.thots - WARNING - ---------------| vidasafada - Fim da lista de videos.
2022-05-30 00:37:37,325 - __main__ - INFO - Fazendo backup dos IDs na API backup...
2022-05-30 00:37:37,325 - __main__ - INFO - Salvando ID's da API localmente....
2022-05-30 00:37:37,627 - Utils.utils - INFO - Requisição <<GET>> realizada com sucesso, status code: 200
2022-05-30 00:37:38,225 - Utils.utils - INFO - Requisição <<GET>> realizada com sucesso, status code: 200
