2022-04-04 19:27:25,779 - Utils.utils - INFO - Ambiente de produção ativado
2022-04-04 19:27:31,554 - Utils.thotshub - INFO - Autorizando...
2022-04-04 19:27:32,849 - Utils.thotshub - INFO - Logado no thotsbay com sucesso.
2022-04-04 19:27:33,013 - Utils.utils - INFO - Checking if its COLAB enviorement....
2022-04-04 19:27:34,357 - Utils.utils - INFO - COLAB enviorement not detected
2022-04-04 19:27:34,527 - Utils.utils - INFO - Tentando conexão com a url, tentativa 1 de 10
2022-04-04 19:27:35,617 - Utils.utils - INFO - Tentando conexão com a url, tentativa 1 de 10
2022-04-04 19:27:36,908 - Utils.utils - INFO - Tentando conexão com a url, tentativa 1 de 10
2022-04-04 19:27:37,620 - thots.thots - INFO - Tarefa elaquer
2022-04-04 19:27:41,511 - thots.thot_parse - INFO - Foi encontrado um total de : 0 videos restantes.
2022-04-04 19:27:43,300 - thots.thot_parse - INFO - A lista de ID's ainda nao foi definida
2022-04-04 19:27:48,340 - thots.thot_parse - WARNING - ---------------| elaquer - Fim da lista de videos.
2022-04-04 19:27:48,508 - thots.thots - INFO - Tarefa tatycasadinha
2022-04-04 19:27:50,357 - thots.thots - INFO - Tarefa afroditehotwife
2022-04-04 19:27:52,533 - thots.thot_parse - INFO - Foi encontrado um total de : 0 videos restantes.
2022-04-04 19:27:53,357 - thots.thot_parse - INFO - A lista de ID's ainda nao foi definida
2022-04-04 19:28:08,793 - thots.thot_parse - WARNING - ---------------| afroditehotwife - Fim da lista de videos.
2022-04-04 19:28:09,494 - thots.thots - INFO - Tarefa agathalira
2022-04-04 19:28:12,275 - thots.thot_parse - INFO - Usando método alternativo para encontrar a quantidade de videos.
2022-04-04 19:28:19,821 - thots.thot_parse - INFO - Foi encontrado um total de : 0 videos restantes.
2022-04-04 19:28:20,540 - thots.thot_parse - INFO - A lista de ID's já foi definida
2022-04-04 19:28:28,046 - thots.thot_parse - WARNING - ---------------| agathalira - Fim da lista de videos.
2022-04-04 19:28:28,891 - thots.thots - INFO - Tarefa bellacasada
2022-04-04 19:28:32,277 - thots.thot_parse - INFO - Foi encontrado um total de : 0 videos restantes.
2022-04-04 19:28:33,334 - thots.thot_parse - INFO - A lista de ID's ainda nao foi definida
2022-04-04 19:28:42,202 - thots.thot_parse - WARNING - ---------------| bellacasada - Fim da lista de videos.
2022-04-04 19:28:42,899 - thots.thots - INFO - Tarefa casalruivaecornooficial
2022-04-04 19:28:46,305 - thots.thot_parse - INFO - Foi encontrado um total de : 0 videos restantes.
2022-04-04 19:28:47,106 - thots.thot_parse - INFO - A lista de ID's ainda nao foi definida
2022-04-04 19:28:53,566 - thots.thot_parse - WARNING - ---------------| casalruivaecornooficial - Fim da lista de videos.
2022-04-04 19:28:54,345 - thots.thots - INFO - Tarefa casaltopbessa
2022-04-04 19:28:57,728 - thots.thot_parse - INFO - Foi encontrado um total de : 0 videos restantes.
