2022-04-05 20:15:04,919 - Utils.utils - INFO - Ambiente de produção ativado
2022-04-05 20:15:08,720 - Utils.thotshub - INFO - Autorizando...
2022-04-05 20:15:10,148 - Utils.thotshub - INFO - Logado no thotsbay com sucesso.
2022-04-05 20:15:10,242 - Utils.utils - INFO - Checking if its COLAB enviorement....
2022-04-05 20:15:10,643 - Utils.utils - INFO - COLAB enviorement not detected
2022-04-05 20:15:10,739 - Utils.utils - INFO - Tentando conexão com a url, tentativa 1 de 10
2022-04-05 20:15:11,274 - Utils.utils - INFO - Tentando conexão com a url, tentativa 1 de 10
2022-04-05 20:15:11,882 - Utils.utils - INFO - Tentando conexão com a url, tentativa 1 de 10
2022-04-05 20:15:12,288 - thots.thots - INFO - Tarefa elaquer
2022-04-05 20:15:12,676 - thots.thot_parse - INFO - Definindo o padrão de regex...
2022-04-05 20:15:13,529 - thots.thot_parse - INFO - Segundo padrão de regex definido com sucesso!
2022-04-05 20:15:15,275 - thots.thot_parse - INFO - Foi encontrado um total de : 0 videos restantes.
2022-04-05 20:15:15,373 - thots.thot_parse - INFO - A lista de ID's ainda nao foi definida
2022-04-05 20:15:18,348 - thots.thot_parse - WARNING - ---------------| elaquer - Fim da lista de videos.
2022-04-05 20:15:18,456 - thots.thots - INFO - Tarefa tatycasadinha
2022-04-05 20:15:19,212 - thots.thots - INFO - Tarefa afroditehotwife
2022-04-05 20:15:19,303 - thots.thot_parse - INFO - Definindo o padrão de regex...
2022-04-05 20:15:20,299 - thots.thot_parse - INFO - Segundo padrão de regex definido com sucesso!
2022-04-05 20:15:21,984 - thots.thot_parse - INFO - Foi encontrado um total de : 0 videos restantes.
2022-04-05 20:15:22,078 - thots.thot_parse - INFO - A lista de ID's ainda nao foi definida
2022-04-05 20:15:31,879 - thots.thot_parse - WARNING - ---------------| afroditehotwife - Fim da lista de videos.
2022-04-05 20:15:32,213 - thots.thots - INFO - Tarefa agathalira
2022-04-05 20:15:32,851 - thots.thot_parse - INFO - Definindo o padrão de regex...
2022-04-05 20:15:34,104 - thots.thot_parse - INFO - Primeiro padrão de regex definido com sucesso!
2022-04-05 20:15:35,301 - thots.thot_parse - INFO - Usando método alternativo para encontrar a quantidade de videos.
2022-04-05 20:15:41,439 - thots.thot_parse - INFO - Foi encontrado um total de : 0 videos restantes.
2022-04-05 20:15:41,789 - thots.thot_parse - INFO - A lista de ID's já foi definida
2022-04-05 20:15:48,226 - thots.thot_parse - WARNING - ---------------| agathalira - Fim da lista de videos.
2022-04-05 20:15:48,536 - thots.thots - INFO - Tarefa bellacasada
2022-04-05 20:15:49,173 - thots.thot_parse - INFO - Definindo o padrão de regex...
2022-04-05 20:15:50,045 - thots.thot_parse - INFO - Segundo padrão de regex definido com sucesso!
2022-04-05 20:15:51,395 - thots.thot_parse - INFO - Foi encontrado um total de : 0 videos restantes.
2022-04-05 20:15:51,486 - thots.thot_parse - INFO - A lista de ID's ainda nao foi definida
2022-04-05 20:15:56,284 - thots.thot_parse - WARNING - ---------------| bellacasada - Fim da lista de videos.
2022-04-05 20:15:56,392 - thots.thots - INFO - Tarefa casalruivaecornooficial
2022-04-05 20:15:57,038 - thots.thot_parse - INFO - Definindo o padrão de regex...
2022-04-05 20:15:57,766 - thots.thot_parse - INFO - Segundo padrão de regex definido com sucesso!
2022-04-05 20:15:59,044 - thots.thot_parse - INFO - Foi encontrado um total de : 0 videos restantes.
2022-04-05 20:15:59,199 - thots.thot_parse - INFO - A lista de ID's ainda nao foi definida
2022-04-05 20:16:03,530 - thots.thot_parse - WARNING - ---------------| casalruivaecornooficial - Fim da lista de videos.
2022-04-05 20:16:03,632 - thots.thots - INFO - Tarefa casaltopbessa
2022-04-05 20:16:04,328 - thots.thot_parse - INFO - Definindo o padrão de regex...
2022-04-05 20:16:05,148 - thots.thot_parse - INFO - Segundo padrão de regex definido com sucesso!
2022-04-05 20:16:07,602 - thots.thot_parse - INFO - Foi encontrado um total de : 0 videos restantes.
2022-04-05 20:16:07,695 - thots.thot_parse - INFO - A lista de ID's ainda nao foi definida
2022-04-05 20:16:08,762 - thots.thot_parse - WARNING - ---------------| casaltopbessa - Fim da lista de videos.
2022-04-05 20:16:08,851 - thots.thots - INFO - Tarefa esposagulosinha
2022-04-05 20:16:09,284 - thots.thot_parse - INFO - Definindo o padrão de regex...
2022-04-05 20:16:10,197 - thots.thot_parse - INFO - Segundo padrão de regex definido com sucesso!
2022-04-05 20:16:12,028 - thots.thot_parse - INFO - Foi encontrado um total de : 0 videos restantes.
2022-04-05 20:16:12,115 - thots.thot_parse - INFO - A lista de ID's ainda nao foi definida
2022-04-05 20:16:17,488 - thots.thot_parse - WARNING - ---------------| esposagulosinha - Fim da lista de videos.
2022-04-05 20:16:17,579 - thots.thots - INFO - Tarefa fabioeanaes
2022-04-05 20:16:18,240 - thots.thot_parse - INFO - Definindo o padrão de regex...
2022-04-05 20:16:19,362 - thots.thot_parse - INFO - Segundo padrão de regex definido com sucesso!
2022-04-05 20:16:20,368 - thots.thot_parse - INFO - Usando método alternativo para encontrar a quantidade de videos.
2022-04-05 20:16:22,453 - thots.thot_parse - INFO - Foi encontrado um total de : 0 videos restantes.
2022-04-05 20:16:22,542 - thots.thot_parse - INFO - A lista de ID's já foi definida
2022-04-05 20:16:24,468 - thots.thot_parse - WARNING - ---------------| fabioeanaes - Fim da lista de videos.
2022-04-05 20:16:24,562 - thots.thots - INFO - Tarefa helenafilmes
2022-04-05 20:16:25,180 - thots.thot_parse - INFO - Definindo o padrão de regex...
2022-04-05 20:16:26,020 - thots.thot_parse - INFO - Segundo padrão de regex definido com sucesso!
2022-04-05 20:16:26,996 - thots.thot_parse - INFO - Foi encontrado um total de : 0 videos restantes.
2022-04-05 20:16:27,084 - thots.thot_parse - INFO - A lista de ID's ainda nao foi definida
2022-04-05 20:16:28,797 - thots.thot_parse - WARNING - ---------------| helenafilmes - Fim da lista de videos.
2022-04-05 20:16:28,883 - thots.thots - INFO - Tarefa melissadias
2022-04-05 20:16:29,275 - thots.thot_parse - INFO - Definindo o padrão de regex...
2022-04-05 20:16:30,170 - thots.thot_parse - INFO - Segundo padrão de regex definido com sucesso!
2022-04-05 20:16:31,029 - thots.thot_parse - INFO - Usando método alternativo para encontrar a quantidade de videos.
2022-04-05 20:16:33,034 - thots.thot_parse - INFO - Foi encontrado um total de : 0 videos restantes.
2022-04-05 20:16:33,122 - thots.thot_parse - INFO - A lista de ID's já foi definida
2022-04-05 20:16:35,726 - thots.thot_parse - WARNING - ---------------| melissadias - Fim da lista de videos.
2022-04-05 20:16:35,810 - thots.thots - INFO - Tarefa nikkecasada
2022-04-05 20:16:36,459 - thots.thot_parse - INFO - Definindo o padrão de regex...
2022-04-05 20:16:37,244 - thots.thot_parse - INFO - Segundo padrão de regex definido com sucesso!
2022-04-05 20:16:38,255 - thots.thot_parse - INFO - Usando método alternativo para encontrar a quantidade de videos.
2022-04-05 20:16:39,989 - thots.thot_parse - INFO - Foi encontrado um total de : 0 videos restantes.
2022-04-05 20:16:40,085 - thots.thot_parse - INFO - A lista de ID's já foi definida
2022-04-05 20:16:41,450 - thots.thot_parse - WARNING - ---------------| nikkecasada - Fim da lista de videos.
2022-04-05 20:16:41,540 - thots.thots - INFO - Tarefa vidasafada
2022-04-05 20:16:42,147 - thots.thot_parse - INFO - Definindo o padrão de regex...
2022-04-05 20:16:43,019 - thots.thot_parse - INFO - Segundo padrão de regex definido com sucesso!
2022-04-05 20:16:44,323 - thots.thot_parse - INFO - Foi encontrado um total de : 0 videos restantes.
2022-04-05 20:16:44,422 - thots.thot_parse - INFO - A lista de ID's ainda nao foi definida
2022-04-05 20:16:48,862 - thots.thot_parse - WARNING - ---------------| vidasafada - Fim da lista de videos.
2022-04-05 20:16:48,954 - __main__ - INFO - Todas as tarefas foram finalizadas
2022-04-05 20:16:49,590 - __main__ - INFO - Salvando ID's da API localmente....
2022-04-05 20:16:49,990 - Utils.utils - INFO - Requisição realizada com sucesso: 200
2022-04-05 20:16:51,067 - Utils.utils - INFO - Backup realizado com sucesso, Status Code: 200
2022-04-05 20:16:51,166 - Utils.utils - INFO - Tentando conexão com a url, tentativa 1 de 10
