2022-04-06 00:37:25,912 - Utils.utils - INFO - Ambiente de produção ativado
2022-04-06 00:37:28,967 - Utils.thotshub - INFO - Autorizando...
2022-04-06 00:37:29,958 - Utils.thotshub - INFO - Logado no thotsbay com sucesso.
2022-04-06 00:37:30,105 - Utils.utils - INFO - Checking if its COLAB enviorement....
2022-04-06 00:37:30,513 - Utils.utils - INFO - COLAB enviorement not detected
2022-04-06 00:37:30,611 - Utils.utils - INFO - Tentando conexão com a url, tentativa 1 de 10
2022-04-06 00:37:31,158 - Utils.utils - INFO - Tentando conexão com a url, tentativa 1 de 10
2022-04-06 00:37:31,751 - Utils.utils - INFO - Tentando conexão com a url, tentativa 1 de 10
2022-04-06 00:37:32,149 - thots.thots - INFO - Tarefa elaquer
2022-04-06 00:37:32,542 - thots.thot_parse - INFO - Definindo o padrão de regex...
2022-04-06 00:37:33,420 - thots.thot_parse - INFO - Segundo padrão de regex definido com sucesso!
2022-04-06 00:37:34,836 - thots.thot_parse - INFO - Foi encontrado um total de : 0 videos restantes.
2022-04-06 00:37:34,930 - thots.thot_parse - INFO - A lista de ID's ainda nao foi definida
2022-04-06 00:37:38,773 - thots.thot_parse - WARNING - ---------------| elaquer - Fim da lista de videos.
2022-04-06 00:37:38,869 - thots.thots - INFO - Tarefa tatycasadinha
2022-04-06 00:37:39,871 - thots.thots - INFO - Tarefa afroditehotwife
2022-04-06 00:37:39,958 - thots.thot_parse - INFO - Definindo o padrão de regex...
2022-04-06 00:37:40,889 - thots.thot_parse - INFO - Segundo padrão de regex definido com sucesso!
2022-04-06 00:37:42,603 - thots.thot_parse - INFO - Foi encontrado um total de : 0 videos restantes.
2022-04-06 00:37:42,695 - thots.thot_parse - INFO - A lista de ID's ainda nao foi definida
2022-04-06 00:37:52,123 - thots.thot_parse - WARNING - ---------------| afroditehotwife - Fim da lista de videos.
2022-04-06 00:37:52,444 - thots.thots - INFO - Tarefa agathalira
2022-04-06 00:37:53,079 - thots.thot_parse - INFO - Definindo o padrão de regex...
2022-04-06 00:37:54,147 - thots.thot_parse - INFO - Primeiro padrão de regex definido com sucesso!
2022-04-06 00:37:55,091 - thots.thot_parse - INFO - Usando método alternativo para encontrar a quantidade de videos.
2022-04-06 00:38:00,716 - thots.thot_parse - INFO - Foi encontrado um total de : 0 videos restantes.
2022-04-06 00:38:00,812 - thots.thot_parse - INFO - A lista de ID's já foi definida
2022-04-06 00:38:05,711 - thots.thot_parse - WARNING - ---------------| agathalira - Fim da lista de videos.
2022-04-06 00:38:05,804 - thots.thots - INFO - Tarefa bellacasada
2022-04-06 00:38:06,506 - thots.thot_parse - INFO - Definindo o padrão de regex...
2022-04-06 00:38:07,373 - thots.thot_parse - INFO - Segundo padrão de regex definido com sucesso!
2022-04-06 00:38:08,695 - thots.thot_parse - INFO - Foi encontrado um total de : 0 videos restantes.
2022-04-06 00:38:08,782 - thots.thot_parse - INFO - A lista de ID's ainda nao foi definida
2022-04-06 00:38:13,684 - thots.thot_parse - WARNING - ---------------| bellacasada - Fim da lista de videos.
2022-04-06 00:38:13,774 - thots.thots - INFO - Tarefa casalruivaecornooficial
2022-04-06 00:38:14,405 - thots.thot_parse - INFO - Definindo o padrão de regex...
2022-04-06 00:38:15,187 - thots.thot_parse - INFO - Segundo padrão de regex definido com sucesso!
2022-04-06 00:38:16,170 - thots.thot_parse - INFO - Foi encontrado um total de : 0 videos restantes.
2022-04-06 00:38:16,265 - thots.thot_parse - INFO - A lista de ID's ainda nao foi definida
2022-04-06 00:38:20,773 - thots.thot_parse - WARNING - ---------------| casalruivaecornooficial - Fim da lista de videos.
2022-04-06 00:38:20,875 - thots.thots - INFO - Tarefa casaltopbessa
2022-04-06 00:38:21,519 - thots.thot_parse - INFO - Definindo o padrão de regex...
2022-04-06 00:38:22,267 - thots.thot_parse - INFO - Segundo padrão de regex definido com sucesso!
2022-04-06 00:38:24,432 - thots.thot_parse - INFO - Foi encontrado um total de : 0 videos restantes.
2022-04-06 00:38:24,542 - thots.thot_parse - INFO - A lista de ID's ainda nao foi definida
2022-04-06 00:38:25,899 - thots.thot_parse - WARNING - ---------------| casaltopbessa - Fim da lista de videos.
2022-04-06 00:38:26,065 - thots.thots - INFO - Tarefa esposagulosinha
2022-04-06 00:38:26,534 - thots.thot_parse - INFO - Definindo o padrão de regex...
2022-04-06 00:38:27,427 - thots.thot_parse - INFO - Segundo padrão de regex definido com sucesso!
2022-04-06 00:38:28,750 - thots.thot_parse - INFO - Foi encontrado um total de : 0 videos restantes.
2022-04-06 00:38:28,894 - thots.thot_parse - INFO - A lista de ID's ainda nao foi definida
2022-04-06 00:38:34,294 - thots.thot_parse - WARNING - ---------------| esposagulosinha - Fim da lista de videos.
2022-04-06 00:38:34,445 - thots.thots - INFO - Tarefa fabioeanaes
2022-04-06 00:38:35,154 - thots.thot_parse - INFO - Definindo o padrão de regex...
2022-04-06 00:38:36,261 - thots.thot_parse - INFO - Segundo padrão de regex definido com sucesso!
2022-04-06 00:38:37,562 - thots.thot_parse - INFO - Usando método alternativo para encontrar a quantidade de videos.
2022-04-06 00:38:39,555 - thots.thot_parse - INFO - Foi encontrado um total de : 0 videos restantes.
2022-04-06 00:38:39,656 - thots.thot_parse - INFO - A lista de ID's já foi definida
2022-04-06 00:38:41,450 - thots.thot_parse - WARNING - ---------------| fabioeanaes - Fim da lista de videos.
2022-04-06 00:38:41,549 - thots.thots - INFO - Tarefa helenafilmes
2022-04-06 00:38:42,243 - thots.thot_parse - INFO - Definindo o padrão de regex...
2022-04-06 00:38:43,191 - thots.thot_parse - INFO - Segundo padrão de regex definido com sucesso!
2022-04-06 00:38:44,125 - thots.thot_parse - INFO - Foi encontrado um total de : 0 videos restantes.
2022-04-06 00:38:44,212 - thots.thot_parse - INFO - A lista de ID's ainda nao foi definida
2022-04-06 00:38:45,828 - thots.thot_parse - WARNING - ---------------| helenafilmes - Fim da lista de videos.
2022-04-06 00:38:45,921 - thots.thots - INFO - Tarefa melissadias
2022-04-06 00:38:46,346 - thots.thot_parse - INFO - Definindo o padrão de regex...
2022-04-06 00:38:46,996 - thots.thot_parse - INFO - Segundo padrão de regex definido com sucesso!
2022-04-06 00:38:47,603 - thots.thot_parse - INFO - Usando método alternativo para encontrar a quantidade de videos.
2022-04-06 00:38:49,944 - thots.thot_parse - INFO - Foi encontrado um total de : 0 videos restantes.
2022-04-06 00:38:50,029 - thots.thot_parse - INFO - A lista de ID's já foi definida
2022-04-06 00:38:52,276 - thots.thot_parse - WARNING - ---------------| melissadias - Fim da lista de videos.
2022-04-06 00:38:52,363 - thots.thots - INFO - Tarefa nikkecasada
2022-04-06 00:38:53,090 - thots.thot_parse - INFO - Definindo o padrão de regex...
2022-04-06 00:38:53,948 - thots.thot_parse - INFO - Segundo padrão de regex definido com sucesso!
2022-04-06 00:38:54,900 - thots.thot_parse - INFO - Usando método alternativo para encontrar a quantidade de videos.
2022-04-06 00:38:56,428 - thots.thot_parse - INFO - Foi encontrado um total de : 0 videos restantes.
2022-04-06 00:38:56,533 - thots.thot_parse - INFO - A lista de ID's já foi definida
2022-04-06 00:38:58,075 - thots.thot_parse - WARNING - ---------------| nikkecasada - Fim da lista de videos.
2022-04-06 00:38:58,175 - thots.thots - INFO - Tarefa vidasafada
2022-04-06 00:38:58,568 - thots.thot_parse - INFO - Definindo o padrão de regex...
2022-04-06 00:38:59,436 - thots.thot_parse - INFO - Segundo padrão de regex definido com sucesso!
2022-04-06 00:39:00,833 - thots.thot_parse - INFO - Foi encontrado um total de : 0 videos restantes.
2022-04-06 00:39:00,934 - thots.thot_parse - INFO - A lista de ID's ainda nao foi definida
2022-04-06 00:39:07,176 - thots.thot_parse - WARNING - ---------------| vidasafada - Fim da lista de videos.
2022-04-06 00:39:07,510 - __main__ - INFO - Todas as tarefas foram finalizadas
2022-04-06 00:39:08,130 - __main__ - INFO - Salvando ID's da API localmente....
2022-04-06 00:39:08,618 - Utils.utils - INFO - Requisição realizada com sucesso: 200
2022-04-06 00:39:09,679 - Utils.utils - INFO - Backup realizado com sucesso, Status Code: 200
2022-04-06 00:39:09,793 - Utils.utils - INFO - Tentando conexão com a url, tentativa 1 de 10
