2022-05-06 00:29:11,206 - Utils.utils - INFO - Ambiente de produção ativado
2022-05-06 00:29:11,515 - Utils.utils - INFO - Requisição <<GET>> realizada com sucesso, status code: 200
2022-05-06 00:29:11,553 - __main__ - INFO - Checando thotsbay forum...
2022-05-06 00:29:11,553 - Utils.thotshub - INFO - Autorizando...
2022-05-06 00:29:11,721 - Utils.utils - INFO - Requisição <<GET>> realizada com sucesso, status code: 200
2022-05-06 00:29:12,410 - Utils.utils - INFO - Requisição <<POST>> realizada com sucesso, status code: 200
2022-05-06 00:29:12,413 - Utils.thotshub - INFO - Autorizado
2022-05-06 00:29:12,413 - Utils.thotshub - INFO - Logado no thotsbay com sucesso.
2022-05-06 00:29:12,414 - __main__ - INFO - Checando colab...
2022-05-06 00:29:12,414 - Utils.utils - INFO - COLAB enviorement not detected
2022-05-06 00:29:12,415 - __main__ - INFO - Checando config...
2022-05-06 00:29:13,021 - Utils.utils - INFO - Requisição <<GET>> realizada com sucesso, status code: 200
2022-05-06 00:29:14,022 - __main__ - INFO - Checando ids...
2022-05-06 00:29:14,295 - Utils.utils - INFO - Requisição <<GET>> realizada com sucesso, status code: 200
2022-05-06 00:29:14,296 - thots.thots - WARNING - ---------------| Iniciando tarefa afroditehotwife, 1 de 17
2022-05-06 00:29:14,296 - thots.thot_parse - INFO - Definindo o padrão de regex...
2022-05-06 00:29:15,128 - Utils.utils - INFO - Requisição <<GET>> realizada com sucesso, status code: 200
2022-05-06 00:29:15,129 - thots.thot_parse - INFO - Segundo padrão de regex definido com sucesso!
2022-05-06 00:29:15,574 - Utils.utils - INFO - Requisição <<GET>> realizada com sucesso, status code: 200
2022-05-06 00:29:15,577 - thots.thot_parse - INFO - Usando método alternativo para encontrar a quantidade de videos.
2022-05-06 00:29:15,788 - Utils.utils - INFO - Requisição <<GET>> realizada com sucesso, status code: 200
2022-05-06 00:29:16,035 - Utils.utils - INFO - Requisição <<GET>> realizada com sucesso, status code: 200
2022-05-06 00:29:16,418 - Utils.utils - INFO - Requisição <<GET>> realizada com sucesso, status code: 200
2022-05-06 00:29:16,822 - Utils.utils - INFO - Requisição <<GET>> realizada com sucesso, status code: 200
2022-05-06 00:29:17,233 - Utils.utils - INFO - Requisição <<GET>> realizada com sucesso, status code: 200
2022-05-06 00:29:17,511 - Utils.utils - INFO - Requisição <<GET>> realizada com sucesso, status code: 200
2022-05-06 00:29:17,803 - Utils.utils - INFO - Requisição <<GET>> realizada com sucesso, status code: 200
2022-05-06 00:29:18,092 - Utils.utils - INFO - Requisição <<GET>> realizada com sucesso, status code: 200
2022-05-06 00:29:18,378 - Utils.utils - INFO - Requisição <<GET>> realizada com sucesso, status code: 200
2022-05-06 00:29:18,589 - Utils.utils - INFO - Requisição <<GET>> realizada com sucesso, status code: 200
2022-05-06 00:29:18,803 - Utils.utils - INFO - Requisição <<GET>> realizada com sucesso, status code: 200
2022-05-06 00:29:19,033 - Utils.utils - INFO - Requisição <<GET>> realizada com sucesso, status code: 200
2022-05-06 00:29:19,280 - Utils.utils - INFO - Requisição <<GET>> realizada com sucesso, status code: 200
2022-05-06 00:29:19,488 - Utils.utils - INFO - Requisição <<GET>> realizada com sucesso, status code: 200
2022-05-06 00:29:19,500 - thots.thot_parse - INFO - Foi encontrado um total de : 0 videos restantes.
2022-05-06 00:29:19,501 - thots.thots - WARNING - ---------------| afroditehotwife - Fim da lista de videos.
2022-05-06 00:29:19,501 - thots.thots - WARNING - ---------------| Iniciando tarefa agathalira, 2 de 17
2022-05-06 00:29:19,501 - thots.thot_parse - INFO - Definindo o padrão de regex...
2022-05-06 00:29:20,248 - Utils.utils - INFO - Requisição <<GET>> realizada com sucesso, status code: 200
2022-05-06 00:29:20,248 - thots.thot_parse - INFO - Primeiro padrão de regex definido com sucesso!
2022-05-06 00:29:20,716 - Utils.utils - INFO - Requisição <<GET>> realizada com sucesso, status code: 200
2022-05-06 00:29:20,718 - thots.thot_parse - INFO - Usando método alternativo para encontrar a quantidade de videos.
2022-05-06 00:29:21,089 - Utils.utils - INFO - Requisição <<GET>> realizada com sucesso, status code: 200
2022-05-06 00:29:21,388 - Utils.utils - INFO - Requisição <<GET>> realizada com sucesso, status code: 200
2022-05-06 00:29:21,776 - Utils.utils - INFO - Requisição <<GET>> realizada com sucesso, status code: 200
2022-05-06 00:29:22,239 - Utils.utils - INFO - Requisição <<GET>> realizada com sucesso, status code: 200
2022-05-06 00:29:22,645 - Utils.utils - INFO - Requisição <<GET>> realizada com sucesso, status code: 200
2022-05-06 00:29:23,442 - Utils.utils - INFO - Requisição <<GET>> realizada com sucesso, status code: 200
2022-05-06 00:29:24,091 - Utils.utils - INFO - Requisição <<GET>> realizada com sucesso, status code: 200
2022-05-06 00:29:24,403 - Utils.utils - INFO - Requisição <<GET>> realizada com sucesso, status code: 200
2022-05-06 00:29:24,683 - Utils.utils - INFO - Requisição <<GET>> realizada com sucesso, status code: 200
2022-05-06 00:29:25,115 - Utils.utils - INFO - Requisição <<GET>> realizada com sucesso, status code: 200
2022-05-06 00:29:25,481 - Utils.utils - INFO - Requisição <<GET>> realizada com sucesso, status code: 200
2022-05-06 00:29:25,758 - Utils.utils - INFO - Requisição <<GET>> realizada com sucesso, status code: 200
2022-05-06 00:29:25,949 - Utils.utils - INFO - Requisição <<GET>> realizada com sucesso, status code: 200
2022-05-06 00:29:25,960 - thots.thot_parse - INFO - Foi encontrado um total de : 0 videos restantes.
2022-05-06 00:29:25,961 - thots.thots - WARNING - ---------------| agathalira - Fim da lista de videos.
2022-05-06 00:29:25,961 - thots.thots - WARNING - ---------------| Iniciando tarefa barbaracastroo, 3 de 17
2022-05-06 00:29:25,962 - thots.thot_parse - INFO - Definindo o padrão de regex...
2022-05-06 00:29:26,398 - Utils.utils - INFO - Requisição <<GET>> realizada com sucesso, status code: 200
2022-05-06 00:29:26,398 - thots.thot_parse - INFO - Segundo padrão de regex definido com sucesso!
2022-05-06 00:29:26,628 - Utils.utils - INFO - Requisição <<GET>> realizada com sucesso, status code: 200
2022-05-06 00:29:26,630 - thots.thot_parse - INFO - Usando método alternativo para encontrar a quantidade de videos.
2022-05-06 00:29:26,786 - Utils.utils - INFO - Requisição <<GET>> realizada com sucesso, status code: 200
2022-05-06 00:29:26,787 - thots.thot_parse - INFO - Foi encontrado um total de : 0 videos restantes.
2022-05-06 00:29:26,787 - thots.thots - WARNING - ---------------| barbaracastroo - Fim da lista de videos.
2022-05-06 00:29:26,787 - thots.thots - WARNING - ---------------| Iniciando tarefa bellacasada, 4 de 17
2022-05-06 00:29:26,787 - thots.thot_parse - INFO - Definindo o padrão de regex...
2022-05-06 00:29:27,142 - Utils.utils - INFO - Requisição <<GET>> realizada com sucesso, status code: 200
2022-05-06 00:29:27,143 - thots.thot_parse - INFO - Segundo padrão de regex definido com sucesso!
2022-05-06 00:29:27,305 - Utils.utils - INFO - Requisição <<GET>> realizada com sucesso, status code: 200
2022-05-06 00:29:27,306 - thots.thot_parse - INFO - Usando método alternativo para encontrar a quantidade de videos.
2022-05-06 00:29:27,475 - Utils.utils - INFO - Requisição <<GET>> realizada com sucesso, status code: 200
2022-05-06 00:29:27,654 - Utils.utils - INFO - Requisição <<GET>> realizada com sucesso, status code: 200
2022-05-06 00:29:27,807 - Utils.utils - INFO - Requisição <<GET>> realizada com sucesso, status code: 200
2022-05-06 00:29:27,972 - Utils.utils - INFO - Requisição <<GET>> realizada com sucesso, status code: 200
2022-05-06 00:29:28,142 - Utils.utils - INFO - Requisição <<GET>> realizada com sucesso, status code: 200
2022-05-06 00:29:28,336 - Utils.utils - INFO - Requisição <<GET>> realizada com sucesso, status code: 200
2022-05-06 00:29:28,339 - thots.thot_parse - INFO - Foi encontrado um total de : 0 videos restantes.
2022-05-06 00:29:28,339 - thots.thots - WARNING - ---------------| bellacasada - Fim da lista de videos.
2022-05-06 00:29:28,340 - thots.thots - WARNING - ---------------| Iniciando tarefa casalruivaecornooficial, 5 de 17
2022-05-06 00:29:28,340 - thots.thot_parse - INFO - Definindo o padrão de regex...
2022-05-06 00:29:28,692 - Utils.utils - INFO - Requisição <<GET>> realizada com sucesso, status code: 200
2022-05-06 00:29:28,693 - thots.thot_parse - INFO - Segundo padrão de regex definido com sucesso!
2022-05-06 00:29:28,867 - Utils.utils - INFO - Requisição <<GET>> realizada com sucesso, status code: 200
2022-05-06 00:29:28,869 - thots.thot_parse - INFO - Usando método alternativo para encontrar a quantidade de videos.
2022-05-06 00:29:29,085 - Utils.utils - INFO - Requisição <<GET>> realizada com sucesso, status code: 200
2022-05-06 00:29:29,274 - Utils.utils - INFO - Requisição <<GET>> realizada com sucesso, status code: 200
2022-05-06 00:29:29,427 - Utils.utils - INFO - Requisição <<GET>> realizada com sucesso, status code: 200
2022-05-06 00:29:29,591 - Utils.utils - INFO - Requisição <<GET>> realizada com sucesso, status code: 200
2022-05-06 00:29:29,744 - Utils.utils - INFO - Requisição <<GET>> realizada com sucesso, status code: 200
2022-05-06 00:29:29,896 - Utils.utils - INFO - Requisição <<GET>> realizada com sucesso, status code: 200
2022-05-06 00:29:29,899 - thots.thot_parse - INFO - Foi encontrado um total de : 0 videos restantes.
2022-05-06 00:29:29,900 - thots.thots - WARNING - ---------------| casalruivaecornooficial - Fim da lista de videos.
2022-05-06 00:29:29,901 - thots.thots - WARNING - ---------------| Iniciando tarefa casaltopbessa, 6 de 17
2022-05-06 00:29:29,901 - thots.thot_parse - INFO - Definindo o padrão de regex...
2022-05-06 00:29:30,086 - Utils.utils - INFO - Requisição <<GET>> realizada com sucesso, status code: 200
2022-05-06 00:29:30,086 - thots.thot_parse - INFO - Segundo padrão de regex definido com sucesso!
2022-05-06 00:29:30,255 - Utils.utils - INFO - Requisição <<GET>> realizada com sucesso, status code: 200
2022-05-06 00:29:30,256 - thots.thot_parse - INFO - Usando método alternativo para encontrar a quantidade de videos.
2022-05-06 00:29:30,422 - Utils.utils - INFO - Requisição <<GET>> realizada com sucesso, status code: 200
2022-05-06 00:29:30,606 - Utils.utils - INFO - Requisição <<GET>> realizada com sucesso, status code: 200
2022-05-06 00:29:30,607 - thots.thot_parse - INFO - Foi encontrado um total de : 0 videos restantes.
2022-05-06 00:29:30,607 - thots.thots - WARNING - ---------------| casaltopbessa - Fim da lista de videos.
2022-05-06 00:29:30,607 - thots.thots - WARNING - ---------------| Iniciando tarefa elaquer, 7 de 17
2022-05-06 00:29:30,607 - thots.thot_parse - INFO - Definindo o padrão de regex...
2022-05-06 00:29:30,800 - Utils.utils - INFO - Requisição <<GET>> realizada com sucesso, status code: 200
2022-05-06 00:29:30,801 - thots.thot_parse - INFO - Segundo padrão de regex definido com sucesso!
2022-05-06 00:29:30,999 - Utils.utils - INFO - Requisição <<GET>> realizada com sucesso, status code: 200
2022-05-06 00:29:31,001 - thots.thot_parse - INFO - Usando método alternativo para encontrar a quantidade de videos.
2022-05-06 00:29:31,197 - Utils.utils - INFO - Requisição <<GET>> realizada com sucesso, status code: 200
2022-05-06 00:29:31,364 - Utils.utils - INFO - Requisição <<GET>> realizada com sucesso, status code: 200
2022-05-06 00:29:31,537 - Utils.utils - INFO - Requisição <<GET>> realizada com sucesso, status code: 200
2022-05-06 00:29:31,725 - Utils.utils - INFO - Requisição <<GET>> realizada com sucesso, status code: 200
2022-05-06 00:29:31,727 - thots.thot_parse - INFO - Foi encontrado um total de : 0 videos restantes.
2022-05-06 00:29:31,727 - thots.thots - WARNING - ---------------| elaquer - Fim da lista de videos.
2022-05-06 00:29:31,727 - thots.thots - WARNING - ---------------| Iniciando tarefa emilysales, 8 de 17
2022-05-06 00:29:31,727 - thots.thot_parse - INFO - Definindo o padrão de regex...
2022-05-06 00:29:31,955 - Utils.utils - INFO - Requisição <<GET>> realizada com sucesso, status code: 200
2022-05-06 00:29:31,956 - thots.thot_parse - INFO - Segundo padrão de regex definido com sucesso!
2022-05-06 00:29:32,206 - Utils.utils - INFO - Requisição <<GET>> realizada com sucesso, status code: 200
2022-05-06 00:29:32,208 - thots.thot_parse - INFO - Usando método alternativo para encontrar a quantidade de videos.
2022-05-06 00:29:32,437 - Utils.utils - INFO - Requisição <<GET>> realizada com sucesso, status code: 200
2022-05-06 00:29:32,591 - Utils.utils - INFO - Requisição <<GET>> realizada com sucesso, status code: 200
2022-05-06 00:29:32,777 - Utils.utils - INFO - Requisição <<GET>> realizada com sucesso, status code: 200
2022-05-06 00:29:32,923 - Utils.utils - INFO - Requisição <<GET>> realizada com sucesso, status code: 200
2022-05-06 00:29:33,094 - Utils.utils - INFO - Requisição <<GET>> realizada com sucesso, status code: 200
2022-05-06 00:29:33,096 - thots.thot_parse - INFO - Foi encontrado um total de : 0 videos restantes.
2022-05-06 00:29:33,096 - thots.thots - WARNING - ---------------| emilysales - Fim da lista de videos.
2022-05-06 00:29:33,097 - thots.thots - WARNING - ---------------| Iniciando tarefa esposagulosinha, 9 de 17
2022-05-06 00:29:33,097 - thots.thot_parse - INFO - Definindo o padrão de regex...
2022-05-06 00:29:33,467 - Utils.utils - INFO - Requisição <<GET>> realizada com sucesso, status code: 200
2022-05-06 00:29:33,467 - thots.thot_parse - INFO - Segundo padrão de regex definido com sucesso!
2022-05-06 00:29:33,633 - Utils.utils - INFO - Requisição <<GET>> realizada com sucesso, status code: 200
2022-05-06 00:29:33,636 - thots.thot_parse - INFO - Usando método alternativo para encontrar a quantidade de videos.
2022-05-06 00:29:33,862 - Utils.utils - INFO - Requisição <<GET>> realizada com sucesso, status code: 200
2022-05-06 00:29:34,125 - Utils.utils - INFO - Requisição <<GET>> realizada com sucesso, status code: 200
2022-05-06 00:29:34,302 - Utils.utils - INFO - Requisição <<GET>> realizada com sucesso, status code: 200
2022-05-06 00:29:34,480 - Utils.utils - INFO - Requisição <<GET>> realizada com sucesso, status code: 200
2022-05-06 00:29:34,647 - Utils.utils - INFO - Requisição <<GET>> realizada com sucesso, status code: 200
2022-05-06 00:29:34,826 - Utils.utils - INFO - Requisição <<GET>> realizada com sucesso, status code: 200
2022-05-06 00:29:35,059 - Utils.utils - INFO - Requisição <<GET>> realizada com sucesso, status code: 200
2022-05-06 00:29:35,226 - Utils.utils - INFO - Requisição <<GET>> realizada com sucesso, status code: 200
2022-05-06 00:29:35,230 - thots.thot_parse - INFO - Foi encontrado um total de : 0 videos restantes.
2022-05-06 00:29:35,230 - thots.thots - WARNING - ---------------| esposagulosinha - Fim da lista de videos.
2022-05-06 00:29:35,230 - thots.thots - WARNING - ---------------| Iniciando tarefa fabioeanaes, 10 de 17
2022-05-06 00:29:35,230 - thots.thot_parse - INFO - Definindo o padrão de regex...
2022-05-06 00:29:35,748 - Utils.utils - INFO - Requisição <<GET>> realizada com sucesso, status code: 200
2022-05-06 00:29:35,748 - thots.thot_parse - INFO - Segundo padrão de regex definido com sucesso!
2022-05-06 00:29:35,973 - Utils.utils - INFO - Requisição <<GET>> realizada com sucesso, status code: 200
2022-05-06 00:29:35,975 - thots.thot_parse - INFO - Usando método alternativo para encontrar a quantidade de videos.
2022-05-06 00:29:36,186 - Utils.utils - INFO - Requisição <<GET>> realizada com sucesso, status code: 200
2022-05-06 00:29:36,473 - Utils.utils - INFO - Requisição <<GET>> realizada com sucesso, status code: 200
2022-05-06 00:29:36,722 - Utils.utils - INFO - Requisição <<GET>> realizada com sucesso, status code: 200
2022-05-06 00:29:36,898 - Utils.utils - INFO - Requisição <<GET>> realizada com sucesso, status code: 200
2022-05-06 00:29:37,110 - Utils.utils - INFO - Requisição <<GET>> realizada com sucesso, status code: 200
2022-05-06 00:29:37,112 - thots.thot_parse - INFO - Foi encontrado um total de : 0 videos restantes.
2022-05-06 00:29:37,113 - thots.thots - WARNING - ---------------| fabioeanaes - Fim da lista de videos.
2022-05-06 00:29:37,113 - thots.thots - WARNING - ---------------| Iniciando tarefa helenafilmes, 11 de 17
2022-05-06 00:29:37,114 - thots.thot_parse - INFO - Definindo o padrão de regex...
2022-05-06 00:29:37,457 - Utils.utils - INFO - Requisição <<GET>> realizada com sucesso, status code: 200
2022-05-06 00:29:37,458 - thots.thot_parse - INFO - Segundo padrão de regex definido com sucesso!
2022-05-06 00:29:37,650 - Utils.utils - INFO - Requisição <<GET>> realizada com sucesso, status code: 200
2022-05-06 00:29:37,652 - thots.thot_parse - INFO - Usando método alternativo para encontrar a quantidade de videos.
2022-05-06 00:29:37,806 - Utils.utils - INFO - Requisição <<GET>> realizada com sucesso, status code: 200
2022-05-06 00:29:38,027 - Utils.utils - INFO - Requisição <<GET>> realizada com sucesso, status code: 200
2022-05-06 00:29:38,028 - thots.thot_parse - INFO - Foi encontrado um total de : 0 videos restantes.
2022-05-06 00:29:38,029 - thots.thots - WARNING - ---------------| helenafilmes - Fim da lista de videos.
2022-05-06 00:29:38,029 - thots.thots - WARNING - ---------------| Iniciando tarefa lualencar11, 12 de 17
2022-05-06 00:29:38,029 - thots.thot_parse - INFO - Definindo o padrão de regex...
2022-05-06 00:29:38,194 - Utils.utils - INFO - Requisição <<GET>> realizada com sucesso, status code: 200
2022-05-06 00:29:38,194 - thots.thot_parse - INFO - Segundo padrão de regex definido com sucesso!
2022-05-06 00:29:38,342 - Utils.utils - INFO - Requisição <<GET>> realizada com sucesso, status code: 200
2022-05-06 00:29:38,344 - thots.thot_parse - INFO - Usando método alternativo para encontrar a quantidade de videos.
2022-05-06 00:29:38,490 - Utils.utils - INFO - Requisição <<GET>> realizada com sucesso, status code: 200
2022-05-06 00:29:38,491 - thots.thot_parse - INFO - Foi encontrado um total de : 0 videos restantes.
2022-05-06 00:29:38,492 - thots.thots - WARNING - ---------------| lualencar11 - Fim da lista de videos.
2022-05-06 00:29:38,492 - thots.thots - WARNING - ---------------| Iniciando tarefa melissadias, 13 de 17
2022-05-06 00:29:38,493 - thots.thot_parse - INFO - Definindo o padrão de regex...
2022-05-06 00:29:38,646 - Utils.utils - INFO - Requisição <<GET>> realizada com sucesso, status code: 200
2022-05-06 00:29:38,647 - thots.thot_parse - INFO - Segundo padrão de regex definido com sucesso!
2022-05-06 00:29:38,850 - Utils.utils - INFO - Requisição <<GET>> realizada com sucesso, status code: 200
2022-05-06 00:29:38,852 - thots.thot_parse - INFO - Usando método alternativo para encontrar a quantidade de videos.
2022-05-06 00:29:39,024 - Utils.utils - INFO - Requisição <<GET>> realizada com sucesso, status code: 200
2022-05-06 00:29:39,241 - Utils.utils - INFO - Requisição <<GET>> realizada com sucesso, status code: 200
2022-05-06 00:29:39,496 - Utils.utils - INFO - Requisição <<GET>> realizada com sucesso, status code: 200
2022-05-06 00:29:39,715 - Utils.utils - INFO - Requisição <<GET>> realizada com sucesso, status code: 200
2022-05-06 00:29:39,960 - Utils.utils - INFO - Requisição <<GET>> realizada com sucesso, status code: 200
2022-05-06 00:29:40,233 - Utils.utils - INFO - Requisição <<GET>> realizada com sucesso, status code: 200
2022-05-06 00:29:40,439 - Utils.utils - INFO - Requisição <<GET>> realizada com sucesso, status code: 200
2022-05-06 00:29:40,442 - thots.thot_parse - INFO - Foi encontrado um total de : 0 videos restantes.
2022-05-06 00:29:40,442 - thots.thots - WARNING - ---------------| melissadias - Fim da lista de videos.
2022-05-06 00:29:40,442 - thots.thots - WARNING - ---------------| Iniciando tarefa nicoleballs_trans, 14 de 17
2022-05-06 00:29:40,442 - thots.thot_parse - INFO - Definindo o padrão de regex...
2022-05-06 00:29:40,655 - Utils.utils - INFO - Requisição <<GET>> realizada com sucesso, status code: 200
2022-05-06 00:29:40,655 - thots.thot_parse - INFO - Segundo padrão de regex definido com sucesso!
2022-05-06 00:29:40,805 - Utils.utils - INFO - Requisição <<GET>> realizada com sucesso, status code: 200
2022-05-06 00:29:40,806 - thots.thot_parse - INFO - Usando método alternativo para encontrar a quantidade de videos.
2022-05-06 00:29:41,022 - Utils.utils - INFO - Requisição <<GET>> realizada com sucesso, status code: 200
2022-05-06 00:29:41,195 - Utils.utils - INFO - Requisição <<GET>> realizada com sucesso, status code: 200
2022-05-06 00:29:41,196 - thots.thot_parse - INFO - Foi encontrado um total de : 0 videos restantes.
2022-05-06 00:29:41,196 - thots.thots - WARNING - ---------------| nicoleballs_trans - Fim da lista de videos.
2022-05-06 00:29:41,196 - thots.thots - WARNING - ---------------| Iniciando tarefa nikkecasada, 15 de 17
2022-05-06 00:29:41,196 - thots.thot_parse - INFO - Definindo o padrão de regex...
2022-05-06 00:29:41,587 - Utils.utils - INFO - Requisição <<GET>> realizada com sucesso, status code: 200
2022-05-06 00:29:41,588 - thots.thot_parse - INFO - Segundo padrão de regex definido com sucesso!
2022-05-06 00:29:41,774 - Utils.utils - INFO - Requisição <<GET>> realizada com sucesso, status code: 200
2022-05-06 00:29:41,775 - thots.thot_parse - INFO - Usando método alternativo para encontrar a quantidade de videos.
2022-05-06 00:29:42,003 - Utils.utils - INFO - Requisição <<GET>> realizada com sucesso, status code: 200
2022-05-06 00:29:42,244 - Utils.utils - INFO - Requisição <<GET>> realizada com sucesso, status code: 200
2022-05-06 00:29:42,445 - Utils.utils - INFO - Requisição <<GET>> realizada com sucesso, status code: 200
2022-05-06 00:29:42,668 - Utils.utils - INFO - Requisição <<GET>> realizada com sucesso, status code: 200
2022-05-06 00:29:42,853 - Utils.utils - INFO - Requisição <<GET>> realizada com sucesso, status code: 200
2022-05-06 00:29:42,854 - thots.thot_parse - INFO - Foi encontrado um total de : 0 videos restantes.
2022-05-06 00:29:42,854 - thots.thots - WARNING - ---------------| nikkecasada - Fim da lista de videos.
2022-05-06 00:29:42,855 - thots.thots - WARNING - ---------------| Iniciando tarefa tatycasadinha, 16 de 17
2022-05-06 00:29:43,185 - thots.thots - WARNING - ---------------| tatycasadinha - Fim da lista de videos.
2022-05-06 00:29:43,185 - thots.thots - WARNING - ---------------| Iniciando tarefa vidasafada, 17 de 17
2022-05-06 00:29:43,185 - thots.thot_parse - INFO - Definindo o padrão de regex...
2022-05-06 00:29:43,560 - Utils.utils - INFO - Requisição <<GET>> realizada com sucesso, status code: 200
2022-05-06 00:29:43,561 - thots.thot_parse - INFO - Segundo padrão de regex definido com sucesso!
2022-05-06 00:29:43,750 - Utils.utils - INFO - Requisição <<GET>> realizada com sucesso, status code: 200
2022-05-06 00:29:43,752 - thots.thot_parse - INFO - Usando método alternativo para encontrar a quantidade de videos.
2022-05-06 00:29:43,940 - Utils.utils - INFO - Requisição <<GET>> realizada com sucesso, status code: 200
2022-05-06 00:29:44,143 - Utils.utils - INFO - Requisição <<GET>> realizada com sucesso, status code: 200
2022-05-06 00:29:44,358 - Utils.utils - INFO - Requisição <<GET>> realizada com sucesso, status code: 200
2022-05-06 00:29:44,547 - Utils.utils - INFO - Requisição <<GET>> realizada com sucesso, status code: 200
2022-05-06 00:29:44,730 - Utils.utils - INFO - Requisição <<GET>> realizada com sucesso, status code: 200
2022-05-06 00:29:44,921 - Utils.utils - INFO - Requisição <<GET>> realizada com sucesso, status code: 200
2022-05-06 00:29:45,166 - Utils.utils - INFO - Requisição <<GET>> realizada com sucesso, status code: 200
2022-05-06 00:29:45,169 - thots.thot_parse - INFO - Foi encontrado um total de : 0 videos restantes.
2022-05-06 00:29:45,170 - thots.thots - WARNING - ---------------| vidasafada - Fim da lista de videos.
2022-05-06 00:29:45,170 - __main__ - INFO - Fazendo backup dos IDs na API backup...
2022-05-06 00:29:45,171 - __main__ - INFO - Salvando ID's da API localmente....
2022-05-06 00:29:45,485 - Utils.utils - INFO - Requisição <<GET>> realizada com sucesso, status code: 200
2022-05-06 00:29:46,091 - Utils.utils - INFO - Requisição <<GET>> realizada com sucesso, status code: 200
2022-05-06 04:08:07,394 - Utils.utils - INFO - Ambiente de produção ativado
2022-05-06 04:08:07,681 - Utils.utils - INFO - Requisição <<GET>> realizada com sucesso, status code: 200
2022-05-06 04:08:07,716 - __main__ - INFO - Checando thotsbay forum...
2022-05-06 04:08:07,716 - Utils.thotshub - INFO - Autorizando...
2022-05-06 04:08:07,899 - Utils.utils - INFO - Requisição <<GET>> realizada com sucesso, status code: 200
2022-05-06 04:08:08,590 - Utils.utils - INFO - Requisição <<POST>> realizada com sucesso, status code: 200
2022-05-06 04:08:08,592 - Utils.thotshub - INFO - Autorizado
2022-05-06 04:08:08,592 - Utils.thotshub - INFO - Logado no thotsbay com sucesso.
2022-05-06 04:08:08,592 - __main__ - INFO - Checando colab...
2022-05-06 04:08:08,592 - Utils.utils - INFO - COLAB enviorement not detected
2022-05-06 04:08:08,592 - __main__ - INFO - Checando config...
2022-05-06 04:08:09,186 - Utils.utils - INFO - Requisição <<GET>> realizada com sucesso, status code: 200
2022-05-06 04:08:10,187 - __main__ - INFO - Checando ids...
2022-05-06 04:08:10,457 - Utils.utils - INFO - Requisição <<GET>> realizada com sucesso, status code: 200
2022-05-06 04:08:10,458 - thots.thots - WARNING - ---------------| Iniciando tarefa afroditehotwife, 1 de 17
2022-05-06 04:08:10,458 - thots.thot_parse - INFO - Definindo o padrão de regex...
2022-05-06 04:08:11,091 - Utils.utils - INFO - Requisição <<GET>> realizada com sucesso, status code: 200
2022-05-06 04:08:11,092 - thots.thot_parse - INFO - Segundo padrão de regex definido com sucesso!
2022-05-06 04:08:11,348 - Utils.utils - INFO - Requisição <<GET>> realizada com sucesso, status code: 200
2022-05-06 04:08:11,350 - thots.thot_parse - INFO - Usando método alternativo para encontrar a quantidade de videos.
2022-05-06 04:08:11,596 - Utils.utils - INFO - Requisição <<GET>> realizada com sucesso, status code: 200
2022-05-06 04:08:11,830 - Utils.utils - INFO - Requisição <<GET>> realizada com sucesso, status code: 200
2022-05-06 04:08:12,065 - Utils.utils - INFO - Requisição <<GET>> realizada com sucesso, status code: 200
2022-05-06 04:08:12,308 - Utils.utils - INFO - Requisição <<GET>> realizada com sucesso, status code: 200
2022-05-06 04:08:12,557 - Utils.utils - INFO - Requisição <<GET>> realizada com sucesso, status code: 200
2022-05-06 04:08:12,794 - Utils.utils - INFO - Requisição <<GET>> realizada com sucesso, status code: 200
2022-05-06 04:08:13,035 - Utils.utils - INFO - Requisição <<GET>> realizada com sucesso, status code: 200
2022-05-06 04:08:13,258 - Utils.utils - INFO - Requisição <<GET>> realizada com sucesso, status code: 200
2022-05-06 04:08:13,485 - Utils.utils - INFO - Requisição <<GET>> realizada com sucesso, status code: 200
2022-05-06 04:08:13,743 - Utils.utils - INFO - Requisição <<GET>> realizada com sucesso, status code: 200
2022-05-06 04:08:14,034 - Utils.utils - INFO - Requisição <<GET>> realizada com sucesso, status code: 200
2022-05-06 04:08:14,276 - Utils.utils - INFO - Requisição <<GET>> realizada com sucesso, status code: 200
2022-05-06 04:08:14,587 - Utils.utils - INFO - Requisição <<GET>> realizada com sucesso, status code: 200
2022-05-06 04:08:14,873 - Utils.utils - INFO - Requisição <<GET>> realizada com sucesso, status code: 200
2022-05-06 04:08:14,884 - thots.thot_parse - INFO - Foi encontrado um total de : 0 videos restantes.
2022-05-06 04:08:14,884 - thots.thots - WARNING - ---------------| afroditehotwife - Fim da lista de videos.
2022-05-06 04:08:14,884 - thots.thots - WARNING - ---------------| Iniciando tarefa agathalira, 2 de 17
2022-05-06 04:08:14,884 - thots.thot_parse - INFO - Definindo o padrão de regex...
2022-05-06 04:08:15,491 - Utils.utils - INFO - Requisição <<GET>> realizada com sucesso, status code: 200
2022-05-06 04:08:15,491 - thots.thot_parse - INFO - Primeiro padrão de regex definido com sucesso!
2022-05-06 04:08:15,870 - Utils.utils - INFO - Requisição <<GET>> realizada com sucesso, status code: 200
2022-05-06 04:08:15,872 - thots.thot_parse - INFO - Usando método alternativo para encontrar a quantidade de videos.
2022-05-06 04:08:16,332 - Utils.utils - INFO - Requisição <<GET>> realizada com sucesso, status code: 200
2022-05-06 04:08:16,669 - Utils.utils - INFO - Requisição <<GET>> realizada com sucesso, status code: 200
2022-05-06 04:08:16,956 - Utils.utils - INFO - Requisição <<GET>> realizada com sucesso, status code: 200
2022-05-06 04:08:17,255 - Utils.utils - INFO - Requisição <<GET>> realizada com sucesso, status code: 200
2022-05-06 04:08:17,550 - Utils.utils - INFO - Requisição <<GET>> realizada com sucesso, status code: 200
2022-05-06 04:08:17,939 - Utils.utils - INFO - Requisição <<GET>> realizada com sucesso, status code: 200
2022-05-06 04:08:18,446 - Utils.utils - INFO - Requisição <<GET>> realizada com sucesso, status code: 200
2022-05-06 04:08:18,721 - Utils.utils - INFO - Requisição <<GET>> realizada com sucesso, status code: 200
2022-05-06 04:08:19,116 - Utils.utils - INFO - Requisição <<GET>> realizada com sucesso, status code: 200
2022-05-06 04:08:19,565 - Utils.utils - INFO - Requisição <<GET>> realizada com sucesso, status code: 200
2022-05-06 04:08:20,037 - Utils.utils - INFO - Requisição <<GET>> realizada com sucesso, status code: 200
2022-05-06 04:08:20,429 - Utils.utils - INFO - Requisição <<GET>> realizada com sucesso, status code: 200
2022-05-06 04:08:20,720 - Utils.utils - INFO - Requisição <<GET>> realizada com sucesso, status code: 200
2022-05-06 04:08:20,731 - thots.thot_parse - INFO - Foi encontrado um total de : 0 videos restantes.
2022-05-06 04:08:20,731 - thots.thots - WARNING - ---------------| agathalira - Fim da lista de videos.
2022-05-06 04:08:20,731 - thots.thots - WARNING - ---------------| Iniciando tarefa barbaracastroo, 3 de 17
2022-05-06 04:08:20,731 - thots.thot_parse - INFO - Definindo o padrão de regex...
2022-05-06 04:08:21,047 - Utils.utils - INFO - Requisição <<GET>> realizada com sucesso, status code: 200
2022-05-06 04:08:21,047 - thots.thot_parse - INFO - Segundo padrão de regex definido com sucesso!
2022-05-06 04:08:21,191 - Utils.utils - INFO - Requisição <<GET>> realizada com sucesso, status code: 200
2022-05-06 04:08:21,193 - thots.thot_parse - INFO - Usando método alternativo para encontrar a quantidade de videos.
2022-05-06 04:08:21,350 - Utils.utils - INFO - Requisição <<GET>> realizada com sucesso, status code: 200
2022-05-06 04:08:21,351 - thots.thot_parse - INFO - Foi encontrado um total de : 0 videos restantes.
2022-05-06 04:08:21,351 - thots.thots - WARNING - ---------------| barbaracastroo - Fim da lista de videos.
2022-05-06 04:08:21,352 - thots.thots - WARNING - ---------------| Iniciando tarefa bellacasada, 4 de 17
2022-05-06 04:08:21,352 - thots.thot_parse - INFO - Definindo o padrão de regex...
2022-05-06 04:08:21,746 - Utils.utils - INFO - Requisição <<GET>> realizada com sucesso, status code: 200
2022-05-06 04:08:21,747 - thots.thot_parse - INFO - Segundo padrão de regex definido com sucesso!
2022-05-06 04:08:21,916 - Utils.utils - INFO - Requisição <<GET>> realizada com sucesso, status code: 200
2022-05-06 04:08:21,918 - thots.thot_parse - INFO - Usando método alternativo para encontrar a quantidade de videos.
2022-05-06 04:08:22,100 - Utils.utils - INFO - Requisição <<GET>> realizada com sucesso, status code: 200
2022-05-06 04:08:22,281 - Utils.utils - INFO - Requisição <<GET>> realizada com sucesso, status code: 200
2022-05-06 04:08:22,460 - Utils.utils - INFO - Requisição <<GET>> realizada com sucesso, status code: 200
2022-05-06 04:08:22,636 - Utils.utils - INFO - Requisição <<GET>> realizada com sucesso, status code: 200
2022-05-06 04:08:22,819 - Utils.utils - INFO - Requisição <<GET>> realizada com sucesso, status code: 200
2022-05-06 04:08:23,079 - Utils.utils - INFO - Requisição <<GET>> realizada com sucesso, status code: 200
2022-05-06 04:08:23,082 - thots.thot_parse - INFO - Foi encontrado um total de : 0 videos restantes.
2022-05-06 04:08:23,082 - thots.thots - WARNING - ---------------| bellacasada - Fim da lista de videos.
2022-05-06 04:08:23,082 - thots.thots - WARNING - ---------------| Iniciando tarefa casalruivaecornooficial, 5 de 17
2022-05-06 04:08:23,082 - thots.thot_parse - INFO - Definindo o padrão de regex...
2022-05-06 04:08:23,386 - Utils.utils - INFO - Requisição <<GET>> realizada com sucesso, status code: 200
2022-05-06 04:08:23,387 - thots.thot_parse - INFO - Segundo padrão de regex definido com sucesso!
2022-05-06 04:08:23,646 - Utils.utils - INFO - Requisição <<GET>> realizada com sucesso, status code: 200
2022-05-06 04:08:23,648 - thots.thot_parse - INFO - Usando método alternativo para encontrar a quantidade de videos.
2022-05-06 04:08:23,800 - Utils.utils - INFO - Requisição <<GET>> realizada com sucesso, status code: 200
2022-05-06 04:08:23,950 - Utils.utils - INFO - Requisição <<GET>> realizada com sucesso, status code: 200
2022-05-06 04:08:24,110 - Utils.utils - INFO - Requisição <<GET>> realizada com sucesso, status code: 200
2022-05-06 04:08:24,329 - Utils.utils - INFO - Requisição <<GET>> realizada com sucesso, status code: 200
2022-05-06 04:08:24,495 - Utils.utils - INFO - Requisição <<GET>> realizada com sucesso, status code: 200
2022-05-06 04:08:24,678 - Utils.utils - INFO - Requisição <<GET>> realizada com sucesso, status code: 200
2022-05-06 04:08:24,680 - thots.thot_parse - INFO - Foi encontrado um total de : 0 videos restantes.
2022-05-06 04:08:24,681 - thots.thots - WARNING - ---------------| casalruivaecornooficial - Fim da lista de videos.
2022-05-06 04:08:24,681 - thots.thots - WARNING - ---------------| Iniciando tarefa casaltopbessa, 6 de 17
2022-05-06 04:08:24,681 - thots.thot_parse - INFO - Definindo o padrão de regex...
2022-05-06 04:08:24,831 - Utils.utils - INFO - Requisição <<GET>> realizada com sucesso, status code: 200
2022-05-06 04:08:24,832 - thots.thot_parse - INFO - Segundo padrão de regex definido com sucesso!
2022-05-06 04:08:24,991 - Utils.utils - INFO - Requisição <<GET>> realizada com sucesso, status code: 200
2022-05-06 04:08:24,993 - thots.thot_parse - INFO - Usando método alternativo para encontrar a quantidade de videos.
2022-05-06 04:08:25,145 - Utils.utils - INFO - Requisição <<GET>> realizada com sucesso, status code: 200
2022-05-06 04:08:25,298 - Utils.utils - INFO - Requisição <<GET>> realizada com sucesso, status code: 200
2022-05-06 04:08:25,299 - thots.thot_parse - INFO - Foi encontrado um total de : 0 videos restantes.
2022-05-06 04:08:25,299 - thots.thots - WARNING - ---------------| casaltopbessa - Fim da lista de videos.
2022-05-06 04:08:25,299 - thots.thots - WARNING - ---------------| Iniciando tarefa elaquer, 7 de 17
2022-05-06 04:08:25,299 - thots.thot_parse - INFO - Definindo o padrão de regex...
2022-05-06 04:08:25,537 - Utils.utils - INFO - Requisição <<GET>> realizada com sucesso, status code: 200
2022-05-06 04:08:25,538 - thots.thot_parse - INFO - Segundo padrão de regex definido com sucesso!
2022-05-06 04:08:25,719 - Utils.utils - INFO - Requisição <<GET>> realizada com sucesso, status code: 200
2022-05-06 04:08:25,720 - thots.thot_parse - INFO - Usando método alternativo para encontrar a quantidade de videos.
2022-05-06 04:08:25,894 - Utils.utils - INFO - Requisição <<GET>> realizada com sucesso, status code: 200
2022-05-06 04:08:26,053 - Utils.utils - INFO - Requisição <<GET>> realizada com sucesso, status code: 200
2022-05-06 04:08:26,210 - Utils.utils - INFO - Requisição <<GET>> realizada com sucesso, status code: 200
2022-05-06 04:08:26,426 - Utils.utils - INFO - Requisição <<GET>> realizada com sucesso, status code: 200
2022-05-06 04:08:26,427 - thots.thot_parse - INFO - Foi encontrado um total de : 0 videos restantes.
2022-05-06 04:08:26,428 - thots.thots - WARNING - ---------------| elaquer - Fim da lista de videos.
2022-05-06 04:08:26,428 - thots.thots - WARNING - ---------------| Iniciando tarefa emilysales, 8 de 17
2022-05-06 04:08:26,428 - thots.thot_parse - INFO - Definindo o padrão de regex...
2022-05-06 04:08:26,581 - Utils.utils - INFO - Requisição <<GET>> realizada com sucesso, status code: 200
2022-05-06 04:08:26,582 - thots.thot_parse - INFO - Segundo padrão de regex definido com sucesso!
2022-05-06 04:08:26,751 - Utils.utils - INFO - Requisição <<GET>> realizada com sucesso, status code: 200
2022-05-06 04:08:26,752 - thots.thot_parse - INFO - Usando método alternativo para encontrar a quantidade de videos.
2022-05-06 04:08:26,950 - Utils.utils - INFO - Requisição <<GET>> realizada com sucesso, status code: 200
2022-05-06 04:08:27,142 - Utils.utils - INFO - Requisição <<GET>> realizada com sucesso, status code: 200
2022-05-06 04:08:27,319 - Utils.utils - INFO - Requisição <<GET>> realizada com sucesso, status code: 200
2022-05-06 04:08:27,511 - Utils.utils - INFO - Requisição <<GET>> realizada com sucesso, status code: 200
2022-05-06 04:08:27,673 - Utils.utils - INFO - Requisição <<GET>> realizada com sucesso, status code: 200
2022-05-06 04:08:27,675 - thots.thot_parse - INFO - Foi encontrado um total de : 0 videos restantes.
2022-05-06 04:08:27,675 - thots.thots - WARNING - ---------------| emilysales - Fim da lista de videos.
2022-05-06 04:08:27,675 - thots.thots - WARNING - ---------------| Iniciando tarefa esposagulosinha, 9 de 17
2022-05-06 04:08:27,675 - thots.thot_parse - INFO - Definindo o padrão de regex...
2022-05-06 04:08:28,050 - Utils.utils - INFO - Requisição <<GET>> realizada com sucesso, status code: 200
2022-05-06 04:08:28,051 - thots.thot_parse - INFO - Segundo padrão de regex definido com sucesso!
2022-05-06 04:08:28,276 - Utils.utils - INFO - Requisição <<GET>> realizada com sucesso, status code: 200
2022-05-06 04:08:28,278 - thots.thot_parse - INFO - Usando método alternativo para encontrar a quantidade de videos.
2022-05-06 04:08:34,290 - Utils.utils - INFO - Ambiente de produção ativado
2022-05-06 04:08:34,535 - Utils.utils - INFO - Requisição <<GET>> realizada com sucesso, status code: 200
2022-05-06 04:08:34,570 - __main__ - INFO - Checando thotsbay forum...
2022-05-06 04:08:34,570 - Utils.thotshub - INFO - Autorizando...
2022-05-06 04:08:34,744 - Utils.utils - INFO - Requisição <<GET>> realizada com sucesso, status code: 200
2022-05-06 04:08:35,421 - Utils.utils - INFO - Requisição <<POST>> realizada com sucesso, status code: 200
2022-05-06 04:08:35,423 - Utils.thotshub - INFO - Autorizado
2022-05-06 04:08:35,423 - Utils.thotshub - INFO - Logado no thotsbay com sucesso.
2022-05-06 04:08:35,424 - __main__ - INFO - Checando colab...
2022-05-06 04:08:35,424 - Utils.utils - INFO - COLAB enviorement not detected
2022-05-06 04:08:35,424 - __main__ - INFO - Checando config...
2022-05-06 04:08:35,734 - Utils.utils - INFO - Requisição <<GET>> realizada com sucesso, status code: 200
2022-05-06 04:08:36,736 - __main__ - INFO - Checando ids...
2022-05-06 04:08:36,999 - Utils.utils - INFO - Requisição <<GET>> realizada com sucesso, status code: 200
2022-05-06 04:08:37,000 - thots.thots - WARNING - ---------------| Iniciando tarefa afroditehotwife, 1 de 17
2022-05-06 04:08:37,000 - thots.thot_parse - INFO - Definindo o padrão de regex...
2022-05-06 04:08:37,533 - Utils.utils - INFO - Requisição <<GET>> realizada com sucesso, status code: 200
2022-05-06 04:08:37,534 - thots.thot_parse - INFO - Segundo padrão de regex definido com sucesso!
2022-05-06 04:08:37,851 - Utils.utils - INFO - Requisição <<GET>> realizada com sucesso, status code: 200
2022-05-06 04:08:37,853 - thots.thot_parse - INFO - Usando método alternativo para encontrar a quantidade de videos.
2022-05-06 04:08:38,132 - Utils.utils - INFO - Requisição <<GET>> realizada com sucesso, status code: 200
2022-05-06 04:08:38,418 - Utils.utils - INFO - Requisição <<GET>> realizada com sucesso, status code: 200
2022-05-06 04:08:38,691 - Utils.utils - INFO - Requisição <<GET>> realizada com sucesso, status code: 200
2022-05-06 04:08:39,029 - Utils.utils - INFO - Requisição <<GET>> realizada com sucesso, status code: 200
2022-05-06 04:08:39,300 - Utils.utils - INFO - Requisição <<GET>> realizada com sucesso, status code: 200
2022-05-06 04:08:39,561 - Utils.utils - INFO - Requisição <<GET>> realizada com sucesso, status code: 200
2022-05-06 04:08:39,814 - Utils.utils - INFO - Requisição <<GET>> realizada com sucesso, status code: 200
2022-05-06 04:08:40,147 - Utils.utils - INFO - Requisição <<GET>> realizada com sucesso, status code: 200
2022-05-06 04:08:40,408 - Utils.utils - INFO - Requisição <<GET>> realizada com sucesso, status code: 200
2022-05-06 04:08:40,724 - Utils.utils - INFO - Requisição <<GET>> realizada com sucesso, status code: 200
2022-05-06 04:08:41,031 - Utils.utils - INFO - Requisição <<GET>> realizada com sucesso, status code: 200
2022-05-06 04:08:41,325 - Utils.utils - INFO - Requisição <<GET>> realizada com sucesso, status code: 200
2022-05-06 04:08:41,614 - Utils.utils - INFO - Requisição <<GET>> realizada com sucesso, status code: 200
2022-05-06 04:08:41,900 - Utils.utils - INFO - Requisição <<GET>> realizada com sucesso, status code: 200
2022-05-06 04:08:41,912 - thots.thot_parse - INFO - Foi encontrado um total de : 0 videos restantes.
2022-05-06 04:08:41,912 - thots.thots - WARNING - ---------------| afroditehotwife - Fim da lista de videos.
2022-05-06 04:08:41,913 - thots.thots - WARNING - ---------------| Iniciando tarefa agathalira, 2 de 17
2022-05-06 04:08:41,913 - thots.thot_parse - INFO - Definindo o padrão de regex...
2022-05-06 04:08:42,521 - Utils.utils - INFO - Requisição <<GET>> realizada com sucesso, status code: 200
2022-05-06 04:08:42,521 - thots.thot_parse - INFO - Primeiro padrão de regex definido com sucesso!
2022-05-06 04:08:43,028 - Utils.utils - INFO - Requisição <<GET>> realizada com sucesso, status code: 200
2022-05-06 04:08:43,030 - thots.thot_parse - INFO - Usando método alternativo para encontrar a quantidade de videos.
2022-05-06 04:08:43,316 - Utils.utils - INFO - Requisição <<GET>> realizada com sucesso, status code: 200
2022-05-06 04:08:43,721 - Utils.utils - INFO - Requisição <<GET>> realizada com sucesso, status code: 200
2022-05-06 04:08:44,009 - Utils.utils - INFO - Requisição <<GET>> realizada com sucesso, status code: 200
2022-05-06 04:08:44,322 - Utils.utils - INFO - Requisição <<GET>> realizada com sucesso, status code: 200
2022-05-06 04:08:44,622 - Utils.utils - INFO - Requisição <<GET>> realizada com sucesso, status code: 200
2022-05-06 04:08:44,980 - Utils.utils - INFO - Requisição <<GET>> realizada com sucesso, status code: 200
2022-05-06 04:08:45,354 - Utils.utils - INFO - Requisição <<GET>> realizada com sucesso, status code: 200
2022-05-06 04:08:45,756 - Utils.utils - INFO - Requisição <<GET>> realizada com sucesso, status code: 200
2022-05-06 04:08:46,086 - Utils.utils - INFO - Requisição <<GET>> realizada com sucesso, status code: 200
2022-05-06 04:08:46,375 - Utils.utils - INFO - Requisição <<GET>> realizada com sucesso, status code: 200
2022-05-06 04:08:46,672 - Utils.utils - INFO - Requisição <<GET>> realizada com sucesso, status code: 200
2022-05-06 04:08:46,952 - Utils.utils - INFO - Requisição <<GET>> realizada com sucesso, status code: 200
2022-05-06 04:08:47,172 - Utils.utils - INFO - Requisição <<GET>> realizada com sucesso, status code: 200
2022-05-06 04:08:47,183 - thots.thot_parse - INFO - Foi encontrado um total de : 0 videos restantes.
2022-05-06 04:08:47,183 - thots.thots - WARNING - ---------------| agathalira - Fim da lista de videos.
2022-05-06 04:08:47,183 - thots.thots - WARNING - ---------------| Iniciando tarefa barbaracastroo, 3 de 17
2022-05-06 04:08:47,183 - thots.thot_parse - INFO - Definindo o padrão de regex...
2022-05-06 04:08:47,385 - Utils.utils - INFO - Requisição <<GET>> realizada com sucesso, status code: 200
2022-05-06 04:08:47,385 - thots.thot_parse - INFO - Segundo padrão de regex definido com sucesso!
2022-05-06 04:08:47,539 - Utils.utils - INFO - Requisição <<GET>> realizada com sucesso, status code: 200
2022-05-06 04:08:47,541 - thots.thot_parse - INFO - Usando método alternativo para encontrar a quantidade de videos.
2022-05-06 04:08:47,696 - Utils.utils - INFO - Requisição <<GET>> realizada com sucesso, status code: 200
2022-05-06 04:08:47,696 - thots.thot_parse - INFO - Foi encontrado um total de : 0 videos restantes.
2022-05-06 04:08:47,697 - thots.thots - WARNING - ---------------| barbaracastroo - Fim da lista de videos.
2022-05-06 04:08:47,697 - thots.thots - WARNING - ---------------| Iniciando tarefa bellacasada, 4 de 17
2022-05-06 04:08:47,697 - thots.thot_parse - INFO - Definindo o padrão de regex...
2022-05-06 04:08:47,983 - Utils.utils - INFO - Requisição <<GET>> realizada com sucesso, status code: 200
2022-05-06 04:08:47,984 - thots.thot_parse - INFO - Segundo padrão de regex definido com sucesso!
2022-05-06 04:08:48,163 - Utils.utils - INFO - Requisição <<GET>> realizada com sucesso, status code: 200
2022-05-06 04:08:48,165 - thots.thot_parse - INFO - Usando método alternativo para encontrar a quantidade de videos.
2022-05-06 04:08:48,357 - Utils.utils - INFO - Requisição <<GET>> realizada com sucesso, status code: 200
2022-05-06 04:08:48,553 - Utils.utils - INFO - Requisição <<GET>> realizada com sucesso, status code: 200
2022-05-06 04:08:48,727 - Utils.utils - INFO - Requisição <<GET>> realizada com sucesso, status code: 200
2022-05-06 04:08:48,892 - Utils.utils - INFO - Requisição <<GET>> realizada com sucesso, status code: 200
2022-05-06 04:08:49,072 - Utils.utils - INFO - Requisição <<GET>> realizada com sucesso, status code: 200
2022-05-06 04:08:49,278 - Utils.utils - INFO - Requisição <<GET>> realizada com sucesso, status code: 200
2022-05-06 04:08:49,282 - thots.thot_parse - INFO - Foi encontrado um total de : 0 videos restantes.
2022-05-06 04:08:49,282 - thots.thots - WARNING - ---------------| bellacasada - Fim da lista de videos.
2022-05-06 04:08:49,283 - thots.thots - WARNING - ---------------| Iniciando tarefa casalruivaecornooficial, 5 de 17
2022-05-06 04:08:49,283 - thots.thot_parse - INFO - Definindo o padrão de regex...
2022-05-06 04:08:49,505 - Utils.utils - INFO - Requisição <<GET>> realizada com sucesso, status code: 200
2022-05-06 04:08:49,506 - thots.thot_parse - INFO - Segundo padrão de regex definido com sucesso!
2022-05-06 04:08:49,663 - Utils.utils - INFO - Requisição <<GET>> realizada com sucesso, status code: 200
2022-05-06 04:08:49,664 - thots.thot_parse - INFO - Usando método alternativo para encontrar a quantidade de videos.
2022-05-06 04:08:49,823 - Utils.utils - INFO - Requisição <<GET>> realizada com sucesso, status code: 200
2022-05-06 04:08:49,999 - Utils.utils - INFO - Requisição <<GET>> realizada com sucesso, status code: 200
2022-05-06 04:08:50,215 - Utils.utils - INFO - Requisição <<GET>> realizada com sucesso, status code: 200
2022-05-06 04:08:50,430 - Utils.utils - INFO - Requisição <<GET>> realizada com sucesso, status code: 200
2022-05-06 04:08:50,614 - Utils.utils - INFO - Requisição <<GET>> realizada com sucesso, status code: 200
2022-05-06 04:08:50,760 - Utils.utils - INFO - Requisição <<GET>> realizada com sucesso, status code: 200
2022-05-06 04:08:50,763 - thots.thot_parse - INFO - Foi encontrado um total de : 0 videos restantes.
2022-05-06 04:08:50,763 - thots.thots - WARNING - ---------------| casalruivaecornooficial - Fim da lista de videos.
2022-05-06 04:08:50,764 - thots.thots - WARNING - ---------------| Iniciando tarefa casaltopbessa, 6 de 17
2022-05-06 04:08:50,765 - thots.thot_parse - INFO - Definindo o padrão de regex...
2022-05-06 04:08:50,910 - Utils.utils - INFO - Requisição <<GET>> realizada com sucesso, status code: 200
2022-05-06 04:08:50,911 - thots.thot_parse - INFO - Segundo padrão de regex definido com sucesso!
2022-05-06 04:08:51,125 - Utils.utils - INFO - Requisição <<GET>> realizada com sucesso, status code: 200
2022-05-06 04:08:51,127 - thots.thot_parse - INFO - Usando método alternativo para encontrar a quantidade de videos.
2022-05-06 04:08:51,351 - Utils.utils - INFO - Requisição <<GET>> realizada com sucesso, status code: 200
2022-05-06 04:08:51,685 - Utils.utils - INFO - Requisição <<GET>> realizada com sucesso, status code: 200
2022-05-06 04:08:51,687 - thots.thot_parse - INFO - Foi encontrado um total de : 0 videos restantes.
2022-05-06 04:08:51,687 - thots.thots - WARNING - ---------------| casaltopbessa - Fim da lista de videos.
2022-05-06 04:08:51,688 - thots.thots - WARNING - ---------------| Iniciando tarefa elaquer, 7 de 17
2022-05-06 04:08:51,688 - thots.thot_parse - INFO - Definindo o padrão de regex...
2022-05-06 04:08:52,029 - Utils.utils - INFO - Requisição <<GET>> realizada com sucesso, status code: 200
2022-05-06 04:08:52,030 - thots.thot_parse - INFO - Segundo padrão de regex definido com sucesso!
2022-05-06 04:08:52,237 - Utils.utils - INFO - Requisição <<GET>> realizada com sucesso, status code: 200
2022-05-06 04:08:52,239 - thots.thot_parse - INFO - Usando método alternativo para encontrar a quantidade de videos.
2022-05-06 04:08:52,447 - Utils.utils - INFO - Requisição <<GET>> realizada com sucesso, status code: 200
2022-05-06 04:08:52,670 - Utils.utils - INFO - Requisição <<GET>> realizada com sucesso, status code: 200
2022-05-06 04:08:52,913 - Utils.utils - INFO - Requisição <<GET>> realizada com sucesso, status code: 200
2022-05-06 04:08:53,130 - Utils.utils - INFO - Requisição <<GET>> realizada com sucesso, status code: 200
2022-05-06 04:08:53,132 - thots.thot_parse - INFO - Foi encontrado um total de : 0 videos restantes.
2022-05-06 04:08:53,132 - thots.thots - WARNING - ---------------| elaquer - Fim da lista de videos.
2022-05-06 04:08:53,133 - thots.thots - WARNING - ---------------| Iniciando tarefa emilysales, 8 de 17
2022-05-06 04:08:53,133 - thots.thot_parse - INFO - Definindo o padrão de regex...
2022-05-06 04:08:53,310 - Utils.utils - INFO - Requisição <<GET>> realizada com sucesso, status code: 200
2022-05-06 04:08:53,311 - thots.thot_parse - INFO - Segundo padrão de regex definido com sucesso!
2022-05-06 04:08:53,477 - Utils.utils - INFO - Requisição <<GET>> realizada com sucesso, status code: 200
2022-05-06 04:08:53,478 - thots.thot_parse - INFO - Usando método alternativo para encontrar a quantidade de videos.
2022-05-06 04:08:53,629 - Utils.utils - INFO - Requisição <<GET>> realizada com sucesso, status code: 200
2022-05-06 04:08:53,773 - Utils.utils - INFO - Requisição <<GET>> realizada com sucesso, status code: 200
2022-05-06 04:08:53,930 - Utils.utils - INFO - Requisição <<GET>> realizada com sucesso, status code: 200
2022-05-06 04:08:54,148 - Utils.utils - INFO - Requisição <<GET>> realizada com sucesso, status code: 200
2022-05-06 04:08:54,301 - Utils.utils - INFO - Requisição <<GET>> realizada com sucesso, status code: 200
2022-05-06 04:08:54,303 - thots.thot_parse - INFO - Foi encontrado um total de : 0 videos restantes.
2022-05-06 04:08:54,304 - thots.thots - WARNING - ---------------| emilysales - Fim da lista de videos.
2022-05-06 04:08:54,304 - thots.thots - WARNING - ---------------| Iniciando tarefa esposagulosinha, 9 de 17
2022-05-06 04:08:54,305 - thots.thot_parse - INFO - Definindo o padrão de regex...
2022-05-06 04:08:54,659 - Utils.utils - INFO - Requisição <<GET>> realizada com sucesso, status code: 200
2022-05-06 04:08:54,660 - thots.thot_parse - INFO - Segundo padrão de regex definido com sucesso!
2022-05-06 04:08:54,827 - Utils.utils - INFO - Requisição <<GET>> realizada com sucesso, status code: 200
2022-05-06 04:08:54,830 - thots.thot_parse - INFO - Usando método alternativo para encontrar a quantidade de videos.
2022-05-06 04:08:55,004 - Utils.utils - INFO - Requisição <<GET>> realizada com sucesso, status code: 200
2022-05-06 04:08:55,216 - Utils.utils - INFO - Requisição <<GET>> realizada com sucesso, status code: 200
2022-05-06 04:08:55,408 - Utils.utils - INFO - Requisição <<GET>> realizada com sucesso, status code: 200
2022-05-06 04:08:55,600 - Utils.utils - INFO - Requisição <<GET>> realizada com sucesso, status code: 200
2022-05-06 04:08:55,786 - Utils.utils - INFO - Requisição <<GET>> realizada com sucesso, status code: 200
2022-05-06 04:08:55,987 - Utils.utils - INFO - Requisição <<GET>> realizada com sucesso, status code: 200
2022-05-06 04:08:56,236 - Utils.utils - INFO - Requisição <<GET>> realizada com sucesso, status code: 200
2022-05-06 04:08:56,518 - Utils.utils - INFO - Requisição <<GET>> realizada com sucesso, status code: 200
2022-05-06 04:08:56,522 - thots.thot_parse - INFO - Foi encontrado um total de : 0 videos restantes.
2022-05-06 04:08:56,522 - thots.thots - WARNING - ---------------| esposagulosinha - Fim da lista de videos.
2022-05-06 04:08:56,523 - thots.thots - WARNING - ---------------| Iniciando tarefa fabioeanaes, 10 de 17
2022-05-06 04:08:56,524 - thots.thot_parse - INFO - Definindo o padrão de regex...
2022-05-06 04:08:57,043 - Utils.utils - INFO - Requisição <<GET>> realizada com sucesso, status code: 200
2022-05-06 04:08:57,044 - thots.thot_parse - INFO - Segundo padrão de regex definido com sucesso!
2022-05-06 04:08:57,220 - Utils.utils - INFO - Requisição <<GET>> realizada com sucesso, status code: 200
2022-05-06 04:08:57,222 - thots.thot_parse - INFO - Usando método alternativo para encontrar a quantidade de videos.
2022-05-06 04:08:57,416 - Utils.utils - INFO - Requisição <<GET>> realizada com sucesso, status code: 200
2022-05-06 04:08:57,588 - Utils.utils - INFO - Requisição <<GET>> realizada com sucesso, status code: 200
2022-05-06 04:08:57,798 - Utils.utils - INFO - Requisição <<GET>> realizada com sucesso, status code: 200
2022-05-06 04:08:58,005 - Utils.utils - INFO - Requisição <<GET>> realizada com sucesso, status code: 200
2022-05-06 04:08:58,217 - Utils.utils - INFO - Requisição <<GET>> realizada com sucesso, status code: 200
2022-05-06 04:08:58,219 - thots.thot_parse - INFO - Foi encontrado um total de : 0 videos restantes.
2022-05-06 04:08:58,219 - thots.thots - WARNING - ---------------| fabioeanaes - Fim da lista de videos.
2022-05-06 04:08:58,219 - thots.thots - WARNING - ---------------| Iniciando tarefa helenafilmes, 11 de 17
2022-05-06 04:08:58,219 - thots.thot_parse - INFO - Definindo o padrão de regex...
2022-05-06 04:08:58,580 - Utils.utils - INFO - Requisição <<GET>> realizada com sucesso, status code: 200
2022-05-06 04:08:58,581 - thots.thot_parse - INFO - Segundo padrão de regex definido com sucesso!
2022-05-06 04:08:58,780 - Utils.utils - INFO - Requisição <<GET>> realizada com sucesso, status code: 200
2022-05-06 04:08:58,782 - thots.thot_parse - INFO - Usando método alternativo para encontrar a quantidade de videos.
2022-05-06 04:08:58,998 - Utils.utils - INFO - Requisição <<GET>> realizada com sucesso, status code: 200
2022-05-06 04:08:59,318 - Utils.utils - INFO - Requisição <<GET>> realizada com sucesso, status code: 200
2022-05-06 04:08:59,319 - thots.thot_parse - INFO - Foi encontrado um total de : 0 videos restantes.
2022-05-06 04:08:59,320 - thots.thots - WARNING - ---------------| helenafilmes - Fim da lista de videos.
2022-05-06 04:08:59,320 - thots.thots - WARNING - ---------------| Iniciando tarefa lualencar11, 12 de 17
2022-05-06 04:08:59,321 - thots.thot_parse - INFO - Definindo o padrão de regex...
2022-05-06 04:08:59,649 - Utils.utils - INFO - Requisição <<GET>> realizada com sucesso, status code: 200
2022-05-06 04:08:59,650 - thots.thot_parse - INFO - Segundo padrão de regex definido com sucesso!
2022-05-06 04:08:59,847 - Utils.utils - INFO - Requisição <<GET>> realizada com sucesso, status code: 200
2022-05-06 04:08:59,849 - thots.thot_parse - INFO - Usando método alternativo para encontrar a quantidade de videos.
2022-05-06 04:09:00,019 - Utils.utils - INFO - Requisição <<GET>> realizada com sucesso, status code: 200
2022-05-06 04:09:00,020 - thots.thot_parse - INFO - Foi encontrado um total de : 0 videos restantes.
2022-05-06 04:09:00,020 - thots.thots - WARNING - ---------------| lualencar11 - Fim da lista de videos.
2022-05-06 04:09:00,021 - thots.thots - WARNING - ---------------| Iniciando tarefa melissadias, 13 de 17
2022-05-06 04:09:00,021 - thots.thot_parse - INFO - Definindo o padrão de regex...
2022-05-06 04:09:00,215 - Utils.utils - INFO - Requisição <<GET>> realizada com sucesso, status code: 200
2022-05-06 04:09:00,216 - thots.thot_parse - INFO - Segundo padrão de regex definido com sucesso!
2022-05-06 04:09:00,418 - Utils.utils - INFO - Requisição <<GET>> realizada com sucesso, status code: 200
2022-05-06 04:09:00,420 - thots.thot_parse - INFO - Usando método alternativo para encontrar a quantidade de videos.
2022-05-06 04:09:00,576 - Utils.utils - INFO - Requisição <<GET>> realizada com sucesso, status code: 200
2022-05-06 04:09:00,726 - Utils.utils - INFO - Requisição <<GET>> realizada com sucesso, status code: 200
2022-05-06 04:09:00,883 - Utils.utils - INFO - Requisição <<GET>> realizada com sucesso, status code: 200
2022-05-06 04:09:01,037 - Utils.utils - INFO - Requisição <<GET>> realizada com sucesso, status code: 200
2022-05-06 04:09:01,292 - Utils.utils - INFO - Requisição <<GET>> realizada com sucesso, status code: 200
2022-05-06 04:09:01,477 - Utils.utils - INFO - Requisição <<GET>> realizada com sucesso, status code: 200
2022-05-06 04:09:01,742 - Utils.utils - INFO - Requisição <<GET>> realizada com sucesso, status code: 200
2022-05-06 04:09:01,744 - thots.thot_parse - INFO - Foi encontrado um total de : 0 videos restantes.
2022-05-06 04:09:01,745 - thots.thots - WARNING - ---------------| melissadias - Fim da lista de videos.
2022-05-06 04:09:01,745 - thots.thots - WARNING - ---------------| Iniciando tarefa nicoleballs_trans, 14 de 17
2022-05-06 04:09:01,745 - thots.thot_parse - INFO - Definindo o padrão de regex...
2022-05-06 04:09:01,927 - Utils.utils - INFO - Requisição <<GET>> realizada com sucesso, status code: 200
2022-05-06 04:09:01,927 - thots.thot_parse - INFO - Segundo padrão de regex definido com sucesso!
2022-05-06 04:09:02,093 - Utils.utils - INFO - Requisição <<GET>> realizada com sucesso, status code: 200
2022-05-06 04:09:02,095 - thots.thot_parse - INFO - Usando método alternativo para encontrar a quantidade de videos.
2022-05-06 04:09:02,319 - Utils.utils - INFO - Requisição <<GET>> realizada com sucesso, status code: 200
2022-05-06 04:09:02,478 - Utils.utils - INFO - Requisição <<GET>> realizada com sucesso, status code: 200
2022-05-06 04:09:02,479 - thots.thot_parse - INFO - Foi encontrado um total de : 0 videos restantes.
2022-05-06 04:09:02,480 - thots.thots - WARNING - ---------------| nicoleballs_trans - Fim da lista de videos.
2022-05-06 04:09:02,480 - thots.thots - WARNING - ---------------| Iniciando tarefa nikkecasada, 15 de 17
2022-05-06 04:09:02,480 - thots.thot_parse - INFO - Definindo o padrão de regex...
2022-05-06 04:09:02,816 - Utils.utils - INFO - Requisição <<GET>> realizada com sucesso, status code: 200
2022-05-06 04:09:02,817 - thots.thot_parse - INFO - Segundo padrão de regex definido com sucesso!
2022-05-06 04:09:02,988 - Utils.utils - INFO - Requisição <<GET>> realizada com sucesso, status code: 200
2022-05-06 04:09:02,990 - thots.thot_parse - INFO - Usando método alternativo para encontrar a quantidade de videos.
2022-05-06 04:09:03,233 - Utils.utils - INFO - Requisição <<GET>> realizada com sucesso, status code: 200
2022-05-06 04:09:03,565 - Utils.utils - INFO - Requisição <<GET>> realizada com sucesso, status code: 200
2022-05-06 04:09:03,848 - Utils.utils - INFO - Requisição <<GET>> realizada com sucesso, status code: 200
2022-05-06 04:09:04,096 - Utils.utils - INFO - Requisição <<GET>> realizada com sucesso, status code: 200
2022-05-06 04:09:04,310 - Utils.utils - INFO - Requisição <<GET>> realizada com sucesso, status code: 200
2022-05-06 04:09:04,312 - thots.thot_parse - INFO - Foi encontrado um total de : 0 videos restantes.
2022-05-06 04:09:04,312 - thots.thots - WARNING - ---------------| nikkecasada - Fim da lista de videos.
2022-05-06 04:09:04,312 - thots.thots - WARNING - ---------------| Iniciando tarefa tatycasadinha, 16 de 17
2022-05-06 04:09:04,626 - thots.thots - WARNING - ---------------| tatycasadinha - Fim da lista de videos.
2022-05-06 04:09:04,627 - thots.thots - WARNING - ---------------| Iniciando tarefa vidasafada, 17 de 17
2022-05-06 04:09:04,627 - thots.thot_parse - INFO - Definindo o padrão de regex...
2022-05-06 04:09:05,009 - Utils.utils - INFO - Requisição <<GET>> realizada com sucesso, status code: 200
2022-05-06 04:09:05,010 - thots.thot_parse - INFO - Segundo padrão de regex definido com sucesso!
2022-05-06 04:09:05,212 - Utils.utils - INFO - Requisição <<GET>> realizada com sucesso, status code: 200
2022-05-06 04:09:05,214 - thots.thot_parse - INFO - Usando método alternativo para encontrar a quantidade de videos.
2022-05-06 04:09:05,405 - Utils.utils - INFO - Requisição <<GET>> realizada com sucesso, status code: 200
2022-05-06 04:09:05,584 - Utils.utils - INFO - Requisição <<GET>> realizada com sucesso, status code: 200
2022-05-06 04:09:05,753 - Utils.utils - INFO - Requisição <<GET>> realizada com sucesso, status code: 200
2022-05-06 04:09:05,926 - Utils.utils - INFO - Requisição <<GET>> realizada com sucesso, status code: 200
2022-05-06 04:09:06,097 - Utils.utils - INFO - Requisição <<GET>> realizada com sucesso, status code: 200
2022-05-06 04:09:06,354 - Utils.utils - INFO - Requisição <<GET>> realizada com sucesso, status code: 200
2022-05-06 04:09:06,640 - Utils.utils - INFO - Requisição <<GET>> realizada com sucesso, status code: 200
2022-05-06 04:09:06,643 - thots.thot_parse - INFO - Foi encontrado um total de : 0 videos restantes.
2022-05-06 04:09:06,643 - thots.thots - WARNING - ---------------| vidasafada - Fim da lista de videos.
2022-05-06 04:09:06,643 - __main__ - INFO - Fazendo backup dos IDs na API backup...
2022-05-06 04:09:06,644 - __main__ - INFO - Salvando ID's da API localmente....
2022-05-06 04:09:07,193 - Utils.utils - INFO - Requisição <<GET>> realizada com sucesso, status code: 200
2022-05-06 04:09:07,779 - Utils.utils - INFO - Requisição <<GET>> realizada com sucesso, status code: 200
