2022-04-07 11:09:38,426 - Utils.utils - INFO - Ambiente de produção ativado
2022-04-07 11:09:38,618 - Utils.utils - INFO - Tentando requisição PUT na URL: ...et/config, 1/10
2022-04-07 11:09:39,415 - Utils.utils - INFO - Requisição PUT realizada com sucesso, status code: 200
2022-04-07 11:09:45,572 - Utils.utils - INFO - Ambiente de produção ativado
2022-04-07 11:09:45,745 - Utils.utils - INFO - Tentando requisição PUT na URL: ...et/config, 1/10
2022-04-07 11:09:46,459 - Utils.utils - INFO - Requisição PUT realizada com sucesso, status code: 200
2022-04-07 11:09:52,447 - Utils.utils - INFO - Ambiente de produção ativado
2022-04-07 11:09:52,620 - Utils.utils - INFO - Tentando requisição PUT na URL: ...et/config, 1/10
2022-04-07 11:09:53,336 - Utils.utils - INFO - Requisição PUT realizada com sucesso, status code: 200
2022-04-07 11:09:56,008 - Utils.utils - INFO - Ambiente de produção ativado
2022-04-07 11:09:56,240 - Utils.utils - INFO - Tentando requisição PUT na URL: ...et/config, 1/10
2022-04-07 11:09:57,231 - Utils.utils - INFO - Requisição PUT realizada com sucesso, status code: 200
2022-04-07 12:41:19,616 - Utils.utils - INFO - Ambiente de produção ativado
2022-04-07 12:41:19,795 - Utils.utils - INFO - Tentando requisição PUT na URL: ...et/config, 1/10
2022-04-07 12:41:20,701 - Utils.utils - INFO - Requisição PUT realizada com sucesso, status code: 200
2022-04-07 12:41:23,839 - Utils.utils - INFO - Ambiente de produção ativado
2022-04-07 12:41:24,003 - Utils.utils - INFO - Tentando requisição PUT na URL: ...et/config, 1/10
2022-04-07 12:41:24,877 - Utils.utils - INFO - Requisição PUT realizada com sucesso, status code: 200
2022-04-07 12:41:27,795 - Utils.utils - INFO - Ambiente de produção ativado
2022-04-07 12:41:27,978 - Utils.utils - INFO - Tentando requisição PUT na URL: ...et/config, 1/10
2022-04-07 12:41:28,688 - Utils.utils - INFO - Requisição PUT realizada com sucesso, status code: 200
2022-04-07 12:41:32,727 - Utils.utils - INFO - Ambiente de produção ativado
2022-04-07 12:41:32,889 - Utils.utils - INFO - Tentando requisição PUT na URL: ...et/config, 1/10
2022-04-07 12:41:33,906 - Utils.utils - INFO - Requisição PUT realizada com sucesso, status code: 200
2022-04-07 12:41:36,858 - Utils.utils - INFO - Ambiente de produção ativado
2022-04-07 12:41:37,028 - Utils.utils - INFO - Tentando requisição PUT na URL: ...et/config, 1/10
2022-04-07 12:41:37,904 - Utils.utils - INFO - Requisição PUT realizada com sucesso, status code: 200
2022-04-07 23:57:39,730 - Utils.utils - INFO - Ambiente de produção ativado
2022-04-07 23:57:40,950 - Utils.utils - INFO - Tentando requisição GET na URL: ...gin/login, 1/10
2022-04-07 23:57:42,413 - __main__ - INFO - Checando thotsbay forum...
2022-04-07 23:57:42,471 - Utils.thotshub - INFO - Autorizando...
2022-04-07 23:57:42,699 - Utils.utils - INFO - Tentando requisição GET na URL: ...gin/login, 1/10
2022-04-07 23:57:43,505 - Utils.utils - INFO - Tentando requisição POST na URL: https://forum.thotsbay.com/login/login, 1/10
2022-04-07 23:57:44,910 - Utils.utils - INFO - Requisição POST realizada com sucesso, status code: 200
2022-04-07 23:57:44,968 - Utils.thotshub - INFO - Logado no thotsbay com sucesso.
2022-04-07 23:57:45,201 - __main__ - INFO - Checando colab...
2022-04-07 23:57:45,430 - Utils.utils - INFO - COLAB enviorement not detected
2022-04-07 23:57:45,652 - __main__ - INFO - Checando config...
2022-04-07 23:57:45,878 - Utils.utils - INFO - Tentando requisição GET na URL: ...et/config, 1/10
2022-04-07 23:57:47,353 - __main__ - INFO - Checando ids...
2022-04-07 23:57:47,567 - Utils.utils - INFO - Tentando requisição GET na URL: ...id_config, 1/10
2022-04-07 23:57:47,984 - thots.thots - WARNING - ---------------| Iniciando tarefa afroditehotwife, 1 de 17
2022-04-07 23:57:48,210 - thots.thot_parse - INFO - Definindo o padrão de regex...
2022-04-07 23:57:48,557 - Utils.utils - INFO - Tentando requisição GET na URL: ...m/videos/, 1/10
2022-04-07 23:57:49,135 - thots.thot_parse - INFO - Segundo padrão de regex definido com sucesso!
2022-04-07 23:57:49,361 - Utils.utils - INFO - Tentando requisição GET na URL: ...m/videos/, 1/10
2022-04-07 23:57:49,774 - thots.thot_parse - INFO - Usando método alternativo para encontrar a quantidade de videos.
2022-04-07 23:57:50,010 - Utils.utils - INFO - Tentando requisição GET na URL: .../videos/1, 1/10
2022-04-07 23:57:50,424 - Utils.utils - INFO - Tentando requisição GET na URL: .../videos/2, 1/10
2022-04-07 23:57:50,681 - Utils.utils - INFO - Tentando requisição GET na URL: .../videos/3, 1/10
2022-04-07 23:57:50,942 - Utils.utils - INFO - Tentando requisição GET na URL: .../videos/4, 1/10
2022-04-07 23:57:51,151 - Utils.utils - INFO - Tentando requisição GET na URL: .../videos/5, 1/10
2022-04-07 23:57:51,366 - Utils.utils - INFO - Tentando requisição GET na URL: .../videos/6, 1/10
2022-04-07 23:57:51,665 - Utils.utils - INFO - Tentando requisição GET na URL: .../videos/7, 1/10
2022-04-07 23:57:51,882 - Utils.utils - INFO - Tentando requisição GET na URL: .../videos/8, 1/10
2022-04-07 23:57:52,122 - Utils.utils - INFO - Tentando requisição GET na URL: .../videos/9, 1/10
2022-04-07 23:57:52,355 - Utils.utils - INFO - Tentando requisição GET na URL: ...videos/10, 1/10
2022-04-07 23:57:52,615 - Utils.utils - INFO - Tentando requisição GET na URL: ...videos/11, 1/10
2022-04-07 23:57:52,874 - Utils.utils - INFO - Tentando requisição GET na URL: ...videos/12, 1/10
2022-04-07 23:57:53,164 - Utils.utils - INFO - Tentando requisição GET na URL: ...videos/13, 1/10
2022-04-07 23:57:53,438 - thots.thot_parse - INFO - Foi encontrado um total de : 0 videos restantes.
2022-04-07 23:57:53,657 - thots.thot_parse - INFO - A lista de ID's já foi definida
2022-04-07 23:57:53,716 - Utils.utils - INFO - Tentando requisição GET na URL: .../videos/1, 1/10
2022-04-07 23:57:54,123 - Utils.utils - INFO - Tentando requisição GET na URL: .../videos/2, 1/10
2022-04-07 23:57:54,323 - Utils.utils - INFO - Tentando requisição GET na URL: .../videos/3, 1/10
2022-04-07 23:57:54,593 - Utils.utils - INFO - Tentando requisição GET na URL: .../videos/4, 1/10
2022-04-07 23:57:55,092 - Utils.utils - INFO - Tentando requisição GET na URL: .../videos/5, 1/10
2022-04-07 23:57:55,409 - Utils.utils - INFO - Tentando requisição GET na URL: .../videos/6, 1/10
2022-04-07 23:57:55,678 - Utils.utils - INFO - Tentando requisição GET na URL: .../videos/7, 1/10
2022-04-07 23:57:55,943 - Utils.utils - INFO - Tentando requisição GET na URL: .../videos/8, 1/10
2022-04-07 23:57:56,199 - Utils.utils - INFO - Tentando requisição GET na URL: .../videos/9, 1/10
2022-04-07 23:57:56,412 - Utils.utils - INFO - Tentando requisição GET na URL: ...videos/10, 1/10
2022-04-07 23:57:56,605 - Utils.utils - INFO - Tentando requisição GET na URL: ...videos/11, 1/10
2022-04-07 23:57:56,807 - Utils.utils - INFO - Tentando requisição GET na URL: ...videos/12, 1/10
2022-04-07 23:57:57,001 - Utils.utils - INFO - Tentando requisição GET na URL: ...videos/13, 1/10
2022-04-07 23:57:57,208 - thots.thots - WARNING - ---------------| afroditehotwife - Fim da lista de videos.
2022-04-07 23:57:57,540 - thots.thots - WARNING - ---------------| Iniciando tarefa agathalira, 2 de 17
2022-04-07 23:57:57,591 - thots.thot_parse - INFO - Definindo o padrão de regex...
2022-04-07 23:57:57,850 - Utils.utils - INFO - Tentando requisição GET na URL: ...r/videos/, 1/10
2022-04-07 23:57:58,671 - thots.thot_parse - INFO - Primeiro padrão de regex definido com sucesso!
2022-04-07 23:57:58,899 - Utils.utils - INFO - Tentando requisição GET na URL: ...r/videos/, 1/10
2022-04-07 23:57:59,428 - thots.thot_parse - INFO - Usando método alternativo para encontrar a quantidade de videos.
2022-04-07 23:57:59,650 - Utils.utils - INFO - Tentando requisição GET na URL: .../videos/1, 1/10
2022-04-07 23:58:00,516 - Utils.utils - INFO - Tentando requisição GET na URL: .../videos/2, 1/10
2022-04-07 23:58:00,946 - Utils.utils - INFO - Tentando requisição GET na URL: .../videos/3, 1/10
2022-04-07 23:58:01,290 - Utils.utils - INFO - Tentando requisição GET na URL: .../videos/4, 1/10
2022-04-07 23:58:01,619 - Utils.utils - INFO - Tentando requisição GET na URL: .../videos/5, 1/10
2022-04-07 23:58:01,967 - Utils.utils - INFO - Tentando requisição GET na URL: .../videos/6, 1/10
2022-04-07 23:58:02,358 - Utils.utils - INFO - Tentando requisição GET na URL: .../videos/7, 1/10
2022-04-07 23:58:02,682 - Utils.utils - INFO - Tentando requisição GET na URL: .../videos/8, 1/10
2022-04-07 23:58:03,035 - Utils.utils - INFO - Tentando requisição GET na URL: .../videos/9, 1/10
2022-04-07 23:58:03,365 - Utils.utils - INFO - Tentando requisição GET na URL: ...videos/10, 1/10
2022-04-07 23:58:03,743 - Utils.utils - INFO - Tentando requisição GET na URL: ...videos/11, 1/10
2022-04-07 23:58:04,134 - Utils.utils - INFO - Tentando requisição GET na URL: ...videos/12, 1/10
2022-04-07 23:58:04,482 - Utils.utils - INFO - Tentando requisição GET na URL: ...videos/13, 1/10
2022-04-07 23:58:04,904 - thots.thot_parse - INFO - Foi encontrado um total de : 0 videos restantes.
2022-04-07 23:58:05,201 - thots.thot_parse - INFO - A lista de ID's já foi definida
2022-04-07 23:58:05,270 - Utils.utils - INFO - Tentando requisição GET na URL: .../videos/1, 1/10
2022-04-07 23:58:05,924 - Utils.utils - INFO - Tentando requisição GET na URL: .../videos/2, 1/10
2022-04-07 23:58:06,261 - Utils.utils - INFO - Tentando requisição GET na URL: .../videos/3, 1/10
2022-04-07 23:58:06,762 - Utils.utils - INFO - Tentando requisição GET na URL: .../videos/4, 1/10
2022-04-07 23:58:07,205 - Utils.utils - INFO - Tentando requisição GET na URL: .../videos/5, 1/10
2022-04-07 23:58:07,590 - Utils.utils - INFO - Tentando requisição GET na URL: .../videos/6, 1/10
2022-04-07 23:58:08,046 - Utils.utils - INFO - Tentando requisição GET na URL: .../videos/7, 1/10
2022-04-07 23:58:08,603 - Utils.utils - INFO - Tentando requisição GET na URL: .../videos/8, 1/10
2022-04-07 23:58:09,164 - Utils.utils - INFO - Tentando requisição GET na URL: .../videos/9, 1/10
2022-04-07 23:58:09,609 - Utils.utils - INFO - Tentando requisição GET na URL: ...videos/10, 1/10
2022-04-07 23:58:10,109 - Utils.utils - INFO - Tentando requisição GET na URL: ...videos/11, 1/10
2022-04-07 23:58:10,505 - Utils.utils - INFO - Tentando requisição GET na URL: ...videos/12, 1/10
2022-04-07 23:58:10,941 - Utils.utils - INFO - Tentando requisição GET na URL: ...videos/13, 1/10
2022-04-07 23:58:11,166 - thots.thots - WARNING - ---------------| agathalira - Fim da lista de videos.
2022-04-07 23:58:11,529 - thots.thots - WARNING - ---------------| Iniciando tarefa barbaracastroo, 3 de 17
2022-04-07 23:58:11,582 - thots.thot_parse - INFO - Definindo o padrão de regex...
2022-04-07 23:58:11,941 - Utils.utils - INFO - Tentando requisição GET na URL: ...o/videos/, 1/10
2022-04-07 23:58:12,663 - thots.thot_parse - INFO - Segundo padrão de regex definido com sucesso!
2022-04-07 23:58:12,887 - Utils.utils - INFO - Tentando requisição GET na URL: ...o/videos/, 1/10
2022-04-07 23:58:13,342 - thots.thot_parse - INFO - Usando método alternativo para encontrar a quantidade de videos.
2022-04-07 23:58:13,577 - Utils.utils - INFO - Tentando requisição GET na URL: .../videos/1, 1/10
2022-04-07 23:58:14,022 - thots.thot_parse - INFO - Foi encontrado um total de : 0 videos restantes.
2022-04-07 23:58:14,292 - thots.thot_parse - INFO - A lista de ID's já foi definida
2022-04-07 23:58:14,429 - Utils.utils - INFO - Tentando requisição GET na URL: .../videos/1, 1/10
2022-04-07 23:58:14,882 - thots.thots - WARNING - ---------------| barbaracastroo - Fim da lista de videos.
2022-04-07 23:58:15,109 - thots.thots - WARNING - ---------------| Iniciando tarefa bellacasada, 4 de 17
2022-04-07 23:58:15,166 - thots.thot_parse - INFO - Definindo o padrão de regex...
2022-04-07 23:58:15,401 - Utils.utils - INFO - Tentando requisição GET na URL: ...m/videos/, 1/10
2022-04-07 23:58:16,138 - thots.thot_parse - INFO - Segundo padrão de regex definido com sucesso!
2022-04-07 23:58:16,372 - Utils.utils - INFO - Tentando requisição GET na URL: ...m/videos/, 1/10
2022-04-07 23:58:16,770 - thots.thot_parse - INFO - Usando método alternativo para encontrar a quantidade de videos.
2022-04-07 23:58:17,095 - Utils.utils - INFO - Tentando requisição GET na URL: .../videos/1, 1/10
2022-04-07 23:58:17,521 - Utils.utils - INFO - Tentando requisição GET na URL: .../videos/2, 1/10
2022-04-07 23:58:17,743 - Utils.utils - INFO - Tentando requisição GET na URL: .../videos/3, 1/10
2022-04-07 23:58:17,952 - Utils.utils - INFO - Tentando requisição GET na URL: .../videos/4, 1/10
2022-04-07 23:58:18,225 - Utils.utils - INFO - Tentando requisição GET na URL: .../videos/5, 1/10
2022-04-07 23:58:18,466 - Utils.utils - INFO - Tentando requisição GET na URL: .../videos/6, 1/10
2022-04-07 23:58:18,728 - thots.thot_parse - INFO - Foi encontrado um total de : 0 videos restantes.
2022-04-07 23:58:19,008 - thots.thot_parse - INFO - A lista de ID's já foi definida
2022-04-07 23:58:19,069 - Utils.utils - INFO - Tentando requisição GET na URL: .../videos/1, 1/10
2022-04-07 23:58:19,527 - Utils.utils - INFO - Tentando requisição GET na URL: .../videos/2, 1/10
2022-04-07 23:58:19,790 - Utils.utils - INFO - Tentando requisição GET na URL: .../videos/3, 1/10
2022-04-07 23:58:20,032 - Utils.utils - INFO - Tentando requisição GET na URL: .../videos/4, 1/10
2022-04-07 23:58:20,292 - Utils.utils - INFO - Tentando requisição GET na URL: .../videos/5, 1/10
2022-04-07 23:58:20,503 - Utils.utils - INFO - Tentando requisição GET na URL: .../videos/6, 1/10
2022-04-07 23:58:20,709 - thots.thots - WARNING - ---------------| bellacasada - Fim da lista de videos.
2022-04-07 23:58:20,942 - thots.thots - WARNING - ---------------| Iniciando tarefa casalruivaecornooficial, 5 de 17
2022-04-07 23:58:20,999 - thots.thot_parse - INFO - Definindo o padrão de regex...
2022-04-07 23:58:21,234 - Utils.utils - INFO - Tentando requisição GET na URL: ...l/videos/, 1/10
2022-04-07 23:58:21,774 - thots.thot_parse - INFO - Segundo padrão de regex definido com sucesso!
2022-04-07 23:58:22,014 - Utils.utils - INFO - Tentando requisição GET na URL: ...l/videos/, 1/10
2022-04-07 23:58:22,551 - thots.thot_parse - INFO - Usando método alternativo para encontrar a quantidade de videos.
2022-04-07 23:58:22,792 - Utils.utils - INFO - Tentando requisição GET na URL: .../videos/1, 1/10
2022-04-07 23:58:23,299 - Utils.utils - INFO - Tentando requisição GET na URL: .../videos/2, 1/10
2022-04-07 23:58:23,610 - Utils.utils - INFO - Tentando requisição GET na URL: .../videos/3, 1/10
2022-04-07 23:58:23,915 - Utils.utils - INFO - Tentando requisição GET na URL: .../videos/4, 1/10
2022-04-07 23:58:24,231 - Utils.utils - INFO - Tentando requisição GET na URL: .../videos/5, 1/10
2022-04-07 23:58:24,536 - Utils.utils - INFO - Tentando requisição GET na URL: .../videos/6, 1/10
2022-04-07 23:58:24,792 - thots.thot_parse - INFO - Foi encontrado um total de : 0 videos restantes.
2022-04-07 23:58:25,025 - thots.thot_parse - INFO - A lista de ID's já foi definida
2022-04-07 23:58:25,080 - Utils.utils - INFO - Tentando requisição GET na URL: .../videos/1, 1/10
2022-04-07 23:58:25,573 - Utils.utils - INFO - Tentando requisição GET na URL: .../videos/2, 1/10
2022-04-07 23:58:25,968 - Utils.utils - INFO - Tentando requisição GET na URL: .../videos/3, 1/10
2022-04-07 23:58:26,525 - Utils.utils - INFO - Tentando requisição GET na URL: .../videos/4, 1/10
2022-04-07 23:58:26,900 - Utils.utils - INFO - Tentando requisição GET na URL: .../videos/5, 1/10
2022-04-07 23:58:27,147 - Utils.utils - INFO - Tentando requisição GET na URL: .../videos/6, 1/10
2022-04-07 23:58:27,398 - thots.thots - WARNING - ---------------| casalruivaecornooficial - Fim da lista de videos.
2022-04-07 23:58:27,756 - thots.thots - WARNING - ---------------| Iniciando tarefa casaltopbessa, 6 de 17
2022-04-07 23:58:27,814 - thots.thot_parse - INFO - Definindo o padrão de regex...
2022-04-07 23:58:28,093 - Utils.utils - INFO - Tentando requisição GET na URL: ...a/videos/, 1/10
2022-04-07 23:58:28,638 - thots.thot_parse - INFO - Segundo padrão de regex definido com sucesso!
2022-04-07 23:58:28,877 - Utils.utils - INFO - Tentando requisição GET na URL: ...a/videos/, 1/10
2022-04-07 23:58:29,433 - thots.thot_parse - INFO - Usando método alternativo para encontrar a quantidade de videos.
2022-04-07 23:58:29,663 - Utils.utils - INFO - Tentando requisição GET na URL: .../videos/1, 1/10
2022-04-07 23:58:30,305 - Utils.utils - INFO - Tentando requisição GET na URL: .../videos/2, 1/10
2022-04-07 23:58:30,559 - thots.thot_parse - INFO - Foi encontrado um total de : 0 videos restantes.
2022-04-07 23:58:30,791 - thots.thot_parse - INFO - A lista de ID's já foi definida
2022-04-07 23:58:30,843 - Utils.utils - INFO - Tentando requisição GET na URL: .../videos/1, 1/10
2022-04-07 23:58:31,406 - Utils.utils - INFO - Tentando requisição GET na URL: .../videos/2, 1/10
2022-04-07 23:58:31,683 - thots.thots - WARNING - ---------------| casaltopbessa - Fim da lista de videos.
2022-04-07 23:58:31,922 - thots.thots - WARNING - ---------------| Iniciando tarefa elaquer, 7 de 17
2022-04-07 23:58:31,991 - thots.thot_parse - INFO - Definindo o padrão de regex...
2022-04-07 23:58:32,219 - Utils.utils - INFO - Tentando requisição GET na URL: ...r/videos/, 1/10
2022-04-07 23:58:32,696 - thots.thot_parse - INFO - Segundo padrão de regex definido com sucesso!
2022-04-07 23:58:32,927 - Utils.utils - INFO - Tentando requisição GET na URL: ...r/videos/, 1/10
2022-04-07 23:58:33,402 - thots.thot_parse - INFO - Usando método alternativo para encontrar a quantidade de videos.
2022-04-07 23:58:33,627 - Utils.utils - INFO - Tentando requisição GET na URL: .../videos/1, 1/10
2022-04-07 23:58:34,204 - Utils.utils - INFO - Tentando requisição GET na URL: .../videos/2, 1/10
2022-04-07 23:58:34,580 - Utils.utils - INFO - Tentando requisição GET na URL: .../videos/3, 1/10
2022-04-07 23:58:35,045 - Utils.utils - INFO - Tentando requisição GET na URL: .../videos/4, 1/10
2022-04-07 23:58:35,351 - thots.thot_parse - INFO - Foi encontrado um total de : 0 videos restantes.
2022-04-07 23:58:35,661 - thots.thot_parse - INFO - A lista de ID's já foi definida
2022-04-07 23:58:35,731 - Utils.utils - INFO - Tentando requisição GET na URL: .../videos/1, 1/10
2022-04-07 23:58:36,223 - Utils.utils - INFO - Tentando requisição GET na URL: .../videos/2, 1/10
2022-04-07 23:58:36,489 - Utils.utils - INFO - Tentando requisição GET na URL: .../videos/3, 1/10
2022-04-07 23:58:36,730 - Utils.utils - INFO - Tentando requisição GET na URL: .../videos/4, 1/10
2022-04-07 23:58:36,982 - thots.thots - WARNING - ---------------| elaquer - Fim da lista de videos.
2022-04-07 23:58:37,214 - thots.thots - WARNING - ---------------| Iniciando tarefa emilysales, 8 de 17
2022-04-07 23:58:37,271 - thots.thot_parse - INFO - Definindo o padrão de regex...
2022-04-07 23:58:37,512 - Utils.utils - INFO - Tentando requisição GET na URL: ...s/videos/, 1/10
2022-04-07 23:58:38,068 - thots.thot_parse - INFO - Segundo padrão de regex definido com sucesso!
2022-04-07 23:58:38,300 - Utils.utils - INFO - Tentando requisição GET na URL: ...s/videos/, 1/10
2022-04-07 23:58:38,772 - thots.thot_parse - INFO - Usando método alternativo para encontrar a quantidade de videos.
2022-04-07 23:58:39,002 - Utils.utils - INFO - Tentando requisição GET na URL: .../videos/1, 1/10
2022-04-07 23:58:39,571 - Utils.utils - INFO - Tentando requisição GET na URL: .../videos/2, 1/10
2022-04-07 23:58:39,814 - Utils.utils - INFO - Tentando requisição GET na URL: .../videos/3, 1/10
2022-04-07 23:58:40,203 - Utils.utils - INFO - Tentando requisição GET na URL: .../videos/4, 1/10
2022-04-07 23:58:40,551 - Utils.utils - INFO - Tentando requisição GET na URL: .../videos/5, 1/10
2022-04-07 23:58:40,918 - thots.thot_parse - INFO - Foi encontrado um total de : 0 videos restantes.
2022-04-07 23:58:41,155 - thots.thot_parse - INFO - A lista de ID's já foi definida
2022-04-07 23:58:41,211 - Utils.utils - INFO - Tentando requisição GET na URL: .../videos/1, 1/10
2022-04-07 23:58:41,637 - Utils.utils - INFO - Tentando requisição GET na URL: .../videos/2, 1/10
2022-04-07 23:58:41,899 - Utils.utils - INFO - Tentando requisição GET na URL: .../videos/3, 1/10
2022-04-07 23:58:42,197 - Utils.utils - INFO - Tentando requisição GET na URL: .../videos/4, 1/10
2022-04-07 23:58:42,470 - Utils.utils - INFO - Tentando requisição GET na URL: .../videos/5, 1/10
2022-04-07 23:58:42,853 - thots.thots - WARNING - ---------------| emilysales - Fim da lista de videos.
2022-04-07 23:58:43,085 - thots.thots - WARNING - ---------------| Iniciando tarefa esposagulosinha, 9 de 17
2022-04-07 23:58:43,142 - thots.thot_parse - INFO - Definindo o padrão de regex...
2022-04-07 23:58:43,378 - Utils.utils - INFO - Tentando requisição GET na URL: ...m/videos/, 1/10
2022-04-07 23:58:43,979 - thots.thot_parse - INFO - Segundo padrão de regex definido com sucesso!
2022-04-07 23:58:44,210 - Utils.utils - INFO - Tentando requisição GET na URL: ...m/videos/, 1/10
2022-04-07 23:58:44,646 - thots.thot_parse - INFO - Usando método alternativo para encontrar a quantidade de videos.
2022-04-07 23:58:44,907 - Utils.utils - INFO - Tentando requisição GET na URL: .../videos/1, 1/10
2022-04-07 23:58:45,357 - Utils.utils - INFO - Tentando requisição GET na URL: .../videos/2, 1/10
2022-04-07 23:58:45,629 - Utils.utils - INFO - Tentando requisição GET na URL: .../videos/3, 1/10
2022-04-07 23:58:45,978 - Utils.utils - INFO - Tentando requisição GET na URL: .../videos/4, 1/10
2022-04-07 23:58:46,251 - Utils.utils - INFO - Tentando requisição GET na URL: .../videos/5, 1/10
2022-04-07 23:58:46,473 - Utils.utils - INFO - Tentando requisição GET na URL: .../videos/6, 1/10
2022-04-07 23:58:46,686 - Utils.utils - INFO - Tentando requisição GET na URL: .../videos/7, 1/10
2022-04-07 23:58:46,899 - thots.thot_parse - INFO - Foi encontrado um total de : 0 videos restantes.
2022-04-07 23:58:47,132 - thots.thot_parse - INFO - A lista de ID's já foi definida
2022-04-07 23:58:47,189 - Utils.utils - INFO - Tentando requisição GET na URL: .../videos/1, 1/10
2022-04-07 23:58:47,702 - Utils.utils - INFO - Tentando requisição GET na URL: .../videos/2, 1/10
2022-04-07 23:58:47,963 - Utils.utils - INFO - Tentando requisição GET na URL: .../videos/3, 1/10
2022-04-07 23:58:48,169 - Utils.utils - INFO - Tentando requisição GET na URL: .../videos/4, 1/10
2022-04-07 23:58:48,393 - Utils.utils - INFO - Tentando requisição GET na URL: .../videos/5, 1/10
2022-04-07 23:58:48,658 - Utils.utils - INFO - Tentando requisição GET na URL: .../videos/6, 1/10
2022-04-07 23:58:48,881 - Utils.utils - INFO - Tentando requisição GET na URL: .../videos/7, 1/10
2022-04-07 23:58:49,111 - thots.thots - WARNING - ---------------| esposagulosinha - Fim da lista de videos.
2022-04-07 23:58:49,563 - thots.thots - WARNING - ---------------| Iniciando tarefa fabioeanaes, 10 de 17
2022-04-07 23:58:49,618 - thots.thot_parse - INFO - Definindo o padrão de regex...
2022-04-07 23:58:49,845 - Utils.utils - INFO - Tentando requisição GET na URL: ...r/videos/, 1/10
2022-04-07 23:58:50,540 - thots.thot_parse - INFO - Segundo padrão de regex definido com sucesso!
2022-04-07 23:58:50,783 - Utils.utils - INFO - Tentando requisição GET na URL: ...r/videos/, 1/10
2022-04-07 23:58:51,244 - thots.thot_parse - INFO - Usando método alternativo para encontrar a quantidade de videos.
2022-04-07 23:58:51,471 - Utils.utils - INFO - Tentando requisição GET na URL: .../videos/1, 1/10
2022-04-07 23:58:51,913 - Utils.utils - INFO - Tentando requisição GET na URL: .../videos/2, 1/10
2022-04-07 23:58:52,146 - Utils.utils - INFO - Tentando requisição GET na URL: .../videos/3, 1/10
2022-04-07 23:58:52,389 - Utils.utils - INFO - Tentando requisição GET na URL: .../videos/4, 1/10
2022-04-07 23:58:52,590 - Utils.utils - INFO - Tentando requisição GET na URL: .../videos/5, 1/10
2022-04-07 23:58:52,807 - thots.thot_parse - INFO - Foi encontrado um total de : 0 videos restantes.
2022-04-07 23:58:53,031 - thots.thot_parse - INFO - A lista de ID's já foi definida
2022-04-07 23:58:53,088 - Utils.utils - INFO - Tentando requisição GET na URL: .../videos/1, 1/10
2022-04-07 23:58:53,548 - Utils.utils - INFO - Tentando requisição GET na URL: .../videos/2, 1/10
2022-04-07 23:58:53,796 - Utils.utils - INFO - Tentando requisição GET na URL: .../videos/3, 1/10
2022-04-07 23:58:54,070 - Utils.utils - INFO - Tentando requisição GET na URL: .../videos/4, 1/10
2022-04-07 23:58:54,276 - Utils.utils - INFO - Tentando requisição GET na URL: .../videos/5, 1/10
2022-04-07 23:58:54,537 - thots.thots - WARNING - ---------------| fabioeanaes - Fim da lista de videos.
2022-04-07 23:58:54,771 - thots.thots - WARNING - ---------------| Iniciando tarefa helenafilmes, 11 de 17
2022-04-07 23:58:54,908 - thots.thot_parse - INFO - Definindo o padrão de regex...
2022-04-07 23:58:55,148 - Utils.utils - INFO - Tentando requisição GET na URL: ...m/videos/, 1/10
2022-04-07 23:58:55,686 - thots.thot_parse - INFO - Segundo padrão de regex definido com sucesso!
2022-04-07 23:58:55,928 - Utils.utils - INFO - Tentando requisição GET na URL: ...m/videos/, 1/10
2022-04-07 23:58:56,352 - thots.thot_parse - INFO - Usando método alternativo para encontrar a quantidade de videos.
2022-04-07 23:58:56,588 - Utils.utils - INFO - Tentando requisição GET na URL: .../videos/1, 1/10
2022-04-07 23:58:57,025 - Utils.utils - INFO - Tentando requisição GET na URL: .../videos/2, 1/10
2022-04-07 23:58:57,276 - thots.thot_parse - INFO - Foi encontrado um total de : 0 videos restantes.
2022-04-07 23:58:57,620 - thots.thot_parse - INFO - A lista de ID's já foi definida
2022-04-07 23:58:57,676 - Utils.utils - INFO - Tentando requisição GET na URL: .../videos/1, 1/10
2022-04-07 23:58:58,086 - Utils.utils - INFO - Tentando requisição GET na URL: .../videos/2, 1/10
2022-04-07 23:58:58,290 - thots.thots - WARNING - ---------------| helenafilmes - Fim da lista de videos.
2022-04-07 23:58:58,515 - thots.thots - WARNING - ---------------| Iniciando tarefa lualencar11, 12 de 17
2022-04-07 23:58:58,571 - thots.thot_parse - INFO - Definindo o padrão de regex...
2022-04-07 23:58:58,803 - Utils.utils - INFO - Tentando requisição GET na URL: ...1/videos/, 1/10
2022-04-07 23:58:59,276 - thots.thot_parse - INFO - Segundo padrão de regex definido com sucesso!
2022-04-07 23:58:59,535 - Utils.utils - INFO - Tentando requisição GET na URL: ...1/videos/, 1/10
2022-04-07 23:59:00,238 - thots.thot_parse - INFO - Usando método alternativo para encontrar a quantidade de videos.
2022-04-07 23:59:00,494 - Utils.utils - INFO - Tentando requisição GET na URL: .../videos/1, 1/10
2022-04-07 23:59:01,139 - thots.thot_parse - INFO - Foi encontrado um total de : 0 videos restantes.
2022-04-07 23:59:01,360 - thots.thot_parse - INFO - A lista de ID's já foi definida
2022-04-07 23:59:01,417 - Utils.utils - INFO - Tentando requisição GET na URL: .../videos/1, 1/10
2022-04-07 23:59:01,983 - thots.thots - WARNING - ---------------| lualencar11 - Fim da lista de videos.
2022-04-07 23:59:02,210 - thots.thots - WARNING - ---------------| Iniciando tarefa melissadias, 13 de 17
2022-04-07 23:59:02,267 - thots.thot_parse - INFO - Definindo o padrão de regex...
2022-04-07 23:59:02,496 - Utils.utils - INFO - Tentando requisição GET na URL: ...s/videos/, 1/10
2022-04-07 23:59:02,969 - thots.thot_parse - INFO - Segundo padrão de regex definido com sucesso!
2022-04-07 23:59:03,195 - Utils.utils - INFO - Tentando requisição GET na URL: ...s/videos/, 1/10
2022-04-07 23:59:03,817 - thots.thot_parse - INFO - Usando método alternativo para encontrar a quantidade de videos.
2022-04-07 23:59:04,046 - Utils.utils - INFO - Tentando requisição GET na URL: .../videos/1, 1/10
2022-04-07 23:59:04,524 - Utils.utils - INFO - Tentando requisição GET na URL: .../videos/2, 1/10
2022-04-07 23:59:04,823 - Utils.utils - INFO - Tentando requisição GET na URL: .../videos/3, 1/10
2022-04-07 23:59:05,077 - Utils.utils - INFO - Tentando requisição GET na URL: .../videos/4, 1/10
2022-04-07 23:59:05,416 - Utils.utils - INFO - Tentando requisição GET na URL: .../videos/5, 1/10
2022-04-07 23:59:05,672 - Utils.utils - INFO - Tentando requisição GET na URL: .../videos/6, 1/10
2022-04-07 23:59:05,927 - Utils.utils - INFO - Tentando requisição GET na URL: .../videos/7, 1/10
2022-04-07 23:59:06,207 - thots.thot_parse - INFO - Foi encontrado um total de : 0 videos restantes.
2022-04-07 23:59:06,427 - thots.thot_parse - INFO - A lista de ID's já foi definida
2022-04-07 23:59:06,480 - Utils.utils - INFO - Tentando requisição GET na URL: .../videos/1, 1/10
2022-04-07 23:59:06,957 - Utils.utils - INFO - Tentando requisição GET na URL: .../videos/2, 1/10
2022-04-07 23:59:07,232 - Utils.utils - INFO - Tentando requisição GET na URL: .../videos/3, 1/10
2022-04-07 23:59:07,531 - Utils.utils - INFO - Tentando requisição GET na URL: .../videos/4, 1/10
2022-04-07 23:59:07,914 - Utils.utils - INFO - Tentando requisição GET na URL: .../videos/5, 1/10
2022-04-07 23:59:08,282 - Utils.utils - INFO - Tentando requisição GET na URL: .../videos/6, 1/10
2022-04-07 23:59:08,585 - Utils.utils - INFO - Tentando requisição GET na URL: .../videos/7, 1/10
2022-04-07 23:59:08,879 - thots.thots - WARNING - ---------------| melissadias - Fim da lista de videos.
2022-04-07 23:59:09,233 - thots.thots - WARNING - ---------------| Iniciando tarefa nicoleballs_trans, 14 de 17
2022-04-07 23:59:09,288 - thots.thot_parse - INFO - Definindo o padrão de regex...
2022-04-07 23:59:09,508 - Utils.utils - INFO - Tentando requisição GET na URL: ...s/videos/, 1/10
2022-04-07 23:59:09,982 - thots.thot_parse - INFO - Segundo padrão de regex definido com sucesso!
2022-04-07 23:59:10,269 - Utils.utils - INFO - Tentando requisição GET na URL: ...s/videos/, 1/10
2022-04-07 23:59:10,739 - thots.thot_parse - INFO - Usando método alternativo para encontrar a quantidade de videos.
2022-04-07 23:59:10,955 - Utils.utils - INFO - Tentando requisição GET na URL: .../videos/1, 1/10
2022-04-07 23:59:11,429 - Utils.utils - INFO - Tentando requisição GET na URL: .../videos/2, 1/10
2022-04-07 23:59:11,700 - thots.thot_parse - INFO - Foi encontrado um total de : 0 videos restantes.
2022-04-07 23:59:11,921 - thots.thot_parse - INFO - A lista de ID's já foi definida
2022-04-07 23:59:12,061 - Utils.utils - INFO - Tentando requisição GET na URL: .../videos/1, 1/10
2022-04-07 23:59:12,537 - Utils.utils - INFO - Tentando requisição GET na URL: .../videos/2, 1/10
2022-04-07 23:59:12,806 - thots.thots - WARNING - ---------------| nicoleballs_trans - Fim da lista de videos.
2022-04-07 23:59:13,025 - thots.thots - WARNING - ---------------| Iniciando tarefa nikkecasada, 15 de 17
2022-04-07 23:59:13,079 - thots.thot_parse - INFO - Definindo o padrão de regex...
2022-04-07 23:59:13,303 - Utils.utils - INFO - Tentando requisição GET na URL: ...p/videos/, 1/10
2022-04-07 23:59:14,031 - thots.thot_parse - INFO - Segundo padrão de regex definido com sucesso!
2022-04-07 23:59:14,263 - Utils.utils - INFO - Tentando requisição GET na URL: ...p/videos/, 1/10
2022-04-07 23:59:14,745 - thots.thot_parse - INFO - Usando método alternativo para encontrar a quantidade de videos.
2022-04-07 23:59:14,978 - Utils.utils - INFO - Tentando requisição GET na URL: .../videos/1, 1/10
2022-04-07 23:59:15,391 - Utils.utils - INFO - Tentando requisição GET na URL: .../videos/2, 1/10
2022-04-07 23:59:15,626 - Utils.utils - INFO - Tentando requisição GET na URL: .../videos/3, 1/10
2022-04-07 23:59:15,854 - Utils.utils - INFO - Tentando requisição GET na URL: .../videos/4, 1/10
2022-04-07 23:59:16,067 - thots.thot_parse - INFO - Foi encontrado um total de : 0 videos restantes.
2022-04-07 23:59:16,343 - thots.thot_parse - INFO - A lista de ID's já foi definida
2022-04-07 23:59:16,398 - Utils.utils - INFO - Tentando requisição GET na URL: .../videos/1, 1/10
2022-04-07 23:59:16,760 - Utils.utils - INFO - Tentando requisição GET na URL: .../videos/2, 1/10
2022-04-07 23:59:16,967 - Utils.utils - INFO - Tentando requisição GET na URL: .../videos/3, 1/10
2022-04-07 23:59:17,179 - Utils.utils - INFO - Tentando requisição GET na URL: .../videos/4, 1/10
2022-04-07 23:59:17,461 - thots.thots - WARNING - ---------------| nikkecasada - Fim da lista de videos.
2022-04-07 23:59:17,698 - thots.thots - WARNING - ---------------| Iniciando tarefa tatycasadinha, 16 de 17
2022-04-07 23:59:18,091 - thots.thots - WARNING - ---------------| tatycasadinha - Fim da lista de videos.
2022-04-07 23:59:18,144 - thots.thots - WARNING - ---------------| Iniciando tarefa vidasafada, 17 de 17
2022-04-07 23:59:18,199 - thots.thot_parse - INFO - Definindo o padrão de regex...
2022-04-07 23:59:18,425 - Utils.utils - INFO - Tentando requisição GET na URL: ...t/videos/, 1/10
2022-04-07 23:59:19,141 - thots.thot_parse - INFO - Segundo padrão de regex definido com sucesso!
2022-04-07 23:59:19,357 - Utils.utils - INFO - Tentando requisição GET na URL: ...t/videos/, 1/10
2022-04-07 23:59:19,871 - thots.thot_parse - INFO - Usando método alternativo para encontrar a quantidade de videos.
2022-04-07 23:59:20,104 - Utils.utils - INFO - Tentando requisição GET na URL: .../videos/1, 1/10
2022-04-07 23:59:20,527 - Utils.utils - INFO - Tentando requisição GET na URL: .../videos/2, 1/10
2022-04-07 23:59:20,760 - Utils.utils - INFO - Tentando requisição GET na URL: .../videos/3, 1/10
2022-04-07 23:59:20,954 - Utils.utils - INFO - Tentando requisição GET na URL: .../videos/4, 1/10
2022-04-07 23:59:21,159 - Utils.utils - INFO - Tentando requisição GET na URL: .../videos/5, 1/10
2022-04-07 23:59:21,359 - Utils.utils - INFO - Tentando requisição GET na URL: .../videos/6, 1/10
2022-04-07 23:59:21,570 - thots.thot_parse - INFO - Foi encontrado um total de : 0 videos restantes.
2022-04-07 23:59:21,807 - thots.thot_parse - INFO - A lista de ID's já foi definida
2022-04-07 23:59:21,878 - Utils.utils - INFO - Tentando requisição GET na URL: .../videos/1, 1/10
2022-04-07 23:59:22,329 - Utils.utils - INFO - Tentando requisição GET na URL: .../videos/2, 1/10
2022-04-07 23:59:22,533 - Utils.utils - INFO - Tentando requisição GET na URL: .../videos/3, 1/10
2022-04-07 23:59:22,739 - Utils.utils - INFO - Tentando requisição GET na URL: .../videos/4, 1/10
2022-04-07 23:59:22,952 - Utils.utils - INFO - Tentando requisição GET na URL: .../videos/5, 1/10
2022-04-07 23:59:23,167 - Utils.utils - INFO - Tentando requisição GET na URL: .../videos/6, 1/10
2022-04-07 23:59:23,377 - thots.thots - WARNING - ---------------| vidasafada - Fim da lista de videos.
2022-04-07 23:59:23,630 - __main__ - INFO - Fazendo backup dos IDs na API backup...
2022-04-07 23:59:23,995 - Utils.utils - INFO - Tentando requisição GET na URL: ...id_config, 1/10
2022-04-07 23:59:24,417 - Utils.utils - INFO - Tentando requisição PUT na URL: ...74932eedf, 1/10
2022-04-07 23:59:25,070 - Utils.utils - INFO - Requisição PUT realizada com sucesso, status code: 200
2022-04-07 23:59:25,127 - __main__ - INFO - Salvando ID's da API localmente....
2022-04-07 23:59:25,356 - Utils.utils - INFO - Tentando requisição GET na URL: ...id_config, 1/10
2022-04-07 23:59:25,794 - Utils.utils - INFO - Tentando requisição GET na URL: ...et/config, 1/10
