2022-05-09 00:29:52,251 - Utils.utils - INFO - Ambiente de produção ativado
2022-05-09 00:29:52,986 - Utils.utils - INFO - Requisição <<GET>> realizada com sucesso, status code: 200
2022-05-09 00:29:53,033 - __main__ - INFO - Checando thotsbay forum...
2022-05-09 00:29:53,033 - Utils.thotshub - INFO - Autorizando...
2022-05-09 00:29:53,604 - Utils.utils - INFO - Requisição <<GET>> realizada com sucesso, status code: 200
2022-05-09 00:29:55,068 - Utils.utils - INFO - Requisição <<POST>> realizada com sucesso, status code: 200
2022-05-09 00:29:55,070 - Utils.thotshub - INFO - Autorizado
2022-05-09 00:29:55,070 - Utils.thotshub - INFO - Logado no thotsbay com sucesso.
2022-05-09 00:29:55,070 - __main__ - INFO - Checando colab...
2022-05-09 00:29:55,070 - Utils.utils - INFO - COLAB enviorement not detected
2022-05-09 00:29:55,070 - __main__ - INFO - Checando config...
2022-05-09 00:29:55,518 - Utils.utils - INFO - Requisição <<GET>> realizada com sucesso, status code: 200
2022-05-09 00:29:56,520 - __main__ - INFO - Checando ids...
2022-05-09 00:29:56,732 - Utils.utils - INFO - Requisição <<GET>> realizada com sucesso, status code: 200
2022-05-09 00:29:56,733 - thots.thots - WARNING - ---------------| Iniciando tarefa afroditehotwife, 1 de 17
2022-05-09 00:29:56,733 - thots.thot_parse - INFO - Definindo o padrão de regex...
2022-05-09 00:29:57,518 - Utils.utils - INFO - Requisição <<GET>> realizada com sucesso, status code: 200
2022-05-09 00:29:57,519 - thots.thot_parse - INFO - Segundo padrão de regex definido com sucesso!
2022-05-09 00:29:57,829 - Utils.utils - INFO - Requisição <<GET>> realizada com sucesso, status code: 200
2022-05-09 00:29:57,831 - thots.thot_parse - INFO - Usando método alternativo para encontrar a quantidade de videos.
2022-05-09 00:29:58,121 - Utils.utils - INFO - Requisição <<GET>> realizada com sucesso, status code: 200
2022-05-09 00:29:58,411 - Utils.utils - INFO - Requisição <<GET>> realizada com sucesso, status code: 200
2022-05-09 00:29:58,685 - Utils.utils - INFO - Requisição <<GET>> realizada com sucesso, status code: 200
2022-05-09 00:29:58,951 - Utils.utils - INFO - Requisição <<GET>> realizada com sucesso, status code: 200
2022-05-09 00:29:59,254 - Utils.utils - INFO - Requisição <<GET>> realizada com sucesso, status code: 200
2022-05-09 00:29:59,535 - Utils.utils - INFO - Requisição <<GET>> realizada com sucesso, status code: 200
2022-05-09 00:29:59,809 - Utils.utils - INFO - Requisição <<GET>> realizada com sucesso, status code: 200
2022-05-09 00:30:00,312 - Utils.utils - INFO - Requisição <<GET>> realizada com sucesso, status code: 200
2022-05-09 00:30:00,649 - Utils.utils - INFO - Requisição <<GET>> realizada com sucesso, status code: 200
2022-05-09 00:30:00,951 - Utils.utils - INFO - Requisição <<GET>> realizada com sucesso, status code: 200
2022-05-09 00:30:01,441 - Utils.utils - INFO - Requisição <<GET>> realizada com sucesso, status code: 200
2022-05-09 00:30:01,842 - Utils.utils - INFO - Requisição <<GET>> realizada com sucesso, status code: 200
2022-05-09 00:30:02,382 - Utils.utils - INFO - Requisição <<GET>> realizada com sucesso, status code: 200
2022-05-09 00:30:02,833 - Utils.utils - INFO - Requisição <<GET>> realizada com sucesso, status code: 200
2022-05-09 00:30:02,847 - thots.thot_parse - INFO - Foi encontrado um total de : 0 videos restantes.
2022-05-09 00:30:02,848 - thots.thots - WARNING - ---------------| afroditehotwife - Fim da lista de videos.
2022-05-09 00:30:02,848 - thots.thots - WARNING - ---------------| Iniciando tarefa agathalira, 2 de 17
2022-05-09 00:30:02,848 - thots.thot_parse - INFO - Definindo o padrão de regex...
2022-05-09 00:30:03,521 - Utils.utils - INFO - Requisição <<GET>> realizada com sucesso, status code: 200
2022-05-09 00:30:03,522 - thots.thot_parse - INFO - Primeiro padrão de regex definido com sucesso!
2022-05-09 00:30:03,821 - Utils.utils - INFO - Requisição <<GET>> realizada com sucesso, status code: 200
2022-05-09 00:30:03,823 - thots.thot_parse - INFO - Usando método alternativo para encontrar a quantidade de videos.
2022-05-09 00:30:04,156 - Utils.utils - INFO - Requisição <<GET>> realizada com sucesso, status code: 200
2022-05-09 00:30:04,459 - Utils.utils - INFO - Requisição <<GET>> realizada com sucesso, status code: 200
2022-05-09 00:30:04,817 - Utils.utils - INFO - Requisição <<GET>> realizada com sucesso, status code: 200
2022-05-09 00:30:05,133 - Utils.utils - INFO - Requisição <<GET>> realizada com sucesso, status code: 200
2022-05-09 00:30:05,491 - Utils.utils - INFO - Requisição <<GET>> realizada com sucesso, status code: 200
2022-05-09 00:30:05,845 - Utils.utils - INFO - Requisição <<GET>> realizada com sucesso, status code: 200
2022-05-09 00:30:06,156 - Utils.utils - INFO - Requisição <<GET>> realizada com sucesso, status code: 200
2022-05-09 00:30:06,460 - Utils.utils - INFO - Requisição <<GET>> realizada com sucesso, status code: 200
2022-05-09 00:30:06,772 - Utils.utils - INFO - Requisição <<GET>> realizada com sucesso, status code: 200
2022-05-09 00:30:07,133 - Utils.utils - INFO - Requisição <<GET>> realizada com sucesso, status code: 200
2022-05-09 00:30:07,444 - Utils.utils - INFO - Requisição <<GET>> realizada com sucesso, status code: 200
2022-05-09 00:30:07,775 - Utils.utils - INFO - Requisição <<GET>> realizada com sucesso, status code: 200
2022-05-09 00:30:07,992 - Utils.utils - INFO - Requisição <<GET>> realizada com sucesso, status code: 200
2022-05-09 00:30:08,005 - thots.thot_parse - INFO - Foi encontrado um total de : 0 videos restantes.
2022-05-09 00:30:08,006 - thots.thots - WARNING - ---------------| agathalira - Fim da lista de videos.
2022-05-09 00:30:08,006 - thots.thots - WARNING - ---------------| Iniciando tarefa barbaracastroo, 3 de 17
2022-05-09 00:30:08,007 - thots.thot_parse - INFO - Definindo o padrão de regex...
2022-05-09 00:30:08,253 - Utils.utils - INFO - Requisição <<GET>> realizada com sucesso, status code: 200
2022-05-09 00:30:08,254 - thots.thot_parse - INFO - Segundo padrão de regex definido com sucesso!
2022-05-09 00:30:08,466 - Utils.utils - INFO - Requisição <<GET>> realizada com sucesso, status code: 200
2022-05-09 00:30:08,468 - thots.thot_parse - INFO - Usando método alternativo para encontrar a quantidade de videos.
2022-05-09 00:30:08,730 - Utils.utils - INFO - Requisição <<GET>> realizada com sucesso, status code: 200
2022-05-09 00:30:08,730 - thots.thot_parse - INFO - Foi encontrado um total de : 0 videos restantes.
2022-05-09 00:30:08,731 - thots.thots - WARNING - ---------------| barbaracastroo - Fim da lista de videos.
2022-05-09 00:30:08,731 - thots.thots - WARNING - ---------------| Iniciando tarefa bellacasada, 4 de 17
2022-05-09 00:30:08,731 - thots.thot_parse - INFO - Definindo o padrão de regex...
2022-05-09 00:30:09,216 - Utils.utils - INFO - Requisição <<GET>> realizada com sucesso, status code: 200
2022-05-09 00:30:09,217 - thots.thot_parse - INFO - Segundo padrão de regex definido com sucesso!
2022-05-09 00:30:09,473 - Utils.utils - INFO - Requisição <<GET>> realizada com sucesso, status code: 200
2022-05-09 00:30:09,475 - thots.thot_parse - INFO - Usando método alternativo para encontrar a quantidade de videos.
2022-05-09 00:30:09,668 - Utils.utils - INFO - Requisição <<GET>> realizada com sucesso, status code: 200
2022-05-09 00:30:09,851 - Utils.utils - INFO - Requisição <<GET>> realizada com sucesso, status code: 200
2022-05-09 00:30:10,040 - Utils.utils - INFO - Requisição <<GET>> realizada com sucesso, status code: 200
2022-05-09 00:30:10,219 - Utils.utils - INFO - Requisição <<GET>> realizada com sucesso, status code: 200
2022-05-09 00:30:10,404 - Utils.utils - INFO - Requisição <<GET>> realizada com sucesso, status code: 200
2022-05-09 00:30:10,586 - Utils.utils - INFO - Requisição <<GET>> realizada com sucesso, status code: 200
2022-05-09 00:30:10,590 - thots.thot_parse - INFO - Foi encontrado um total de : 0 videos restantes.
2022-05-09 00:30:10,590 - thots.thots - WARNING - ---------------| bellacasada - Fim da lista de videos.
2022-05-09 00:30:10,591 - thots.thots - WARNING - ---------------| Iniciando tarefa casalruivaecornooficial, 5 de 17
2022-05-09 00:30:10,591 - thots.thot_parse - INFO - Definindo o padrão de regex...
2022-05-09 00:30:10,854 - Utils.utils - INFO - Requisição <<GET>> realizada com sucesso, status code: 200
2022-05-09 00:30:10,855 - thots.thot_parse - INFO - Segundo padrão de regex definido com sucesso!
2022-05-09 00:30:11,068 - Utils.utils - INFO - Requisição <<GET>> realizada com sucesso, status code: 200
2022-05-09 00:30:11,070 - thots.thot_parse - INFO - Usando método alternativo para encontrar a quantidade de videos.
2022-05-09 00:30:11,313 - Utils.utils - INFO - Requisição <<GET>> realizada com sucesso, status code: 200
2022-05-09 00:30:11,511 - Utils.utils - INFO - Requisição <<GET>> realizada com sucesso, status code: 200
2022-05-09 00:30:11,715 - Utils.utils - INFO - Requisição <<GET>> realizada com sucesso, status code: 200
2022-05-09 00:30:11,985 - Utils.utils - INFO - Requisição <<GET>> realizada com sucesso, status code: 200
2022-05-09 00:30:12,186 - Utils.utils - INFO - Requisição <<GET>> realizada com sucesso, status code: 200
2022-05-09 00:30:12,409 - Utils.utils - INFO - Requisição <<GET>> realizada com sucesso, status code: 200
2022-05-09 00:30:12,412 - thots.thot_parse - INFO - Foi encontrado um total de : 0 videos restantes.
2022-05-09 00:30:12,412 - thots.thots - WARNING - ---------------| casalruivaecornooficial - Fim da lista de videos.
2022-05-09 00:30:12,413 - thots.thots - WARNING - ---------------| Iniciando tarefa casaltopbessa, 6 de 17
2022-05-09 00:30:12,414 - thots.thot_parse - INFO - Definindo o padrão de regex...
2022-05-09 00:30:12,670 - Utils.utils - INFO - Requisição <<GET>> realizada com sucesso, status code: 200
2022-05-09 00:30:12,671 - thots.thot_parse - INFO - Segundo padrão de regex definido com sucesso!
2022-05-09 00:30:12,899 - Utils.utils - INFO - Requisição <<GET>> realizada com sucesso, status code: 200
2022-05-09 00:30:12,901 - thots.thot_parse - INFO - Usando método alternativo para encontrar a quantidade de videos.
2022-05-09 00:30:13,156 - Utils.utils - INFO - Requisição <<GET>> realizada com sucesso, status code: 200
2022-05-09 00:30:13,628 - Utils.utils - INFO - Requisição <<GET>> realizada com sucesso, status code: 200
2022-05-09 00:30:13,629 - thots.thot_parse - INFO - Foi encontrado um total de : 0 videos restantes.
2022-05-09 00:30:13,629 - thots.thots - WARNING - ---------------| casaltopbessa - Fim da lista de videos.
2022-05-09 00:30:13,629 - thots.thots - WARNING - ---------------| Iniciando tarefa elaquer, 7 de 17
2022-05-09 00:30:13,629 - thots.thot_parse - INFO - Definindo o padrão de regex...
2022-05-09 00:30:13,930 - Utils.utils - INFO - Requisição <<GET>> realizada com sucesso, status code: 200
2022-05-09 00:30:13,931 - thots.thot_parse - INFO - Segundo padrão de regex definido com sucesso!
2022-05-09 00:30:14,202 - Utils.utils - INFO - Requisição <<GET>> realizada com sucesso, status code: 200
2022-05-09 00:30:14,204 - thots.thot_parse - INFO - Usando método alternativo para encontrar a quantidade de videos.
2022-05-09 00:30:14,405 - Utils.utils - INFO - Requisição <<GET>> realizada com sucesso, status code: 200
2022-05-09 00:30:14,662 - Utils.utils - INFO - Requisição <<GET>> realizada com sucesso, status code: 200
2022-05-09 00:30:14,855 - Utils.utils - INFO - Requisição <<GET>> realizada com sucesso, status code: 200
2022-05-09 00:30:15,047 - Utils.utils - INFO - Requisição <<GET>> realizada com sucesso, status code: 200
2022-05-09 00:30:15,049 - thots.thot_parse - INFO - Foi encontrado um total de : 0 videos restantes.
2022-05-09 00:30:15,049 - thots.thots - WARNING - ---------------| elaquer - Fim da lista de videos.
2022-05-09 00:30:15,049 - thots.thots - WARNING - ---------------| Iniciando tarefa emilysales, 8 de 17
2022-05-09 00:30:15,049 - thots.thot_parse - INFO - Definindo o padrão de regex...
2022-05-09 00:30:15,241 - Utils.utils - INFO - Requisição <<GET>> realizada com sucesso, status code: 200
2022-05-09 00:30:15,241 - thots.thot_parse - INFO - Segundo padrão de regex definido com sucesso!
2022-05-09 00:30:15,437 - Utils.utils - INFO - Requisição <<GET>> realizada com sucesso, status code: 200
2022-05-09 00:30:15,438 - thots.thot_parse - INFO - Usando método alternativo para encontrar a quantidade de videos.
2022-05-09 00:30:15,634 - Utils.utils - INFO - Requisição <<GET>> realizada com sucesso, status code: 200
2022-05-09 00:30:15,844 - Utils.utils - INFO - Requisição <<GET>> realizada com sucesso, status code: 200
2022-05-09 00:30:16,032 - Utils.utils - INFO - Requisição <<GET>> realizada com sucesso, status code: 200
2022-05-09 00:30:16,240 - Utils.utils - INFO - Requisição <<GET>> realizada com sucesso, status code: 200
2022-05-09 00:30:16,431 - Utils.utils - INFO - Requisição <<GET>> realizada com sucesso, status code: 200
2022-05-09 00:30:16,434 - thots.thot_parse - INFO - Foi encontrado um total de : 0 videos restantes.
2022-05-09 00:30:16,434 - thots.thots - WARNING - ---------------| emilysales - Fim da lista de videos.
2022-05-09 00:30:16,434 - thots.thots - WARNING - ---------------| Iniciando tarefa esposagulosinha, 9 de 17
2022-05-09 00:30:16,435 - thots.thot_parse - INFO - Definindo o padrão de regex...
2022-05-09 00:30:16,887 - Utils.utils - INFO - Requisição <<GET>> realizada com sucesso, status code: 200
2022-05-09 00:30:16,888 - thots.thot_parse - INFO - Segundo padrão de regex definido com sucesso!
2022-05-09 00:30:17,073 - Utils.utils - INFO - Requisição <<GET>> realizada com sucesso, status code: 200
2022-05-09 00:30:17,075 - thots.thot_parse - INFO - Usando método alternativo para encontrar a quantidade de videos.
2022-05-09 00:30:17,268 - Utils.utils - INFO - Requisição <<GET>> realizada com sucesso, status code: 200
2022-05-09 00:30:17,488 - Utils.utils - INFO - Requisição <<GET>> realizada com sucesso, status code: 200
2022-05-09 00:30:17,844 - Utils.utils - INFO - Requisição <<GET>> realizada com sucesso, status code: 200
2022-05-09 00:30:18,121 - Utils.utils - INFO - Requisição <<GET>> realizada com sucesso, status code: 200
2022-05-09 00:30:18,384 - Utils.utils - INFO - Requisição <<GET>> realizada com sucesso, status code: 200
2022-05-09 00:30:18,576 - Utils.utils - INFO - Requisição <<GET>> realizada com sucesso, status code: 200
2022-05-09 00:30:18,768 - Utils.utils - INFO - Requisição <<GET>> realizada com sucesso, status code: 200
2022-05-09 00:30:18,951 - Utils.utils - INFO - Requisição <<GET>> realizada com sucesso, status code: 200
2022-05-09 00:30:18,957 - thots.thot_parse - INFO - Foi encontrado um total de : 0 videos restantes.
2022-05-09 00:30:18,957 - thots.thots - WARNING - ---------------| esposagulosinha - Fim da lista de videos.
2022-05-09 00:30:18,958 - thots.thots - WARNING - ---------------| Iniciando tarefa fabioeanaes, 10 de 17
2022-05-09 00:30:18,959 - thots.thot_parse - INFO - Definindo o padrão de regex...
2022-05-09 00:30:19,506 - Utils.utils - INFO - Requisição <<GET>> realizada com sucesso, status code: 200
2022-05-09 00:30:19,507 - thots.thot_parse - INFO - Segundo padrão de regex definido com sucesso!
2022-05-09 00:30:19,685 - Utils.utils - INFO - Requisição <<GET>> realizada com sucesso, status code: 200
2022-05-09 00:30:19,687 - thots.thot_parse - INFO - Usando método alternativo para encontrar a quantidade de videos.
2022-05-09 00:30:19,866 - Utils.utils - INFO - Requisição <<GET>> realizada com sucesso, status code: 200
2022-05-09 00:30:20,056 - Utils.utils - INFO - Requisição <<GET>> realizada com sucesso, status code: 200
2022-05-09 00:30:20,243 - Utils.utils - INFO - Requisição <<GET>> realizada com sucesso, status code: 200
2022-05-09 00:30:20,456 - Utils.utils - INFO - Requisição <<GET>> realizada com sucesso, status code: 200
2022-05-09 00:30:20,659 - Utils.utils - INFO - Requisição <<GET>> realizada com sucesso, status code: 200
2022-05-09 00:30:20,661 - thots.thot_parse - INFO - Foi encontrado um total de : 0 videos restantes.
2022-05-09 00:30:20,661 - thots.thots - WARNING - ---------------| fabioeanaes - Fim da lista de videos.
2022-05-09 00:30:20,661 - thots.thots - WARNING - ---------------| Iniciando tarefa helenafilmes, 11 de 17
2022-05-09 00:30:20,662 - thots.thot_parse - INFO - Definindo o padrão de regex...
2022-05-09 00:30:21,049 - Utils.utils - INFO - Requisição <<GET>> realizada com sucesso, status code: 200
2022-05-09 00:30:21,050 - thots.thot_parse - INFO - Segundo padrão de regex definido com sucesso!
2022-05-09 00:30:21,240 - Utils.utils - INFO - Requisição <<GET>> realizada com sucesso, status code: 200
2022-05-09 00:30:21,242 - thots.thot_parse - INFO - Usando método alternativo para encontrar a quantidade de videos.
2022-05-09 00:30:21,441 - Utils.utils - INFO - Requisição <<GET>> realizada com sucesso, status code: 200
2022-05-09 00:30:21,635 - Utils.utils - INFO - Requisição <<GET>> realizada com sucesso, status code: 200
2022-05-09 00:30:21,636 - thots.thot_parse - INFO - Foi encontrado um total de : 0 videos restantes.
2022-05-09 00:30:21,637 - thots.thots - WARNING - ---------------| helenafilmes - Fim da lista de videos.
2022-05-09 00:30:21,637 - thots.thots - WARNING - ---------------| Iniciando tarefa lualencar11, 12 de 17
2022-05-09 00:30:21,637 - thots.thot_parse - INFO - Definindo o padrão de regex...
2022-05-09 00:30:21,915 - Utils.utils - INFO - Requisição <<GET>> realizada com sucesso, status code: 200
2022-05-09 00:30:21,915 - thots.thot_parse - INFO - Segundo padrão de regex definido com sucesso!
2022-05-09 00:30:22,122 - Utils.utils - INFO - Requisição <<GET>> realizada com sucesso, status code: 200
2022-05-09 00:30:22,124 - thots.thot_parse - INFO - Usando método alternativo para encontrar a quantidade de videos.
2022-05-09 00:30:22,393 - Utils.utils - INFO - Requisição <<GET>> realizada com sucesso, status code: 200
2022-05-09 00:30:22,393 - thots.thot_parse - INFO - Foi encontrado um total de : 0 videos restantes.
2022-05-09 00:30:22,394 - thots.thots - WARNING - ---------------| lualencar11 - Fim da lista de videos.
2022-05-09 00:30:22,394 - thots.thots - WARNING - ---------------| Iniciando tarefa melissadias, 13 de 17
2022-05-09 00:30:22,395 - thots.thot_parse - INFO - Definindo o padrão de regex...
2022-05-09 00:30:22,654 - Utils.utils - INFO - Requisição <<GET>> realizada com sucesso, status code: 200
2022-05-09 00:30:22,655 - thots.thot_parse - INFO - Segundo padrão de regex definido com sucesso!
2022-05-09 00:30:22,923 - Utils.utils - INFO - Requisição <<GET>> realizada com sucesso, status code: 200
2022-05-09 00:30:22,925 - thots.thot_parse - INFO - Usando método alternativo para encontrar a quantidade de videos.
2022-05-09 00:30:23,124 - Utils.utils - INFO - Requisição <<GET>> realizada com sucesso, status code: 200
2022-05-09 00:30:23,384 - Utils.utils - INFO - Requisição <<GET>> realizada com sucesso, status code: 200
2022-05-09 00:30:23,598 - Utils.utils - INFO - Requisição <<GET>> realizada com sucesso, status code: 200
2022-05-09 00:30:23,794 - Utils.utils - INFO - Requisição <<GET>> realizada com sucesso, status code: 200
2022-05-09 00:30:23,983 - Utils.utils - INFO - Requisição <<GET>> realizada com sucesso, status code: 200
2022-05-09 00:30:24,178 - Utils.utils - INFO - Requisição <<GET>> realizada com sucesso, status code: 200
2022-05-09 00:30:24,392 - Utils.utils - INFO - Requisição <<GET>> realizada com sucesso, status code: 200
2022-05-09 00:30:24,397 - thots.thot_parse - INFO - Foi encontrado um total de : 0 videos restantes.
2022-05-09 00:30:24,397 - thots.thots - WARNING - ---------------| melissadias - Fim da lista de videos.
2022-05-09 00:30:24,397 - thots.thots - WARNING - ---------------| Iniciando tarefa nicoleballs_trans, 14 de 17
2022-05-09 00:30:24,397 - thots.thot_parse - INFO - Definindo o padrão de regex...
2022-05-09 00:30:24,591 - Utils.utils - INFO - Requisição <<GET>> realizada com sucesso, status code: 200
2022-05-09 00:30:24,592 - thots.thot_parse - INFO - Segundo padrão de regex definido com sucesso!
2022-05-09 00:30:24,819 - Utils.utils - INFO - Requisição <<GET>> realizada com sucesso, status code: 200
2022-05-09 00:30:24,821 - thots.thot_parse - INFO - Usando método alternativo para encontrar a quantidade de videos.
2022-05-09 00:30:25,084 - Utils.utils - INFO - Requisição <<GET>> realizada com sucesso, status code: 200
2022-05-09 00:30:25,285 - Utils.utils - INFO - Requisição <<GET>> realizada com sucesso, status code: 200
2022-05-09 00:30:25,286 - thots.thot_parse - INFO - Foi encontrado um total de : 0 videos restantes.
2022-05-09 00:30:25,286 - thots.thots - WARNING - ---------------| nicoleballs_trans - Fim da lista de videos.
2022-05-09 00:30:25,286 - thots.thots - WARNING - ---------------| Iniciando tarefa nikkecasada, 15 de 17
2022-05-09 00:30:25,287 - thots.thot_parse - INFO - Definindo o padrão de regex...
2022-05-09 00:30:25,939 - Utils.utils - INFO - Requisição <<GET>> realizada com sucesso, status code: 200
2022-05-09 00:30:25,939 - thots.thot_parse - INFO - Segundo padrão de regex definido com sucesso!
2022-05-09 00:30:26,135 - Utils.utils - INFO - Requisição <<GET>> realizada com sucesso, status code: 200
2022-05-09 00:30:26,137 - thots.thot_parse - INFO - Usando método alternativo para encontrar a quantidade de videos.
2022-05-09 00:30:26,389 - Utils.utils - INFO - Requisição <<GET>> realizada com sucesso, status code: 200
2022-05-09 00:30:26,642 - Utils.utils - INFO - Requisição <<GET>> realizada com sucesso, status code: 200
2022-05-09 00:30:26,866 - Utils.utils - INFO - Requisição <<GET>> realizada com sucesso, status code: 200
2022-05-09 00:30:27,062 - Utils.utils - INFO - Requisição <<GET>> realizada com sucesso, status code: 200
2022-05-09 00:30:27,313 - Utils.utils - INFO - Requisição <<GET>> realizada com sucesso, status code: 200
2022-05-09 00:30:27,315 - thots.thot_parse - INFO - Foi encontrado um total de : 0 videos restantes.
2022-05-09 00:30:27,315 - thots.thots - WARNING - ---------------| nikkecasada - Fim da lista de videos.
2022-05-09 00:30:27,315 - thots.thots - WARNING - ---------------| Iniciando tarefa tatycasadinha, 16 de 17
2022-05-09 00:30:27,733 - thots.thots - WARNING - ---------------| tatycasadinha - Fim da lista de videos.
2022-05-09 00:30:27,733 - thots.thots - WARNING - ---------------| Iniciando tarefa vidasafada, 17 de 17
2022-05-09 00:30:27,733 - thots.thot_parse - INFO - Definindo o padrão de regex...
2022-05-09 00:30:28,170 - Utils.utils - INFO - Requisição <<GET>> realizada com sucesso, status code: 200
2022-05-09 00:30:28,171 - thots.thot_parse - INFO - Segundo padrão de regex definido com sucesso!
2022-05-09 00:30:28,391 - Utils.utils - INFO - Requisição <<GET>> realizada com sucesso, status code: 200
2022-05-09 00:30:28,393 - thots.thot_parse - INFO - Usando método alternativo para encontrar a quantidade de videos.
2022-05-09 00:30:28,578 - Utils.utils - INFO - Requisição <<GET>> realizada com sucesso, status code: 200
2022-05-09 00:30:28,768 - Utils.utils - INFO - Requisição <<GET>> realizada com sucesso, status code: 200
2022-05-09 00:30:28,950 - Utils.utils - INFO - Requisição <<GET>> realizada com sucesso, status code: 200
2022-05-09 00:30:29,209 - Utils.utils - INFO - Requisição <<GET>> realizada com sucesso, status code: 200
2022-05-09 00:30:29,413 - Utils.utils - INFO - Requisição <<GET>> realizada com sucesso, status code: 200
2022-05-09 00:30:29,602 - Utils.utils - INFO - Requisição <<GET>> realizada com sucesso, status code: 200
2022-05-09 00:30:29,789 - Utils.utils - INFO - Requisição <<GET>> realizada com sucesso, status code: 200
2022-05-09 00:30:29,793 - thots.thot_parse - INFO - Foi encontrado um total de : 0 videos restantes.
2022-05-09 00:30:29,794 - thots.thots - WARNING - ---------------| vidasafada - Fim da lista de videos.
2022-05-09 00:30:29,794 - __main__ - INFO - Fazendo backup dos IDs na API backup...
2022-05-09 00:30:29,794 - __main__ - INFO - Salvando ID's da API localmente....
2022-05-09 00:30:30,034 - Utils.utils - INFO - Requisição <<GET>> realizada com sucesso, status code: 200
2022-05-09 00:30:30,630 - Utils.utils - INFO - Requisição <<GET>> realizada com sucesso, status code: 200
2022-05-09 04:18:57,721 - Utils.utils - INFO - Ambiente de produção ativado
2022-05-09 04:18:58,130 - Utils.utils - INFO - Requisição <<GET>> realizada com sucesso, status code: 200
2022-05-09 04:18:58,169 - __main__ - INFO - Checando thotsbay forum...
2022-05-09 04:18:58,170 - Utils.thotshub - INFO - Autorizando...
2022-05-09 04:18:58,358 - Utils.utils - INFO - Requisição <<GET>> realizada com sucesso, status code: 200
2022-05-09 04:18:59,238 - Utils.utils - INFO - Requisição <<POST>> realizada com sucesso, status code: 200
2022-05-09 04:18:59,240 - Utils.thotshub - INFO - Autorizado
2022-05-09 04:18:59,240 - Utils.thotshub - INFO - Logado no thotsbay com sucesso.
2022-05-09 04:18:59,241 - __main__ - INFO - Checando colab...
2022-05-09 04:18:59,241 - Utils.utils - INFO - COLAB enviorement not detected
2022-05-09 04:18:59,241 - __main__ - INFO - Checando config...
2022-05-09 04:18:59,805 - Utils.utils - INFO - Requisição <<GET>> realizada com sucesso, status code: 200
2022-05-09 04:19:00,807 - __main__ - INFO - Checando ids...
2022-05-09 04:19:01,012 - Utils.utils - INFO - Requisição <<GET>> realizada com sucesso, status code: 200
2022-05-09 04:19:01,014 - thots.thots - WARNING - ---------------| Iniciando tarefa afroditehotwife, 1 de 17
2022-05-09 04:19:01,014 - thots.thot_parse - INFO - Definindo o padrão de regex...
2022-05-09 04:19:01,820 - Utils.utils - INFO - Requisição <<GET>> realizada com sucesso, status code: 200
2022-05-09 04:19:01,821 - thots.thot_parse - INFO - Segundo padrão de regex definido com sucesso!
2022-05-09 04:19:02,101 - Utils.utils - INFO - Requisição <<GET>> realizada com sucesso, status code: 200
2022-05-09 04:19:02,104 - thots.thot_parse - INFO - Usando método alternativo para encontrar a quantidade de videos.
2022-05-09 04:19:02,472 - Utils.utils - INFO - Requisição <<GET>> realizada com sucesso, status code: 200
2022-05-09 04:19:02,817 - Utils.utils - INFO - Requisição <<GET>> realizada com sucesso, status code: 200
2022-05-09 04:19:03,170 - Utils.utils - INFO - Requisição <<GET>> realizada com sucesso, status code: 200
2022-05-09 04:19:03,467 - Utils.utils - INFO - Requisição <<GET>> realizada com sucesso, status code: 200
2022-05-09 04:19:03,819 - Utils.utils - INFO - Requisição <<GET>> realizada com sucesso, status code: 200
2022-05-09 04:19:04,109 - Utils.utils - INFO - Requisição <<GET>> realizada com sucesso, status code: 200
2022-05-09 04:19:04,405 - Utils.utils - INFO - Requisição <<GET>> realizada com sucesso, status code: 200
2022-05-09 04:19:04,690 - Utils.utils - INFO - Requisição <<GET>> realizada com sucesso, status code: 200
2022-05-09 04:19:04,975 - Utils.utils - INFO - Requisição <<GET>> realizada com sucesso, status code: 200
2022-05-09 04:19:05,266 - Utils.utils - INFO - Requisição <<GET>> realizada com sucesso, status code: 200
2022-05-09 04:19:05,551 - Utils.utils - INFO - Requisição <<GET>> realizada com sucesso, status code: 200
2022-05-09 04:19:05,862 - Utils.utils - INFO - Requisição <<GET>> realizada com sucesso, status code: 200
2022-05-09 04:19:06,199 - Utils.utils - INFO - Requisição <<GET>> realizada com sucesso, status code: 200
2022-05-09 04:19:06,521 - Utils.utils - INFO - Requisição <<GET>> realizada com sucesso, status code: 200
2022-05-09 04:19:06,533 - thots.thot_parse - INFO - Foi encontrado um total de : 0 videos restantes.
2022-05-09 04:19:06,533 - thots.thots - WARNING - ---------------| afroditehotwife - Fim da lista de videos.
2022-05-09 04:19:06,533 - thots.thots - WARNING - ---------------| Iniciando tarefa agathalira, 2 de 17
2022-05-09 04:19:06,533 - thots.thot_parse - INFO - Definindo o padrão de regex...
2022-05-09 04:19:07,216 - Utils.utils - INFO - Requisição <<GET>> realizada com sucesso, status code: 200
2022-05-09 04:19:07,217 - thots.thot_parse - INFO - Primeiro padrão de regex definido com sucesso!
2022-05-09 04:19:07,555 - Utils.utils - INFO - Requisição <<GET>> realizada com sucesso, status code: 200
2022-05-09 04:19:07,557 - thots.thot_parse - INFO - Usando método alternativo para encontrar a quantidade de videos.
2022-05-09 04:19:08,033 - Utils.utils - INFO - Requisição <<GET>> realizada com sucesso, status code: 200
2022-05-09 04:19:08,506 - Utils.utils - INFO - Requisição <<GET>> realizada com sucesso, status code: 200
2022-05-09 04:19:08,868 - Utils.utils - INFO - Requisição <<GET>> realizada com sucesso, status code: 200
2022-05-09 04:19:09,184 - Utils.utils - INFO - Requisição <<GET>> realizada com sucesso, status code: 200
2022-05-09 04:19:09,524 - Utils.utils - INFO - Requisição <<GET>> realizada com sucesso, status code: 200
2022-05-09 04:19:09,861 - Utils.utils - INFO - Requisição <<GET>> realizada com sucesso, status code: 200
2022-05-09 04:19:10,190 - Utils.utils - INFO - Requisição <<GET>> realizada com sucesso, status code: 200
2022-05-09 04:19:10,519 - Utils.utils - INFO - Requisição <<GET>> realizada com sucesso, status code: 200
2022-05-09 04:19:11,013 - Utils.utils - INFO - Requisição <<GET>> realizada com sucesso, status code: 200
2022-05-09 04:19:11,519 - Utils.utils - INFO - Requisição <<GET>> realizada com sucesso, status code: 200
2022-05-09 04:19:12,092 - Utils.utils - INFO - Requisição <<GET>> realizada com sucesso, status code: 200
2022-05-09 04:19:12,403 - Utils.utils - INFO - Requisição <<GET>> realizada com sucesso, status code: 200
2022-05-09 04:19:12,619 - Utils.utils - INFO - Requisição <<GET>> realizada com sucesso, status code: 200
2022-05-09 04:19:12,629 - thots.thot_parse - INFO - Foi encontrado um total de : 0 videos restantes.
2022-05-09 04:19:12,629 - thots.thots - WARNING - ---------------| agathalira - Fim da lista de videos.
2022-05-09 04:19:12,629 - thots.thots - WARNING - ---------------| Iniciando tarefa barbaracastroo, 3 de 17
2022-05-09 04:19:12,629 - thots.thot_parse - INFO - Definindo o padrão de regex...
2022-05-09 04:19:13,074 - Utils.utils - INFO - Requisição <<GET>> realizada com sucesso, status code: 200
2022-05-09 04:19:13,075 - thots.thot_parse - INFO - Segundo padrão de regex definido com sucesso!
2022-05-09 04:19:13,310 - Utils.utils - INFO - Requisição <<GET>> realizada com sucesso, status code: 200
2022-05-09 04:19:13,311 - thots.thot_parse - INFO - Usando método alternativo para encontrar a quantidade de videos.
2022-05-09 04:19:13,576 - Utils.utils - INFO - Requisição <<GET>> realizada com sucesso, status code: 200
2022-05-09 04:19:13,577 - thots.thot_parse - INFO - Foi encontrado um total de : 0 videos restantes.
2022-05-09 04:19:13,577 - thots.thots - WARNING - ---------------| barbaracastroo - Fim da lista de videos.
2022-05-09 04:19:13,577 - thots.thots - WARNING - ---------------| Iniciando tarefa bellacasada, 4 de 17
2022-05-09 04:19:13,577 - thots.thot_parse - INFO - Definindo o padrão de regex...
2022-05-09 04:19:14,012 - Utils.utils - INFO - Requisição <<GET>> realizada com sucesso, status code: 200
2022-05-09 04:19:14,013 - thots.thot_parse - INFO - Segundo padrão de regex definido com sucesso!
2022-05-09 04:19:14,201 - Utils.utils - INFO - Requisição <<GET>> realizada com sucesso, status code: 200
2022-05-09 04:19:14,203 - thots.thot_parse - INFO - Usando método alternativo para encontrar a quantidade de videos.
2022-05-09 04:19:14,389 - Utils.utils - INFO - Requisição <<GET>> realizada com sucesso, status code: 200
2022-05-09 04:19:14,651 - Utils.utils - INFO - Requisição <<GET>> realizada com sucesso, status code: 200
2022-05-09 04:19:14,931 - Utils.utils - INFO - Requisição <<GET>> realizada com sucesso, status code: 200
2022-05-09 04:19:15,245 - Utils.utils - INFO - Requisição <<GET>> realizada com sucesso, status code: 200
2022-05-09 04:19:15,528 - Utils.utils - INFO - Requisição <<GET>> realizada com sucesso, status code: 200
2022-05-09 04:19:15,822 - Utils.utils - INFO - Requisição <<GET>> realizada com sucesso, status code: 200
2022-05-09 04:19:15,825 - thots.thot_parse - INFO - Foi encontrado um total de : 0 videos restantes.
2022-05-09 04:19:15,825 - thots.thots - WARNING - ---------------| bellacasada - Fim da lista de videos.
2022-05-09 04:19:15,825 - thots.thots - WARNING - ---------------| Iniciando tarefa casalruivaecornooficial, 5 de 17
2022-05-09 04:19:15,825 - thots.thot_parse - INFO - Definindo o padrão de regex...
2022-05-09 04:19:16,169 - Utils.utils - INFO - Requisição <<GET>> realizada com sucesso, status code: 200
2022-05-09 04:19:16,170 - thots.thot_parse - INFO - Segundo padrão de regex definido com sucesso!
2022-05-09 04:19:16,688 - Utils.utils - INFO - Requisição <<GET>> realizada com sucesso, status code: 200
2022-05-09 04:19:16,689 - thots.thot_parse - INFO - Usando método alternativo para encontrar a quantidade de videos.
2022-05-09 04:19:17,004 - Utils.utils - INFO - Requisição <<GET>> realizada com sucesso, status code: 200
2022-05-09 04:19:17,276 - Utils.utils - INFO - Requisição <<GET>> realizada com sucesso, status code: 200
2022-05-09 04:19:17,526 - Utils.utils - INFO - Requisição <<GET>> realizada com sucesso, status code: 200
2022-05-09 04:19:17,784 - Utils.utils - INFO - Requisição <<GET>> realizada com sucesso, status code: 200
2022-05-09 04:19:18,126 - Utils.utils - INFO - Requisição <<GET>> realizada com sucesso, status code: 200
2022-05-09 04:19:18,389 - Utils.utils - INFO - Requisição <<GET>> realizada com sucesso, status code: 200
2022-05-09 04:19:18,392 - thots.thot_parse - INFO - Foi encontrado um total de : 0 videos restantes.
2022-05-09 04:19:18,393 - thots.thots - WARNING - ---------------| casalruivaecornooficial - Fim da lista de videos.
2022-05-09 04:19:18,393 - thots.thots - WARNING - ---------------| Iniciando tarefa casaltopbessa, 6 de 17
2022-05-09 04:19:18,394 - thots.thot_parse - INFO - Definindo o padrão de regex...
2022-05-09 04:19:18,641 - Utils.utils - INFO - Requisição <<GET>> realizada com sucesso, status code: 200
2022-05-09 04:19:18,642 - thots.thot_parse - INFO - Segundo padrão de regex definido com sucesso!
2022-05-09 04:19:18,896 - Utils.utils - INFO - Requisição <<GET>> realizada com sucesso, status code: 200
2022-05-09 04:19:18,897 - thots.thot_parse - INFO - Usando método alternativo para encontrar a quantidade de videos.
2022-05-09 04:19:19,153 - Utils.utils - INFO - Requisição <<GET>> realizada com sucesso, status code: 200
2022-05-09 04:19:19,338 - Utils.utils - INFO - Requisição <<GET>> realizada com sucesso, status code: 200
2022-05-09 04:19:19,339 - thots.thot_parse - INFO - Foi encontrado um total de : 0 videos restantes.
2022-05-09 04:19:19,339 - thots.thots - WARNING - ---------------| casaltopbessa - Fim da lista de videos.
2022-05-09 04:19:19,339 - thots.thots - WARNING - ---------------| Iniciando tarefa elaquer, 7 de 17
2022-05-09 04:19:19,339 - thots.thot_parse - INFO - Definindo o padrão de regex...
2022-05-09 04:19:19,602 - Utils.utils - INFO - Requisição <<GET>> realizada com sucesso, status code: 200
2022-05-09 04:19:19,603 - thots.thot_parse - INFO - Segundo padrão de regex definido com sucesso!
2022-05-09 04:19:19,787 - Utils.utils - INFO - Requisição <<GET>> realizada com sucesso, status code: 200
2022-05-09 04:19:19,789 - thots.thot_parse - INFO - Usando método alternativo para encontrar a quantidade de videos.
2022-05-09 04:19:19,991 - Utils.utils - INFO - Requisição <<GET>> realizada com sucesso, status code: 200
2022-05-09 04:19:20,186 - Utils.utils - INFO - Requisição <<GET>> realizada com sucesso, status code: 200
2022-05-09 04:19:20,378 - Utils.utils - INFO - Requisição <<GET>> realizada com sucesso, status code: 200
2022-05-09 04:19:20,573 - Utils.utils - INFO - Requisição <<GET>> realizada com sucesso, status code: 200
2022-05-09 04:19:20,575 - thots.thot_parse - INFO - Foi encontrado um total de : 0 videos restantes.
2022-05-09 04:19:20,575 - thots.thots - WARNING - ---------------| elaquer - Fim da lista de videos.
2022-05-09 04:19:20,576 - thots.thots - WARNING - ---------------| Iniciando tarefa emilysales, 8 de 17
2022-05-09 04:19:20,576 - thots.thot_parse - INFO - Definindo o padrão de regex...
2022-05-09 04:19:20,771 - Utils.utils - INFO - Requisição <<GET>> realizada com sucesso, status code: 200
2022-05-09 04:19:20,772 - thots.thot_parse - INFO - Segundo padrão de regex definido com sucesso!
2022-05-09 04:19:20,958 - Utils.utils - INFO - Requisição <<GET>> realizada com sucesso, status code: 200
2022-05-09 04:19:20,959 - thots.thot_parse - INFO - Usando método alternativo para encontrar a quantidade de videos.
2022-05-09 04:19:21,164 - Utils.utils - INFO - Requisição <<GET>> realizada com sucesso, status code: 200
2022-05-09 04:19:21,357 - Utils.utils - INFO - Requisição <<GET>> realizada com sucesso, status code: 200
2022-05-09 04:19:21,623 - Utils.utils - INFO - Requisição <<GET>> realizada com sucesso, status code: 200
2022-05-09 04:19:21,816 - Utils.utils - INFO - Requisição <<GET>> realizada com sucesso, status code: 200
2022-05-09 04:19:22,040 - Utils.utils - INFO - Requisição <<GET>> realizada com sucesso, status code: 200
2022-05-09 04:19:22,042 - thots.thot_parse - INFO - Foi encontrado um total de : 0 videos restantes.
2022-05-09 04:19:22,042 - thots.thots - WARNING - ---------------| emilysales - Fim da lista de videos.
2022-05-09 04:19:22,042 - thots.thots - WARNING - ---------------| Iniciando tarefa esposagulosinha, 9 de 17
2022-05-09 04:19:22,043 - thots.thot_parse - INFO - Definindo o padrão de regex...
2022-05-09 04:19:22,598 - Utils.utils - INFO - Requisição <<GET>> realizada com sucesso, status code: 200
2022-05-09 04:19:22,599 - thots.thot_parse - INFO - Segundo padrão de regex definido com sucesso!
2022-05-09 04:19:22,782 - Utils.utils - INFO - Requisição <<GET>> realizada com sucesso, status code: 200
2022-05-09 04:19:22,784 - thots.thot_parse - INFO - Usando método alternativo para encontrar a quantidade de videos.
2022-05-09 04:19:22,972 - Utils.utils - INFO - Requisição <<GET>> realizada com sucesso, status code: 200
2022-05-09 04:19:23,159 - Utils.utils - INFO - Requisição <<GET>> realizada com sucesso, status code: 200
2022-05-09 04:19:23,360 - Utils.utils - INFO - Requisição <<GET>> realizada com sucesso, status code: 200
2022-05-09 04:19:23,564 - Utils.utils - INFO - Requisição <<GET>> realizada com sucesso, status code: 200
2022-05-09 04:19:23,748 - Utils.utils - INFO - Requisição <<GET>> realizada com sucesso, status code: 200
2022-05-09 04:19:23,968 - Utils.utils - INFO - Requisição <<GET>> realizada com sucesso, status code: 200
2022-05-09 04:19:24,165 - Utils.utils - INFO - Requisição <<GET>> realizada com sucesso, status code: 200
2022-05-09 04:19:24,382 - Utils.utils - INFO - Requisição <<GET>> realizada com sucesso, status code: 200
2022-05-09 04:19:24,387 - thots.thot_parse - INFO - Foi encontrado um total de : 0 videos restantes.
2022-05-09 04:19:24,387 - thots.thots - WARNING - ---------------| esposagulosinha - Fim da lista de videos.
2022-05-09 04:19:24,388 - thots.thots - WARNING - ---------------| Iniciando tarefa fabioeanaes, 10 de 17
2022-05-09 04:19:24,388 - thots.thot_parse - INFO - Definindo o padrão de regex...
2022-05-09 04:19:25,022 - Utils.utils - INFO - Requisição <<GET>> realizada com sucesso, status code: 200
2022-05-09 04:19:25,023 - thots.thot_parse - INFO - Segundo padrão de regex definido com sucesso!
2022-05-09 04:19:25,213 - Utils.utils - INFO - Requisição <<GET>> realizada com sucesso, status code: 200
2022-05-09 04:19:25,215 - thots.thot_parse - INFO - Usando método alternativo para encontrar a quantidade de videos.
2022-05-09 04:19:25,410 - Utils.utils - INFO - Requisição <<GET>> realizada com sucesso, status code: 200
2022-05-09 04:19:25,597 - Utils.utils - INFO - Requisição <<GET>> realizada com sucesso, status code: 200
2022-05-09 04:19:25,864 - Utils.utils - INFO - Requisição <<GET>> realizada com sucesso, status code: 200
2022-05-09 04:19:26,059 - Utils.utils - INFO - Requisição <<GET>> realizada com sucesso, status code: 200
2022-05-09 04:19:26,313 - Utils.utils - INFO - Requisição <<GET>> realizada com sucesso, status code: 200
2022-05-09 04:19:26,316 - thots.thot_parse - INFO - Foi encontrado um total de : 0 videos restantes.
2022-05-09 04:19:26,316 - thots.thots - WARNING - ---------------| fabioeanaes - Fim da lista de videos.
2022-05-09 04:19:26,316 - thots.thots - WARNING - ---------------| Iniciando tarefa helenafilmes, 11 de 17
2022-05-09 04:19:26,316 - thots.thot_parse - INFO - Definindo o padrão de regex...
2022-05-09 04:19:26,775 - Utils.utils - INFO - Requisição <<GET>> realizada com sucesso, status code: 200
2022-05-09 04:19:26,776 - thots.thot_parse - INFO - Segundo padrão de regex definido com sucesso!
2022-05-09 04:19:27,020 - Utils.utils - INFO - Requisição <<GET>> realizada com sucesso, status code: 200
2022-05-09 04:19:27,022 - thots.thot_parse - INFO - Usando método alternativo para encontrar a quantidade de videos.
2022-05-09 04:19:27,286 - Utils.utils - INFO - Requisição <<GET>> realizada com sucesso, status code: 200
2022-05-09 04:19:27,518 - Utils.utils - INFO - Requisição <<GET>> realizada com sucesso, status code: 200
2022-05-09 04:19:27,518 - thots.thot_parse - INFO - Foi encontrado um total de : 0 videos restantes.
2022-05-09 04:19:27,519 - thots.thots - WARNING - ---------------| helenafilmes - Fim da lista de videos.
2022-05-09 04:19:27,519 - thots.thots - WARNING - ---------------| Iniciando tarefa lualencar11, 12 de 17
2022-05-09 04:19:27,519 - thots.thot_parse - INFO - Definindo o padrão de regex...
2022-05-09 04:19:27,959 - Utils.utils - INFO - Requisição <<GET>> realizada com sucesso, status code: 200
2022-05-09 04:19:27,960 - thots.thot_parse - INFO - Segundo padrão de regex definido com sucesso!
2022-05-09 04:19:28,179 - Utils.utils - INFO - Requisição <<GET>> realizada com sucesso, status code: 200
2022-05-09 04:19:28,181 - thots.thot_parse - INFO - Usando método alternativo para encontrar a quantidade de videos.
2022-05-09 04:19:28,368 - Utils.utils - INFO - Requisição <<GET>> realizada com sucesso, status code: 200
2022-05-09 04:19:28,368 - thots.thot_parse - INFO - Foi encontrado um total de : 0 videos restantes.
2022-05-09 04:19:28,369 - thots.thots - WARNING - ---------------| lualencar11 - Fim da lista de videos.
2022-05-09 04:19:28,369 - thots.thots - WARNING - ---------------| Iniciando tarefa melissadias, 13 de 17
2022-05-09 04:19:28,369 - thots.thot_parse - INFO - Definindo o padrão de regex...
2022-05-09 04:19:28,596 - Utils.utils - INFO - Requisição <<GET>> realizada com sucesso, status code: 200
2022-05-09 04:19:28,597 - thots.thot_parse - INFO - Segundo padrão de regex definido com sucesso!
2022-05-09 04:19:28,792 - Utils.utils - INFO - Requisição <<GET>> realizada com sucesso, status code: 200
2022-05-09 04:19:28,794 - thots.thot_parse - INFO - Usando método alternativo para encontrar a quantidade de videos.
2022-05-09 04:19:28,984 - Utils.utils - INFO - Requisição <<GET>> realizada com sucesso, status code: 200
2022-05-09 04:19:29,184 - Utils.utils - INFO - Requisição <<GET>> realizada com sucesso, status code: 200
2022-05-09 04:19:29,371 - Utils.utils - INFO - Requisição <<GET>> realizada com sucesso, status code: 200
2022-05-09 04:19:29,561 - Utils.utils - INFO - Requisição <<GET>> realizada com sucesso, status code: 200
2022-05-09 04:19:29,748 - Utils.utils - INFO - Requisição <<GET>> realizada com sucesso, status code: 200
2022-05-09 04:19:29,936 - Utils.utils - INFO - Requisição <<GET>> realizada com sucesso, status code: 200
2022-05-09 04:19:30,181 - Utils.utils - INFO - Requisição <<GET>> realizada com sucesso, status code: 200
2022-05-09 04:19:30,184 - thots.thot_parse - INFO - Foi encontrado um total de : 0 videos restantes.
2022-05-09 04:19:30,184 - thots.thots - WARNING - ---------------| melissadias - Fim da lista de videos.
2022-05-09 04:19:30,184 - thots.thots - WARNING - ---------------| Iniciando tarefa nicoleballs_trans, 14 de 17
2022-05-09 04:19:30,185 - thots.thot_parse - INFO - Definindo o padrão de regex...
2022-05-09 04:19:30,388 - Utils.utils - INFO - Requisição <<GET>> realizada com sucesso, status code: 200
2022-05-09 04:19:30,388 - thots.thot_parse - INFO - Segundo padrão de regex definido com sucesso!
2022-05-09 04:19:30,571 - Utils.utils - INFO - Requisição <<GET>> realizada com sucesso, status code: 200
2022-05-09 04:19:30,572 - thots.thot_parse - INFO - Usando método alternativo para encontrar a quantidade de videos.
2022-05-09 04:19:30,754 - Utils.utils - INFO - Requisição <<GET>> realizada com sucesso, status code: 200
2022-05-09 04:19:30,958 - Utils.utils - INFO - Requisição <<GET>> realizada com sucesso, status code: 200
2022-05-09 04:19:30,959 - thots.thot_parse - INFO - Foi encontrado um total de : 0 videos restantes.
2022-05-09 04:19:30,959 - thots.thots - WARNING - ---------------| nicoleballs_trans - Fim da lista de videos.
2022-05-09 04:19:30,959 - thots.thots - WARNING - ---------------| Iniciando tarefa nikkecasada, 15 de 17
2022-05-09 04:19:30,959 - thots.thot_parse - INFO - Definindo o padrão de regex...
2022-05-09 04:19:31,440 - Utils.utils - INFO - Requisição <<GET>> realizada com sucesso, status code: 200
2022-05-09 04:19:31,440 - thots.thot_parse - INFO - Segundo padrão de regex definido com sucesso!
2022-05-09 04:19:31,644 - Utils.utils - INFO - Requisição <<GET>> realizada com sucesso, status code: 200
2022-05-09 04:19:31,646 - thots.thot_parse - INFO - Usando método alternativo para encontrar a quantidade de videos.
2022-05-09 04:19:31,909 - Utils.utils - INFO - Requisição <<GET>> realizada com sucesso, status code: 200
2022-05-09 04:19:32,106 - Utils.utils - INFO - Requisição <<GET>> realizada com sucesso, status code: 200
2022-05-09 04:19:32,302 - Utils.utils - INFO - Requisição <<GET>> realizada com sucesso, status code: 200
2022-05-09 04:19:32,506 - Utils.utils - INFO - Requisição <<GET>> realizada com sucesso, status code: 200
2022-05-09 04:19:32,710 - Utils.utils - INFO - Requisição <<GET>> realizada com sucesso, status code: 200
2022-05-09 04:19:32,712 - thots.thot_parse - INFO - Foi encontrado um total de : 0 videos restantes.
2022-05-09 04:19:32,712 - thots.thots - WARNING - ---------------| nikkecasada - Fim da lista de videos.
2022-05-09 04:19:32,712 - thots.thots - WARNING - ---------------| Iniciando tarefa tatycasadinha, 16 de 17
2022-05-09 04:19:33,183 - thots.thots - WARNING - ---------------| tatycasadinha - Fim da lista de videos.
2022-05-09 04:19:33,183 - thots.thots - WARNING - ---------------| Iniciando tarefa vidasafada, 17 de 17
2022-05-09 04:19:33,183 - thots.thot_parse - INFO - Definindo o padrão de regex...
2022-05-09 04:19:33,702 - Utils.utils - INFO - Requisição <<GET>> realizada com sucesso, status code: 200
2022-05-09 04:19:33,703 - thots.thot_parse - INFO - Segundo padrão de regex definido com sucesso!
2022-05-09 04:19:33,965 - Utils.utils - INFO - Requisição <<GET>> realizada com sucesso, status code: 200
2022-05-09 04:19:33,967 - thots.thot_parse - INFO - Usando método alternativo para encontrar a quantidade de videos.
2022-05-09 04:19:34,199 - Utils.utils - INFO - Requisição <<GET>> realizada com sucesso, status code: 200
2022-05-09 04:19:34,435 - Utils.utils - INFO - Requisição <<GET>> realizada com sucesso, status code: 200
2022-05-09 04:19:34,649 - Utils.utils - INFO - Requisição <<GET>> realizada com sucesso, status code: 200
2022-05-09 04:19:34,842 - Utils.utils - INFO - Requisição <<GET>> realizada com sucesso, status code: 200
2022-05-09 04:19:35,037 - Utils.utils - INFO - Requisição <<GET>> realizada com sucesso, status code: 200
2022-05-09 04:19:35,294 - Utils.utils - INFO - Requisição <<GET>> realizada com sucesso, status code: 200
2022-05-09 04:19:35,551 - Utils.utils - INFO - Requisição <<GET>> realizada com sucesso, status code: 200
2022-05-09 04:19:35,554 - thots.thot_parse - INFO - Foi encontrado um total de : 0 videos restantes.
2022-05-09 04:19:35,554 - thots.thots - WARNING - ---------------| vidasafada - Fim da lista de videos.
2022-05-09 04:19:35,554 - __main__ - INFO - Fazendo backup dos IDs na API backup...
2022-05-09 04:19:35,554 - __main__ - INFO - Salvando ID's da API localmente....
2022-05-09 04:19:35,831 - Utils.utils - INFO - Requisição <<GET>> realizada com sucesso, status code: 200
2022-05-09 04:19:36,422 - Utils.utils - INFO - Requisição <<GET>> realizada com sucesso, status code: 200
2022-05-09 08:14:04,319 - Utils.utils - INFO - Ambiente de produção ativado
2022-05-09 08:14:04,722 - Utils.utils - INFO - Requisição <<GET>> realizada com sucesso, status code: 200
2022-05-09 08:14:04,761 - __main__ - INFO - Checando thotsbay forum...
2022-05-09 08:14:04,761 - Utils.thotshub - INFO - Autorizando...
2022-05-09 08:14:05,121 - Utils.utils - INFO - Requisição <<GET>> realizada com sucesso, status code: 200
2022-05-09 08:14:06,213 - Utils.utils - INFO - Requisição <<POST>> realizada com sucesso, status code: 200
2022-05-09 08:14:06,215 - Utils.thotshub - INFO - Autorizado
2022-05-09 08:14:06,215 - Utils.thotshub - INFO - Logado no thotsbay com sucesso.
2022-05-09 08:14:06,216 - __main__ - INFO - Checando colab...
2022-05-09 08:14:06,216 - Utils.utils - INFO - COLAB enviorement not detected
2022-05-09 08:14:06,216 - __main__ - INFO - Checando config...
2022-05-09 08:14:06,649 - Utils.utils - INFO - Requisição <<GET>> realizada com sucesso, status code: 200
2022-05-09 08:14:07,651 - __main__ - INFO - Checando ids...
2022-05-09 08:14:07,948 - Utils.utils - INFO - Requisição <<GET>> realizada com sucesso, status code: 200
2022-05-09 08:14:07,949 - thots.thots - WARNING - ---------------| Iniciando tarefa afroditehotwife, 1 de 17
2022-05-09 08:14:07,949 - thots.thot_parse - INFO - Definindo o padrão de regex...
2022-05-09 08:14:08,275 - Utils.utils - INFO - Requisição <<GET>> realizada com sucesso, status code: 200
2022-05-09 08:14:08,276 - thots.thot_parse - INFO - Segundo padrão de regex definido com sucesso!
2022-05-09 08:14:08,481 - Utils.utils - INFO - Requisição <<GET>> realizada com sucesso, status code: 200
2022-05-09 08:14:08,483 - thots.thot_parse - INFO - Usando método alternativo para encontrar a quantidade de videos.
2022-05-09 08:14:08,672 - Utils.utils - INFO - Requisição <<GET>> realizada com sucesso, status code: 200
2022-05-09 08:14:08,863 - Utils.utils - INFO - Requisição <<GET>> realizada com sucesso, status code: 200
2022-05-09 08:14:09,054 - Utils.utils - INFO - Requisição <<GET>> realizada com sucesso, status code: 200
2022-05-09 08:14:09,208 - Utils.utils - INFO - Requisição <<GET>> realizada com sucesso, status code: 200
2022-05-09 08:14:09,360 - Utils.utils - INFO - Requisição <<GET>> realizada com sucesso, status code: 200
2022-05-09 08:14:09,505 - Utils.utils - INFO - Requisição <<GET>> realizada com sucesso, status code: 200
2022-05-09 08:14:09,658 - Utils.utils - INFO - Requisição <<GET>> realizada com sucesso, status code: 200
2022-05-09 08:14:09,801 - Utils.utils - INFO - Requisição <<GET>> realizada com sucesso, status code: 200
2022-05-09 08:14:09,958 - Utils.utils - INFO - Requisição <<GET>> realizada com sucesso, status code: 200
2022-05-09 08:14:10,159 - Utils.utils - INFO - Requisição <<GET>> realizada com sucesso, status code: 200
2022-05-09 08:14:10,529 - Utils.utils - INFO - Requisição <<GET>> realizada com sucesso, status code: 200
2022-05-09 08:14:10,875 - Utils.utils - INFO - Requisição <<GET>> realizada com sucesso, status code: 200
2022-05-09 08:14:11,134 - Utils.utils - INFO - Requisição <<GET>> realizada com sucesso, status code: 200
2022-05-09 08:14:11,284 - Utils.utils - INFO - Requisição <<GET>> realizada com sucesso, status code: 200
2022-05-09 08:14:11,296 - thots.thot_parse - INFO - Foi encontrado um total de : 0 videos restantes.
2022-05-09 08:14:11,296 - thots.thots - WARNING - ---------------| afroditehotwife - Fim da lista de videos.
2022-05-09 08:14:11,296 - thots.thots - WARNING - ---------------| Iniciando tarefa agathalira, 2 de 17
2022-05-09 08:14:11,297 - thots.thot_parse - INFO - Definindo o padrão de regex...
2022-05-09 08:14:11,675 - Utils.utils - INFO - Requisição <<GET>> realizada com sucesso, status code: 200
2022-05-09 08:14:11,676 - thots.thot_parse - INFO - Primeiro padrão de regex definido com sucesso!
2022-05-09 08:14:11,923 - Utils.utils - INFO - Requisição <<GET>> realizada com sucesso, status code: 200
2022-05-09 08:14:11,925 - thots.thot_parse - INFO - Usando método alternativo para encontrar a quantidade de videos.
2022-05-09 08:14:12,204 - Utils.utils - INFO - Requisição <<GET>> realizada com sucesso, status code: 200
2022-05-09 08:14:12,491 - Utils.utils - INFO - Requisição <<GET>> realizada com sucesso, status code: 200
2022-05-09 08:14:12,720 - Utils.utils - INFO - Requisição <<GET>> realizada com sucesso, status code: 200
2022-05-09 08:14:12,966 - Utils.utils - INFO - Requisição <<GET>> realizada com sucesso, status code: 200
2022-05-09 08:14:13,205 - Utils.utils - INFO - Requisição <<GET>> realizada com sucesso, status code: 200
2022-05-09 08:14:13,442 - Utils.utils - INFO - Requisição <<GET>> realizada com sucesso, status code: 200
2022-05-09 08:14:13,670 - Utils.utils - INFO - Requisição <<GET>> realizada com sucesso, status code: 200
2022-05-09 08:14:13,905 - Utils.utils - INFO - Requisição <<GET>> realizada com sucesso, status code: 200
2022-05-09 08:14:14,151 - Utils.utils - INFO - Requisição <<GET>> realizada com sucesso, status code: 200
2022-05-09 08:14:14,417 - Utils.utils - INFO - Requisição <<GET>> realizada com sucesso, status code: 200
2022-05-09 08:14:14,680 - Utils.utils - INFO - Requisição <<GET>> realizada com sucesso, status code: 200
2022-05-09 08:14:15,057 - Utils.utils - INFO - Requisição <<GET>> realizada com sucesso, status code: 200
2022-05-09 08:14:15,213 - Utils.utils - INFO - Requisição <<GET>> realizada com sucesso, status code: 200
2022-05-09 08:14:15,222 - thots.thot_parse - INFO - Foi encontrado um total de : 0 videos restantes.
2022-05-09 08:14:15,223 - thots.thots - WARNING - ---------------| agathalira - Fim da lista de videos.
2022-05-09 08:14:15,223 - thots.thots - WARNING - ---------------| Iniciando tarefa barbaracastroo, 3 de 17
2022-05-09 08:14:15,223 - thots.thot_parse - INFO - Definindo o padrão de regex...
2022-05-09 08:14:15,406 - Utils.utils - INFO - Requisição <<GET>> realizada com sucesso, status code: 200
2022-05-09 08:14:15,406 - thots.thot_parse - INFO - Segundo padrão de regex definido com sucesso!
2022-05-09 08:14:15,525 - Utils.utils - INFO - Requisição <<GET>> realizada com sucesso, status code: 200
2022-05-09 08:14:15,527 - thots.thot_parse - INFO - Usando método alternativo para encontrar a quantidade de videos.
2022-05-09 08:14:15,647 - Utils.utils - INFO - Requisição <<GET>> realizada com sucesso, status code: 200
2022-05-09 08:14:15,647 - thots.thot_parse - INFO - Foi encontrado um total de : 0 videos restantes.
2022-05-09 08:14:15,647 - thots.thots - WARNING - ---------------| barbaracastroo - Fim da lista de videos.
2022-05-09 08:14:15,648 - thots.thots - WARNING - ---------------| Iniciando tarefa bellacasada, 4 de 17
2022-05-09 08:14:15,648 - thots.thot_parse - INFO - Definindo o padrão de regex...
2022-05-09 08:14:15,892 - Utils.utils - INFO - Requisição <<GET>> realizada com sucesso, status code: 200
2022-05-09 08:14:15,892 - thots.thot_parse - INFO - Segundo padrão de regex definido com sucesso!
2022-05-09 08:14:16,026 - Utils.utils - INFO - Requisição <<GET>> realizada com sucesso, status code: 200
2022-05-09 08:14:16,027 - thots.thot_parse - INFO - Usando método alternativo para encontrar a quantidade de videos.
2022-05-09 08:14:16,162 - Utils.utils - INFO - Requisição <<GET>> realizada com sucesso, status code: 200
2022-05-09 08:14:16,314 - Utils.utils - INFO - Requisição <<GET>> realizada com sucesso, status code: 200
2022-05-09 08:14:16,469 - Utils.utils - INFO - Requisição <<GET>> realizada com sucesso, status code: 200
2022-05-09 08:14:16,697 - Utils.utils - INFO - Requisição <<GET>> realizada com sucesso, status code: 200
2022-05-09 08:14:16,942 - Utils.utils - INFO - Requisição <<GET>> realizada com sucesso, status code: 200
2022-05-09 08:14:17,179 - Utils.utils - INFO - Requisição <<GET>> realizada com sucesso, status code: 200
2022-05-09 08:14:17,182 - thots.thot_parse - INFO - Foi encontrado um total de : 0 videos restantes.
2022-05-09 08:14:17,182 - thots.thots - WARNING - ---------------| bellacasada - Fim da lista de videos.
2022-05-09 08:14:17,182 - thots.thots - WARNING - ---------------| Iniciando tarefa casalruivaecornooficial, 5 de 17
2022-05-09 08:14:17,183 - thots.thot_parse - INFO - Definindo o padrão de regex...
2022-05-09 08:14:17,396 - Utils.utils - INFO - Requisição <<GET>> realizada com sucesso, status code: 200
2022-05-09 08:14:17,397 - thots.thot_parse - INFO - Segundo padrão de regex definido com sucesso!
2022-05-09 08:14:17,611 - Utils.utils - INFO - Requisição <<GET>> realizada com sucesso, status code: 200
2022-05-09 08:14:17,613 - thots.thot_parse - INFO - Usando método alternativo para encontrar a quantidade de videos.
2022-05-09 08:14:17,743 - Utils.utils - INFO - Requisição <<GET>> realizada com sucesso, status code: 200
2022-05-09 08:14:17,867 - Utils.utils - INFO - Requisição <<GET>> realizada com sucesso, status code: 200
2022-05-09 08:14:17,988 - Utils.utils - INFO - Requisição <<GET>> realizada com sucesso, status code: 200
2022-05-09 08:14:18,112 - Utils.utils - INFO - Requisição <<GET>> realizada com sucesso, status code: 200
2022-05-09 08:14:18,242 - Utils.utils - INFO - Requisição <<GET>> realizada com sucesso, status code: 200
2022-05-09 08:14:18,364 - Utils.utils - INFO - Requisição <<GET>> realizada com sucesso, status code: 200
2022-05-09 08:14:18,367 - thots.thot_parse - INFO - Foi encontrado um total de : 0 videos restantes.
2022-05-09 08:14:18,367 - thots.thots - WARNING - ---------------| casalruivaecornooficial - Fim da lista de videos.
2022-05-09 08:14:18,367 - thots.thots - WARNING - ---------------| Iniciando tarefa casaltopbessa, 6 de 17
2022-05-09 08:14:18,367 - thots.thot_parse - INFO - Definindo o padrão de regex...
2022-05-09 08:14:18,492 - Utils.utils - INFO - Requisição <<GET>> realizada com sucesso, status code: 200
2022-05-09 08:14:18,492 - thots.thot_parse - INFO - Segundo padrão de regex definido com sucesso!
2022-05-09 08:14:18,620 - Utils.utils - INFO - Requisição <<GET>> realizada com sucesso, status code: 200
2022-05-09 08:14:18,621 - thots.thot_parse - INFO - Usando método alternativo para encontrar a quantidade de videos.
2022-05-09 08:14:18,809 - Utils.utils - INFO - Requisição <<GET>> realizada com sucesso, status code: 200
2022-05-09 08:14:18,996 - Utils.utils - INFO - Requisição <<GET>> realizada com sucesso, status code: 200
2022-05-09 08:14:18,997 - thots.thot_parse - INFO - Foi encontrado um total de : 0 videos restantes.
2022-05-09 08:14:18,997 - thots.thots - WARNING - ---------------| casaltopbessa - Fim da lista de videos.
2022-05-09 08:14:18,997 - thots.thots - WARNING - ---------------| Iniciando tarefa elaquer, 7 de 17
2022-05-09 08:14:18,997 - thots.thot_parse - INFO - Definindo o padrão de regex...
2022-05-09 08:14:19,186 - Utils.utils - INFO - Requisição <<GET>> realizada com sucesso, status code: 200
2022-05-09 08:14:19,186 - thots.thot_parse - INFO - Segundo padrão de regex definido com sucesso!
2022-05-09 08:14:19,306 - Utils.utils - INFO - Requisição <<GET>> realizada com sucesso, status code: 200
2022-05-09 08:14:19,307 - thots.thot_parse - INFO - Usando método alternativo para encontrar a quantidade de videos.
2022-05-09 08:14:19,423 - Utils.utils - INFO - Requisição <<GET>> realizada com sucesso, status code: 200
2022-05-09 08:14:19,603 - Utils.utils - INFO - Requisição <<GET>> realizada com sucesso, status code: 200
2022-05-09 08:14:19,787 - Utils.utils - INFO - Requisição <<GET>> realizada com sucesso, status code: 200
2022-05-09 08:14:19,919 - Utils.utils - INFO - Requisição <<GET>> realizada com sucesso, status code: 200
2022-05-09 08:14:19,920 - thots.thot_parse - INFO - Foi encontrado um total de : 0 videos restantes.
2022-05-09 08:14:19,921 - thots.thots - WARNING - ---------------| elaquer - Fim da lista de videos.
2022-05-09 08:14:19,921 - thots.thots - WARNING - ---------------| Iniciando tarefa emilysales, 8 de 17
2022-05-09 08:14:19,921 - thots.thot_parse - INFO - Definindo o padrão de regex...
2022-05-09 08:14:20,046 - Utils.utils - INFO - Requisição <<GET>> realizada com sucesso, status code: 200
2022-05-09 08:14:20,046 - thots.thot_parse - INFO - Segundo padrão de regex definido com sucesso!
2022-05-09 08:14:20,169 - Utils.utils - INFO - Requisição <<GET>> realizada com sucesso, status code: 200
2022-05-09 08:14:20,171 - thots.thot_parse - INFO - Usando método alternativo para encontrar a quantidade de videos.
2022-05-09 08:14:20,293 - Utils.utils - INFO - Requisição <<GET>> realizada com sucesso, status code: 200
2022-05-09 08:14:20,421 - Utils.utils - INFO - Requisição <<GET>> realizada com sucesso, status code: 200
2022-05-09 08:14:20,541 - Utils.utils - INFO - Requisição <<GET>> realizada com sucesso, status code: 200
2022-05-09 08:14:20,659 - Utils.utils - INFO - Requisição <<GET>> realizada com sucesso, status code: 200
2022-05-09 08:14:20,778 - Utils.utils - INFO - Requisição <<GET>> realizada com sucesso, status code: 200
2022-05-09 08:14:20,780 - thots.thot_parse - INFO - Foi encontrado um total de : 0 videos restantes.
2022-05-09 08:14:20,780 - thots.thots - WARNING - ---------------| emilysales - Fim da lista de videos.
2022-05-09 08:14:20,780 - thots.thots - WARNING - ---------------| Iniciando tarefa esposagulosinha, 9 de 17
2022-05-09 08:14:20,781 - thots.thot_parse - INFO - Definindo o padrão de regex...
2022-05-09 08:14:20,969 - Utils.utils - INFO - Requisição <<GET>> realizada com sucesso, status code: 200
2022-05-09 08:14:20,969 - thots.thot_parse - INFO - Segundo padrão de regex definido com sucesso!
2022-05-09 08:14:21,095 - Utils.utils - INFO - Requisição <<GET>> realizada com sucesso, status code: 200
2022-05-09 08:14:21,097 - thots.thot_parse - INFO - Usando método alternativo para encontrar a quantidade de videos.
2022-05-09 08:14:21,223 - Utils.utils - INFO - Requisição <<GET>> realizada com sucesso, status code: 200
2022-05-09 08:14:21,352 - Utils.utils - INFO - Requisição <<GET>> realizada com sucesso, status code: 200
2022-05-09 08:14:21,472 - Utils.utils - INFO - Requisição <<GET>> realizada com sucesso, status code: 200
2022-05-09 08:14:21,606 - Utils.utils - INFO - Requisição <<GET>> realizada com sucesso, status code: 200
2022-05-09 08:14:21,730 - Utils.utils - INFO - Requisição <<GET>> realizada com sucesso, status code: 200
2022-05-09 08:14:21,857 - Utils.utils - INFO - Requisição <<GET>> realizada com sucesso, status code: 200
2022-05-09 08:14:21,980 - Utils.utils - INFO - Requisição <<GET>> realizada com sucesso, status code: 200
2022-05-09 08:14:22,131 - Utils.utils - INFO - Requisição <<GET>> realizada com sucesso, status code: 200
2022-05-09 08:14:22,135 - thots.thot_parse - INFO - Foi encontrado um total de : 0 videos restantes.
2022-05-09 08:14:22,136 - thots.thots - WARNING - ---------------| esposagulosinha - Fim da lista de videos.
2022-05-09 08:14:22,136 - thots.thots - WARNING - ---------------| Iniciando tarefa fabioeanaes, 10 de 17
2022-05-09 08:14:22,136 - thots.thot_parse - INFO - Definindo o padrão de regex...
2022-05-09 08:14:22,457 - Utils.utils - INFO - Requisição <<GET>> realizada com sucesso, status code: 200
2022-05-09 08:14:22,458 - thots.thot_parse - INFO - Segundo padrão de regex definido com sucesso!
2022-05-09 08:14:22,584 - Utils.utils - INFO - Requisição <<GET>> realizada com sucesso, status code: 200
2022-05-09 08:14:22,586 - thots.thot_parse - INFO - Usando método alternativo para encontrar a quantidade de videos.
2022-05-09 08:14:22,725 - Utils.utils - INFO - Requisição <<GET>> realizada com sucesso, status code: 200
2022-05-09 08:14:22,845 - Utils.utils - INFO - Requisição <<GET>> realizada com sucesso, status code: 200
2022-05-09 08:14:22,973 - Utils.utils - INFO - Requisição <<GET>> realizada com sucesso, status code: 200
2022-05-09 08:14:23,094 - Utils.utils - INFO - Requisição <<GET>> realizada com sucesso, status code: 200
2022-05-09 08:14:23,221 - Utils.utils - INFO - Requisição <<GET>> realizada com sucesso, status code: 200
2022-05-09 08:14:23,223 - thots.thot_parse - INFO - Foi encontrado um total de : 0 videos restantes.
2022-05-09 08:14:23,223 - thots.thots - WARNING - ---------------| fabioeanaes - Fim da lista de videos.
2022-05-09 08:14:23,224 - thots.thots - WARNING - ---------------| Iniciando tarefa helenafilmes, 11 de 17
2022-05-09 08:14:23,224 - thots.thot_parse - INFO - Definindo o padrão de regex...
2022-05-09 08:14:23,430 - Utils.utils - INFO - Requisição <<GET>> realizada com sucesso, status code: 200
2022-05-09 08:14:23,431 - thots.thot_parse - INFO - Segundo padrão de regex definido com sucesso!
2022-05-09 08:14:23,549 - Utils.utils - INFO - Requisição <<GET>> realizada com sucesso, status code: 200
2022-05-09 08:14:23,552 - thots.thot_parse - INFO - Usando método alternativo para encontrar a quantidade de videos.
2022-05-09 08:14:23,676 - Utils.utils - INFO - Requisição <<GET>> realizada com sucesso, status code: 200
2022-05-09 08:14:23,802 - Utils.utils - INFO - Requisição <<GET>> realizada com sucesso, status code: 200
2022-05-09 08:14:23,802 - thots.thot_parse - INFO - Foi encontrado um total de : 0 videos restantes.
2022-05-09 08:14:23,803 - thots.thots - WARNING - ---------------| helenafilmes - Fim da lista de videos.
2022-05-09 08:14:23,803 - thots.thots - WARNING - ---------------| Iniciando tarefa lualencar11, 12 de 17
2022-05-09 08:14:23,803 - thots.thot_parse - INFO - Definindo o padrão de regex...
2022-05-09 08:14:23,930 - Utils.utils - INFO - Requisição <<GET>> realizada com sucesso, status code: 200
2022-05-09 08:14:23,930 - thots.thot_parse - INFO - Segundo padrão de regex definido com sucesso!
2022-05-09 08:14:24,056 - Utils.utils - INFO - Requisição <<GET>> realizada com sucesso, status code: 200
2022-05-09 08:14:24,057 - thots.thot_parse - INFO - Usando método alternativo para encontrar a quantidade de videos.
2022-05-09 08:14:24,179 - Utils.utils - INFO - Requisição <<GET>> realizada com sucesso, status code: 200
2022-05-09 08:14:24,179 - thots.thot_parse - INFO - Foi encontrado um total de : 0 videos restantes.
2022-05-09 08:14:24,180 - thots.thots - WARNING - ---------------| lualencar11 - Fim da lista de videos.
2022-05-09 08:14:24,180 - thots.thots - WARNING - ---------------| Iniciando tarefa melissadias, 13 de 17
2022-05-09 08:14:24,180 - thots.thot_parse - INFO - Definindo o padrão de regex...
2022-05-09 08:14:24,311 - Utils.utils - INFO - Requisição <<GET>> realizada com sucesso, status code: 200
2022-05-09 08:14:24,311 - thots.thot_parse - INFO - Segundo padrão de regex definido com sucesso!
2022-05-09 08:14:24,434 - Utils.utils - INFO - Requisição <<GET>> realizada com sucesso, status code: 200
2022-05-09 08:14:24,436 - thots.thot_parse - INFO - Usando método alternativo para encontrar a quantidade de videos.
2022-05-09 08:14:24,622 - Utils.utils - INFO - Requisição <<GET>> realizada com sucesso, status code: 200
2022-05-09 08:14:24,785 - Utils.utils - INFO - Requisição <<GET>> realizada com sucesso, status code: 200
2022-05-09 08:14:24,946 - Utils.utils - INFO - Requisição <<GET>> realizada com sucesso, status code: 200
2022-05-09 08:14:25,171 - Utils.utils - INFO - Requisição <<GET>> realizada com sucesso, status code: 200
2022-05-09 08:14:25,294 - Utils.utils - INFO - Requisição <<GET>> realizada com sucesso, status code: 200
2022-05-09 08:14:25,415 - Utils.utils - INFO - Requisição <<GET>> realizada com sucesso, status code: 200
2022-05-09 08:14:25,589 - Utils.utils - INFO - Requisição <<GET>> realizada com sucesso, status code: 200
2022-05-09 08:14:25,592 - thots.thot_parse - INFO - Foi encontrado um total de : 0 videos restantes.
2022-05-09 08:14:25,593 - thots.thots - WARNING - ---------------| melissadias - Fim da lista de videos.
2022-05-09 08:14:25,593 - thots.thots - WARNING - ---------------| Iniciando tarefa nicoleballs_trans, 14 de 17
2022-05-09 08:14:25,593 - thots.thot_parse - INFO - Definindo o padrão de regex...
2022-05-09 08:14:25,743 - Utils.utils - INFO - Requisição <<GET>> realizada com sucesso, status code: 200
2022-05-09 08:14:25,744 - thots.thot_parse - INFO - Segundo padrão de regex definido com sucesso!
2022-05-09 08:14:25,913 - Utils.utils - INFO - Requisição <<GET>> realizada com sucesso, status code: 200
2022-05-09 08:14:25,914 - thots.thot_parse - INFO - Usando método alternativo para encontrar a quantidade de videos.
2022-05-09 08:14:26,064 - Utils.utils - INFO - Requisição <<GET>> realizada com sucesso, status code: 200
2022-05-09 08:14:26,182 - Utils.utils - INFO - Requisição <<GET>> realizada com sucesso, status code: 200
2022-05-09 08:14:26,183 - thots.thot_parse - INFO - Foi encontrado um total de : 0 videos restantes.
2022-05-09 08:14:26,183 - thots.thots - WARNING - ---------------| nicoleballs_trans - Fim da lista de videos.
2022-05-09 08:14:26,183 - thots.thots - WARNING - ---------------| Iniciando tarefa nikkecasada, 15 de 17
2022-05-09 08:14:26,183 - thots.thot_parse - INFO - Definindo o padrão de regex...
2022-05-09 08:14:26,363 - Utils.utils - INFO - Requisição <<GET>> realizada com sucesso, status code: 200
2022-05-09 08:14:26,364 - thots.thot_parse - INFO - Segundo padrão de regex definido com sucesso!
2022-05-09 08:14:26,491 - Utils.utils - INFO - Requisição <<GET>> realizada com sucesso, status code: 200
2022-05-09 08:14:26,493 - thots.thot_parse - INFO - Usando método alternativo para encontrar a quantidade de videos.
2022-05-09 08:14:26,628 - Utils.utils - INFO - Requisição <<GET>> realizada com sucesso, status code: 200
2022-05-09 08:14:26,755 - Utils.utils - INFO - Requisição <<GET>> realizada com sucesso, status code: 200
2022-05-09 08:14:26,875 - Utils.utils - INFO - Requisição <<GET>> realizada com sucesso, status code: 200
2022-05-09 08:14:26,992 - Utils.utils - INFO - Requisição <<GET>> realizada com sucesso, status code: 200
2022-05-09 08:14:27,115 - Utils.utils - INFO - Requisição <<GET>> realizada com sucesso, status code: 200
2022-05-09 08:14:27,117 - thots.thot_parse - INFO - Foi encontrado um total de : 0 videos restantes.
2022-05-09 08:14:27,117 - thots.thots - WARNING - ---------------| nikkecasada - Fim da lista de videos.
2022-05-09 08:14:27,117 - thots.thots - WARNING - ---------------| Iniciando tarefa tatycasadinha, 16 de 17
2022-05-09 08:14:27,270 - thots.thots - WARNING - ---------------| tatycasadinha - Fim da lista de videos.
2022-05-09 08:14:27,270 - thots.thots - WARNING - ---------------| Iniciando tarefa vidasafada, 17 de 17
2022-05-09 08:14:27,270 - thots.thot_parse - INFO - Definindo o padrão de regex...
2022-05-09 08:14:27,450 - Utils.utils - INFO - Requisição <<GET>> realizada com sucesso, status code: 200
2022-05-09 08:14:27,451 - thots.thot_parse - INFO - Segundo padrão de regex definido com sucesso!
2022-05-09 08:14:27,612 - Utils.utils - INFO - Requisição <<GET>> realizada com sucesso, status code: 200
2022-05-09 08:14:27,615 - thots.thot_parse - INFO - Usando método alternativo para encontrar a quantidade de videos.
2022-05-09 08:14:27,772 - Utils.utils - INFO - Requisição <<GET>> realizada com sucesso, status code: 200
2022-05-09 08:14:27,948 - Utils.utils - INFO - Requisição <<GET>> realizada com sucesso, status code: 200
2022-05-09 08:14:28,086 - Utils.utils - INFO - Requisição <<GET>> realizada com sucesso, status code: 200
2022-05-09 08:14:28,223 - Utils.utils - INFO - Requisição <<GET>> realizada com sucesso, status code: 200
2022-05-09 08:14:28,349 - Utils.utils - INFO - Requisição <<GET>> realizada com sucesso, status code: 200
2022-05-09 08:14:28,476 - Utils.utils - INFO - Requisição <<GET>> realizada com sucesso, status code: 200
2022-05-09 08:14:28,611 - Utils.utils - INFO - Requisição <<GET>> realizada com sucesso, status code: 200
2022-05-09 08:14:28,614 - thots.thot_parse - INFO - Foi encontrado um total de : 0 videos restantes.
2022-05-09 08:14:28,614 - thots.thots - WARNING - ---------------| vidasafada - Fim da lista de videos.
2022-05-09 08:14:28,615 - __main__ - INFO - Fazendo backup dos IDs na API backup...
2022-05-09 08:14:28,615 - __main__ - INFO - Salvando ID's da API localmente....
2022-05-09 08:14:29,167 - Utils.utils - INFO - Requisição <<GET>> realizada com sucesso, status code: 200
2022-05-09 08:14:29,767 - Utils.utils - INFO - Requisição <<GET>> realizada com sucesso, status code: 200
